<!DOCTYPE html>
<html>
<head>
<meta http-equiv="Content-Type" content="text/html; charset=utf-8"/>
<meta http-equiv="x-ua-compatible" content="IE=edge"/>
<title>Test results - ServesAsTokenTest</title>
<link href="../css/base-style.css" rel="stylesheet" type="text/css"/>
<link href="../css/style.css" rel="stylesheet" type="text/css"/>
<script src="../js/report.js" type="text/javascript"></script>
</head>
<body>
<div id="content">
<h1>ServesAsTokenTest</h1>
<div class="breadcrumbs">
<a href="../index.html">all</a> &gt; 
<a href="../packages/plugin.lsttokens.html">plugin.lsttokens</a> &gt; ServesAsTokenTest</div>
<div id="summary">
<table>
<tr>
<td>
<div class="summaryGroup">
<table>
<tr>
<td>
<div class="infoBox" id="tests">
<div class="counter">19</div>
<p>tests</p>
</div>
</td>
<td>
<div class="infoBox" id="failures">
<div class="counter">0</div>
<p>failures</p>
</div>
</td>
<td>
<div class="infoBox" id="ignored">
<div class="counter">0</div>
<p>ignored</p>
</div>
</td>
<td>
<div class="infoBox" id="duration">
<div class="counter">0.049s</div>
<p>duration</p>
</div>
</td>
</tr>
</table>
</div>
</td>
<td>
<div class="infoBox success" id="successRate">
<div class="percent">100%</div>
<p>successful</p>
</div>
</td>
</tr>
</table>
</div>
<div id="tabs">
<ul class="tabLinks">
<li>
<a href="#tab0">Tests</a>
</li>
<li>
<a href="#tab1">Standard error</a>
</li>
</ul>
<div id="tab0" class="tab">
<h2>Tests</h2>
<table>
<thead>
<tr>
<th>Test</th>
<th>Duration</th>
<th>Result</th>
</tr>
</thead>
<tr>
<td class="success">testAvoidContext()</td>
<td class="success">0.001s</td>
<td class="success">passed</td>
</tr>
<tr>
<td class="success">testCleanup()</td>
<td class="success">0.001s</td>
<td class="success">passed</td>
</tr>
<tr>
<td class="success">testInvalidBadType()</td>
<td class="success">0.003s</td>
<td class="success">passed</td>
</tr>
<tr>
<td class="success">testInvalidCatTypeNoEqual()</td>
<td class="success">0.004s</td>
<td class="success">passed</td>
</tr>
<tr>
<td class="success">testInvalidDoubleEquals()</td>
<td class="success">0.002s</td>
<td class="success">passed</td>
</tr>
<tr>
<td class="success">testInvalidEmpty()</td>
<td class="success">0.002s</td>
<td class="success">passed</td>
</tr>
<tr>
<td class="success">testInvalidEmptyType()</td>
<td class="success">0.002s</td>
<td class="success">passed</td>
</tr>
<tr>
<td class="success">testInvalidNonCatTypeEquals()</td>
<td class="success">0.003s</td>
<td class="success">passed</td>
</tr>
<tr>
<td class="success">testInvalidObject()</td>
<td class="success">0.001s</td>
<td class="success">passed</td>
</tr>
<tr>
<td class="success">testInvalidSpellBarStarting()</td>
<td class="success">0.002s</td>
<td class="success">passed</td>
</tr>
<tr>
<td class="success">testInvalidSpellbookAndSpellBarOnly()</td>
<td class="success">0.002s</td>
<td class="success">passed</td>
</tr>
<tr>
<td class="success">testInvalidTypeBarOnly()</td>
<td class="success">0.001s</td>
<td class="success">passed</td>
</tr>
<tr>
<td class="success">testInvalidTypeOnly()</td>
<td class="success">0.002s</td>
<td class="success">passed</td>
</tr>
<tr>
<td class="success">testInvalidUnbuiltCategory()</td>
<td class="success">0.002s</td>
<td class="success">passed</td>
</tr>
<tr>
<td class="success">testInvalidWrongType()</td>
<td class="success">0.002s</td>
<td class="success">passed</td>
</tr>
<tr>
<td class="success">testOverwrite()</td>
<td class="success">0.002s</td>
<td class="success">passed</td>
</tr>
<tr>
<td class="success">testRoundRobinJustAbility()</td>
<td class="success">0.009s</td>
<td class="success">passed</td>
</tr>
<tr>
<td class="success">testRoundRobinJustSkill()</td>
<td class="success">0.004s</td>
<td class="success">passed</td>
</tr>
<tr>
<td class="success">testRoundRobinTwoSpell()</td>
<td class="success">0.004s</td>
<td class="success">passed</td>
</tr>
</table>
</div>
<div id="tab1" class="tab">
<h2>Standard error</h2>
<span class="code">
<pre>2025-09-21T13:28:08.732210100 LSTERROR Test worker AbstractGlobalTokenTestCase:214 Token generated an IllegalArgumentException: Formula cannot be empty
2025-09-21T13:28:08.732210100 LSTERROR Test worker AbstractGlobalTokenTestCase:214 Token processing failed (Source: file:/TESTCASE )
2025-09-21T13:28:08.732210100 LSTERROR Test worker AbstractGlobalTokenTestCase:214 SERVESAS arguments may not end with | : SKILL| (Source: file:/TESTCASE )
2025-09-21T13:28:08.732210100 LSTERROR Test worker AbstractGlobalTokenTestCase:214 Token generated an IllegalArgumentException: Formula cannot be empty
2025-09-21T13:28:08.732210100 LSTERROR Test worker AbstractGlobalTokenTestCase:214 Token processing failed (Source: file:/TESTCASE )
2025-09-21T13:28:08.732210100 LSTERROR Test worker AbstractGlobalTokenTestCase:214 SERVESAS arguments may not end with | : SKILL| (Source: file:/TESTCASE )
2025-09-21T13:28:08.732210100 LSTERROR Test worker AbstractGlobalTokenTestCase:214 SERVESAS must include at least one target object (Source: file:/TESTCASE )
2025-09-21T13:28:08.732210100 LSTERROR Test worker ReferenceContextUtilities:130 Unrecognized ObjectType: CAMPAIGN
2025-09-21T13:28:08.732210100 LSTERROR Test worker AbstractGlobalTokenTestCase:214 Token generated an IllegalArgumentException: Formula cannot be empty
2025-09-21T13:28:08.732210100 LSTERROR Test worker AbstractGlobalTokenTestCase:214 Token processing failed (Source: file:/TESTCASE )
2025-09-21T13:28:08.732210100 LSTERROR Test worker AbstractGlobalTokenTestCase:214 SERVESAS arguments may not end with | : SKILL| (Source: file:/TESTCASE )
2025-09-21T13:28:08.732210100 LSTERROR Test worker AbstractGlobalTokenTestCase:214 SERVESAS must include at least one target object (Source: file:/TESTCASE )
2025-09-21T13:28:08.732210100 LSTERROR Test worker AbstractGlobalTokenTestCase:214 SERVESAS unable to generate manufacturer for type: CAMPAIGN|Fireball (Source: file:/TESTCASE )
2025-09-21T13:28:08.732210100 LSTERROR Test worker ReferenceContextUtilities:138   Error encountered: Found Categorized Type without =Category
2025-09-21T13:28:08.732210100 LSTERROR Test worker ReferenceContextUtilities:139   Format is: ObjectType[=Category]|Key[|Key] value was: ABILITY
2025-09-21T13:28:08.732210100 LSTERROR Test worker ReferenceContextUtilities:140   Valid ObjectTypes are: [LANGUAGE, ARMORPROF, DOMAIN, CLASSSKILLLIST, SHIELDPROF, EQMOD, SKILL, CLASS, CLASSSPELLLIST, WEAPONPROF, SIZEADJUSTMENT, DOMAINSPELLLIST, EQUIPMENT, STAT, DEITY, ALIGNMENT, RACE, KIT, ABILITY, CHECK, TEMPLATE, COMPANIONMOD, WIELDCATEGORY, SPELL]
2025-09-21T13:28:08.732210100 LSTERROR Test worker AbstractGlobalTokenTestCase:214 Token generated an IllegalArgumentException: Formula cannot be empty
2025-09-21T13:28:08.732210100 LSTERROR Test worker AbstractGlobalTokenTestCase:214 Token processing failed (Source: file:/TESTCASE )
2025-09-21T13:28:08.732210100 LSTERROR Test worker AbstractGlobalTokenTestCase:214 SERVESAS arguments may not end with | : SKILL| (Source: file:/TESTCASE )
2025-09-21T13:28:08.732210100 LSTERROR Test worker AbstractGlobalTokenTestCase:214 SERVESAS must include at least one target object (Source: file:/TESTCASE )
2025-09-21T13:28:08.732210100 LSTERROR Test worker AbstractGlobalTokenTestCase:214 SERVESAS unable to generate manufacturer for type: CAMPAIGN|Fireball (Source: file:/TESTCASE )
2025-09-21T13:28:08.732210100 LSTERROR Test worker AbstractGlobalTokenTestCase:214 SERVESAS unable to generate manufacturer for type: ABILITY|Abil (Source: file:/TESTCASE )
2025-09-21T13:28:08.748026 LSTERROR Test worker ReferenceContextUtilities:106   Error encountered: Found second = in ObjectType=Category
2025-09-21T13:28:08.748026 LSTERROR Test worker ReferenceContextUtilities:107   Format is: ObjectType[=Category]|Key[|Key] value was: ABILITY=FEAT=Mutation
2025-09-21T13:28:08.748026 LSTERROR Test worker ReferenceContextUtilities:108   Valid ObjectTypes are: [LANGUAGE, ARMORPROF, DOMAIN, CLASSSKILLLIST, SHIELDPROF, EQMOD, SKILL, CLASS, CLASSSPELLLIST, WEAPONPROF, SIZEADJUSTMENT, DOMAINSPELLLIST, EQUIPMENT, STAT, DEITY, ALIGNMENT, RACE, KIT, ABILITY, CHECK, TEMPLATE, COMPANIONMOD, WIELDCATEGORY, SPELL]
2025-09-21T13:28:08.748026 LSTERROR Test worker AbstractGlobalTokenTestCase:214 SERVESAS unable to generate manufacturer for type: ABILITY=FEAT=Mutation|Fireball (Source: file:/TESTCASE )
2025-09-21T13:28:08.748026 LSTERROR Test worker AbstractGlobalTokenTestCase:214 SERVESAS arguments may not start with | : |Fireball (Source: file:/TESTCASE )
2025-09-21T13:28:08.748026 LSTERROR Test worker ReferenceContextUtilities:156   Error encountered: Found Non-Categorized Type with =Category
2025-09-21T13:28:08.748026 LSTERROR Test worker ReferenceContextUtilities:157   Format is: ObjectType[=Category]|Key[|Key] value was: SKILL=Arcane
2025-09-21T13:28:08.748026 LSTERROR Test worker ReferenceContextUtilities:158   Valid ObjectTypes are: [LANGUAGE, ARMORPROF, DOMAIN, CLASSSKILLLIST, SHIELDPROF, EQMOD, SKILL, CLASS, CLASSSPELLLIST, WEAPONPROF, SIZEADJUSTMENT, DOMAINSPELLLIST, EQUIPMENT, STAT, DEITY, ALIGNMENT, RACE, KIT, ABILITY, CHECK, TEMPLATE, COMPANIONMOD, WIELDCATEGORY, SPELL]
2025-09-21T13:28:08.748026 LSTERROR Test worker AbstractGlobalTokenTestCase:214 SERVESAS arguments may not start with | : |Fireball (Source: file:/TESTCASE )
2025-09-21T13:28:08.748026 LSTERROR Test worker AbstractGlobalTokenTestCase:214 SERVESAS unable to generate manufacturer for type: SKILL=Arcane|Fireball (Source: file:/TESTCASE )
2025-09-21T13:28:08.748026 LSTERROR Test worker AbstractGlobalTokenTestCase:214 SERVESAS arguments may not start with | : |Fireball (Source: file:/TESTCASE )
2025-09-21T13:28:08.764366700 LSTERROR Test worker AbstractGlobalTokenTestCase:214 SERVESAS unable to generate manufacturer for type: SKILL=Arcane|Fireball (Source: file:/TESTCASE )
2025-09-21T13:28:08.764366700 LSTERROR Test worker AbstractGlobalTokenTestCase:214 SERVESAS arguments may not end with | : SKILL|Fireball| (Source: file:/TESTCASE )
2025-09-21T13:28:08.764366700 LSTERROR Test worker AbstractGlobalTokenTestCase:214 SERVESAS may not have empty argument (Source: file:/TESTCASE )
2025-09-21T13:28:08.764366700 LSTERROR Test worker AbstractGlobalTokenTestCase:214 SERVESAS may not have empty argument (Source: file:/TESTCASE )
2025-09-21T13:28:08.764366700 LSTERROR Test worker AbstractGlobalTokenTestCase:214 SERVESAS arguments uses double separator || : SKILL||Fireball (Source: file:/TESTCASE )
2025-09-21T13:28:08.764366700 LSTERROR Test worker AbstractGlobalTokenTestCase:214 SERVESAS may not have empty argument (Source: file:/TESTCASE )
2025-09-21T13:28:08.764366700 LSTERROR Test worker AbstractGlobalTokenTestCase:214 SERVESAS arguments uses double separator || : SKILL||Fireball (Source: file:/TESTCASE )
2025-09-21T13:28:08.764366700 LSTERROR Test worker AbstractGlobalTokenTestCase:214 SERVESAS expecting a POBJECT Type valid for Skill, found: SPELL (Source: file:/TESTCASE )
2025-09-21T13:28:08.779862200 LSTERROR Test worker ReferenceContextUtilities:147   Error encountered: ABILITY Category: Crazy not found
2025-09-21T13:28:08.779862200 LSTERROR Test worker AbstractGlobalTokenTestCase:214 SERVESAS may not have empty argument (Source: file:/TESTCASE )
2025-09-21T13:28:08.779862200 LSTERROR Test worker AbstractGlobalTokenTestCase:214 SERVESAS arguments uses double separator || : SKILL||Fireball (Source: file:/TESTCASE )
2025-09-21T13:28:08.779862200 LSTERROR Test worker AbstractGlobalTokenTestCase:214 SERVESAS expecting a POBJECT Type valid for Skill, found: SPELL (Source: file:/TESTCASE )
2025-09-21T13:28:08.779862200 LSTERROR Test worker AbstractGlobalTokenTestCase:214 SERVESAS unable to generate manufacturer for type: ABILITY=Crazy|Fireball (Source: file:/TESTCASE )
</pre>
</span>
</div>
</div>
<div id="footer">
<p>
<div>
<label class="hidden" id="label-for-line-wrapping-toggle" for="line-wrapping-toggle">Wrap lines
<input id="line-wrapping-toggle" type="checkbox" autocomplete="off"/>
</label>
</div>Generated by 
<a href="http://www.gradle.org">Gradle 8.10.2</a> at Sep 21, 2025, 9:28:51â€¯AM</p>
</div>
</div>
</body>
</html>
