<!DOCTYPE html>
<html>
<head>
<meta http-equiv="Content-Type" content="text/html; charset=utf-8"/>
<meta http-equiv="x-ua-compatible" content="IE=edge"/>
<title>Test results - LangTokenTest</title>
<link href="../css/base-style.css" rel="stylesheet" type="text/css"/>
<link href="../css/style.css" rel="stylesheet" type="text/css"/>
<script src="../js/report.js" type="text/javascript"></script>
</head>
<body>
<div id="content">
<h1>LangTokenTest</h1>
<div class="breadcrumbs">
<a href="../index.html">all</a> &gt; 
<a href="../packages/plugin.lsttokens.auto.html">plugin.lsttokens.auto</a> &gt; LangTokenTest</div>
<div id="summary">
<table>
<tr>
<td>
<div class="summaryGroup">
<table>
<tr>
<td>
<div class="infoBox" id="tests">
<div class="counter">71</div>
<p>tests</p>
</div>
</td>
<td>
<div class="infoBox" id="failures">
<div class="counter">0</div>
<p>failures</p>
</div>
</td>
<td>
<div class="infoBox" id="ignored">
<div class="counter">0</div>
<p>ignored</p>
</div>
</td>
<td>
<div class="infoBox" id="duration">
<div class="counter">0.179s</div>
<p>duration</p>
</div>
</td>
</tr>
</table>
</div>
</td>
<td>
<div class="infoBox success" id="successRate">
<div class="percent">100%</div>
<p>successful</p>
</div>
</td>
</tr>
</table>
</div>
<div id="tabs">
<ul class="tabLinks">
<li>
<a href="#tab0">Tests</a>
</li>
<li>
<a href="#tab1">Standard error</a>
</li>
</ul>
<div id="tab0" class="tab">
<h2>Tests</h2>
<table>
<thead>
<tr>
<th>Test</th>
<th>Duration</th>
<th>Result</th>
</tr>
</thead>
<tr>
<td class="success">testInputInvalidAddsAllNoSideEffect()</td>
<td class="success">0.005s</td>
<td class="success">passed</td>
</tr>
<tr>
<td class="success">testInputInvalidAddsBasicNoSideEffect()</td>
<td class="success">0.003s</td>
<td class="success">passed</td>
</tr>
<tr>
<td class="success">testInputInvalidAddsTypeNoSideEffect()</td>
<td class="success">0.002s</td>
<td class="success">passed</td>
</tr>
<tr>
<td class="success">testInvalidAllPlusAllPrereqIllegal()</td>
<td class="success">0.001s</td>
<td class="success">passed</td>
</tr>
<tr>
<td class="success">testInvalidAllPlusListIllegal()</td>
<td class="success">0.004s</td>
<td class="success">passed</td>
</tr>
<tr>
<td class="success">testInvalidDoubleList()</td>
<td class="success">0.001s</td>
<td class="success">passed</td>
</tr>
<tr>
<td class="success">testInvalidEmptyPre()</td>
<td class="success">0.002s</td>
<td class="success">passed</td>
</tr>
<tr>
<td class="success">testInvalidEmptyPre2()</td>
<td class="success">0.002s</td>
<td class="success">passed</td>
</tr>
<tr>
<td class="success">testInvalidEmptyPre3()</td>
<td class="success">0.003s</td>
<td class="success">passed</td>
</tr>
<tr>
<td class="success">testInvalidInputAll()</td>
<td class="success">0.003s</td>
<td class="success">passed</td>
</tr>
<tr>
<td class="success">testInvalidInputAny()</td>
<td class="success">0.002s</td>
<td class="success">passed</td>
</tr>
<tr>
<td class="success">testInvalidInputAnyItem()</td>
<td class="success">0.003s</td>
<td class="success">passed</td>
</tr>
<tr>
<td class="success">testInvalidInputAnyType()</td>
<td class="success">0.004s</td>
<td class="success">passed</td>
</tr>
<tr>
<td class="success">testInvalidInputBadPrerequisite()</td>
<td class="success">0.001s</td>
<td class="success">passed</td>
</tr>
<tr>
<td class="success">testInvalidInputCheckMult()</td>
<td class="success">0.003s</td>
<td class="success">passed</td>
</tr>
<tr>
<td class="success">testInvalidInputCheckType()</td>
<td class="success">0.001s</td>
<td class="success">passed</td>
</tr>
<tr>
<td class="success">testInvalidInputCheckTypeDotLength()</td>
<td class="success">0.003s</td>
<td class="success">passed</td>
</tr>
<tr>
<td class="success">testInvalidInputCheckTypeEqualLength()</td>
<td class="success">0.004s</td>
<td class="success">passed</td>
</tr>
<tr>
<td class="success">testInvalidInputClearDotTypeDoubleSeparator()</td>
<td class="success">0.002s</td>
<td class="success">passed</td>
</tr>
<tr>
<td class="success">testInvalidInputClearDotTypeFalseStart()</td>
<td class="success">0.004s</td>
<td class="success">passed</td>
</tr>
<tr>
<td class="success">testInvalidInputEmptyString()</td>
<td class="success">0.003s</td>
<td class="success">passed</td>
</tr>
<tr>
<td class="success">testInvalidInputItemAny()</td>
<td class="success">0.009s</td>
<td class="success">passed</td>
</tr>
<tr>
<td class="success">testInvalidInputJoinOnly()</td>
<td class="success">0.003s</td>
<td class="success">passed</td>
</tr>
<tr>
<td class="success">testInvalidInputJoinedDot()</td>
<td class="success">0.003s</td>
<td class="success">passed</td>
</tr>
<tr>
<td class="success">testInvalidInputNegativeFormula()</td>
<td class="success">0.001s</td>
<td class="success">passed</td>
</tr>
<tr>
<td class="success">testInvalidInputOnlySubToken()</td>
<td class="success">0.003s</td>
<td class="success">passed</td>
</tr>
<tr>
<td class="success">testInvalidInputOnlySubTokenPipe()</td>
<td class="success">0.003s</td>
<td class="success">passed</td>
</tr>
<tr>
<td class="success">testInvalidInputString()</td>
<td class="success">0.002s</td>
<td class="success">passed</td>
</tr>
<tr>
<td class="success">testInvalidInputType()</td>
<td class="success">0.002s</td>
<td class="success">passed</td>
</tr>
<tr>
<td class="success">testInvalidInputTypeAny()</td>
<td class="success">0.002s</td>
<td class="success">passed</td>
</tr>
<tr>
<td class="success">testInvalidInputTypeEmpty()</td>
<td class="success">0.002s</td>
<td class="success">passed</td>
</tr>
<tr>
<td class="success">testInvalidInputTypeEquals()</td>
<td class="success">0.001s</td>
<td class="success">passed</td>
</tr>
<tr>
<td class="success">testInvalidInputTypeUnterminated()</td>
<td class="success">0.003s</td>
<td class="success">passed</td>
</tr>
<tr>
<td class="success">testInvalidInputZeroFormula()</td>
<td class="success">0.001s</td>
<td class="success">passed</td>
</tr>
<tr>
<td class="success">testInvalidListDoubleJoin()</td>
<td class="success">0.004s</td>
<td class="success">passed</td>
</tr>
<tr>
<td class="success">testInvalidListEnd()</td>
<td class="success">0.004s</td>
<td class="success">passed</td>
</tr>
<tr>
<td class="success">testInvalidListStart()</td>
<td class="success">0.002s</td>
<td class="success">passed</td>
</tr>
<tr>
<td class="success">testInvalidMismatchedBracket()</td>
<td class="success">0.002s</td>
<td class="success">passed</td>
</tr>
<tr>
<td class="success">testInvalidTooManyPipe()</td>
<td class="success">0.002s</td>
<td class="success">passed</td>
</tr>
<tr>
<td class="success">testInvalidTrailingAfterBracket()</td>
<td class="success">0.005s</td>
<td class="success">passed</td>
</tr>
<tr>
<td class="success">testNoStackTrace()</td>
<td class="success">0.001s</td>
<td class="success">passed</td>
</tr>
<tr>
<td class="success">testOverwrite()</td>
<td class="success">0.001s</td>
<td class="success">passed</td>
</tr>
<tr>
<td class="success">testRoundRobinAllDoublePrereq()</td>
<td class="success">0.001s</td>
<td class="success">passed</td>
</tr>
<tr>
<td class="success">testRoundRobinAllIndivPrereq()</td>
<td class="success">0.001s</td>
<td class="success">passed</td>
</tr>
<tr>
<td class="success">testRoundRobinAllPlusWithPrereqLegal()</td>
<td class="success">0s</td>
<td class="success">passed</td>
</tr>
<tr>
<td class="success">testRoundRobinCount()</td>
<td class="success">0.001s</td>
<td class="success">passed</td>
</tr>
<tr>
<td class="success">testRoundRobinDupeTwoPrereqs()</td>
<td class="success">0.001s</td>
<td class="success">passed</td>
</tr>
<tr>
<td class="success">testRoundRobinFormulaCount()</td>
<td class="success">0.001s</td>
<td class="success">passed</td>
</tr>
<tr>
<td class="success">testRoundRobinHardFormulaCount()</td>
<td class="success">0.001s</td>
<td class="success">passed</td>
</tr>
<tr>
<td class="success">testRoundRobinList()</td>
<td class="success">0.003s</td>
<td class="success">passed</td>
</tr>
<tr>
<td class="success">testRoundRobinListPre()</td>
<td class="success">0.001s</td>
<td class="success">passed</td>
</tr>
<tr>
<td class="success">testRoundRobinOne()</td>
<td class="success">0.005s</td>
<td class="success">passed</td>
</tr>
<tr>
<td class="success">testRoundRobinOnePre()</td>
<td class="success">0.001s</td>
<td class="success">passed</td>
</tr>
<tr>
<td class="success">testRoundRobinOnePreFooler()</td>
<td class="success">0.004s</td>
<td class="success">passed</td>
</tr>
<tr>
<td class="success">testRoundRobinParen()</td>
<td class="success">0.003s</td>
<td class="success">passed</td>
</tr>
<tr>
<td class="success">testRoundRobinParenDoubleSub()</td>
<td class="success">0.001s</td>
<td class="success">passed</td>
</tr>
<tr>
<td class="success">testRoundRobinParenSub()</td>
<td class="success">0.001s</td>
<td class="success">passed</td>
</tr>
<tr>
<td class="success">testRoundRobinTestAll()</td>
<td class="success">0.003s</td>
<td class="success">passed</td>
</tr>
<tr>
<td class="success">testRoundRobinTestEqualThree()</td>
<td class="success">0.004s</td>
<td class="success">passed</td>
</tr>
<tr>
<td class="success">testRoundRobinTestEquals()</td>
<td class="success">0.003s</td>
<td class="success">passed</td>
</tr>
<tr>
<td class="success">testRoundRobinThree()</td>
<td class="success">0.003s</td>
<td class="success">passed</td>
</tr>
<tr>
<td class="success">testRoundRobinWithEqualType()</td>
<td class="success">0.016s</td>
<td class="success">passed</td>
</tr>
<tr>
<td class="success">testUnparseAll()</td>
<td class="success">0.001s</td>
<td class="success">passed</td>
</tr>
<tr>
<td class="success">testUnparseGenericsFail()</td>
<td class="success">0.001s</td>
<td class="success">passed</td>
</tr>
<tr>
<td class="success">testUnparseList()</td>
<td class="success">0.001s</td>
<td class="success">passed</td>
</tr>
<tr>
<td class="success">testUnparseListAll()</td>
<td class="success">0.001s</td>
<td class="success">passed</td>
</tr>
<tr>
<td class="success">testUnparseSingle()</td>
<td class="success">0.001s</td>
<td class="success">passed</td>
</tr>
<tr>
<td class="success">testUnparseSingleAll()</td>
<td class="success">0.002s</td>
<td class="success">passed</td>
</tr>
<tr>
<td class="success">testUnparseType()</td>
<td class="success">0.001s</td>
<td class="success">passed</td>
</tr>
<tr>
<td class="success">testUnparseTypeAll()</td>
<td class="success">0.002s</td>
<td class="success">passed</td>
</tr>
<tr>
<td class="success">testValidInputTestDot()</td>
<td class="success">0.003s</td>
<td class="success">passed</td>
</tr>
</table>
</div>
<div id="tab1" class="tab">
<h2>Standard error</h2>
<span class="code">
<pre>2025-09-21T13:28:12.255311100 SEVERE Test worker TokenUtilities:83 Attempt to acquire empty Type in: One..Two
2025-09-21T13:28:12.255311100 LSTERROR Test worker AbstractTokenTestCase:246   Error was encountered while parsing LANG (Source: file:/TESTCASE )
2025-09-21T13:28:12.255311100 LSTERROR Test worker AbstractTokenTestCase:246 Failed in parsing subtoken: LANG of TYPE=One..Two (Source: file:/TESTCASE )
2025-09-21T13:28:12.255311100 LSTERROR Test worker AbstractTokenTestCase:246 Illegal AUTO subtoken 'LANG' 'TYPE=One..Two' for pcgen.core.PCTemplate TestObj (Source: file:/TESTCASE )
2025-09-21T13:28:12.272011100 LSTERROR Test worker AbstractTokenTestCase:246 Non-sensical AUTO:LANG: Contains ANY and a specific reference: TestWP1|ALL (Source: file:/TESTCASE )
2025-09-21T13:28:12.272011100 LSTERROR Test worker AbstractTokenTestCase:246 Failed in parsing subtoken: LANG of TestWP1|ALL (Source: file:/TESTCASE )
2025-09-21T13:28:12.272011100 LSTERROR Test worker AbstractTokenTestCase:246 Illegal AUTO subtoken 'LANG' 'TestWP1|ALL' for pcgen.core.PCTemplate TestObj (Source: file:/TESTCASE )
2025-09-21T13:28:12.272011100 LSTERROR Test worker AbstractTokenTestCase:246 Non-sensical AUTO:LANG: Contains ANY and a specific reference: TestWP1|ALL (Source: file:/TESTCASE )
2025-09-21T13:28:12.272011100 LSTERROR Test worker AbstractTokenTestCase:246 Failed in parsing subtoken: LANG of TestWP1|ALL (Source: file:/TESTCASE )
2025-09-21T13:28:12.272011100 LSTERROR Test worker AbstractTokenTestCase:246 Illegal AUTO subtoken 'LANG' 'TestWP1|ALL' for pcgen.core.PCTemplate TestObj (Source: file:/TESTCASE )
2025-09-21T13:28:12.272011100 LSTERROR Test worker AbstractTokenTestCase:246 AUTO may not have empty argument (Source: file:/TESTCASE )
2025-09-21T13:28:12.272011100 SEVERE Test worker TokenUtilities:75 Type may not start or end with . in: One.
2025-09-21T13:28:12.272011100 LSTERROR Test worker AbstractTokenTestCase:246 Non-sensical AUTO:LANG: Contains ANY and a specific reference: TestWP1|ALL (Source: file:/TESTCASE )
2025-09-21T13:28:12.272011100 LSTERROR Test worker AbstractTokenTestCase:246 Failed in parsing subtoken: LANG of TestWP1|ALL (Source: file:/TESTCASE )
2025-09-21T13:28:12.282216400 LSTERROR Test worker AbstractTokenTestCase:246 Illegal AUTO subtoken 'LANG' 'TestWP1|ALL' for pcgen.core.PCTemplate TestObj (Source: file:/TESTCASE )
2025-09-21T13:28:12.282216400 LSTERROR Test worker AbstractTokenTestCase:246 AUTO may not have empty argument (Source: file:/TESTCASE )
2025-09-21T13:28:12.282216400 LSTERROR Test worker AbstractTokenTestCase:246   Error was encountered while parsing LANG (Source: file:/TESTCASE )
2025-09-21T13:28:12.282216400 LSTERROR Test worker AbstractTokenTestCase:246 Failed in parsing subtoken: LANG of TYPE=One. (Source: file:/TESTCASE )
2025-09-21T13:28:12.282216400 LSTERROR Test worker AbstractTokenTestCase:246 Illegal AUTO subtoken 'LANG' 'TYPE=One.' for pcgen.core.PCTemplate TestObj (Source: file:/TESTCASE )
2025-09-21T13:28:12.285231400 LSTERROR Test worker AbstractTokenTestCase:246 Non-sensical AUTO:LANG: Contains ANY and a specific reference: TestWP1|ALL (Source: file:/TESTCASE )
2025-09-21T13:28:12.285231400 LSTERROR Test worker AbstractTokenTestCase:246 Failed in parsing subtoken: LANG of TestWP1|ALL (Source: file:/TESTCASE )
2025-09-21T13:28:12.285231400 LSTERROR Test worker AbstractTokenTestCase:246 Illegal AUTO subtoken 'LANG' 'TestWP1|ALL' for pcgen.core.PCTemplate TestObj (Source: file:/TESTCASE )
2025-09-21T13:28:12.285231400 LSTERROR Test worker AbstractTokenTestCase:246 AUTO may not have empty argument (Source: file:/TESTCASE )
2025-09-21T13:28:12.285231400 LSTERROR Test worker AbstractTokenTestCase:246   Error was encountered while parsing LANG (Source: file:/TESTCASE )
2025-09-21T13:28:12.286229200 LSTERROR Test worker AbstractTokenTestCase:246 Failed in parsing subtoken: LANG of TYPE=One. (Source: file:/TESTCASE )
2025-09-21T13:28:12.286229200 LSTERROR Test worker AbstractTokenTestCase:246 Illegal AUTO subtoken 'LANG' 'TYPE=One.' for pcgen.core.PCTemplate TestObj (Source: file:/TESTCASE )
2025-09-21T13:28:12.286229200 LSTERROR Test worker AbstractTokenTestCase:246 LANG arguments may not end with | : TestWP1| (Source: file:/TESTCASE )
2025-09-21T13:28:12.286229200 LSTERROR Test worker AbstractTokenTestCase:246 Failed in parsing subtoken: LANG of TestWP1| (Source: file:/TESTCASE )
2025-09-21T13:28:12.286229200 LSTERROR Test worker AbstractTokenTestCase:246 Illegal AUTO subtoken 'LANG' 'TestWP1|' for pcgen.core.PCTemplate TestObj (Source: file:/TESTCASE )
2025-09-21T13:28:12.288602900 SEVERE Test worker CDOMFactory:105 Unconstructed Reference: Language TestWP2
2025-09-21T13:28:12.288602900 SEVERE Test worker AbstractReferenceManufacturer:296 Error: No Language objects of TYPE=TestType were loaded but were referred to in the data
2025-09-21T13:28:12.288602900 LSTERROR Test worker AbstractTokenTestCase:246 Non-sensical AUTO:LANG: Contains ANY and a specific reference: TestWP1|ALL (Source: file:/TESTCASE )
2025-09-21T13:28:12.288602900 LSTERROR Test worker AbstractTokenTestCase:246 Failed in parsing subtoken: LANG of TestWP1|ALL (Source: file:/TESTCASE )
2025-09-21T13:28:12.288602900 LSTERROR Test worker AbstractTokenTestCase:246 Illegal AUTO subtoken 'LANG' 'TestWP1|ALL' for pcgen.core.PCTemplate TestObj (Source: file:/TESTCASE )
2025-09-21T13:28:12.288602900 LSTERROR Test worker AbstractTokenTestCase:246 AUTO may not have empty argument (Source: file:/TESTCASE )
2025-09-21T13:28:12.288602900 LSTERROR Test worker AbstractTokenTestCase:246   Error was encountered while parsing LANG (Source: file:/TESTCASE )
2025-09-21T13:28:12.288602900 LSTERROR Test worker AbstractTokenTestCase:246 Failed in parsing subtoken: LANG of TYPE=One. (Source: file:/TESTCASE )
2025-09-21T13:28:12.288602900 LSTERROR Test worker AbstractTokenTestCase:246 Illegal AUTO subtoken 'LANG' 'TYPE=One.' for pcgen.core.PCTemplate TestObj (Source: file:/TESTCASE )
2025-09-21T13:28:12.288602900 LSTERROR Test worker AbstractTokenTestCase:246 LANG arguments may not end with | : TestWP1| (Source: file:/TESTCASE )
2025-09-21T13:28:12.288602900 LSTERROR Test worker AbstractTokenTestCase:246 Failed in parsing subtoken: LANG of TestWP1| (Source: file:/TESTCASE )
2025-09-21T13:28:12.288602900 LSTERROR Test worker AbstractTokenTestCase:246 Illegal AUTO subtoken 'LANG' 'TestWP1|' for pcgen.core.PCTemplate TestObj (Source: file:/TESTCASE )
2025-09-21T13:28:12.288602900 LSTERROR Test worker AbstractTokenTestCase:246 Non-sensical AUTO:LANG: Contains ANY and a specific reference: TestWP3|ALL (Source: file:/TESTCASE )
2025-09-21T13:28:12.288602900 LSTERROR Test worker AbstractTokenTestCase:246 Failed in parsing subtoken: LANG of TestWP3|ALL (Source: file:/TESTCASE )
2025-09-21T13:28:12.288602900 LSTERROR Test worker AbstractTokenTestCase:246 Illegal AUTO subtoken 'LANG' 'TestWP3|ALL' for pcgen.core.PCTemplate TestObj (Source: file:/TESTCASE )
2025-09-21T13:28:12.322021400 LSTERROR Test worker AbstractTokenTestCase:246 LANG may not have empty argument (Source: file:/TESTCASE )
2025-09-21T13:28:12.322021400 LSTERROR Test worker AbstractTokenTestCase:246 Failed in parsing subtoken: LANG of  (Source: file:/TESTCASE )
2025-09-21T13:28:12.322021400 LSTERROR Test worker AbstractTokenTestCase:246 Illegal AUTO subtoken 'LANG' '' for pcgen.core.PCTemplate TestObj (Source: file:/TESTCASE )
2025-09-21T13:28:12.332266600 LSTERROR Test worker AbstractTokenTestCase:246 Non-sensical AUTO:LANG: Contains ANY and a specific reference: TYPE=TestType|ALL (Source: file:/TESTCASE )
2025-09-21T13:28:12.332266600 LSTERROR Test worker AbstractTokenTestCase:246 Failed in parsing subtoken: LANG of TYPE=TestType|ALL (Source: file:/TESTCASE )
2025-09-21T13:28:12.332266600 LSTERROR Test worker AbstractTokenTestCase:246 Illegal AUTO subtoken 'LANG' 'TYPE=TestType|ALL' for pcgen.core.PCTemplate TestObj (Source: file:/TESTCASE )
2025-09-21T13:28:12.334292 LSTERROR Test worker AbstractTokenTestCase:246 Non-sensical AUTO:LANG: Contains ANY and a specific reference: TYPE=TestType|ALL (Source: file:/TESTCASE )
2025-09-21T13:28:12.335287800 LSTERROR Test worker AbstractTokenTestCase:246 Failed in parsing subtoken: LANG of TYPE=TestType|ALL (Source: file:/TESTCASE )
2025-09-21T13:28:12.335287800 LSTERROR Test worker AbstractTokenTestCase:246 Illegal AUTO subtoken 'LANG' 'TYPE=TestType|ALL' for pcgen.core.PCTemplate TestObj (Source: file:/TESTCASE )
2025-09-21T13:28:12.335287800 LSTERROR Test worker AbstractTokenTestCase:246 Non-sensical AUTO:LANG: Contains ANY and a specific reference: ALL|TestWP1 (Source: file:/TESTCASE )
2025-09-21T13:28:12.335287800 LSTERROR Test worker AbstractTokenTestCase:246 Failed in parsing subtoken: LANG of ALL|TestWP1 (Source: file:/TESTCASE )
2025-09-21T13:28:12.335287800 LSTERROR Test worker AbstractTokenTestCase:246 Illegal AUTO subtoken 'LANG' 'ALL|TestWP1' for pcgen.core.PCTemplate TestObj (Source: file:/TESTCASE )
2025-09-21T13:28:12.337289900 LSTERROR Test worker AbstractTokenTestCase:246 Non-sensical AUTO:LANG: Contains ANY and a specific reference: TYPE=TestType|ALL (Source: file:/TESTCASE )
2025-09-21T13:28:12.337289900 LSTERROR Test worker AbstractTokenTestCase:246 Failed in parsing subtoken: LANG of TYPE=TestType|ALL (Source: file:/TESTCASE )
2025-09-21T13:28:12.337289900 LSTERROR Test worker AbstractTokenTestCase:246 Illegal AUTO subtoken 'LANG' 'TYPE=TestType|ALL' for pcgen.core.PCTemplate TestObj (Source: file:/TESTCASE )
2025-09-21T13:28:12.338290300 LSTERROR Test worker AbstractTokenTestCase:246 Non-sensical AUTO:LANG: Contains ANY and a specific reference: ALL|TestWP1 (Source: file:/TESTCASE )
2025-09-21T13:28:12.338290300 LSTERROR Test worker AbstractTokenTestCase:246 Failed in parsing subtoken: LANG of ALL|TestWP1 (Source: file:/TESTCASE )
2025-09-21T13:28:12.338658300 LSTERROR Test worker AbstractTokenTestCase:246 Illegal AUTO subtoken 'LANG' 'ALL|TestWP1' for pcgen.core.PCTemplate TestObj (Source: file:/TESTCASE )
2025-09-21T13:28:12.338658300 LSTERROR Test worker AbstractTokenTestCase:246 Non-sensical AUTO:LANG: Contains ANY and a specific reference: ALL|TYPE=TestType (Source: file:/TESTCASE )
2025-09-21T13:28:12.338658300 LSTERROR Test worker AbstractTokenTestCase:246 Failed in parsing subtoken: LANG of ALL|TYPE=TestType (Source: file:/TESTCASE )
2025-09-21T13:28:12.338658300 LSTERROR Test worker AbstractTokenTestCase:246 Illegal AUTO subtoken 'LANG' 'ALL|TYPE=TestType' for pcgen.core.PCTemplate TestObj (Source: file:/TESTCASE )
2025-09-21T13:28:12.338658300 SEVERE Test worker CDOMFactory:105 Unconstructed Reference: Language TestType
2025-09-21T13:28:12.338658300 SEVERE Test worker CDOMFactory:105 Unconstructed Reference: Language TestWP1.TestWP2
2025-09-21T13:28:12.350887900 LSTERROR Test worker AbstractTokenTestCase:246 Non-sensical AUTO:LANG: Contains ANY and a specific reference: TYPE=TestType|ALL (Source: file:/TESTCASE )
2025-09-21T13:28:12.350887900 LSTERROR Test worker AbstractTokenTestCase:246 Failed in parsing subtoken: LANG of TYPE=TestType|ALL (Source: file:/TESTCASE )
2025-09-21T13:28:12.350887900 LSTERROR Test worker AbstractTokenTestCase:246 Illegal AUTO subtoken 'LANG' 'TYPE=TestType|ALL' for pcgen.core.PCTemplate TestObj (Source: file:/TESTCASE )
2025-09-21T13:28:12.350887900 LSTERROR Test worker AbstractTokenTestCase:246 Non-sensical AUTO:LANG: Contains ANY and a specific reference: ALL|TestWP1 (Source: file:/TESTCASE )
2025-09-21T13:28:12.350887900 LSTERROR Test worker AbstractTokenTestCase:246 Failed in parsing subtoken: LANG of ALL|TestWP1 (Source: file:/TESTCASE )
2025-09-21T13:28:12.351882800 LSTERROR Test worker AbstractTokenTestCase:246 Illegal AUTO subtoken 'LANG' 'ALL|TestWP1' for pcgen.core.PCTemplate TestObj (Source: file:/TESTCASE )
2025-09-21T13:28:12.351882800 LSTERROR Test worker AbstractTokenTestCase:246 Non-sensical AUTO:LANG: Contains ANY and a specific reference: ALL|TYPE=TestType (Source: file:/TESTCASE )
2025-09-21T13:28:12.351882800 LSTERROR Test worker AbstractTokenTestCase:246 Failed in parsing subtoken: LANG of ALL|TYPE=TestType (Source: file:/TESTCASE )
2025-09-21T13:28:12.351882800 LSTERROR Test worker AbstractTokenTestCase:246 Illegal AUTO subtoken 'LANG' 'ALL|TYPE=TestType' for pcgen.core.PCTemplate TestObj (Source: file:/TESTCASE )
2025-09-21T13:28:12.351882800 LSTERROR Test worker AbstractTokenTestCase:246 LANG arguments uses double separator || : TestWP2||TestWP1 (Source: file:/TESTCASE )
2025-09-21T13:28:12.351882800 LSTERROR Test worker AbstractTokenTestCase:246 Failed in parsing subtoken: LANG of TestWP2||TestWP1 (Source: file:/TESTCASE )
2025-09-21T13:28:12.352881200 LSTERROR Test worker AbstractTokenTestCase:246 Illegal AUTO subtoken 'LANG' 'TestWP2||TestWP1' for pcgen.core.PCTemplate TestObj (Source: file:/TESTCASE )
2025-09-21T13:28:12.362883500 SEVERE Test worker CDOMFactory:105 Unconstructed Reference: Language Formula
2025-09-21T13:28:12.366885 SEVERE Test worker CDOMFactory:105 Unconstructed Reference: Language TestWP2
2025-09-21T13:28:12.369890300 SEVERE Test worker TokenUtilities:70 Type may not be empty in: 
2025-09-21T13:28:12.369890300 LSTERROR Test worker AbstractTokenTestCase:246   Error was encountered while parsing LANG (Source: file:/TESTCASE )
2025-09-21T13:28:12.370887200 LSTERROR Test worker AbstractTokenTestCase:246 Failed in parsing subtoken: LANG of TestWP3|TYPE= (Source: file:/TESTCASE )
2025-09-21T13:28:12.370887200 LSTERROR Test worker AbstractTokenTestCase:246 Illegal AUTO subtoken 'LANG' 'TestWP3|TYPE=' for pcgen.core.PCTemplate TestObj (Source: file:/TESTCASE )
2025-09-21T13:28:12.375888300 SEVERE Test worker TokenUtilities:70 Type may not be empty in: 
2025-09-21T13:28:12.375888300 LSTERROR Test worker AbstractTokenTestCase:246   Error was encountered while parsing LANG (Source: file:/TESTCASE )
2025-09-21T13:28:12.375888300 LSTERROR Test worker AbstractTokenTestCase:246 Failed in parsing subtoken: LANG of TYPE= (Source: file:/TESTCASE )
2025-09-21T13:28:12.375888300 LSTERROR Test worker AbstractTokenTestCase:246 Illegal AUTO subtoken 'LANG' 'TYPE=' for pcgen.core.PCTemplate TestObj (Source: file:/TESTCASE )
2025-09-21T13:28:12.377889600 LSTERROR Test worker AbstractTokenTestCase:246   Error was encountered while parsing LANG (Source: file:/TESTCASE )
2025-09-21T13:28:12.377889600 LSTERROR Test worker AbstractTokenTestCase:246 Failed in parsing subtoken: LANG of TYPE= (Source: file:/TESTCASE )
2025-09-21T13:28:12.377889600 LSTERROR Test worker AbstractTokenTestCase:246 Illegal AUTO subtoken 'LANG' 'TYPE=' for pcgen.core.PCTemplate TestObj (Source: file:/TESTCASE )
2025-09-21T13:28:12.378889400 LSTERROR Test worker AbstractTokenTestCase:246 LANG arguments may not start with | : |TestWP1 (Source: file:/TESTCASE )
2025-09-21T13:28:12.378889400 LSTERROR Test worker AbstractTokenTestCase:246 Failed in parsing subtoken: LANG of |TestWP1 (Source: file:/TESTCASE )
2025-09-21T13:28:12.378889400 LSTERROR Test worker AbstractTokenTestCase:246 Illegal AUTO subtoken 'LANG' '|TestWP1' for pcgen.core.PCTemplate TestObj (Source: file:/TESTCASE )
2025-09-21T13:28:12.381882800 SEVERE Test worker CDOMFactory:105 Unconstructed Reference: Language TestWP2
2025-09-21T13:28:12.382267100 SEVERE Test worker AbstractReferenceManufacturer:296 Error: No Language objects of TYPE=OtherTestType.TestType were loaded but were referred to in the data
2025-09-21T13:28:12.384427900 SEVERE Test worker CDOMFactory:105 Unconstructed Reference: Language String
2025-09-21T13:28:12.386432100 LSTERROR Test worker AbstractTokenTestCase:246   Error was encountered while parsing LANG (Source: file:/TESTCASE )
2025-09-21T13:28:12.386432100 LSTERROR Test worker AbstractTokenTestCase:246 Failed in parsing subtoken: LANG of TYPE= (Source: file:/TESTCASE )
2025-09-21T13:28:12.386432100 LSTERROR Test worker AbstractTokenTestCase:246 Illegal AUTO subtoken 'LANG' 'TYPE=' for pcgen.core.PCTemplate TestObj (Source: file:/TESTCASE )
2025-09-21T13:28:12.386432100 LSTERROR Test worker AbstractTokenTestCase:246 LANG arguments may not start with | : |TestWP1 (Source: file:/TESTCASE )
2025-09-21T13:28:12.387427900 LSTERROR Test worker AbstractTokenTestCase:246 Failed in parsing subtoken: LANG of |TestWP1 (Source: file:/TESTCASE )
2025-09-21T13:28:12.387427900 LSTERROR Test worker AbstractTokenTestCase:246 Illegal AUTO subtoken 'LANG' '|TestWP1' for pcgen.core.PCTemplate TestObj (Source: file:/TESTCASE )
2025-09-21T13:28:12.387427900 LSTERROR Test worker AbstractTokenTestCase:246 AUTO requires a SubToken (Source: file:/TESTCASE )
2025-09-21T13:28:12.389429800 LSTERROR Test worker AbstractTokenTestCase:246   Error was encountered while parsing LANG (Source: file:/TESTCASE )
2025-09-21T13:28:12.389429800 LSTERROR Test worker AbstractTokenTestCase:246 Failed in parsing subtoken: LANG of TYPE= (Source: file:/TESTCASE )
2025-09-21T13:28:12.389429800 LSTERROR Test worker AbstractTokenTestCase:246 Illegal AUTO subtoken 'LANG' 'TYPE=' for pcgen.core.PCTemplate TestObj (Source: file:/TESTCASE )
2025-09-21T13:28:12.389429800 LSTERROR Test worker AbstractTokenTestCase:246 LANG arguments may not start with | : |TestWP1 (Source: file:/TESTCASE )
2025-09-21T13:28:12.390428500 LSTERROR Test worker AbstractTokenTestCase:246 Failed in parsing subtoken: LANG of |TestWP1 (Source: file:/TESTCASE )
2025-09-21T13:28:12.390428500 LSTERROR Test worker AbstractTokenTestCase:246 Illegal AUTO subtoken 'LANG' '|TestWP1' for pcgen.core.PCTemplate TestObj (Source: file:/TESTCASE )
2025-09-21T13:28:12.390428500 LSTERROR Test worker AbstractTokenTestCase:246 AUTO requires a SubToken (Source: file:/TESTCASE )
2025-09-21T13:28:12.390428500 LSTERROR Test worker AbstractTokenTestCase:246 LANG arguments may not start with | : | (Source: file:/TESTCASE )
2025-09-21T13:28:12.390428500 LSTERROR Test worker AbstractTokenTestCase:246 Failed in parsing subtoken: LANG of | (Source: file:/TESTCASE )
2025-09-21T13:28:12.390428500 LSTERROR Test worker AbstractTokenTestCase:246 Illegal AUTO subtoken 'LANG' '|' for pcgen.core.PCTemplate TestObj (Source: file:/TESTCASE )
2025-09-21T13:28:12.393433200 LSTERROR Test worker AbstractTokenTestCase:246   Error was encountered while parsing LANG (Source: file:/TESTCASE )
2025-09-21T13:28:12.393433200 LSTERROR Test worker AbstractTokenTestCase:246 Failed in parsing subtoken: LANG of TYPE= (Source: file:/TESTCASE )
2025-09-21T13:28:12.394432800 LSTERROR Test worker AbstractTokenTestCase:246 Illegal AUTO subtoken 'LANG' 'TYPE=' for pcgen.core.PCTemplate TestObj (Source: file:/TESTCASE )
2025-09-21T13:28:12.394432800 LSTERROR Test worker AbstractTokenTestCase:246 LANG arguments may not start with | : |TestWP1 (Source: file:/TESTCASE )
2025-09-21T13:28:12.394432800 LSTERROR Test worker AbstractTokenTestCase:246 Failed in parsing subtoken: LANG of |TestWP1 (Source: file:/TESTCASE )
2025-09-21T13:28:12.394432800 LSTERROR Test worker AbstractTokenTestCase:246 Illegal AUTO subtoken 'LANG' '|TestWP1' for pcgen.core.PCTemplate TestObj (Source: file:/TESTCASE )
2025-09-21T13:28:12.394432800 LSTERROR Test worker AbstractTokenTestCase:246 AUTO requires a SubToken (Source: file:/TESTCASE )
2025-09-21T13:28:12.394432800 LSTERROR Test worker AbstractTokenTestCase:246 LANG arguments may not start with | : | (Source: file:/TESTCASE )
2025-09-21T13:28:12.395424500 LSTERROR Test worker AbstractTokenTestCase:246 Failed in parsing subtoken: LANG of | (Source: file:/TESTCASE )
2025-09-21T13:28:12.395424500 LSTERROR Test worker AbstractTokenTestCase:246 Illegal AUTO subtoken 'LANG' '|' for pcgen.core.PCTemplate TestObj (Source: file:/TESTCASE )
2025-09-21T13:28:12.395424500 LSTERROR Test worker AbstractTokenTestCase:246 LANG arguments uses double separator || : TestWP3||TestWP4 (Source: file:/TESTCASE )
2025-09-21T13:28:12.395424500 LSTERROR Test worker AbstractTokenTestCase:246 Failed in parsing subtoken: LANG of TestWP3||TestWP4 (Source: file:/TESTCASE )
2025-09-21T13:28:12.395424500 LSTERROR Test worker AbstractTokenTestCase:246 Illegal AUTO subtoken 'LANG' 'TestWP3||TestWP4' for pcgen.core.PCTemplate TestObj (Source: file:/TESTCASE )
2025-09-21T13:28:12.398434200 SEVERE Test worker TokenUtilities:75 Type may not start or end with . in: .One
2025-09-21T13:28:12.398994200 LSTERROR Test worker AbstractTokenTestCase:246   Error was encountered while parsing LANG (Source: file:/TESTCASE )
2025-09-21T13:28:12.398994200 LSTERROR Test worker AbstractTokenTestCase:246 Failed in parsing subtoken: LANG of TYPE= (Source: file:/TESTCASE )
2025-09-21T13:28:12.398994200 LSTERROR Test worker AbstractTokenTestCase:246 Illegal AUTO subtoken 'LANG' 'TYPE=' for pcgen.core.PCTemplate TestObj (Source: file:/TESTCASE )
2025-09-21T13:28:12.398994200 LSTERROR Test worker AbstractTokenTestCase:246 LANG arguments may not start with | : |TestWP1 (Source: file:/TESTCASE )
2025-09-21T13:28:12.398994200 LSTERROR Test worker AbstractTokenTestCase:246 Failed in parsing subtoken: LANG of |TestWP1 (Source: file:/TESTCASE )
2025-09-21T13:28:12.398994200 LSTERROR Test worker AbstractTokenTestCase:246 Illegal AUTO subtoken 'LANG' '|TestWP1' for pcgen.core.PCTemplate TestObj (Source: file:/TESTCASE )
2025-09-21T13:28:12.398994200 LSTERROR Test worker AbstractTokenTestCase:246 AUTO requires a SubToken (Source: file:/TESTCASE )
2025-09-21T13:28:12.398994200 LSTERROR Test worker AbstractTokenTestCase:246 LANG arguments may not start with | : | (Source: file:/TESTCASE )
2025-09-21T13:28:12.398994200 LSTERROR Test worker AbstractTokenTestCase:246 Failed in parsing subtoken: LANG of | (Source: file:/TESTCASE )
2025-09-21T13:28:12.398994200 LSTERROR Test worker AbstractTokenTestCase:246 Illegal AUTO subtoken 'LANG' '|' for pcgen.core.PCTemplate TestObj (Source: file:/TESTCASE )
2025-09-21T13:28:12.398994200 LSTERROR Test worker AbstractTokenTestCase:246 LANG arguments uses double separator || : TestWP3||TestWP4 (Source: file:/TESTCASE )
2025-09-21T13:28:12.398994200 LSTERROR Test worker AbstractTokenTestCase:246 Failed in parsing subtoken: LANG of TestWP3||TestWP4 (Source: file:/TESTCASE )
2025-09-21T13:28:12.398994200 LSTERROR Test worker AbstractTokenTestCase:246 Illegal AUTO subtoken 'LANG' 'TestWP3||TestWP4' for pcgen.core.PCTemplate TestObj (Source: file:/TESTCASE )
2025-09-21T13:28:12.398994200 LSTERROR Test worker AbstractTokenTestCase:246   Error was encountered while parsing LANG (Source: file:/TESTCASE )
2025-09-21T13:28:12.398994200 LSTERROR Test worker AbstractTokenTestCase:246 Failed in parsing subtoken: LANG of TYPE=.One (Source: file:/TESTCASE )
2025-09-21T13:28:12.398994200 LSTERROR Test worker AbstractTokenTestCase:246 Illegal AUTO subtoken 'LANG' 'TYPE=.One' for pcgen.core.PCTemplate TestObj (Source: file:/TESTCASE )
2025-09-21T13:28:12.398994200 LSTERROR Test worker AbstractTokenTestCase:246   Error was encountered while parsing LANG (Source: file:/TESTCASE )
2025-09-21T13:28:12.398994200 LSTERROR Test worker AbstractTokenTestCase:246 Failed in parsing subtoken: LANG of TYPE= (Source: file:/TESTCASE )
2025-09-21T13:28:12.398994200 LSTERROR Test worker AbstractTokenTestCase:246 Illegal AUTO subtoken 'LANG' 'TYPE=' for pcgen.core.PCTemplate TestObj (Source: file:/TESTCASE )
2025-09-21T13:28:12.398994200 LSTERROR Test worker AbstractTokenTestCase:246 LANG arguments may not start with | : |TestWP1 (Source: file:/TESTCASE )
2025-09-21T13:28:12.398994200 LSTERROR Test worker AbstractTokenTestCase:246 Failed in parsing subtoken: LANG of |TestWP1 (Source: file:/TESTCASE )
2025-09-21T13:28:12.398994200 LSTERROR Test worker AbstractTokenTestCase:246 Illegal AUTO subtoken 'LANG' '|TestWP1' for pcgen.core.PCTemplate TestObj (Source: file:/TESTCASE )
2025-09-21T13:28:12.398994200 LSTERROR Test worker AbstractTokenTestCase:246 AUTO requires a SubToken (Source: file:/TESTCASE )
2025-09-21T13:28:12.398994200 LSTERROR Test worker AbstractTokenTestCase:246 LANG arguments may not start with | : | (Source: file:/TESTCASE )
2025-09-21T13:28:12.398994200 LSTERROR Test worker AbstractTokenTestCase:246 Failed in parsing subtoken: LANG of | (Source: file:/TESTCASE )
2025-09-21T13:28:12.398994200 LSTERROR Test worker AbstractTokenTestCase:246 Illegal AUTO subtoken 'LANG' '|' for pcgen.core.PCTemplate TestObj (Source: file:/TESTCASE )
2025-09-21T13:28:12.398994200 LSTERROR Test worker AbstractTokenTestCase:246 LANG arguments uses double separator || : TestWP3||TestWP4 (Source: file:/TESTCASE )
2025-09-21T13:28:12.398994200 LSTERROR Test worker AbstractTokenTestCase:246 Failed in parsing subtoken: LANG of TestWP3||TestWP4 (Source: file:/TESTCASE )
2025-09-21T13:28:12.398994200 LSTERROR Test worker AbstractTokenTestCase:246 Illegal AUTO subtoken 'LANG' 'TestWP3||TestWP4' for pcgen.core.PCTemplate TestObj (Source: file:/TESTCASE )
2025-09-21T13:28:12.398994200 LSTERROR Test worker AbstractTokenTestCase:246   Error was encountered while parsing LANG (Source: file:/TESTCASE )
2025-09-21T13:28:12.398994200 LSTERROR Test worker AbstractTokenTestCase:246 Failed in parsing subtoken: LANG of TYPE=.One (Source: file:/TESTCASE )
2025-09-21T13:28:12.398994200 LSTERROR Test worker AbstractTokenTestCase:246 Illegal AUTO subtoken 'LANG' 'TYPE=.One' for pcgen.core.PCTemplate TestObj (Source: file:/TESTCASE )
2025-09-21T13:28:12.398994200 LSTERROR Test worker AbstractTokenTestCase:246 Token generated an IllegalArgumentException: : cannot exist in a valid single item (did you try to use a PRE where it is not supported?) TestWP1[PRERACE:Dwarf]Hi
2025-09-21T13:28:12.398994200 LSTERROR Test worker AbstractTokenTestCase:246 Token processing failed (Source: file:/TESTCASE )
2025-09-21T13:28:12.398994200 SEVERE Test worker LoadContextInst:122 !!Non-sensical AUTO:LANG: Contains ANY and a specific reference: TYPE=Bar.Foo|ALL
2025-09-21T13:28:12.398994200 SEVERE Test worker CDOMFactory:105 Unconstructed Reference: Language TestWP1[]
2025-09-21T13:28:12.414139200 LSTERROR Test worker AbstractTokenTestCase:246   Error was encountered while parsing LANG (Source: file:/TESTCASE )
2025-09-21T13:28:12.414139200 LSTERROR Test worker AbstractTokenTestCase:246 Failed in parsing subtoken: LANG of TYPE= (Source: file:/TESTCASE )
2025-09-21T13:28:12.414139200 LSTERROR Test worker AbstractTokenTestCase:246 Illegal AUTO subtoken 'LANG' 'TYPE=' for pcgen.core.PCTemplate TestObj (Source: file:/TESTCASE )
2025-09-21T13:28:12.414139200 LSTERROR Test worker AbstractTokenTestCase:246 LANG arguments may not start with | : |TestWP1 (Source: file:/TESTCASE )
2025-09-21T13:28:12.414139200 LSTERROR Test worker AbstractTokenTestCase:246 Failed in parsing subtoken: LANG of |TestWP1 (Source: file:/TESTCASE )
2025-09-21T13:28:12.414139200 LSTERROR Test worker AbstractTokenTestCase:246 Illegal AUTO subtoken 'LANG' '|TestWP1' for pcgen.core.PCTemplate TestObj (Source: file:/TESTCASE )
2025-09-21T13:28:12.414139200 LSTERROR Test worker AbstractTokenTestCase:246 AUTO requires a SubToken (Source: file:/TESTCASE )
2025-09-21T13:28:12.414139200 LSTERROR Test worker AbstractTokenTestCase:246 LANG arguments may not start with | : | (Source: file:/TESTCASE )
2025-09-21T13:28:12.414139200 LSTERROR Test worker AbstractTokenTestCase:246 Failed in parsing subtoken: LANG of | (Source: file:/TESTCASE )
2025-09-21T13:28:12.414139200 LSTERROR Test worker AbstractTokenTestCase:246 Illegal AUTO subtoken 'LANG' '|' for pcgen.core.PCTemplate TestObj (Source: file:/TESTCASE )
2025-09-21T13:28:12.414139200 LSTERROR Test worker AbstractTokenTestCase:246 LANG arguments uses double separator || : TestWP3||TestWP4 (Source: file:/TESTCASE )
2025-09-21T13:28:12.414139200 LSTERROR Test worker AbstractTokenTestCase:246 Failed in parsing subtoken: LANG of TestWP3||TestWP4 (Source: file:/TESTCASE )
2025-09-21T13:28:12.414139200 LSTERROR Test worker AbstractTokenTestCase:246 Illegal AUTO subtoken 'LANG' 'TestWP3||TestWP4' for pcgen.core.PCTemplate TestObj (Source: file:/TESTCASE )
2025-09-21T13:28:12.414139200 LSTERROR Test worker AbstractTokenTestCase:246   Error was encountered while parsing LANG (Source: file:/TESTCASE )
2025-09-21T13:28:12.414139200 LSTERROR Test worker AbstractTokenTestCase:246 Failed in parsing subtoken: LANG of TYPE=.One (Source: file:/TESTCASE )
2025-09-21T13:28:12.414139200 LSTERROR Test worker AbstractTokenTestCase:246 Illegal AUTO subtoken 'LANG' 'TYPE=.One' for pcgen.core.PCTemplate TestObj (Source: file:/TESTCASE )
2025-09-21T13:28:12.414139200 LSTERROR Test worker AbstractTokenTestCase:246 Token generated an IllegalArgumentException: : cannot exist in a valid single item (did you try to use a PRE where it is not supported?) TestWP1[PRERACE:Dwarf]Hi
2025-09-21T13:28:12.414139200 LSTERROR Test worker AbstractTokenTestCase:246 Token processing failed (Source: file:/TESTCASE )
2025-09-21T13:28:12.414139200 LSTERROR Test worker AbstractTokenTestCase:246 Non-sensical AUTO:LANG: Contains ANY and a specific reference: %LIST|ALL (Source: file:/TESTCASE )
2025-09-21T13:28:12.414139200 LSTERROR Test worker AbstractTokenTestCase:246 Failed in parsing subtoken: LANG of %LIST|ALL (Source: file:/TESTCASE )
2025-09-21T13:28:12.414139200 LSTERROR Test worker AbstractTokenTestCase:246 Illegal AUTO subtoken 'LANG' '%LIST|ALL' for pcgen.core.PCTemplate TestObj (Source: file:/TESTCASE )
2025-09-21T13:28:12.414139200 SEVERE Test worker LoadContextInst:122 !!Non-sensical AUTO:LANG: Contains ANY and a specific reference: %LIST|ALL
2025-09-21T13:28:12.429955100 SEVERE Test worker CDOMFactory:105 Unconstructed Reference: Language TestWP1[
2025-09-21T13:28:12.429955100 SEVERE Test worker CDOMFactory:105 Unconstructed Reference: Language TestWP1]
2025-09-21T13:28:12.429955100 LSTERROR Test worker AbstractTokenTestCase:246 Token generated an IllegalArgumentException: : cannot exist in a valid single item (did you try to use a PRE where it is not supported?) TestWP1[PRERACE:Dwarf
2025-09-21T13:28:12.429955100 LSTERROR Test worker AbstractTokenTestCase:246 Token processing failed (Source: file:/TESTCASE )
2025-09-21T13:28:12.429955100 SEVERE Test worker LoadContextInst:122 !!Non-sensical AUTO:LANG: Contains ANY and a specific reference: TestWP1|ALL
</pre>
</span>
</div>
</div>
<div id="footer">
<p>
<div>
<label class="hidden" id="label-for-line-wrapping-toggle" for="line-wrapping-toggle">Wrap lines
<input id="line-wrapping-toggle" type="checkbox" autocomplete="off"/>
</label>
</div>Generated by 
<a href="http://www.gradle.org">Gradle 8.10.2</a> at Sep 21, 2025, 9:28:51â€¯AM</p>
</div>
</div>
</body>
</html>
