<!DOCTYPE html>
<html>
<head>
<meta http-equiv="Content-Type" content="text/html; charset=utf-8"/>
<meta http-equiv="x-ua-compatible" content="IE=edge"/>
<title>Test results - AlignTokenTest</title>
<link href="../css/base-style.css" rel="stylesheet" type="text/css"/>
<link href="../css/style.css" rel="stylesheet" type="text/css"/>
<script src="../js/report.js" type="text/javascript"></script>
</head>
<body>
<div id="content">
<h1>AlignTokenTest</h1>
<div class="breadcrumbs">
<a href="../index.html">all</a> &gt; 
<a href="../packages/plugin.primitive.deity.html">plugin.primitive.deity</a> &gt; AlignTokenTest</div>
<div id="summary">
<table>
<tr>
<td>
<div class="summaryGroup">
<table>
<tr>
<td>
<div class="infoBox" id="tests">
<div class="counter">21</div>
<p>tests</p>
</div>
</td>
<td>
<div class="infoBox" id="failures">
<div class="counter">0</div>
<p>failures</p>
</div>
</td>
<td>
<div class="infoBox" id="ignored">
<div class="counter">0</div>
<p>ignored</p>
</div>
</td>
<td>
<div class="infoBox" id="duration">
<div class="counter">0.113s</div>
<p>duration</p>
</div>
</td>
</tr>
</table>
</div>
</td>
<td>
<div class="infoBox success" id="successRate">
<div class="percent">100%</div>
<p>successful</p>
</div>
</td>
</tr>
</table>
</div>
<div id="tabs">
<ul class="tabLinks">
<li>
<a href="#tab0">Tests</a>
</li>
<li>
<a href="#tab1">Standard error</a>
</li>
</ul>
<div id="tab0" class="tab">
<h2>Tests</h2>
<table>
<thead>
<tr>
<th>Test</th>
<th>Duration</th>
<th>Result</th>
</tr>
</thead>
<tr>
<td class="success">testAllNoSideEffect()</td>
<td class="success">0.005s</td>
<td class="success">passed</td>
</tr>
<tr>
<td class="success">testCommaPrimitive()</td>
<td class="success">0.007s</td>
<td class="success">passed</td>
</tr>
<tr>
<td class="success">testDotPrimitive()</td>
<td class="success">0.004s</td>
<td class="success">passed</td>
</tr>
<tr>
<td class="success">testGoodBadNoSideEffect()</td>
<td class="success">0.005s</td>
<td class="success">passed</td>
</tr>
<tr>
<td class="success">testNoStackTrace()</td>
<td class="success">0.001s</td>
<td class="success">passed</td>
</tr>
<tr>
<td class="success">testOverwrite()</td>
<td class="success">0.003s</td>
<td class="success">passed</td>
</tr>
<tr>
<td class="success">testPipePrimitive()</td>
<td class="success">0.005s</td>
<td class="success">passed</td>
</tr>
<tr>
<td class="success">testPrimitiveAll1()</td>
<td class="success">0.006s</td>
<td class="success">passed</td>
</tr>
<tr>
<td class="success">testPrimitiveAll2()</td>
<td class="success">0.007s</td>
<td class="success">passed</td>
</tr>
<tr>
<td class="success">testPrimitiveComma()</td>
<td class="success">0.004s</td>
<td class="success">passed</td>
</tr>
<tr>
<td class="success">testPrimitiveDoubleComma()</td>
<td class="success">0.004s</td>
<td class="success">passed</td>
</tr>
<tr>
<td class="success">testPrimitiveDoublePipe()</td>
<td class="success">0.002s</td>
<td class="success">passed</td>
</tr>
<tr>
<td class="success">testPrimitiveEquals()</td>
<td class="success">0.007s</td>
<td class="success">passed</td>
</tr>
<tr>
<td class="success">testPrimitiveGood()</td>
<td class="success">0.003s</td>
<td class="success">passed</td>
</tr>
<tr>
<td class="success">testPrimitivePipe()</td>
<td class="success">0.004s</td>
<td class="success">passed</td>
</tr>
<tr>
<td class="success">testPrimitiveTypeBadSyntax()</td>
<td class="success">0.014s</td>
<td class="success">passed</td>
</tr>
<tr>
<td class="success">testPrimitiveTypeCommaBadSyntax()</td>
<td class="success">0.007s</td>
<td class="success">passed</td>
</tr>
<tr>
<td class="success">testPrimitiveTypePipeBadSyntax()</td>
<td class="success">0.009s</td>
<td class="success">passed</td>
</tr>
<tr>
<td class="success">testPrimitiveUsedAsQualifier()</td>
<td class="success">0.008s</td>
<td class="success">passed</td>
</tr>
<tr>
<td class="success">testQualifiedPrimitiveGood()</td>
<td class="success">0.005s</td>
<td class="success">passed</td>
</tr>
<tr>
<td class="success">testTypePrimitiveBadSyntax()</td>
<td class="success">0.003s</td>
<td class="success">passed</td>
</tr>
</table>
</div>
<div id="tab1" class="tab">
<h2>Standard error</h2>
<span class="code">
<pre>2025-09-21T13:28:36.403373800 SEVERE Test worker ChoiceSetLoadUtilities:323 Didn't expect tokRestriction on QUALIFIED here: |ALIGN=LG
2025-09-21T13:28:36.403373800 LSTERROR Test worker AbstractTokenTestCase:246 Choice arguments may not start with | : |ALIGN=LG
2025-09-21T13:28:36.403373800 LSTERROR Test worker AbstractTokenTestCase:246 Failed in parsing typeStr: QUALIFIED[|ALIGN=LG]
2025-09-21T13:28:36.403373800 LSTERROR Test worker AbstractTokenTestCase:246 Choice argument was not valid: QUALIFIED[|ALIGN=LG]
2025-09-21T13:28:36.403373800 LSTERROR Test worker AbstractTokenTestCase:246 Internal error. (Source: file:/TESTCASE )
2025-09-21T13:28:36.403373800 LSTERROR Test worker AbstractTokenTestCase:246 Failed in parsing subtoken: DEITY of QUALIFIED[|ALIGN=LG] (Source: file:/TESTCASE )
2025-09-21T13:28:36.403373800 LSTERROR Test worker AbstractTokenTestCase:246 Illegal CHOOSE subtoken 'DEITY' 'QUALIFIED[|ALIGN=LG]' for pcgen.core.Race TestObj (Source: file:/TESTCASE )
2025-09-21T13:28:36.403373800 SEVERE Test worker ChoiceSetLoadUtilities:418 Found error in Qualifier Choice: QUALIFIED[ALIGN=LG]TYPE=Foo had close bracket, but had characters following the close bracket
2025-09-21T13:28:36.403373800 SEVERE Test worker ChoiceSetLoadUtilities:254 Found error in Primitive Choice: QUALIFIED[ALIGN=LG]TYPE=Foo had close bracket, but had characters following the close bracket
2025-09-21T13:28:36.403373800 LSTERROR Test worker AbstractTokenTestCase:246 Choice arguments may not start with | : |ALIGN=LG
2025-09-21T13:28:36.403373800 LSTERROR Test worker AbstractTokenTestCase:246 Failed in parsing typeStr: QUALIFIED[|ALIGN=LG]
2025-09-21T13:28:36.403373800 LSTERROR Test worker AbstractTokenTestCase:246 Choice argument was not valid: QUALIFIED[|ALIGN=LG]
2025-09-21T13:28:36.419361900 LSTERROR Test worker AbstractTokenTestCase:246 Internal error. (Source: file:/TESTCASE )
2025-09-21T13:28:36.419361900 LSTERROR Test worker AbstractTokenTestCase:246 Failed in parsing subtoken: DEITY of QUALIFIED[|ALIGN=LG] (Source: file:/TESTCASE )
2025-09-21T13:28:36.419361900 LSTERROR Test worker AbstractTokenTestCase:246 Illegal CHOOSE subtoken 'DEITY' 'QUALIFIED[|ALIGN=LG]' for pcgen.core.Race TestObj (Source: file:/TESTCASE )
2025-09-21T13:28:36.419361900 LSTERROR Test worker AbstractTokenTestCase:246 Choice argument was not valid: QUALIFIED[ALIGN=LG]TYPE=Foo
2025-09-21T13:28:36.419361900 LSTERROR Test worker AbstractTokenTestCase:246 Internal error. (Source: file:/TESTCASE )
2025-09-21T13:28:36.419361900 LSTERROR Test worker AbstractTokenTestCase:246 Failed in parsing subtoken: DEITY of QUALIFIED[ALIGN=LG]TYPE=Foo (Source: file:/TESTCASE )
2025-09-21T13:28:36.419361900 LSTERROR Test worker AbstractTokenTestCase:246 Illegal CHOOSE subtoken 'DEITY' 'QUALIFIED[ALIGN=LG]TYPE=Foo' for pcgen.core.Race TestObj (Source: file:/TESTCASE )
2025-09-21T13:28:36.419361900 SEVERE Test worker ChoiceSetLoadUtilities:342 Didn't expect Arguments here: LG was found in TestWP1.ALIGN=LG
2025-09-21T13:28:36.419361900 LSTERROR Test worker AbstractTokenTestCase:246 Choice arguments may not start with | : |ALIGN=LG
2025-09-21T13:28:36.419361900 LSTERROR Test worker AbstractTokenTestCase:246 Failed in parsing typeStr: QUALIFIED[|ALIGN=LG]
2025-09-21T13:28:36.419361900 LSTERROR Test worker AbstractTokenTestCase:246 Choice argument was not valid: QUALIFIED[|ALIGN=LG]
2025-09-21T13:28:36.419361900 LSTERROR Test worker AbstractTokenTestCase:246 Internal error. (Source: file:/TESTCASE )
2025-09-21T13:28:36.419361900 LSTERROR Test worker AbstractTokenTestCase:246 Failed in parsing subtoken: DEITY of QUALIFIED[|ALIGN=LG] (Source: file:/TESTCASE )
2025-09-21T13:28:36.419361900 LSTERROR Test worker AbstractTokenTestCase:246 Illegal CHOOSE subtoken 'DEITY' 'QUALIFIED[|ALIGN=LG]' for pcgen.core.Race TestObj (Source: file:/TESTCASE )
2025-09-21T13:28:36.419361900 LSTERROR Test worker AbstractTokenTestCase:246 Choice argument was not valid: QUALIFIED[ALIGN=LG]TYPE=Foo
2025-09-21T13:28:36.419361900 LSTERROR Test worker AbstractTokenTestCase:246 Internal error. (Source: file:/TESTCASE )
2025-09-21T13:28:36.419361900 LSTERROR Test worker AbstractTokenTestCase:246 Failed in parsing subtoken: DEITY of QUALIFIED[ALIGN=LG]TYPE=Foo (Source: file:/TESTCASE )
2025-09-21T13:28:36.419361900 LSTERROR Test worker AbstractTokenTestCase:246 Illegal CHOOSE subtoken 'DEITY' 'QUALIFIED[ALIGN=LG]TYPE=Foo' for pcgen.core.Race TestObj (Source: file:/TESTCASE )
2025-09-21T13:28:36.419361900 LSTERROR Test worker AbstractTokenTestCase:246 Token generated an IllegalArgumentException: = cannot be a in valid single item (perhaps something like TYPE= is not supported in this token?): TestWP1.ALIGN=LG
2025-09-21T13:28:36.419361900 LSTERROR Test worker AbstractTokenTestCase:246 Token processing failed (Source: file:/TESTCASE )
2025-09-21T13:28:36.419361900 SEVERE Test worker GroupingState:80 Attempt to add 'ANY' grouping state to 'ALLOWS_NONE' resulted in 'INVALID'.
2025-09-21T13:28:36.419361900 LSTERROR Test worker AbstractTokenTestCase:246 Choice arguments may not start with | : |ALIGN=LG
2025-09-21T13:28:36.419361900 LSTERROR Test worker AbstractTokenTestCase:246 Failed in parsing typeStr: QUALIFIED[|ALIGN=LG]
2025-09-21T13:28:36.419361900 LSTERROR Test worker AbstractTokenTestCase:246 Choice argument was not valid: QUALIFIED[|ALIGN=LG]
2025-09-21T13:28:36.419361900 LSTERROR Test worker AbstractTokenTestCase:246 Internal error. (Source: file:/TESTCASE )
2025-09-21T13:28:36.419361900 LSTERROR Test worker AbstractTokenTestCase:246 Failed in parsing subtoken: DEITY of QUALIFIED[|ALIGN=LG] (Source: file:/TESTCASE )
2025-09-21T13:28:36.419361900 LSTERROR Test worker AbstractTokenTestCase:246 Illegal CHOOSE subtoken 'DEITY' 'QUALIFIED[|ALIGN=LG]' for pcgen.core.Race TestObj (Source: file:/TESTCASE )
2025-09-21T13:28:36.419361900 LSTERROR Test worker AbstractTokenTestCase:246 Choice argument was not valid: QUALIFIED[ALIGN=LG]TYPE=Foo
2025-09-21T13:28:36.419361900 LSTERROR Test worker AbstractTokenTestCase:246 Internal error. (Source: file:/TESTCASE )
2025-09-21T13:28:36.419361900 LSTERROR Test worker AbstractTokenTestCase:246 Failed in parsing subtoken: DEITY of QUALIFIED[ALIGN=LG]TYPE=Foo (Source: file:/TESTCASE )
2025-09-21T13:28:36.419361900 LSTERROR Test worker AbstractTokenTestCase:246 Illegal CHOOSE subtoken 'DEITY' 'QUALIFIED[ALIGN=LG]TYPE=Foo' for pcgen.core.Race TestObj (Source: file:/TESTCASE )
2025-09-21T13:28:36.435105500 LSTERROR Test worker AbstractTokenTestCase:246 Token generated an IllegalArgumentException: = cannot be a in valid single item (perhaps something like TYPE= is not supported in this token?): TestWP1.ALIGN=LG
2025-09-21T13:28:36.435105500 LSTERROR Test worker AbstractTokenTestCase:246 Token processing failed (Source: file:/TESTCASE )
2025-09-21T13:28:36.435105500 LSTERROR Test worker AbstractTokenTestCase:246 Invalid combination of objects was used in: QUALIFIED[ALL|ALIGN=LG] (Source: file:/TESTCASE )
2025-09-21T13:28:36.435105500 LSTERROR Test worker AbstractTokenTestCase:246   Check that ALL is not combined (Source: file:/TESTCASE )
2025-09-21T13:28:36.435105500 LSTERROR Test worker AbstractTokenTestCase:246   Check that a key is not joined with AND (,) (Source: file:/TESTCASE )
2025-09-21T13:28:36.435105500 LSTERROR Test worker AbstractTokenTestCase:246 Failed in parsing subtoken: DEITY of QUALIFIED[ALL|ALIGN=LG] (Source: file:/TESTCASE )
2025-09-21T13:28:36.435105500 LSTERROR Test worker AbstractTokenTestCase:246 Illegal CHOOSE subtoken 'DEITY' 'QUALIFIED[ALL|ALIGN=LG]' for pcgen.core.Race TestObj (Source: file:/TESTCASE )
2025-09-21T13:28:36.435105500 SEVERE Test worker GroupingState:80 Attempt to add 'ANY' grouping state to 'ALLOWS_NONE' resulted in 'INVALID'.
2025-09-21T13:28:36.435105500 LSTERROR Test worker AbstractTokenTestCase:246 Choice arguments may not start with | : |ALIGN=LG
2025-09-21T13:28:36.435105500 LSTERROR Test worker AbstractTokenTestCase:246 Failed in parsing typeStr: QUALIFIED[|ALIGN=LG]
2025-09-21T13:28:36.435105500 LSTERROR Test worker AbstractTokenTestCase:246 Choice argument was not valid: QUALIFIED[|ALIGN=LG]
2025-09-21T13:28:36.435105500 LSTERROR Test worker AbstractTokenTestCase:246 Internal error. (Source: file:/TESTCASE )
2025-09-21T13:28:36.435105500 LSTERROR Test worker AbstractTokenTestCase:246 Failed in parsing subtoken: DEITY of QUALIFIED[|ALIGN=LG] (Source: file:/TESTCASE )
2025-09-21T13:28:36.435105500 LSTERROR Test worker AbstractTokenTestCase:246 Illegal CHOOSE subtoken 'DEITY' 'QUALIFIED[|ALIGN=LG]' for pcgen.core.Race TestObj (Source: file:/TESTCASE )
2025-09-21T13:28:36.435105500 LSTERROR Test worker AbstractTokenTestCase:246 Choice argument was not valid: QUALIFIED[ALIGN=LG]TYPE=Foo
2025-09-21T13:28:36.435105500 LSTERROR Test worker AbstractTokenTestCase:246 Internal error. (Source: file:/TESTCASE )
2025-09-21T13:28:36.435105500 LSTERROR Test worker AbstractTokenTestCase:246 Failed in parsing subtoken: DEITY of QUALIFIED[ALIGN=LG]TYPE=Foo (Source: file:/TESTCASE )
2025-09-21T13:28:36.435105500 LSTERROR Test worker AbstractTokenTestCase:246 Illegal CHOOSE subtoken 'DEITY' 'QUALIFIED[ALIGN=LG]TYPE=Foo' for pcgen.core.Race TestObj (Source: file:/TESTCASE )
2025-09-21T13:28:36.435105500 LSTERROR Test worker AbstractTokenTestCase:246 Token generated an IllegalArgumentException: = cannot be a in valid single item (perhaps something like TYPE= is not supported in this token?): TestWP1.ALIGN=LG
2025-09-21T13:28:36.435105500 LSTERROR Test worker AbstractTokenTestCase:246 Token processing failed (Source: file:/TESTCASE )
2025-09-21T13:28:36.435105500 LSTERROR Test worker AbstractTokenTestCase:246 Invalid combination of objects was used in: QUALIFIED[ALL|ALIGN=LG] (Source: file:/TESTCASE )
2025-09-21T13:28:36.435105500 LSTERROR Test worker AbstractTokenTestCase:246   Check that ALL is not combined (Source: file:/TESTCASE )
2025-09-21T13:28:36.435105500 LSTERROR Test worker AbstractTokenTestCase:246   Check that a key is not joined with AND (,) (Source: file:/TESTCASE )
2025-09-21T13:28:36.435105500 LSTERROR Test worker AbstractTokenTestCase:246 Failed in parsing subtoken: DEITY of QUALIFIED[ALL|ALIGN=LG] (Source: file:/TESTCASE )
2025-09-21T13:28:36.435105500 LSTERROR Test worker AbstractTokenTestCase:246 Illegal CHOOSE subtoken 'DEITY' 'QUALIFIED[ALL|ALIGN=LG]' for pcgen.core.Race TestObj (Source: file:/TESTCASE )
2025-09-21T13:28:36.435105500 LSTERROR Test worker AbstractTokenTestCase:246 Invalid combination of objects was used in: QUALIFIED[ALIGN=LG|ALL] (Source: file:/TESTCASE )
2025-09-21T13:28:36.435105500 LSTERROR Test worker AbstractTokenTestCase:246   Check that ALL is not combined (Source: file:/TESTCASE )
2025-09-21T13:28:36.435105500 LSTERROR Test worker AbstractTokenTestCase:246   Check that a key is not joined with AND (,) (Source: file:/TESTCASE )
2025-09-21T13:28:36.435105500 LSTERROR Test worker AbstractTokenTestCase:246 Failed in parsing subtoken: DEITY of QUALIFIED[ALIGN=LG|ALL] (Source: file:/TESTCASE )
2025-09-21T13:28:36.435105500 LSTERROR Test worker AbstractTokenTestCase:246 Illegal CHOOSE subtoken 'DEITY' 'QUALIFIED[ALIGN=LG|ALL]' for pcgen.core.Race TestObj (Source: file:/TESTCASE )
2025-09-21T13:28:36.435105500 SEVERE Test worker ChoiceSetLoadUtilities:323 Didn't expect tokRestriction on QUALIFIED here: ALIGN=LG|
2025-09-21T13:28:36.435105500 LSTERROR Test worker AbstractTokenTestCase:246 Choice arguments may not end with | : ALIGN=LG|
2025-09-21T13:28:36.435105500 LSTERROR Test worker AbstractTokenTestCase:246 Failed in parsing typeStr: QUALIFIED[ALIGN=LG|]
2025-09-21T13:28:36.435105500 LSTERROR Test worker AbstractTokenTestCase:246 Choice argument was not valid: QUALIFIED[ALIGN=LG|]
2025-09-21T13:28:36.435105500 LSTERROR Test worker AbstractTokenTestCase:246 Internal error. (Source: file:/TESTCASE )
2025-09-21T13:28:36.435105500 LSTERROR Test worker AbstractTokenTestCase:246 Failed in parsing subtoken: DEITY of QUALIFIED[ALIGN=LG|] (Source: file:/TESTCASE )
2025-09-21T13:28:36.435105500 LSTERROR Test worker AbstractTokenTestCase:246 Illegal CHOOSE subtoken 'DEITY' 'QUALIFIED[ALIGN=LG|]' for pcgen.core.Race TestObj (Source: file:/TESTCASE )
2025-09-21T13:28:36.450789700 SEVERE Test worker ChoiceSetLoadUtilities:323 Didn't expect tokRestriction on QUALIFIED here: ,ALIGN=LG
2025-09-21T13:28:36.452809500 LSTERROR Test worker AbstractTokenTestCase:246 Choice arguments may not end with | : ALIGN=LG|
2025-09-21T13:28:36.452809500 LSTERROR Test worker AbstractTokenTestCase:246 Failed in parsing typeStr: QUALIFIED[ALIGN=LG|]
2025-09-21T13:28:36.452809500 LSTERROR Test worker AbstractTokenTestCase:246 Choice argument was not valid: QUALIFIED[ALIGN=LG|]
2025-09-21T13:28:36.454821100 LSTERROR Test worker AbstractTokenTestCase:246 Internal error. (Source: file:/TESTCASE )
2025-09-21T13:28:36.454821100 LSTERROR Test worker AbstractTokenTestCase:246 Failed in parsing subtoken: DEITY of QUALIFIED[ALIGN=LG|] (Source: file:/TESTCASE )
2025-09-21T13:28:36.454821100 LSTERROR Test worker AbstractTokenTestCase:246 Illegal CHOOSE subtoken 'DEITY' 'QUALIFIED[ALIGN=LG|]' for pcgen.core.Race TestObj (Source: file:/TESTCASE )
2025-09-21T13:28:36.454821100 LSTERROR Test worker AbstractTokenTestCase:246 Choice arguments may not start with , : ,ALIGN=LG
2025-09-21T13:28:36.454821100 LSTERROR Test worker AbstractTokenTestCase:246 Failed in parsing typeStr: QUALIFIED[,ALIGN=LG]
2025-09-21T13:28:36.454821100 LSTERROR Test worker AbstractTokenTestCase:246 Choice argument was not valid: QUALIFIED[,ALIGN=LG]
2025-09-21T13:28:36.456832400 LSTERROR Test worker AbstractTokenTestCase:246 Internal error. (Source: file:/TESTCASE )
2025-09-21T13:28:36.456832400 LSTERROR Test worker AbstractTokenTestCase:246 Failed in parsing subtoken: DEITY of QUALIFIED[,ALIGN=LG] (Source: file:/TESTCASE )
2025-09-21T13:28:36.456832400 LSTERROR Test worker AbstractTokenTestCase:246 Illegal CHOOSE subtoken 'DEITY' 'QUALIFIED[,ALIGN=LG]' for pcgen.core.Race TestObj (Source: file:/TESTCASE )
2025-09-21T13:28:36.458844100 SEVERE Test worker GroupingState:80 Attempt to add 'ANY' grouping state to 'ALLOWS_NONE' resulted in 'INVALID'.
2025-09-21T13:28:36.458844100 LSTERROR Test worker AbstractTokenTestCase:246 Choice arguments may not end with | : ALIGN=LG|
2025-09-21T13:28:36.458844100 LSTERROR Test worker AbstractTokenTestCase:246 Failed in parsing typeStr: QUALIFIED[ALIGN=LG|]
2025-09-21T13:28:36.458844100 LSTERROR Test worker AbstractTokenTestCase:246 Choice argument was not valid: QUALIFIED[ALIGN=LG|]
2025-09-21T13:28:36.458844100 LSTERROR Test worker AbstractTokenTestCase:246 Internal error. (Source: file:/TESTCASE )
2025-09-21T13:28:36.458844100 LSTERROR Test worker AbstractTokenTestCase:246 Failed in parsing subtoken: DEITY of QUALIFIED[ALIGN=LG|] (Source: file:/TESTCASE )
2025-09-21T13:28:36.458844100 LSTERROR Test worker AbstractTokenTestCase:246 Illegal CHOOSE subtoken 'DEITY' 'QUALIFIED[ALIGN=LG|]' for pcgen.core.Race TestObj (Source: file:/TESTCASE )
2025-09-21T13:28:36.460858 LSTERROR Test worker AbstractTokenTestCase:246 Choice arguments may not start with , : ,ALIGN=LG
2025-09-21T13:28:36.460858 LSTERROR Test worker AbstractTokenTestCase:246 Failed in parsing typeStr: QUALIFIED[,ALIGN=LG]
2025-09-21T13:28:36.460858 LSTERROR Test worker AbstractTokenTestCase:246 Choice argument was not valid: QUALIFIED[,ALIGN=LG]
2025-09-21T13:28:36.460858 LSTERROR Test worker AbstractTokenTestCase:246 Internal error. (Source: file:/TESTCASE )
2025-09-21T13:28:36.460858 LSTERROR Test worker AbstractTokenTestCase:246 Failed in parsing subtoken: DEITY of QUALIFIED[,ALIGN=LG] (Source: file:/TESTCASE )
2025-09-21T13:28:36.460858 LSTERROR Test worker AbstractTokenTestCase:246 Illegal CHOOSE subtoken 'DEITY' 'QUALIFIED[,ALIGN=LG]' for pcgen.core.Race TestObj (Source: file:/TESTCASE )
2025-09-21T13:28:36.460858 LSTERROR Test worker AbstractTokenTestCase:246 Invalid combination of objects was used in: QUALIFIED[ALIGN=LG|ALL] (Source: file:/TESTCASE )
2025-09-21T13:28:36.460858 LSTERROR Test worker AbstractTokenTestCase:246   Check that ALL is not combined (Source: file:/TESTCASE )
2025-09-21T13:28:36.460858 LSTERROR Test worker AbstractTokenTestCase:246   Check that a key is not joined with AND (,) (Source: file:/TESTCASE )
2025-09-21T13:28:36.460858 LSTERROR Test worker AbstractTokenTestCase:246 Failed in parsing subtoken: DEITY of QUALIFIED[ALIGN=LG|ALL] (Source: file:/TESTCASE )
2025-09-21T13:28:36.462869900 LSTERROR Test worker AbstractTokenTestCase:246 Illegal CHOOSE subtoken 'DEITY' 'QUALIFIED[ALIGN=LG|ALL]' for pcgen.core.Race TestObj (Source: file:/TESTCASE )
2025-09-21T13:28:36.462869900 SEVERE Test worker ChoiceSetLoadUtilities:239 Found error in Primitive Choice: ALIGN= has equals but no target value
2025-09-21T13:28:36.464885500 SEVERE Test worker ChoiceSetLoadUtilities:323 Didn't expect tokRestriction on QUALIFIED here: ALIGN=
2025-09-21T13:28:36.464885500 LSTERROR Test worker AbstractTokenTestCase:246 Choice arguments may not end with | : ALIGN=LG|
2025-09-21T13:28:36.464885500 LSTERROR Test worker AbstractTokenTestCase:246 Failed in parsing typeStr: QUALIFIED[ALIGN=LG|]
2025-09-21T13:28:36.466988100 LSTERROR Test worker AbstractTokenTestCase:246 Choice argument was not valid: QUALIFIED[ALIGN=LG|]
2025-09-21T13:28:36.466988100 LSTERROR Test worker AbstractTokenTestCase:246 Internal error. (Source: file:/TESTCASE )
2025-09-21T13:28:36.466988100 LSTERROR Test worker AbstractTokenTestCase:246 Failed in parsing subtoken: DEITY of QUALIFIED[ALIGN=LG|] (Source: file:/TESTCASE )
2025-09-21T13:28:36.466988100 LSTERROR Test worker AbstractTokenTestCase:246 Illegal CHOOSE subtoken 'DEITY' 'QUALIFIED[ALIGN=LG|]' for pcgen.core.Race TestObj (Source: file:/TESTCASE )
2025-09-21T13:28:36.466988100 LSTERROR Test worker AbstractTokenTestCase:246 Choice arguments may not start with , : ,ALIGN=LG
2025-09-21T13:28:36.466988100 LSTERROR Test worker AbstractTokenTestCase:246 Failed in parsing typeStr: QUALIFIED[,ALIGN=LG]
2025-09-21T13:28:36.466988100 LSTERROR Test worker AbstractTokenTestCase:246 Choice argument was not valid: QUALIFIED[,ALIGN=LG]
2025-09-21T13:28:36.466988100 LSTERROR Test worker AbstractTokenTestCase:246 Internal error. (Source: file:/TESTCASE )
2025-09-21T13:28:36.466988100 LSTERROR Test worker AbstractTokenTestCase:246 Failed in parsing subtoken: DEITY of QUALIFIED[,ALIGN=LG] (Source: file:/TESTCASE )
2025-09-21T13:28:36.466988100 LSTERROR Test worker AbstractTokenTestCase:246 Illegal CHOOSE subtoken 'DEITY' 'QUALIFIED[,ALIGN=LG]' for pcgen.core.Race TestObj (Source: file:/TESTCASE )
2025-09-21T13:28:36.466988100 LSTERROR Test worker AbstractTokenTestCase:246 Invalid combination of objects was used in: QUALIFIED[ALIGN=LG|ALL] (Source: file:/TESTCASE )
2025-09-21T13:28:36.466988100 LSTERROR Test worker AbstractTokenTestCase:246   Check that ALL is not combined (Source: file:/TESTCASE )
2025-09-21T13:28:36.466988100 LSTERROR Test worker AbstractTokenTestCase:246   Check that a key is not joined with AND (,) (Source: file:/TESTCASE )
2025-09-21T13:28:36.466988100 LSTERROR Test worker AbstractTokenTestCase:246 Failed in parsing subtoken: DEITY of QUALIFIED[ALIGN=LG|ALL] (Source: file:/TESTCASE )
2025-09-21T13:28:36.466988100 LSTERROR Test worker AbstractTokenTestCase:246 Illegal CHOOSE subtoken 'DEITY' 'QUALIFIED[ALIGN=LG|ALL]' for pcgen.core.Race TestObj (Source: file:/TESTCASE )
2025-09-21T13:28:36.466988100 LSTERROR Test worker AbstractTokenTestCase:246 Choice argument was not valid: ALIGN=
2025-09-21T13:28:36.466988100 LSTERROR Test worker AbstractTokenTestCase:246 Failed in parsing typeStr: QUALIFIED[ALIGN=]
2025-09-21T13:28:36.466988100 LSTERROR Test worker AbstractTokenTestCase:246 Choice argument was not valid: QUALIFIED[ALIGN=]
2025-09-21T13:28:36.466988100 LSTERROR Test worker AbstractTokenTestCase:246 Internal error. (Source: file:/TESTCASE )
2025-09-21T13:28:36.466988100 LSTERROR Test worker AbstractTokenTestCase:246 Failed in parsing subtoken: DEITY of QUALIFIED[ALIGN=] (Source: file:/TESTCASE )
2025-09-21T13:28:36.466988100 LSTERROR Test worker AbstractTokenTestCase:246 Illegal CHOOSE subtoken 'DEITY' 'QUALIFIED[ALIGN=]' for pcgen.core.Race TestObj (Source: file:/TESTCASE )
2025-09-21T13:28:36.466988100 SEVERE Test worker ChoiceSetLoadUtilities:323 Didn't expect tokRestriction on ALIGN here: ALIGN=LG
2025-09-21T13:28:36.466988100 LSTERROR Test worker AbstractTokenTestCase:246 Choice arguments may not end with | : ALIGN=LG|
2025-09-21T13:28:36.466988100 LSTERROR Test worker AbstractTokenTestCase:246 Failed in parsing typeStr: QUALIFIED[ALIGN=LG|]
2025-09-21T13:28:36.466988100 LSTERROR Test worker AbstractTokenTestCase:246 Choice argument was not valid: QUALIFIED[ALIGN=LG|]
2025-09-21T13:28:36.466988100 LSTERROR Test worker AbstractTokenTestCase:246 Internal error. (Source: file:/TESTCASE )
2025-09-21T13:28:36.466988100 LSTERROR Test worker AbstractTokenTestCase:246 Failed in parsing subtoken: DEITY of QUALIFIED[ALIGN=LG|] (Source: file:/TESTCASE )
2025-09-21T13:28:36.466988100 LSTERROR Test worker AbstractTokenTestCase:246 Illegal CHOOSE subtoken 'DEITY' 'QUALIFIED[ALIGN=LG|]' for pcgen.core.Race TestObj (Source: file:/TESTCASE )
2025-09-21T13:28:36.466988100 LSTERROR Test worker AbstractTokenTestCase:246 Choice arguments may not start with , : ,ALIGN=LG
2025-09-21T13:28:36.466988100 LSTERROR Test worker AbstractTokenTestCase:246 Failed in parsing typeStr: QUALIFIED[,ALIGN=LG]
2025-09-21T13:28:36.466988100 LSTERROR Test worker AbstractTokenTestCase:246 Choice argument was not valid: QUALIFIED[,ALIGN=LG]
2025-09-21T13:28:36.466988100 LSTERROR Test worker AbstractTokenTestCase:246 Internal error. (Source: file:/TESTCASE )
2025-09-21T13:28:36.466988100 LSTERROR Test worker AbstractTokenTestCase:246 Failed in parsing subtoken: DEITY of QUALIFIED[,ALIGN=LG] (Source: file:/TESTCASE )
2025-09-21T13:28:36.466988100 LSTERROR Test worker AbstractTokenTestCase:246 Illegal CHOOSE subtoken 'DEITY' 'QUALIFIED[,ALIGN=LG]' for pcgen.core.Race TestObj (Source: file:/TESTCASE )
2025-09-21T13:28:36.466988100 LSTERROR Test worker AbstractTokenTestCase:246 Invalid combination of objects was used in: QUALIFIED[ALIGN=LG|ALL] (Source: file:/TESTCASE )
2025-09-21T13:28:36.466988100 LSTERROR Test worker AbstractTokenTestCase:246   Check that ALL is not combined (Source: file:/TESTCASE )
2025-09-21T13:28:36.466988100 LSTERROR Test worker AbstractTokenTestCase:246   Check that a key is not joined with AND (,) (Source: file:/TESTCASE )
2025-09-21T13:28:36.466988100 LSTERROR Test worker AbstractTokenTestCase:246 Failed in parsing subtoken: DEITY of QUALIFIED[ALIGN=LG|ALL] (Source: file:/TESTCASE )
2025-09-21T13:28:36.466988100 LSTERROR Test worker AbstractTokenTestCase:246 Illegal CHOOSE subtoken 'DEITY' 'QUALIFIED[ALIGN=LG|ALL]' for pcgen.core.Race TestObj (Source: file:/TESTCASE )
2025-09-21T13:28:36.466988100 LSTERROR Test worker AbstractTokenTestCase:246 Choice argument was not valid: ALIGN=
2025-09-21T13:28:36.466988100 LSTERROR Test worker AbstractTokenTestCase:246 Failed in parsing typeStr: QUALIFIED[ALIGN=]
2025-09-21T13:28:36.466988100 LSTERROR Test worker AbstractTokenTestCase:246 Choice argument was not valid: QUALIFIED[ALIGN=]
2025-09-21T13:28:36.466988100 LSTERROR Test worker AbstractTokenTestCase:246 Internal error. (Source: file:/TESTCASE )
2025-09-21T13:28:36.466988100 LSTERROR Test worker AbstractTokenTestCase:246 Failed in parsing subtoken: DEITY of QUALIFIED[ALIGN=] (Source: file:/TESTCASE )
2025-09-21T13:28:36.466988100 LSTERROR Test worker AbstractTokenTestCase:246 Illegal CHOOSE subtoken 'DEITY' 'QUALIFIED[ALIGN=]' for pcgen.core.Race TestObj (Source: file:/TESTCASE )
2025-09-21T13:28:36.466988100 LSTERROR Test worker AbstractTokenTestCase:246 Choice argument was not valid: ALIGN=LG[ALIGN=LG]
2025-09-21T13:28:36.466988100 LSTERROR Test worker AbstractTokenTestCase:246 Internal error. (Source: file:/TESTCASE )
2025-09-21T13:28:36.466988100 LSTERROR Test worker AbstractTokenTestCase:246 Failed in parsing subtoken: DEITY of ALIGN=LG[ALIGN=LG] (Source: file:/TESTCASE )
2025-09-21T13:28:36.466988100 LSTERROR Test worker AbstractTokenTestCase:246 Illegal CHOOSE subtoken 'DEITY' 'ALIGN=LG[ALIGN=LG]' for pcgen.core.Race TestObj (Source: file:/TESTCASE )
2025-09-21T13:28:36.466988100 SEVERE Test worker ChoiceSetLoadUtilities:418 Found error in Qualifier Choice: QUALIFIED[ALIGN=LG]TYPE=Foo had close bracket, but had characters following the close bracket
2025-09-21T13:28:36.466988100 SEVERE Test worker ChoiceSetLoadUtilities:254 Found error in Primitive Choice: QUALIFIED[ALIGN=LG]TYPE=Foo had close bracket, but had characters following the close bracket
2025-09-21T13:28:36.480119800 LSTERROR Test worker AbstractTokenTestCase:246 Choice arguments may not end with | : ALIGN=LG|
2025-09-21T13:28:36.480119800 LSTERROR Test worker AbstractTokenTestCase:246 Failed in parsing typeStr: QUALIFIED[ALIGN=LG|]
2025-09-21T13:28:36.480119800 LSTERROR Test worker AbstractTokenTestCase:246 Choice argument was not valid: QUALIFIED[ALIGN=LG|]
2025-09-21T13:28:36.480119800 LSTERROR Test worker AbstractTokenTestCase:246 Internal error. (Source: file:/TESTCASE )
2025-09-21T13:28:36.480119800 LSTERROR Test worker AbstractTokenTestCase:246 Failed in parsing subtoken: DEITY of QUALIFIED[ALIGN=LG|] (Source: file:/TESTCASE )
2025-09-21T13:28:36.480119800 LSTERROR Test worker AbstractTokenTestCase:246 Illegal CHOOSE subtoken 'DEITY' 'QUALIFIED[ALIGN=LG|]' for pcgen.core.Race TestObj (Source: file:/TESTCASE )
2025-09-21T13:28:36.480119800 LSTERROR Test worker AbstractTokenTestCase:246 Choice arguments may not start with , : ,ALIGN=LG
2025-09-21T13:28:36.480119800 LSTERROR Test worker AbstractTokenTestCase:246 Failed in parsing typeStr: QUALIFIED[,ALIGN=LG]
2025-09-21T13:28:36.480119800 LSTERROR Test worker AbstractTokenTestCase:246 Choice argument was not valid: QUALIFIED[,ALIGN=LG]
2025-09-21T13:28:36.480119800 LSTERROR Test worker AbstractTokenTestCase:246 Internal error. (Source: file:/TESTCASE )
2025-09-21T13:28:36.482534800 LSTERROR Test worker AbstractTokenTestCase:246 Failed in parsing subtoken: DEITY of QUALIFIED[,ALIGN=LG] (Source: file:/TESTCASE )
2025-09-21T13:28:36.482534800 LSTERROR Test worker AbstractTokenTestCase:246 Illegal CHOOSE subtoken 'DEITY' 'QUALIFIED[,ALIGN=LG]' for pcgen.core.Race TestObj (Source: file:/TESTCASE )
2025-09-21T13:28:36.482534800 LSTERROR Test worker AbstractTokenTestCase:246 Invalid combination of objects was used in: QUALIFIED[ALIGN=LG|ALL] (Source: file:/TESTCASE )
2025-09-21T13:28:36.482534800 LSTERROR Test worker AbstractTokenTestCase:246   Check that ALL is not combined (Source: file:/TESTCASE )
2025-09-21T13:28:36.482534800 LSTERROR Test worker AbstractTokenTestCase:246   Check that a key is not joined with AND (,) (Source: file:/TESTCASE )
2025-09-21T13:28:36.482534800 LSTERROR Test worker AbstractTokenTestCase:246 Failed in parsing subtoken: DEITY of QUALIFIED[ALIGN=LG|ALL] (Source: file:/TESTCASE )
2025-09-21T13:28:36.482534800 LSTERROR Test worker AbstractTokenTestCase:246 Illegal CHOOSE subtoken 'DEITY' 'QUALIFIED[ALIGN=LG|ALL]' for pcgen.core.Race TestObj (Source: file:/TESTCASE )
2025-09-21T13:28:36.482534800 LSTERROR Test worker AbstractTokenTestCase:246 Choice argument was not valid: ALIGN=
2025-09-21T13:28:36.482534800 LSTERROR Test worker AbstractTokenTestCase:246 Failed in parsing typeStr: QUALIFIED[ALIGN=]
2025-09-21T13:28:36.482534800 LSTERROR Test worker AbstractTokenTestCase:246 Choice argument was not valid: QUALIFIED[ALIGN=]
2025-09-21T13:28:36.482534800 LSTERROR Test worker AbstractTokenTestCase:246 Internal error. (Source: file:/TESTCASE )
2025-09-21T13:28:36.482534800 LSTERROR Test worker AbstractTokenTestCase:246 Failed in parsing subtoken: DEITY of QUALIFIED[ALIGN=] (Source: file:/TESTCASE )
2025-09-21T13:28:36.482534800 LSTERROR Test worker AbstractTokenTestCase:246 Illegal CHOOSE subtoken 'DEITY' 'QUALIFIED[ALIGN=]' for pcgen.core.Race TestObj (Source: file:/TESTCASE )
2025-09-21T13:28:36.482534800 LSTERROR Test worker AbstractTokenTestCase:246 Choice argument was not valid: ALIGN=LG[ALIGN=LG]
2025-09-21T13:28:36.482534800 LSTERROR Test worker AbstractTokenTestCase:246 Internal error. (Source: file:/TESTCASE )
2025-09-21T13:28:36.482534800 LSTERROR Test worker AbstractTokenTestCase:246 Failed in parsing subtoken: DEITY of ALIGN=LG[ALIGN=LG] (Source: file:/TESTCASE )
2025-09-21T13:28:36.482534800 LSTERROR Test worker AbstractTokenTestCase:246 Illegal CHOOSE subtoken 'DEITY' 'ALIGN=LG[ALIGN=LG]' for pcgen.core.Race TestObj (Source: file:/TESTCASE )
2025-09-21T13:28:36.482534800 LSTERROR Test worker AbstractTokenTestCase:246 Choice argument was not valid: QUALIFIED[ALIGN=LG]TYPE=Foo
2025-09-21T13:28:36.482534800 LSTERROR Test worker AbstractTokenTestCase:246 Internal error. (Source: file:/TESTCASE )
2025-09-21T13:28:36.482534800 LSTERROR Test worker AbstractTokenTestCase:246 Failed in parsing subtoken: DEITY of QUALIFIED[ALIGN=LG]TYPE=Foo|TYPE=Bar (Source: file:/TESTCASE )
2025-09-21T13:28:36.482534800 LSTERROR Test worker AbstractTokenTestCase:246 Illegal CHOOSE subtoken 'DEITY' 'QUALIFIED[ALIGN=LG]TYPE=Foo|TYPE=Bar' for pcgen.core.Race TestObj (Source: file:/TESTCASE )
2025-09-21T13:28:36.482534800 LSTERROR Test worker AbstractTokenTestCase:246 DEITY arguments uses double separator || : QUALIFIED[TestWP2||ALIGN=LG]] (Source: file:/TESTCASE )
2025-09-21T13:28:36.482534800 LSTERROR Test worker AbstractTokenTestCase:246 Failed in parsing subtoken: DEITY of QUALIFIED[TestWP2||ALIGN=LG]] (Source: file:/TESTCASE )
2025-09-21T13:28:36.482534800 LSTERROR Test worker AbstractTokenTestCase:246 Illegal CHOOSE subtoken 'DEITY' 'QUALIFIED[TestWP2||ALIGN=LG]]' for pcgen.core.Race TestObj (Source: file:/TESTCASE )
2025-09-21T13:28:36.482534800 SEVERE Test worker ChoiceSetLoadUtilities:418 Found error in Qualifier Choice: QUALIFIED[TYPE=Foo]ALIGN=LG had close bracket, but had characters following the close bracket
2025-09-21T13:28:36.482534800 SEVERE Test worker ChoiceSetLoadUtilities:254 Found error in Primitive Choice: QUALIFIED[TYPE=Foo]ALIGN=LG had close bracket, but had characters following the close bracket
2025-09-21T13:28:36.482534800 LSTERROR Test worker AbstractTokenTestCase:246 DEITY arguments uses double separator || : QUALIFIED[TestWP2||ALIGN=LG]] (Source: file:/TESTCASE )
2025-09-21T13:28:36.482534800 LSTERROR Test worker AbstractTokenTestCase:246 Failed in parsing subtoken: DEITY of QUALIFIED[TestWP2||ALIGN=LG]] (Source: file:/TESTCASE )
2025-09-21T13:28:36.482534800 LSTERROR Test worker AbstractTokenTestCase:246 Illegal CHOOSE subtoken 'DEITY' 'QUALIFIED[TestWP2||ALIGN=LG]]' for pcgen.core.Race TestObj (Source: file:/TESTCASE )
2025-09-21T13:28:36.482534800 LSTERROR Test worker AbstractTokenTestCase:246 Choice argument was not valid: QUALIFIED[TYPE=Foo]ALIGN=LG
2025-09-21T13:28:36.482534800 LSTERROR Test worker AbstractTokenTestCase:246 Internal error. (Source: file:/TESTCASE )
2025-09-21T13:28:36.482534800 LSTERROR Test worker AbstractTokenTestCase:246 Failed in parsing subtoken: DEITY of QUALIFIED[TYPE=Foo]ALIGN=LG (Source: file:/TESTCASE )
2025-09-21T13:28:36.482534800 LSTERROR Test worker AbstractTokenTestCase:246 Illegal CHOOSE subtoken 'DEITY' 'QUALIFIED[TYPE=Foo]ALIGN=LG' for pcgen.core.Race TestObj (Source: file:/TESTCASE )
2025-09-21T13:28:36.498399900 SEVERE Test worker ChoiceSetLoadUtilities:323 Didn't expect tokRestriction on QUALIFIED here: ALIGN=LG,
2025-09-21T13:28:36.498399900 LSTERROR Test worker AbstractTokenTestCase:246 DEITY arguments uses double separator || : QUALIFIED[TestWP2||ALIGN=LG]] (Source: file:/TESTCASE )
2025-09-21T13:28:36.498399900 LSTERROR Test worker AbstractTokenTestCase:246 Failed in parsing subtoken: DEITY of QUALIFIED[TestWP2||ALIGN=LG]] (Source: file:/TESTCASE )
2025-09-21T13:28:36.498399900 LSTERROR Test worker AbstractTokenTestCase:246 Illegal CHOOSE subtoken 'DEITY' 'QUALIFIED[TestWP2||ALIGN=LG]]' for pcgen.core.Race TestObj (Source: file:/TESTCASE )
2025-09-21T13:28:36.498399900 LSTERROR Test worker AbstractTokenTestCase:246 Choice argument was not valid: QUALIFIED[TYPE=Foo]ALIGN=LG
2025-09-21T13:28:36.498399900 LSTERROR Test worker AbstractTokenTestCase:246 Internal error. (Source: file:/TESTCASE )
2025-09-21T13:28:36.498399900 LSTERROR Test worker AbstractTokenTestCase:246 Failed in parsing subtoken: DEITY of QUALIFIED[TYPE=Foo]ALIGN=LG (Source: file:/TESTCASE )
2025-09-21T13:28:36.498399900 LSTERROR Test worker AbstractTokenTestCase:246 Illegal CHOOSE subtoken 'DEITY' 'QUALIFIED[TYPE=Foo]ALIGN=LG' for pcgen.core.Race TestObj (Source: file:/TESTCASE )
2025-09-21T13:28:36.498399900 LSTERROR Test worker AbstractTokenTestCase:246 Choice arguments may not end with , : ALIGN=LG,
2025-09-21T13:28:36.498399900 LSTERROR Test worker AbstractTokenTestCase:246 Failed in parsing typeStr: QUALIFIED[ALIGN=LG,]
2025-09-21T13:28:36.498399900 LSTERROR Test worker AbstractTokenTestCase:246 Choice argument was not valid: QUALIFIED[ALIGN=LG,]
2025-09-21T13:28:36.498399900 LSTERROR Test worker AbstractTokenTestCase:246 Internal error. (Source: file:/TESTCASE )
2025-09-21T13:28:36.498399900 LSTERROR Test worker AbstractTokenTestCase:246 Failed in parsing subtoken: DEITY of QUALIFIED[ALIGN=LG,] (Source: file:/TESTCASE )
2025-09-21T13:28:36.498399900 LSTERROR Test worker AbstractTokenTestCase:246 Illegal CHOOSE subtoken 'DEITY' 'QUALIFIED[ALIGN=LG,]' for pcgen.core.Race TestObj (Source: file:/TESTCASE )
2025-09-21T13:28:36.498399900 LSTERROR Test worker AbstractTokenTestCase:246 DEITY arguments uses double separator || : QUALIFIED[TestWP2||ALIGN=LG]] (Source: file:/TESTCASE )
2025-09-21T13:28:36.498399900 LSTERROR Test worker AbstractTokenTestCase:246 Failed in parsing subtoken: DEITY of QUALIFIED[TestWP2||ALIGN=LG]] (Source: file:/TESTCASE )
2025-09-21T13:28:36.498399900 LSTERROR Test worker AbstractTokenTestCase:246 Illegal CHOOSE subtoken 'DEITY' 'QUALIFIED[TestWP2||ALIGN=LG]]' for pcgen.core.Race TestObj (Source: file:/TESTCASE )
2025-09-21T13:28:36.498399900 LSTERROR Test worker AbstractTokenTestCase:246 Choice argument was not valid: QUALIFIED[TYPE=Foo]ALIGN=LG
2025-09-21T13:28:36.498399900 LSTERROR Test worker AbstractTokenTestCase:246 Internal error. (Source: file:/TESTCASE )
2025-09-21T13:28:36.498399900 LSTERROR Test worker AbstractTokenTestCase:246 Failed in parsing subtoken: DEITY of QUALIFIED[TYPE=Foo]ALIGN=LG (Source: file:/TESTCASE )
2025-09-21T13:28:36.498399900 LSTERROR Test worker AbstractTokenTestCase:246 Illegal CHOOSE subtoken 'DEITY' 'QUALIFIED[TYPE=Foo]ALIGN=LG' for pcgen.core.Race TestObj (Source: file:/TESTCASE )
2025-09-21T13:28:36.498399900 LSTERROR Test worker AbstractTokenTestCase:246 Choice arguments may not end with , : ALIGN=LG,
2025-09-21T13:28:36.498399900 LSTERROR Test worker AbstractTokenTestCase:246 Failed in parsing typeStr: QUALIFIED[ALIGN=LG,]
2025-09-21T13:28:36.498399900 LSTERROR Test worker AbstractTokenTestCase:246 Choice argument was not valid: QUALIFIED[ALIGN=LG,]
2025-09-21T13:28:36.498399900 LSTERROR Test worker AbstractTokenTestCase:246 Internal error. (Source: file:/TESTCASE )
2025-09-21T13:28:36.498399900 LSTERROR Test worker AbstractTokenTestCase:246 Failed in parsing subtoken: DEITY of QUALIFIED[ALIGN=LG,] (Source: file:/TESTCASE )
2025-09-21T13:28:36.498399900 LSTERROR Test worker AbstractTokenTestCase:246 Illegal CHOOSE subtoken 'DEITY' 'QUALIFIED[ALIGN=LG,]' for pcgen.core.Race TestObj (Source: file:/TESTCASE )
2025-09-21T13:28:36.498399900 LSTERROR Test worker AbstractTokenTestCase:246 Choice arguments uses double separator ,, : QUALIFIED[TYPE=Foo,,ALIGN=LG]
2025-09-21T13:28:36.498399900 LSTERROR Test worker AbstractTokenTestCase:246 Internal error. (Source: file:/TESTCASE )
2025-09-21T13:28:36.498399900 LSTERROR Test worker AbstractTokenTestCase:246 Failed in parsing subtoken: DEITY of QUALIFIED[TYPE=Foo,,ALIGN=LG] (Source: file:/TESTCASE )
2025-09-21T13:28:36.498399900 LSTERROR Test worker AbstractTokenTestCase:246 Illegal CHOOSE subtoken 'DEITY' 'QUALIFIED[TYPE=Foo,,ALIGN=LG]' for pcgen.core.Race TestObj (Source: file:/TESTCASE )
2025-09-21T13:28:36.498399900 LSTERROR Test worker AbstractTokenTestCase:246 DEITY arguments uses double separator || : QUALIFIED[TestWP2||ALIGN=LG]] (Source: file:/TESTCASE )
2025-09-21T13:28:36.498399900 LSTERROR Test worker AbstractTokenTestCase:246 Failed in parsing subtoken: DEITY of QUALIFIED[TestWP2||ALIGN=LG]] (Source: file:/TESTCASE )
2025-09-21T13:28:36.498399900 LSTERROR Test worker AbstractTokenTestCase:246 Illegal CHOOSE subtoken 'DEITY' 'QUALIFIED[TestWP2||ALIGN=LG]]' for pcgen.core.Race TestObj (Source: file:/TESTCASE )
2025-09-21T13:28:36.498399900 LSTERROR Test worker AbstractTokenTestCase:246 Choice argument was not valid: QUALIFIED[TYPE=Foo]ALIGN=LG
2025-09-21T13:28:36.498399900 LSTERROR Test worker AbstractTokenTestCase:246 Internal error. (Source: file:/TESTCASE )
2025-09-21T13:28:36.498399900 LSTERROR Test worker AbstractTokenTestCase:246 Failed in parsing subtoken: DEITY of QUALIFIED[TYPE=Foo]ALIGN=LG (Source: file:/TESTCASE )
2025-09-21T13:28:36.498399900 LSTERROR Test worker AbstractTokenTestCase:246 Illegal CHOOSE subtoken 'DEITY' 'QUALIFIED[TYPE=Foo]ALIGN=LG' for pcgen.core.Race TestObj (Source: file:/TESTCASE )
2025-09-21T13:28:36.498399900 LSTERROR Test worker AbstractTokenTestCase:246 Choice arguments may not end with , : ALIGN=LG,
2025-09-21T13:28:36.498399900 LSTERROR Test worker AbstractTokenTestCase:246 Failed in parsing typeStr: QUALIFIED[ALIGN=LG,]
2025-09-21T13:28:36.498399900 LSTERROR Test worker AbstractTokenTestCase:246 Choice argument was not valid: QUALIFIED[ALIGN=LG,]
2025-09-21T13:28:36.498399900 LSTERROR Test worker AbstractTokenTestCase:246 Internal error. (Source: file:/TESTCASE )
2025-09-21T13:28:36.498399900 LSTERROR Test worker AbstractTokenTestCase:246 Failed in parsing subtoken: DEITY of QUALIFIED[ALIGN=LG,] (Source: file:/TESTCASE )
2025-09-21T13:28:36.498399900 LSTERROR Test worker AbstractTokenTestCase:246 Illegal CHOOSE subtoken 'DEITY' 'QUALIFIED[ALIGN=LG,]' for pcgen.core.Race TestObj (Source: file:/TESTCASE )
2025-09-21T13:28:36.498399900 LSTERROR Test worker AbstractTokenTestCase:246 Choice arguments uses double separator ,, : QUALIFIED[TYPE=Foo,,ALIGN=LG]
2025-09-21T13:28:36.498399900 LSTERROR Test worker AbstractTokenTestCase:246 Internal error. (Source: file:/TESTCASE )
2025-09-21T13:28:36.498399900 LSTERROR Test worker AbstractTokenTestCase:246 Failed in parsing subtoken: DEITY of QUALIFIED[TYPE=Foo,,ALIGN=LG] (Source: file:/TESTCASE )
2025-09-21T13:28:36.498399900 LSTERROR Test worker AbstractTokenTestCase:246 Illegal CHOOSE subtoken 'DEITY' 'QUALIFIED[TYPE=Foo,,ALIGN=LG]' for pcgen.core.Race TestObj (Source: file:/TESTCASE )
2025-09-21T13:28:36.498399900 LSTERROR Test worker AbstractTokenTestCase:246 DEITY arguments uses double separator || : QUALIFIED[TestWP3||ALIGN=LG] (Source: file:/TESTCASE )
2025-09-21T13:28:36.498399900 LSTERROR Test worker AbstractTokenTestCase:246 Failed in parsing subtoken: DEITY of QUALIFIED[TestWP3||ALIGN=LG] (Source: file:/TESTCASE )
2025-09-21T13:28:36.498399900 LSTERROR Test worker AbstractTokenTestCase:246 Illegal CHOOSE subtoken 'DEITY' 'QUALIFIED[TestWP3||ALIGN=LG]' for pcgen.core.Race TestObj (Source: file:/TESTCASE )
2025-09-21T13:28:36.498399900 SEVERE Test worker ChoiceSetLoadUtilities:418 Found error in Qualifier Choice: QUALIFIED[TYPE=Foo]ALIGN=LG had close bracket, but had characters following the close bracket
2025-09-21T13:28:36.498399900 SEVERE Test worker ChoiceSetLoadUtilities:254 Found error in Primitive Choice: QUALIFIED[TYPE=Foo]ALIGN=LG had close bracket, but had characters following the close bracket
2025-09-21T13:28:36.498399900 LSTERROR Test worker AbstractTokenTestCase:246 DEITY arguments uses double separator || : QUALIFIED[TestWP2||ALIGN=LG]] (Source: file:/TESTCASE )
2025-09-21T13:28:36.498399900 LSTERROR Test worker AbstractTokenTestCase:246 Failed in parsing subtoken: DEITY of QUALIFIED[TestWP2||ALIGN=LG]] (Source: file:/TESTCASE )
2025-09-21T13:28:36.498399900 LSTERROR Test worker AbstractTokenTestCase:246 Illegal CHOOSE subtoken 'DEITY' 'QUALIFIED[TestWP2||ALIGN=LG]]' for pcgen.core.Race TestObj (Source: file:/TESTCASE )
2025-09-21T13:28:36.498399900 LSTERROR Test worker AbstractTokenTestCase:246 Choice argument was not valid: QUALIFIED[TYPE=Foo]ALIGN=LG
2025-09-21T13:28:36.498399900 LSTERROR Test worker AbstractTokenTestCase:246 Internal error. (Source: file:/TESTCASE )
2025-09-21T13:28:36.514118 LSTERROR Test worker AbstractTokenTestCase:246 Failed in parsing subtoken: DEITY of QUALIFIED[TYPE=Foo]ALIGN=LG (Source: file:/TESTCASE )
2025-09-21T13:28:36.514118 LSTERROR Test worker AbstractTokenTestCase:246 Illegal CHOOSE subtoken 'DEITY' 'QUALIFIED[TYPE=Foo]ALIGN=LG' for pcgen.core.Race TestObj (Source: file:/TESTCASE )
2025-09-21T13:28:36.514118 LSTERROR Test worker AbstractTokenTestCase:246 Choice arguments may not end with , : ALIGN=LG,
2025-09-21T13:28:36.514118 LSTERROR Test worker AbstractTokenTestCase:246 Failed in parsing typeStr: QUALIFIED[ALIGN=LG,]
2025-09-21T13:28:36.514118 LSTERROR Test worker AbstractTokenTestCase:246 Choice argument was not valid: QUALIFIED[ALIGN=LG,]
2025-09-21T13:28:36.514118 LSTERROR Test worker AbstractTokenTestCase:246 Internal error. (Source: file:/TESTCASE )
2025-09-21T13:28:36.514118 LSTERROR Test worker AbstractTokenTestCase:246 Failed in parsing subtoken: DEITY of QUALIFIED[ALIGN=LG,] (Source: file:/TESTCASE )
2025-09-21T13:28:36.514118 LSTERROR Test worker AbstractTokenTestCase:246 Illegal CHOOSE subtoken 'DEITY' 'QUALIFIED[ALIGN=LG,]' for pcgen.core.Race TestObj (Source: file:/TESTCASE )
2025-09-21T13:28:36.514118 LSTERROR Test worker AbstractTokenTestCase:246 Choice arguments uses double separator ,, : QUALIFIED[TYPE=Foo,,ALIGN=LG]
2025-09-21T13:28:36.514118 LSTERROR Test worker AbstractTokenTestCase:246 Internal error. (Source: file:/TESTCASE )
2025-09-21T13:28:36.514118 LSTERROR Test worker AbstractTokenTestCase:246 Failed in parsing subtoken: DEITY of QUALIFIED[TYPE=Foo,,ALIGN=LG] (Source: file:/TESTCASE )
2025-09-21T13:28:36.514118 LSTERROR Test worker AbstractTokenTestCase:246 Illegal CHOOSE subtoken 'DEITY' 'QUALIFIED[TYPE=Foo,,ALIGN=LG]' for pcgen.core.Race TestObj (Source: file:/TESTCASE )
2025-09-21T13:28:36.514118 LSTERROR Test worker AbstractTokenTestCase:246 DEITY arguments uses double separator || : QUALIFIED[TestWP3||ALIGN=LG] (Source: file:/TESTCASE )
2025-09-21T13:28:36.514118 LSTERROR Test worker AbstractTokenTestCase:246 Failed in parsing subtoken: DEITY of QUALIFIED[TestWP3||ALIGN=LG] (Source: file:/TESTCASE )
2025-09-21T13:28:36.514118 LSTERROR Test worker AbstractTokenTestCase:246 Illegal CHOOSE subtoken 'DEITY' 'QUALIFIED[TestWP3||ALIGN=LG]' for pcgen.core.Race TestObj (Source: file:/TESTCASE )
2025-09-21T13:28:36.514118 LSTERROR Test worker AbstractTokenTestCase:246 Choice argument was not valid: QUALIFIED[TYPE=Foo]ALIGN=LG
2025-09-21T13:28:36.514118 LSTERROR Test worker AbstractTokenTestCase:246 Internal error. (Source: file:/TESTCASE )
2025-09-21T13:28:36.514118 LSTERROR Test worker AbstractTokenTestCase:246 Failed in parsing subtoken: DEITY of QUALIFIED[TYPE=Foo]ALIGN=LG,TYPE=Bar (Source: file:/TESTCASE )
2025-09-21T13:28:36.514118 LSTERROR Test worker AbstractTokenTestCase:246 Illegal CHOOSE subtoken 'DEITY' 'QUALIFIED[TYPE=Foo]ALIGN=LG,TYPE=Bar' for pcgen.core.Race TestObj (Source: file:/TESTCASE )
</pre>
</span>
</div>
</div>
<div id="footer">
<p>
<div>
<label class="hidden" id="label-for-line-wrapping-toggle" for="line-wrapping-toggle">Wrap lines
<input id="line-wrapping-toggle" type="checkbox" autocomplete="off"/>
</label>
</div>Generated by 
<a href="http://www.gradle.org">Gradle 8.10.2</a> at Sep 21, 2025, 9:28:52â€¯AM</p>
</div>
</div>
</body>
</html>
