<!DOCTYPE html>
<html>
<head>
<meta http-equiv="Content-Type" content="text/html; charset=utf-8"/>
<meta http-equiv="x-ua-compatible" content="IE=edge"/>
<title>Test results - TemplateTokenTest</title>
<link href="../css/base-style.css" rel="stylesheet" type="text/css"/>
<link href="../css/style.css" rel="stylesheet" type="text/css"/>
<script src="../js/report.js" type="text/javascript"></script>
</head>
<body>
<div id="content">
<h1>TemplateTokenTest</h1>
<div class="breadcrumbs">
<a href="../index.html">all</a> &gt; 
<a href="../packages/plugin.lsttokens.add.html">plugin.lsttokens.add</a> &gt; TemplateTokenTest</div>
<div id="summary">
<table>
<tr>
<td>
<div class="summaryGroup">
<table>
<tr>
<td>
<div class="infoBox" id="tests">
<div class="counter">57</div>
<p>tests</p>
</div>
</td>
<td>
<div class="infoBox" id="failures">
<div class="counter">0</div>
<p>failures</p>
</div>
</td>
<td>
<div class="infoBox" id="ignored">
<div class="counter">0</div>
<p>ignored</p>
</div>
</td>
<td>
<div class="infoBox" id="duration">
<div class="counter">0.106s</div>
<p>duration</p>
</div>
</td>
</tr>
</table>
</div>
</td>
<td>
<div class="infoBox success" id="successRate">
<div class="percent">100%</div>
<p>successful</p>
</div>
</td>
</tr>
</table>
</div>
<div id="tabs">
<ul class="tabLinks">
<li>
<a href="#tab0">Tests</a>
</li>
<li>
<a href="#tab1">Standard error</a>
</li>
</ul>
<div id="tab0" class="tab">
<h2>Tests</h2>
<table>
<thead>
<tr>
<th>Test</th>
<th>Duration</th>
<th>Result</th>
</tr>
</thead>
<tr>
<td class="success">testInputInvalidAddsAllNoSideEffect()</td>
<td class="success">0.001s</td>
<td class="success">passed</td>
</tr>
<tr>
<td class="success">testInputInvalidAddsBasicNoSideEffect()</td>
<td class="success">0.005s</td>
<td class="success">passed</td>
</tr>
<tr>
<td class="success">testInputInvalidAddsTypeNoSideEffect()</td>
<td class="success">0.001s</td>
<td class="success">passed</td>
</tr>
<tr>
<td class="success">testInvalidDoubleList()</td>
<td class="success">0.001s</td>
<td class="success">passed</td>
</tr>
<tr>
<td class="success">testInvalidInputAll()</td>
<td class="success">0.002s</td>
<td class="success">passed</td>
</tr>
<tr>
<td class="success">testInvalidInputAny()</td>
<td class="success">0.003s</td>
<td class="success">passed</td>
</tr>
<tr>
<td class="success">testInvalidInputAnyItem()</td>
<td class="success">0.001s</td>
<td class="success">passed</td>
</tr>
<tr>
<td class="success">testInvalidInputAnyType()</td>
<td class="success">0s</td>
<td class="success">passed</td>
</tr>
<tr>
<td class="success">testInvalidInputCheckMult()</td>
<td class="success">0.003s</td>
<td class="success">passed</td>
</tr>
<tr>
<td class="success">testInvalidInputCheckType()</td>
<td class="success">0.001s</td>
<td class="success">passed</td>
</tr>
<tr>
<td class="success">testInvalidInputCheckTypeDotLength()</td>
<td class="success">0.001s</td>
<td class="success">passed</td>
</tr>
<tr>
<td class="success">testInvalidInputCheckTypeEqualLength()</td>
<td class="success">0.001s</td>
<td class="success">passed</td>
</tr>
<tr>
<td class="success">testInvalidInputClearDotTypeDoubleSeparator()</td>
<td class="success">0.001s</td>
<td class="success">passed</td>
</tr>
<tr>
<td class="success">testInvalidInputClearDotTypeFalseStart()</td>
<td class="success">0.001s</td>
<td class="success">passed</td>
</tr>
<tr>
<td class="success">testInvalidInputEmptyString()</td>
<td class="success">0.001s</td>
<td class="success">passed</td>
</tr>
<tr>
<td class="success">testInvalidInputItemAny()</td>
<td class="success">0.001s</td>
<td class="success">passed</td>
</tr>
<tr>
<td class="success">testInvalidInputJoinOnly()</td>
<td class="success">0.003s</td>
<td class="success">passed</td>
</tr>
<tr>
<td class="success">testInvalidInputJoinedDot()</td>
<td class="success">0.003s</td>
<td class="success">passed</td>
</tr>
<tr>
<td class="success">testInvalidInputNegativeFormula()</td>
<td class="success">0.004s</td>
<td class="success">passed</td>
</tr>
<tr>
<td class="success">testInvalidInputOnlySubToken()</td>
<td class="success">0.002s</td>
<td class="success">passed</td>
</tr>
<tr>
<td class="success">testInvalidInputOnlySubTokenPipe()</td>
<td class="success">0.003s</td>
<td class="success">passed</td>
</tr>
<tr>
<td class="success">testInvalidInputString()</td>
<td class="success">0.002s</td>
<td class="success">passed</td>
</tr>
<tr>
<td class="success">testInvalidInputType()</td>
<td class="success">0.002s</td>
<td class="success">passed</td>
</tr>
<tr>
<td class="success">testInvalidInputTypeAny()</td>
<td class="success">0.001s</td>
<td class="success">passed</td>
</tr>
<tr>
<td class="success">testInvalidInputTypeEmpty()</td>
<td class="success">0.001s</td>
<td class="success">passed</td>
</tr>
<tr>
<td class="success">testInvalidInputTypeEquals()</td>
<td class="success">0.004s</td>
<td class="success">passed</td>
</tr>
<tr>
<td class="success">testInvalidInputTypeUnterminated()</td>
<td class="success">0s</td>
<td class="success">passed</td>
</tr>
<tr>
<td class="success">testInvalidInputZeroFormula()</td>
<td class="success">0.002s</td>
<td class="success">passed</td>
</tr>
<tr>
<td class="success">testInvalidListDoubleJoin()</td>
<td class="success">0.002s</td>
<td class="success">passed</td>
</tr>
<tr>
<td class="success">testInvalidListEnd()</td>
<td class="success">0.002s</td>
<td class="success">passed</td>
</tr>
<tr>
<td class="success">testInvalidListStart()</td>
<td class="success">0.002s</td>
<td class="success">passed</td>
</tr>
<tr>
<td class="success">testInvalidTooManyPipe()</td>
<td class="success">0.002s</td>
<td class="success">passed</td>
</tr>
<tr>
<td class="success">testNoStackTrace()</td>
<td class="success">0.001s</td>
<td class="success">passed</td>
</tr>
<tr>
<td class="success">testOverwrite()</td>
<td class="success">0.002s</td>
<td class="success">passed</td>
</tr>
<tr>
<td class="success">testRoundRobinCount()</td>
<td class="success">0.003s</td>
<td class="success">passed</td>
</tr>
<tr>
<td class="success">testRoundRobinFormulaCount()</td>
<td class="success">0.003s</td>
<td class="success">passed</td>
</tr>
<tr>
<td class="success">testRoundRobinHardFormulaCount()</td>
<td class="success">0.004s</td>
<td class="success">passed</td>
</tr>
<tr>
<td class="success">testRoundRobinOne()</td>
<td class="success">0.003s</td>
<td class="success">passed</td>
</tr>
<tr>
<td class="success">testRoundRobinOnePreFooler()</td>
<td class="success">0.003s</td>
<td class="success">passed</td>
</tr>
<tr>
<td class="success">testRoundRobinParen()</td>
<td class="success">0.004s</td>
<td class="success">passed</td>
</tr>
<tr>
<td class="success">testRoundRobinParenDoubleSub()</td>
<td class="success">0.001s</td>
<td class="success">passed</td>
</tr>
<tr>
<td class="success">testRoundRobinParenSub()</td>
<td class="success">0.001s</td>
<td class="success">passed</td>
</tr>
<tr>
<td class="success">testRoundRobinTestAll()</td>
<td class="success">0.001s</td>
<td class="success">passed</td>
</tr>
<tr>
<td class="success">testRoundRobinTestEqualThree()</td>
<td class="success">0.001s</td>
<td class="success">passed</td>
</tr>
<tr>
<td class="success">testRoundRobinTestEquals()</td>
<td class="success">0.001s</td>
<td class="success">passed</td>
</tr>
<tr>
<td class="success">testRoundRobinThree()</td>
<td class="success">0.007s</td>
<td class="success">passed</td>
</tr>
<tr>
<td class="success">testRoundRobinWithEqualType()</td>
<td class="success">0.001s</td>
<td class="success">passed</td>
</tr>
<tr>
<td class="success">testUnparseAll()</td>
<td class="success">0.001s</td>
<td class="success">passed</td>
</tr>
<tr>
<td class="success">testUnparseSingle()</td>
<td class="success">0.001s</td>
<td class="success">passed</td>
</tr>
<tr>
<td class="success">testUnparseSingleAll()</td>
<td class="success">0.001s</td>
<td class="success">passed</td>
</tr>
<tr>
<td class="success">testUnparseSingleNegative()</td>
<td class="success">0.002s</td>
<td class="success">passed</td>
</tr>
<tr>
<td class="success">testUnparseSingleThree()</td>
<td class="success">0.001s</td>
<td class="success">passed</td>
</tr>
<tr>
<td class="success">testUnparseSingleVariable()</td>
<td class="success">0.001s</td>
<td class="success">passed</td>
</tr>
<tr>
<td class="success">testUnparseSingleZero()</td>
<td class="success">0.001s</td>
<td class="success">passed</td>
</tr>
<tr>
<td class="success">testUnparseType()</td>
<td class="success">0.001s</td>
<td class="success">passed</td>
</tr>
<tr>
<td class="success">testUnparseTypeAll()</td>
<td class="success">0.001s</td>
<td class="success">passed</td>
</tr>
<tr>
<td class="success">testValidInputTestDot()</td>
<td class="success">0.001s</td>
<td class="success">passed</td>
</tr>
</table>
</div>
<div id="tab1" class="tab">
<h2>Standard error</h2>
<span class="code">
<pre>2025-09-21T13:28:11.715557800 LSTERROR Test worker AbstractTokenTestCase:246 ADD may not have empty argument (Source: file:/TESTCASE )
2025-09-21T13:28:11.715557800 LSTERROR Test worker AbstractTokenTestCase:246 ADD may not have empty argument (Source: file:/TESTCASE )
2025-09-21T13:28:11.715557800 LSTERROR Test worker AbstractTokenTestCase:246 TEMPLATE arguments may not end with , : TestWP1, (Source: file:/TESTCASE )
2025-09-21T13:28:11.715557800 LSTERROR Test worker AbstractTokenTestCase:246 Failed in parsing subtoken: TEMPLATE of TestWP1, (Source: file:/TESTCASE )
2025-09-21T13:28:11.715557800 LSTERROR Test worker AbstractTokenTestCase:246 Illegal ADD subtoken 'TEMPLATE' 'TestWP1,' for pcgen.core.PCTemplate TestObj (Source: file:/TESTCASE )
2025-09-21T13:28:11.715557800 LSTERROR Test worker AbstractTokenTestCase:246 ADD may not have empty argument (Source: file:/TESTCASE )
2025-09-21T13:28:11.715557800 LSTERROR Test worker AbstractTokenTestCase:246 TEMPLATE arguments may not end with , : TestWP1, (Source: file:/TESTCASE )
2025-09-21T13:28:11.715557800 LSTERROR Test worker AbstractTokenTestCase:246 Failed in parsing subtoken: TEMPLATE of TestWP1, (Source: file:/TESTCASE )
2025-09-21T13:28:11.715557800 LSTERROR Test worker AbstractTokenTestCase:246 Illegal ADD subtoken 'TEMPLATE' 'TestWP1,' for pcgen.core.PCTemplate TestObj (Source: file:/TESTCASE )
2025-09-21T13:28:11.715557800 LSTERROR Test worker AbstractTokenTestCase:246 Token generated an IllegalArgumentException: All cannot be a valid single item (not supported in this token?)
2025-09-21T13:28:11.715557800 LSTERROR Test worker AbstractTokenTestCase:246 Token processing failed (Source: file:/TESTCASE )
2025-09-21T13:28:11.715557800 LSTERROR Test worker AbstractTokenTestCase:246 ADD may not have empty argument (Source: file:/TESTCASE )
2025-09-21T13:28:11.715557800 LSTERROR Test worker AbstractTokenTestCase:246 TEMPLATE arguments may not end with , : TestWP1, (Source: file:/TESTCASE )
2025-09-21T13:28:11.715557800 LSTERROR Test worker AbstractTokenTestCase:246 Failed in parsing subtoken: TEMPLATE of TestWP1, (Source: file:/TESTCASE )
2025-09-21T13:28:11.715557800 LSTERROR Test worker AbstractTokenTestCase:246 Illegal ADD subtoken 'TEMPLATE' 'TestWP1,' for pcgen.core.PCTemplate TestObj (Source: file:/TESTCASE )
2025-09-21T13:28:11.715557800 LSTERROR Test worker AbstractTokenTestCase:246 Token generated an IllegalArgumentException: All cannot be a valid single item (not supported in this token?)
2025-09-21T13:28:11.715557800 LSTERROR Test worker AbstractTokenTestCase:246 Token processing failed (Source: file:/TESTCASE )
2025-09-21T13:28:11.715557800 LSTERROR Test worker AbstractTokenTestCase:246 ADD requires a SubToken and argument, found: ANY (Source: file:/TESTCASE )
2025-09-21T13:28:11.731370400 LSTERROR Test worker AbstractTokenTestCase:246 ADD may not have empty argument (Source: file:/TESTCASE )
2025-09-21T13:28:11.731370400 LSTERROR Test worker AbstractTokenTestCase:246 TEMPLATE arguments may not end with , : TestWP1, (Source: file:/TESTCASE )
2025-09-21T13:28:11.731370400 LSTERROR Test worker AbstractTokenTestCase:246 Failed in parsing subtoken: TEMPLATE of TestWP1, (Source: file:/TESTCASE )
2025-09-21T13:28:11.731370400 LSTERROR Test worker AbstractTokenTestCase:246 Illegal ADD subtoken 'TEMPLATE' 'TestWP1,' for pcgen.core.PCTemplate TestObj (Source: file:/TESTCASE )
2025-09-21T13:28:11.731370400 LSTERROR Test worker AbstractTokenTestCase:246 Token generated an IllegalArgumentException: All cannot be a valid single item (not supported in this token?)
2025-09-21T13:28:11.731370400 LSTERROR Test worker AbstractTokenTestCase:246 Token processing failed (Source: file:/TESTCASE )
2025-09-21T13:28:11.731370400 LSTERROR Test worker AbstractTokenTestCase:246 ADD requires a SubToken and argument, found: ANY (Source: file:/TESTCASE )
2025-09-21T13:28:11.731370400 LSTERROR Test worker AbstractTokenTestCase:246 TEMPLATE may not have empty argument (Source: file:/TESTCASE )
2025-09-21T13:28:11.731370400 LSTERROR Test worker AbstractTokenTestCase:246 Failed in parsing subtoken: TEMPLATE of  (Source: file:/TESTCASE )
2025-09-21T13:28:11.731370400 LSTERROR Test worker AbstractTokenTestCase:246 Illegal ADD subtoken 'TEMPLATE' '' for pcgen.core.PCTemplate TestObj (Source: file:/TESTCASE )
2025-09-21T13:28:11.731370400 LSTERROR Test worker AbstractTokenTestCase:246 Count in ADD:TEMPLATE must be &gt; 0 (Source: file:/TESTCASE )
2025-09-21T13:28:11.731370400 LSTERROR Test worker AbstractTokenTestCase:246 Failed in parsing subtoken: TEMPLATE of 0|TestWP1 (Source: file:/TESTCASE )
2025-09-21T13:28:11.731370400 LSTERROR Test worker AbstractTokenTestCase:246 Illegal ADD subtoken 'TEMPLATE' '0|TestWP1' for pcgen.core.PCTemplate TestObj (Source: file:/TESTCASE )
2025-09-21T13:28:11.731370400 SEVERE Test worker CDOMFactory:105 Unconstructed Reference: PCTemplate TestType
2025-09-21T13:28:11.747126600 SEVERE Test worker CDOMFactory:105 Unconstructed Reference: PCTemplate TestWP1.TestWP2
2025-09-21T13:28:11.747126600 LSTERROR Test worker AbstractTokenTestCase:246 TEMPLATE arguments uses double separator ,, : TestWP2,,TestWP1 (Source: file:/TESTCASE )
2025-09-21T13:28:11.747126600 LSTERROR Test worker AbstractTokenTestCase:246 Failed in parsing subtoken: TEMPLATE of TestWP2,,TestWP1 (Source: file:/TESTCASE )
2025-09-21T13:28:11.747126600 LSTERROR Test worker AbstractTokenTestCase:246 Illegal ADD subtoken 'TEMPLATE' 'TestWP2,,TestWP1' for pcgen.core.PCTemplate TestObj (Source: file:/TESTCASE )
2025-09-21T13:28:11.767915300 LSTERROR Test worker AbstractTokenTestCase:246 ADD:TEMPLATE had too many pipe separated items: Formula|TestWP1|TestWP2 (Source: file:/TESTCASE )
2025-09-21T13:28:11.767915300 LSTERROR Test worker AbstractTokenTestCase:246 Failed in parsing subtoken: TEMPLATE of Formula|TestWP1|TestWP2 (Source: file:/TESTCASE )
2025-09-21T13:28:11.767915300 LSTERROR Test worker AbstractTokenTestCase:246 Illegal ADD subtoken 'TEMPLATE' 'Formula|TestWP1|TestWP2' for pcgen.core.PCTemplate TestObj (Source: file:/TESTCASE )
2025-09-21T13:28:11.767915300 SEVERE Test worker CDOMFactory:105 Unconstructed Reference: PCTemplate TestWP2
2025-09-21T13:28:11.779132500 LSTERROR Test worker AbstractTokenTestCase:246 TEMPLATE arguments may not start with , : ,TestWP1 (Source: file:/TESTCASE )
2025-09-21T13:28:11.779132500 LSTERROR Test worker AbstractTokenTestCase:246 Failed in parsing subtoken: TEMPLATE of ,TestWP1 (Source: file:/TESTCASE )
2025-09-21T13:28:11.779132500 LSTERROR Test worker AbstractTokenTestCase:246 Illegal ADD subtoken 'TEMPLATE' ',TestWP1' for pcgen.core.PCTemplate TestObj (Source: file:/TESTCASE )
2025-09-21T13:28:11.779132500 SEVERE Test worker CDOMFactory:105 Unconstructed Reference: PCTemplate String
2025-09-21T13:28:11.779132500 LSTERROR Test worker AbstractTokenTestCase:246 TEMPLATE arguments may not start with , : ,TestWP1 (Source: file:/TESTCASE )
2025-09-21T13:28:11.779132500 LSTERROR Test worker AbstractTokenTestCase:246 Failed in parsing subtoken: TEMPLATE of ,TestWP1 (Source: file:/TESTCASE )
2025-09-21T13:28:11.779132500 LSTERROR Test worker AbstractTokenTestCase:246 Illegal ADD subtoken 'TEMPLATE' ',TestWP1' for pcgen.core.PCTemplate TestObj (Source: file:/TESTCASE )
2025-09-21T13:28:11.779132500 LSTERROR Test worker AbstractTokenTestCase:246 ADD requires a SubToken and argument, found: TEMPLATE (Source: file:/TESTCASE )
2025-09-21T13:28:11.779132500 LSTERROR Test worker AbstractTokenTestCase:246 TEMPLATE arguments may not start with , : ,TestWP1 (Source: file:/TESTCASE )
2025-09-21T13:28:11.779132500 LSTERROR Test worker AbstractTokenTestCase:246 Failed in parsing subtoken: TEMPLATE of ,TestWP1 (Source: file:/TESTCASE )
2025-09-21T13:28:11.779132500 LSTERROR Test worker AbstractTokenTestCase:246 Illegal ADD subtoken 'TEMPLATE' ',TestWP1' for pcgen.core.PCTemplate TestObj (Source: file:/TESTCASE )
2025-09-21T13:28:11.779132500 LSTERROR Test worker AbstractTokenTestCase:246 ADD requires a SubToken and argument, found: TEMPLATE (Source: file:/TESTCASE )
2025-09-21T13:28:11.779132500 LSTERROR Test worker AbstractTokenTestCase:246 TEMPLATE arguments may not start with , : , (Source: file:/TESTCASE )
2025-09-21T13:28:11.779132500 LSTERROR Test worker AbstractTokenTestCase:246 Failed in parsing subtoken: TEMPLATE of , (Source: file:/TESTCASE )
2025-09-21T13:28:11.779132500 LSTERROR Test worker AbstractTokenTestCase:246 Illegal ADD subtoken 'TEMPLATE' ',' for pcgen.core.PCTemplate TestObj (Source: file:/TESTCASE )
2025-09-21T13:28:11.794596900 LSTERROR Test worker AbstractTokenTestCase:246 TEMPLATE arguments may not start with , : ,TestWP1 (Source: file:/TESTCASE )
2025-09-21T13:28:11.794596900 LSTERROR Test worker AbstractTokenTestCase:246 Failed in parsing subtoken: TEMPLATE of ,TestWP1 (Source: file:/TESTCASE )
2025-09-21T13:28:11.794596900 LSTERROR Test worker AbstractTokenTestCase:246 Illegal ADD subtoken 'TEMPLATE' ',TestWP1' for pcgen.core.PCTemplate TestObj (Source: file:/TESTCASE )
2025-09-21T13:28:11.794596900 LSTERROR Test worker AbstractTokenTestCase:246 ADD requires a SubToken and argument, found: TEMPLATE (Source: file:/TESTCASE )
2025-09-21T13:28:11.794596900 LSTERROR Test worker AbstractTokenTestCase:246 TEMPLATE arguments may not start with , : , (Source: file:/TESTCASE )
2025-09-21T13:28:11.794596900 LSTERROR Test worker AbstractTokenTestCase:246 Failed in parsing subtoken: TEMPLATE of , (Source: file:/TESTCASE )
2025-09-21T13:28:11.794596900 LSTERROR Test worker AbstractTokenTestCase:246 Illegal ADD subtoken 'TEMPLATE' ',' for pcgen.core.PCTemplate TestObj (Source: file:/TESTCASE )
2025-09-21T13:28:11.794596900 LSTERROR Test worker AbstractTokenTestCase:246 Token generated an IllegalArgumentException: = cannot be a in valid single item (perhaps something like TYPE= is not supported in this token?): TYPE=Foo
2025-09-21T13:28:11.794596900 LSTERROR Test worker AbstractTokenTestCase:246 Token processing failed (Source: file:/TESTCASE )
2025-09-21T13:28:11.794596900 LSTERROR Test worker AbstractTokenTestCase:246 TEMPLATE arguments may not start with , : ,TestWP1 (Source: file:/TESTCASE )
2025-09-21T13:28:11.794596900 LSTERROR Test worker AbstractTokenTestCase:246 Failed in parsing subtoken: TEMPLATE of ,TestWP1 (Source: file:/TESTCASE )
2025-09-21T13:28:11.799593500 LSTERROR Test worker AbstractTokenTestCase:246 Illegal ADD subtoken 'TEMPLATE' ',TestWP1' for pcgen.core.PCTemplate TestObj (Source: file:/TESTCASE )
2025-09-21T13:28:11.799593500 LSTERROR Test worker AbstractTokenTestCase:246 ADD requires a SubToken and argument, found: TEMPLATE (Source: file:/TESTCASE )
2025-09-21T13:28:11.799593500 LSTERROR Test worker AbstractTokenTestCase:246 TEMPLATE arguments may not start with , : , (Source: file:/TESTCASE )
2025-09-21T13:28:11.799593500 LSTERROR Test worker AbstractTokenTestCase:246 Failed in parsing subtoken: TEMPLATE of , (Source: file:/TESTCASE )
2025-09-21T13:28:11.799593500 LSTERROR Test worker AbstractTokenTestCase:246 Illegal ADD subtoken 'TEMPLATE' ',' for pcgen.core.PCTemplate TestObj (Source: file:/TESTCASE )
2025-09-21T13:28:11.799593500 LSTERROR Test worker AbstractTokenTestCase:246 Token generated an IllegalArgumentException: = cannot be a in valid single item (perhaps something like TYPE= is not supported in this token?): TYPE=Foo
2025-09-21T13:28:11.799593500 LSTERROR Test worker AbstractTokenTestCase:246 Token processing failed (Source: file:/TESTCASE )
2025-09-21T13:28:11.799593500 LSTERROR Test worker AbstractTokenTestCase:246 TEMPLATE arguments uses double separator ,, : TestWP3,,TestWP4 (Source: file:/TESTCASE )
2025-09-21T13:28:11.799593500 LSTERROR Test worker AbstractTokenTestCase:246 Failed in parsing subtoken: TEMPLATE of TestWP3,,TestWP4 (Source: file:/TESTCASE )
2025-09-21T13:28:11.799593500 LSTERROR Test worker AbstractTokenTestCase:246 Illegal ADD subtoken 'TEMPLATE' 'TestWP3,,TestWP4' for pcgen.core.PCTemplate TestObj (Source: file:/TESTCASE )
2025-09-21T13:28:11.801603300 LSTERROR Test worker AbstractTokenTestCase:246 TEMPLATE arguments may not start with , : ,TestWP1 (Source: file:/TESTCASE )
2025-09-21T13:28:11.803611700 LSTERROR Test worker AbstractTokenTestCase:246 Failed in parsing subtoken: TEMPLATE of ,TestWP1 (Source: file:/TESTCASE )
2025-09-21T13:28:11.803611700 LSTERROR Test worker AbstractTokenTestCase:246 Illegal ADD subtoken 'TEMPLATE' ',TestWP1' for pcgen.core.PCTemplate TestObj (Source: file:/TESTCASE )
2025-09-21T13:28:11.803611700 LSTERROR Test worker AbstractTokenTestCase:246 ADD requires a SubToken and argument, found: TEMPLATE (Source: file:/TESTCASE )
2025-09-21T13:28:11.803611700 LSTERROR Test worker AbstractTokenTestCase:246 TEMPLATE arguments may not start with , : , (Source: file:/TESTCASE )
2025-09-21T13:28:11.803611700 LSTERROR Test worker AbstractTokenTestCase:246 Failed in parsing subtoken: TEMPLATE of , (Source: file:/TESTCASE )
2025-09-21T13:28:11.803611700 LSTERROR Test worker AbstractTokenTestCase:246 Illegal ADD subtoken 'TEMPLATE' ',' for pcgen.core.PCTemplate TestObj (Source: file:/TESTCASE )
2025-09-21T13:28:11.803611700 LSTERROR Test worker AbstractTokenTestCase:246 Token generated an IllegalArgumentException: = cannot be a in valid single item (perhaps something like TYPE= is not supported in this token?): TYPE=Foo
2025-09-21T13:28:11.803611700 LSTERROR Test worker AbstractTokenTestCase:246 Token processing failed (Source: file:/TESTCASE )
2025-09-21T13:28:11.803611700 LSTERROR Test worker AbstractTokenTestCase:246 TEMPLATE arguments uses double separator ,, : TestWP3,,TestWP4 (Source: file:/TESTCASE )
2025-09-21T13:28:11.803611700 LSTERROR Test worker AbstractTokenTestCase:246 Failed in parsing subtoken: TEMPLATE of TestWP3,,TestWP4 (Source: file:/TESTCASE )
2025-09-21T13:28:11.803611700 LSTERROR Test worker AbstractTokenTestCase:246 Illegal ADD subtoken 'TEMPLATE' 'TestWP3,,TestWP4' for pcgen.core.PCTemplate TestObj (Source: file:/TESTCASE )
2025-09-21T13:28:11.803611700 LSTERROR Test worker AbstractTokenTestCase:246 Count in ADD:TEMPLATE must be &gt; 0 (Source: file:/TESTCASE )
2025-09-21T13:28:11.803611700 LSTERROR Test worker AbstractTokenTestCase:246 Failed in parsing subtoken: TEMPLATE of -1|TestWP1 (Source: file:/TESTCASE )
2025-09-21T13:28:11.805618400 LSTERROR Test worker AbstractTokenTestCase:246 Illegal ADD subtoken 'TEMPLATE' '-1|TestWP1' for pcgen.core.PCTemplate TestObj (Source: file:/TESTCASE )
2025-09-21T13:28:11.807625300 SEVERE Test worker LoadContextInst:122 !!Count in ADD:TEMPLATE must be &gt; 0
2025-09-21T13:28:11.810641700 SEVERE Test worker LoadContextInst:122 !!Count in ADD:TEMPLATE must be &gt; 0
</pre>
</span>
</div>
</div>
<div id="footer">
<p>
<div>
<label class="hidden" id="label-for-line-wrapping-toggle" for="line-wrapping-toggle">Wrap lines
<input id="line-wrapping-toggle" type="checkbox" autocomplete="off"/>
</label>
</div>Generated by 
<a href="http://www.gradle.org">Gradle 8.10.2</a> at Sep 21, 2025, 9:28:51â€¯AM</p>
</div>
</div>
</body>
</html>
