<!DOCTYPE html>
<html>
<head>
<meta http-equiv="Content-Type" content="text/html; charset=utf-8"/>
<meta http-equiv="x-ua-compatible" content="IE=edge"/>
<title>Test results - EquipTokenTest</title>
<link href="../css/base-style.css" rel="stylesheet" type="text/css"/>
<link href="../css/style.css" rel="stylesheet" type="text/css"/>
<script src="../js/report.js" type="text/javascript"></script>
</head>
<body>
<div id="content">
<h1>EquipTokenTest</h1>
<div class="breadcrumbs">
<a href="../index.html">all</a> &gt; 
<a href="../packages/plugin.lsttokens.auto.html">plugin.lsttokens.auto</a> &gt; EquipTokenTest</div>
<div id="summary">
<table>
<tr>
<td>
<div class="summaryGroup">
<table>
<tr>
<td>
<div class="infoBox" id="tests">
<div class="counter">71</div>
<p>tests</p>
</div>
</td>
<td>
<div class="infoBox" id="failures">
<div class="counter">0</div>
<p>failures</p>
</div>
</td>
<td>
<div class="infoBox" id="ignored">
<div class="counter">0</div>
<p>ignored</p>
</div>
</td>
<td>
<div class="infoBox" id="duration">
<div class="counter">0.168s</div>
<p>duration</p>
</div>
</td>
</tr>
</table>
</div>
</td>
<td>
<div class="infoBox success" id="successRate">
<div class="percent">100%</div>
<p>successful</p>
</div>
</td>
</tr>
</table>
</div>
<div id="tabs">
<ul class="tabLinks">
<li>
<a href="#tab0">Tests</a>
</li>
<li>
<a href="#tab1">Standard error</a>
</li>
</ul>
<div id="tab0" class="tab">
<h2>Tests</h2>
<table>
<thead>
<tr>
<th>Test</th>
<th>Duration</th>
<th>Result</th>
</tr>
</thead>
<tr>
<td class="success">testInputInvalidAddsAllNoSideEffect()</td>
<td class="success">0.001s</td>
<td class="success">passed</td>
</tr>
<tr>
<td class="success">testInputInvalidAddsBasicNoSideEffect()</td>
<td class="success">0.004s</td>
<td class="success">passed</td>
</tr>
<tr>
<td class="success">testInputInvalidAddsTypeNoSideEffect()</td>
<td class="success">0.003s</td>
<td class="success">passed</td>
</tr>
<tr>
<td class="success">testInvalidAllPlusAllPrereqIllegal()</td>
<td class="success">0.003s</td>
<td class="success">passed</td>
</tr>
<tr>
<td class="success">testInvalidAllPlusListIllegal()</td>
<td class="success">0.001s</td>
<td class="success">passed</td>
</tr>
<tr>
<td class="success">testInvalidDoubleList()</td>
<td class="success">0.002s</td>
<td class="success">passed</td>
</tr>
<tr>
<td class="success">testInvalidEmptyPre()</td>
<td class="success">0.002s</td>
<td class="success">passed</td>
</tr>
<tr>
<td class="success">testInvalidEmptyPre2()</td>
<td class="success">0.002s</td>
<td class="success">passed</td>
</tr>
<tr>
<td class="success">testInvalidEmptyPre3()</td>
<td class="success">0.003s</td>
<td class="success">passed</td>
</tr>
<tr>
<td class="success">testInvalidInputAll()</td>
<td class="success">0.002s</td>
<td class="success">passed</td>
</tr>
<tr>
<td class="success">testInvalidInputAny()</td>
<td class="success">0.002s</td>
<td class="success">passed</td>
</tr>
<tr>
<td class="success">testInvalidInputAnyItem()</td>
<td class="success">0.001s</td>
<td class="success">passed</td>
</tr>
<tr>
<td class="success">testInvalidInputAnyType()</td>
<td class="success">0.001s</td>
<td class="success">passed</td>
</tr>
<tr>
<td class="success">testInvalidInputBadPrerequisite()</td>
<td class="success">0.003s</td>
<td class="success">passed</td>
</tr>
<tr>
<td class="success">testInvalidInputCheckMult()</td>
<td class="success">0.004s</td>
<td class="success">passed</td>
</tr>
<tr>
<td class="success">testInvalidInputCheckType()</td>
<td class="success">0.001s</td>
<td class="success">passed</td>
</tr>
<tr>
<td class="success">testInvalidInputCheckTypeDotLength()</td>
<td class="success">0.003s</td>
<td class="success">passed</td>
</tr>
<tr>
<td class="success">testInvalidInputCheckTypeEqualLength()</td>
<td class="success">0.004s</td>
<td class="success">passed</td>
</tr>
<tr>
<td class="success">testInvalidInputClearDotTypeDoubleSeparator()</td>
<td class="success">0.002s</td>
<td class="success">passed</td>
</tr>
<tr>
<td class="success">testInvalidInputClearDotTypeFalseStart()</td>
<td class="success">0.006s</td>
<td class="success">passed</td>
</tr>
<tr>
<td class="success">testInvalidInputEmptyString()</td>
<td class="success">0.003s</td>
<td class="success">passed</td>
</tr>
<tr>
<td class="success">testInvalidInputItemAny()</td>
<td class="success">0.001s</td>
<td class="success">passed</td>
</tr>
<tr>
<td class="success">testInvalidInputJoinOnly()</td>
<td class="success">0.004s</td>
<td class="success">passed</td>
</tr>
<tr>
<td class="success">testInvalidInputJoinedDot()</td>
<td class="success">0.003s</td>
<td class="success">passed</td>
</tr>
<tr>
<td class="success">testInvalidInputNegativeFormula()</td>
<td class="success">0s</td>
<td class="success">passed</td>
</tr>
<tr>
<td class="success">testInvalidInputOnlySubToken()</td>
<td class="success">0.002s</td>
<td class="success">passed</td>
</tr>
<tr>
<td class="success">testInvalidInputOnlySubTokenPipe()</td>
<td class="success">0.003s</td>
<td class="success">passed</td>
</tr>
<tr>
<td class="success">testInvalidInputString()</td>
<td class="success">0.002s</td>
<td class="success">passed</td>
</tr>
<tr>
<td class="success">testInvalidInputType()</td>
<td class="success">0.002s</td>
<td class="success">passed</td>
</tr>
<tr>
<td class="success">testInvalidInputTypeAny()</td>
<td class="success">0.001s</td>
<td class="success">passed</td>
</tr>
<tr>
<td class="success">testInvalidInputTypeEmpty()</td>
<td class="success">0.003s</td>
<td class="success">passed</td>
</tr>
<tr>
<td class="success">testInvalidInputTypeEquals()</td>
<td class="success">0.001s</td>
<td class="success">passed</td>
</tr>
<tr>
<td class="success">testInvalidInputTypeUnterminated()</td>
<td class="success">0.003s</td>
<td class="success">passed</td>
</tr>
<tr>
<td class="success">testInvalidInputZeroFormula()</td>
<td class="success">0.001s</td>
<td class="success">passed</td>
</tr>
<tr>
<td class="success">testInvalidListDoubleJoin()</td>
<td class="success">0.002s</td>
<td class="success">passed</td>
</tr>
<tr>
<td class="success">testInvalidListEnd()</td>
<td class="success">0.003s</td>
<td class="success">passed</td>
</tr>
<tr>
<td class="success">testInvalidListStart()</td>
<td class="success">0.002s</td>
<td class="success">passed</td>
</tr>
<tr>
<td class="success">testInvalidMismatchedBracket()</td>
<td class="success">0.003s</td>
<td class="success">passed</td>
</tr>
<tr>
<td class="success">testInvalidTooManyPipe()</td>
<td class="success">0.003s</td>
<td class="success">passed</td>
</tr>
<tr>
<td class="success">testInvalidTrailingAfterBracket()</td>
<td class="success">0.006s</td>
<td class="success">passed</td>
</tr>
<tr>
<td class="success">testNoStackTrace()</td>
<td class="success">0.001s</td>
<td class="success">passed</td>
</tr>
<tr>
<td class="success">testOverwrite()</td>
<td class="success">0.003s</td>
<td class="success">passed</td>
</tr>
<tr>
<td class="success">testRoundRobinAllDoublePrereq()</td>
<td class="success">0.001s</td>
<td class="success">passed</td>
</tr>
<tr>
<td class="success">testRoundRobinAllIndivPrereq()</td>
<td class="success">0.002s</td>
<td class="success">passed</td>
</tr>
<tr>
<td class="success">testRoundRobinAllPlusWithPrereqLegal()</td>
<td class="success">0.001s</td>
<td class="success">passed</td>
</tr>
<tr>
<td class="success">testRoundRobinCount()</td>
<td class="success">0.001s</td>
<td class="success">passed</td>
</tr>
<tr>
<td class="success">testRoundRobinDupeTwoPrereqs()</td>
<td class="success">0.004s</td>
<td class="success">passed</td>
</tr>
<tr>
<td class="success">testRoundRobinFormulaCount()</td>
<td class="success">0.001s</td>
<td class="success">passed</td>
</tr>
<tr>
<td class="success">testRoundRobinHardFormulaCount()</td>
<td class="success">0.001s</td>
<td class="success">passed</td>
</tr>
<tr>
<td class="success">testRoundRobinList()</td>
<td class="success">0.003s</td>
<td class="success">passed</td>
</tr>
<tr>
<td class="success">testRoundRobinListPre()</td>
<td class="success">0.004s</td>
<td class="success">passed</td>
</tr>
<tr>
<td class="success">testRoundRobinOne()</td>
<td class="success">0.005s</td>
<td class="success">passed</td>
</tr>
<tr>
<td class="success">testRoundRobinOnePre()</td>
<td class="success">0.004s</td>
<td class="success">passed</td>
</tr>
<tr>
<td class="success">testRoundRobinOnePreFooler()</td>
<td class="success">0.004s</td>
<td class="success">passed</td>
</tr>
<tr>
<td class="success">testRoundRobinParen()</td>
<td class="success">0.004s</td>
<td class="success">passed</td>
</tr>
<tr>
<td class="success">testRoundRobinParenDoubleSub()</td>
<td class="success">0.001s</td>
<td class="success">passed</td>
</tr>
<tr>
<td class="success">testRoundRobinParenSub()</td>
<td class="success">0.002s</td>
<td class="success">passed</td>
</tr>
<tr>
<td class="success">testRoundRobinTestAll()</td>
<td class="success">0.002s</td>
<td class="success">passed</td>
</tr>
<tr>
<td class="success">testRoundRobinTestEqualThree()</td>
<td class="success">0.004s</td>
<td class="success">passed</td>
</tr>
<tr>
<td class="success">testRoundRobinTestEquals()</td>
<td class="success">0.005s</td>
<td class="success">passed</td>
</tr>
<tr>
<td class="success">testRoundRobinThree()</td>
<td class="success">0.004s</td>
<td class="success">passed</td>
</tr>
<tr>
<td class="success">testRoundRobinWithEqualType()</td>
<td class="success">0.004s</td>
<td class="success">passed</td>
</tr>
<tr>
<td class="success">testUnparseAll()</td>
<td class="success">0.001s</td>
<td class="success">passed</td>
</tr>
<tr>
<td class="success">testUnparseGenericsFail()</td>
<td class="success">0.001s</td>
<td class="success">passed</td>
</tr>
<tr>
<td class="success">testUnparseList()</td>
<td class="success">0.001s</td>
<td class="success">passed</td>
</tr>
<tr>
<td class="success">testUnparseListAll()</td>
<td class="success">0s</td>
<td class="success">passed</td>
</tr>
<tr>
<td class="success">testUnparseSingle()</td>
<td class="success">0.001s</td>
<td class="success">passed</td>
</tr>
<tr>
<td class="success">testUnparseSingleAll()</td>
<td class="success">0.001s</td>
<td class="success">passed</td>
</tr>
<tr>
<td class="success">testUnparseType()</td>
<td class="success">0.001s</td>
<td class="success">passed</td>
</tr>
<tr>
<td class="success">testUnparseTypeAll()</td>
<td class="success">0.001s</td>
<td class="success">passed</td>
</tr>
<tr>
<td class="success">testValidInputTestDot()</td>
<td class="success">0.002s</td>
<td class="success">passed</td>
</tr>
</table>
</div>
<div id="tab1" class="tab">
<h2>Standard error</h2>
<span class="code">
<pre>2025-09-21T13:28:12.072094 SEVERE Test worker TokenUtilities:83 Attempt to acquire empty Type in: One..Two
2025-09-21T13:28:12.072094 LSTERROR Test worker AbstractTokenTestCase:246 Internal error. (Source: file:/TESTCASE )
2025-09-21T13:28:12.072094 LSTERROR Test worker AbstractTokenTestCase:246 Failed in parsing subtoken: EQUIP of TYPE=One..Two (Source: file:/TESTCASE )
2025-09-21T13:28:12.072094 LSTERROR Test worker AbstractTokenTestCase:246 Illegal AUTO subtoken 'EQUIP' 'TYPE=One..Two' for pcgen.core.PCTemplate TestObj (Source: file:/TESTCASE )
2025-09-21T13:28:12.086248400 LSTERROR Test worker AbstractTokenTestCase:246 Internal error. (Source: file:/TESTCASE )
2025-09-21T13:28:12.086248400 LSTERROR Test worker AbstractTokenTestCase:246 Failed in parsing subtoken: EQUIP of TYPE=One..Two (Source: file:/TESTCASE )
2025-09-21T13:28:12.087242 LSTERROR Test worker AbstractTokenTestCase:246 Illegal AUTO subtoken 'EQUIP' 'TYPE=One..Two' for pcgen.core.PCTemplate TestObj (Source: file:/TESTCASE )
2025-09-21T13:28:12.087242 LSTERROR Test worker AbstractTokenTestCase:246 AUTO may not have empty argument (Source: file:/TESTCASE )
2025-09-21T13:28:12.088685900 SEVERE Test worker TokenUtilities:75 Type may not start or end with . in: One.
2025-09-21T13:28:12.088685900 LSTERROR Test worker AbstractTokenTestCase:246 Internal error. (Source: file:/TESTCASE )
2025-09-21T13:28:12.088685900 LSTERROR Test worker AbstractTokenTestCase:246 Failed in parsing subtoken: EQUIP of TYPE=One..Two (Source: file:/TESTCASE )
2025-09-21T13:28:12.088685900 LSTERROR Test worker AbstractTokenTestCase:246 Illegal AUTO subtoken 'EQUIP' 'TYPE=One..Two' for pcgen.core.PCTemplate TestObj (Source: file:/TESTCASE )
2025-09-21T13:28:12.088685900 LSTERROR Test worker AbstractTokenTestCase:246 AUTO may not have empty argument (Source: file:/TESTCASE )
2025-09-21T13:28:12.088685900 LSTERROR Test worker AbstractTokenTestCase:246 Internal error. (Source: file:/TESTCASE )
2025-09-21T13:28:12.088685900 LSTERROR Test worker AbstractTokenTestCase:246 Failed in parsing subtoken: EQUIP of TYPE=One. (Source: file:/TESTCASE )
2025-09-21T13:28:12.088685900 LSTERROR Test worker AbstractTokenTestCase:246 Illegal AUTO subtoken 'EQUIP' 'TYPE=One.' for pcgen.core.PCTemplate TestObj (Source: file:/TESTCASE )
2025-09-21T13:28:12.088685900 LSTERROR Test worker AbstractTokenTestCase:246 Internal error. (Source: file:/TESTCASE )
2025-09-21T13:28:12.088685900 LSTERROR Test worker AbstractTokenTestCase:246 Failed in parsing subtoken: EQUIP of TYPE=One..Two (Source: file:/TESTCASE )
2025-09-21T13:28:12.088685900 LSTERROR Test worker AbstractTokenTestCase:246 Illegal AUTO subtoken 'EQUIP' 'TYPE=One..Two' for pcgen.core.PCTemplate TestObj (Source: file:/TESTCASE )
2025-09-21T13:28:12.088685900 LSTERROR Test worker AbstractTokenTestCase:246 AUTO may not have empty argument (Source: file:/TESTCASE )
2025-09-21T13:28:12.088685900 LSTERROR Test worker AbstractTokenTestCase:246 Internal error. (Source: file:/TESTCASE )
2025-09-21T13:28:12.088685900 LSTERROR Test worker AbstractTokenTestCase:246 Failed in parsing subtoken: EQUIP of TYPE=One. (Source: file:/TESTCASE )
2025-09-21T13:28:12.088685900 LSTERROR Test worker AbstractTokenTestCase:246 Illegal AUTO subtoken 'EQUIP' 'TYPE=One.' for pcgen.core.PCTemplate TestObj (Source: file:/TESTCASE )
2025-09-21T13:28:12.088685900 LSTERROR Test worker AbstractTokenTestCase:246 EQUIP arguments may not end with | : TestWP1| (Source: file:/TESTCASE )
2025-09-21T13:28:12.088685900 LSTERROR Test worker AbstractTokenTestCase:246 Failed in parsing subtoken: EQUIP of TestWP1| (Source: file:/TESTCASE )
2025-09-21T13:28:12.088685900 LSTERROR Test worker AbstractTokenTestCase:246 Illegal AUTO subtoken 'EQUIP' 'TestWP1|' for pcgen.core.PCTemplate TestObj (Source: file:/TESTCASE )
2025-09-21T13:28:12.088685900 SEVERE Test worker CDOMFactory:105 Unconstructed Reference: Equipment TestWP2
2025-09-21T13:28:12.088685900 SEVERE Test worker AbstractReferenceManufacturer:296 Error: No Equipment objects of TYPE=TestType were loaded but were referred to in the data
2025-09-21T13:28:12.105351700 LSTERROR Test worker AbstractTokenTestCase:246 Token generated an IllegalArgumentException: All cannot be a valid single item (not supported in this token?)
2025-09-21T13:28:12.105351700 LSTERROR Test worker AbstractTokenTestCase:246 Token processing failed (Source: file:/TESTCASE )
2025-09-21T13:28:12.105351700 LSTERROR Test worker AbstractTokenTestCase:246 Token generated an IllegalArgumentException: All cannot be a valid single item (not supported in this token?)
2025-09-21T13:28:12.105351700 LSTERROR Test worker AbstractTokenTestCase:246 Token processing failed (Source: file:/TESTCASE )
2025-09-21T13:28:12.105351700 LSTERROR Test worker AbstractTokenTestCase:246 AUTO requires a SubToken (Source: file:/TESTCASE )
2025-09-21T13:28:12.105351700 LSTERROR Test worker AbstractTokenTestCase:246 Token generated an IllegalArgumentException: All cannot be a valid single item (not supported in this token?)
2025-09-21T13:28:12.105351700 LSTERROR Test worker AbstractTokenTestCase:246 Token processing failed (Source: file:/TESTCASE )
2025-09-21T13:28:12.105351700 LSTERROR Test worker AbstractTokenTestCase:246 AUTO requires a SubToken (Source: file:/TESTCASE )
2025-09-21T13:28:12.105351700 LSTERROR Test worker AbstractTokenTestCase:246 EQUIP may not have empty argument (Source: file:/TESTCASE )
2025-09-21T13:28:12.105351700 LSTERROR Test worker AbstractTokenTestCase:246 Failed in parsing subtoken: EQUIP of  (Source: file:/TESTCASE )
2025-09-21T13:28:12.105351700 LSTERROR Test worker AbstractTokenTestCase:246 Illegal AUTO subtoken 'EQUIP' '' for pcgen.core.PCTemplate TestObj (Source: file:/TESTCASE )
2025-09-21T13:28:12.121982200 SEVERE Test worker CDOMFactory:105 Unconstructed Reference: Equipment TestType
2025-09-21T13:28:12.121982200 SEVERE Test worker CDOMFactory:105 Unconstructed Reference: Equipment TestWP1.TestWP2
2025-09-21T13:28:12.134240700 LSTERROR Test worker AbstractTokenTestCase:246 EQUIP arguments uses double separator || : TestWP2||TestWP1 (Source: file:/TESTCASE )
2025-09-21T13:28:12.134240700 LSTERROR Test worker AbstractTokenTestCase:246 Failed in parsing subtoken: EQUIP of TestWP2||TestWP1 (Source: file:/TESTCASE )
2025-09-21T13:28:12.134240700 LSTERROR Test worker AbstractTokenTestCase:246 Illegal AUTO subtoken 'EQUIP' 'TestWP2||TestWP1' for pcgen.core.PCTemplate TestObj (Source: file:/TESTCASE )
2025-09-21T13:28:12.138618200 SEVERE Test worker CDOMFactory:105 Unconstructed Reference: Equipment Formula
2025-09-21T13:28:12.149908700 SEVERE Test worker CDOMFactory:105 Unconstructed Reference: Equipment TestWP2
2025-09-21T13:28:12.149908700 SEVERE Test worker TokenUtilities:70 Type may not be empty in: 
2025-09-21T13:28:12.149908700 LSTERROR Test worker AbstractTokenTestCase:246 Internal error. (Source: file:/TESTCASE )
2025-09-21T13:28:12.149908700 LSTERROR Test worker AbstractTokenTestCase:246 Failed in parsing subtoken: EQUIP of TestWP3|TYPE= (Source: file:/TESTCASE )
2025-09-21T13:28:12.149908700 LSTERROR Test worker AbstractTokenTestCase:246 Illegal AUTO subtoken 'EQUIP' 'TestWP3|TYPE=' for pcgen.core.PCTemplate TestObj (Source: file:/TESTCASE )
2025-09-21T13:28:12.149908700 SEVERE Test worker TokenUtilities:70 Type may not be empty in: 
2025-09-21T13:28:12.149908700 LSTERROR Test worker AbstractTokenTestCase:246 Internal error. (Source: file:/TESTCASE )
2025-09-21T13:28:12.149908700 LSTERROR Test worker AbstractTokenTestCase:246 Failed in parsing subtoken: EQUIP of TYPE= (Source: file:/TESTCASE )
2025-09-21T13:28:12.149908700 LSTERROR Test worker AbstractTokenTestCase:246 Illegal AUTO subtoken 'EQUIP' 'TYPE=' for pcgen.core.PCTemplate TestObj (Source: file:/TESTCASE )
2025-09-21T13:28:12.149908700 LSTERROR Test worker AbstractTokenTestCase:246 Internal error. (Source: file:/TESTCASE )
2025-09-21T13:28:12.149908700 LSTERROR Test worker AbstractTokenTestCase:246 Failed in parsing subtoken: EQUIP of TYPE= (Source: file:/TESTCASE )
2025-09-21T13:28:12.149908700 LSTERROR Test worker AbstractTokenTestCase:246 Illegal AUTO subtoken 'EQUIP' 'TYPE=' for pcgen.core.PCTemplate TestObj (Source: file:/TESTCASE )
2025-09-21T13:28:12.149908700 LSTERROR Test worker AbstractTokenTestCase:246 EQUIP arguments may not start with | : |TestWP1 (Source: file:/TESTCASE )
2025-09-21T13:28:12.149908700 LSTERROR Test worker AbstractTokenTestCase:246 Failed in parsing subtoken: EQUIP of |TestWP1 (Source: file:/TESTCASE )
2025-09-21T13:28:12.149908700 LSTERROR Test worker AbstractTokenTestCase:246 Illegal AUTO subtoken 'EQUIP' '|TestWP1' for pcgen.core.PCTemplate TestObj (Source: file:/TESTCASE )
2025-09-21T13:28:12.168563800 SEVERE Test worker CDOMFactory:105 Unconstructed Reference: Equipment TestWP2
2025-09-21T13:28:12.168563800 SEVERE Test worker AbstractReferenceManufacturer:296 Error: No Equipment objects of TYPE=OtherTestType.TestType were loaded but were referred to in the data
2025-09-21T13:28:12.172038600 SEVERE Test worker CDOMFactory:105 Unconstructed Reference: Equipment String
2025-09-21T13:28:12.172038600 LSTERROR Test worker AbstractTokenTestCase:246 Internal error. (Source: file:/TESTCASE )
2025-09-21T13:28:12.172038600 LSTERROR Test worker AbstractTokenTestCase:246 Failed in parsing subtoken: EQUIP of TYPE= (Source: file:/TESTCASE )
2025-09-21T13:28:12.172038600 LSTERROR Test worker AbstractTokenTestCase:246 Illegal AUTO subtoken 'EQUIP' 'TYPE=' for pcgen.core.PCTemplate TestObj (Source: file:/TESTCASE )
2025-09-21T13:28:12.172038600 LSTERROR Test worker AbstractTokenTestCase:246 EQUIP arguments may not start with | : |TestWP1 (Source: file:/TESTCASE )
2025-09-21T13:28:12.172038600 LSTERROR Test worker AbstractTokenTestCase:246 Failed in parsing subtoken: EQUIP of |TestWP1 (Source: file:/TESTCASE )
2025-09-21T13:28:12.172038600 LSTERROR Test worker AbstractTokenTestCase:246 Illegal AUTO subtoken 'EQUIP' '|TestWP1' for pcgen.core.PCTemplate TestObj (Source: file:/TESTCASE )
2025-09-21T13:28:12.172038600 LSTERROR Test worker AbstractTokenTestCase:246 AUTO requires a SubToken (Source: file:/TESTCASE )
2025-09-21T13:28:12.172038600 LSTERROR Test worker AbstractTokenTestCase:246 Internal error. (Source: file:/TESTCASE )
2025-09-21T13:28:12.172038600 LSTERROR Test worker AbstractTokenTestCase:246 Failed in parsing subtoken: EQUIP of TYPE= (Source: file:/TESTCASE )
2025-09-21T13:28:12.172038600 LSTERROR Test worker AbstractTokenTestCase:246 Illegal AUTO subtoken 'EQUIP' 'TYPE=' for pcgen.core.PCTemplate TestObj (Source: file:/TESTCASE )
2025-09-21T13:28:12.172038600 LSTERROR Test worker AbstractTokenTestCase:246 EQUIP arguments may not start with | : |TestWP1 (Source: file:/TESTCASE )
2025-09-21T13:28:12.172038600 LSTERROR Test worker AbstractTokenTestCase:246 Failed in parsing subtoken: EQUIP of |TestWP1 (Source: file:/TESTCASE )
2025-09-21T13:28:12.172038600 LSTERROR Test worker AbstractTokenTestCase:246 Illegal AUTO subtoken 'EQUIP' '|TestWP1' for pcgen.core.PCTemplate TestObj (Source: file:/TESTCASE )
2025-09-21T13:28:12.172038600 LSTERROR Test worker AbstractTokenTestCase:246 AUTO requires a SubToken (Source: file:/TESTCASE )
2025-09-21T13:28:12.172038600 LSTERROR Test worker AbstractTokenTestCase:246 EQUIP arguments may not start with | : | (Source: file:/TESTCASE )
2025-09-21T13:28:12.172038600 LSTERROR Test worker AbstractTokenTestCase:246 Failed in parsing subtoken: EQUIP of | (Source: file:/TESTCASE )
2025-09-21T13:28:12.172038600 LSTERROR Test worker AbstractTokenTestCase:246 Illegal AUTO subtoken 'EQUIP' '|' for pcgen.core.PCTemplate TestObj (Source: file:/TESTCASE )
2025-09-21T13:28:12.182349400 LSTERROR Test worker AbstractTokenTestCase:246 Internal error. (Source: file:/TESTCASE )
2025-09-21T13:28:12.182349400 LSTERROR Test worker AbstractTokenTestCase:246 Failed in parsing subtoken: EQUIP of TYPE= (Source: file:/TESTCASE )
2025-09-21T13:28:12.182349400 LSTERROR Test worker AbstractTokenTestCase:246 Illegal AUTO subtoken 'EQUIP' 'TYPE=' for pcgen.core.PCTemplate TestObj (Source: file:/TESTCASE )
2025-09-21T13:28:12.182349400 LSTERROR Test worker AbstractTokenTestCase:246 EQUIP arguments may not start with | : |TestWP1 (Source: file:/TESTCASE )
2025-09-21T13:28:12.183373400 LSTERROR Test worker AbstractTokenTestCase:246 Failed in parsing subtoken: EQUIP of |TestWP1 (Source: file:/TESTCASE )
2025-09-21T13:28:12.183373400 LSTERROR Test worker AbstractTokenTestCase:246 Illegal AUTO subtoken 'EQUIP' '|TestWP1' for pcgen.core.PCTemplate TestObj (Source: file:/TESTCASE )
2025-09-21T13:28:12.183373400 LSTERROR Test worker AbstractTokenTestCase:246 AUTO requires a SubToken (Source: file:/TESTCASE )
2025-09-21T13:28:12.183373400 LSTERROR Test worker AbstractTokenTestCase:246 EQUIP arguments may not start with | : | (Source: file:/TESTCASE )
2025-09-21T13:28:12.184373700 LSTERROR Test worker AbstractTokenTestCase:246 Failed in parsing subtoken: EQUIP of | (Source: file:/TESTCASE )
2025-09-21T13:28:12.184373700 LSTERROR Test worker AbstractTokenTestCase:246 Illegal AUTO subtoken 'EQUIP' '|' for pcgen.core.PCTemplate TestObj (Source: file:/TESTCASE )
2025-09-21T13:28:12.184373700 LSTERROR Test worker AbstractTokenTestCase:246 EQUIP arguments uses double separator || : TestWP3||TestWP4 (Source: file:/TESTCASE )
2025-09-21T13:28:12.184373700 LSTERROR Test worker AbstractTokenTestCase:246 Failed in parsing subtoken: EQUIP of TestWP3||TestWP4 (Source: file:/TESTCASE )
2025-09-21T13:28:12.184373700 LSTERROR Test worker AbstractTokenTestCase:246 Illegal AUTO subtoken 'EQUIP' 'TestWP3||TestWP4' for pcgen.core.PCTemplate TestObj (Source: file:/TESTCASE )
2025-09-21T13:28:12.187372800 SEVERE Test worker TokenUtilities:75 Type may not start or end with . in: .One
2025-09-21T13:28:12.188371400 LSTERROR Test worker AbstractTokenTestCase:246 Internal error. (Source: file:/TESTCASE )
2025-09-21T13:28:12.188839700 LSTERROR Test worker AbstractTokenTestCase:246 Failed in parsing subtoken: EQUIP of TYPE= (Source: file:/TESTCASE )
2025-09-21T13:28:12.188839700 LSTERROR Test worker AbstractTokenTestCase:246 Illegal AUTO subtoken 'EQUIP' 'TYPE=' for pcgen.core.PCTemplate TestObj (Source: file:/TESTCASE )
2025-09-21T13:28:12.188839700 LSTERROR Test worker AbstractTokenTestCase:246 EQUIP arguments may not start with | : |TestWP1 (Source: file:/TESTCASE )
2025-09-21T13:28:12.188839700 LSTERROR Test worker AbstractTokenTestCase:246 Failed in parsing subtoken: EQUIP of |TestWP1 (Source: file:/TESTCASE )
2025-09-21T13:28:12.188839700 LSTERROR Test worker AbstractTokenTestCase:246 Illegal AUTO subtoken 'EQUIP' '|TestWP1' for pcgen.core.PCTemplate TestObj (Source: file:/TESTCASE )
2025-09-21T13:28:12.188839700 LSTERROR Test worker AbstractTokenTestCase:246 AUTO requires a SubToken (Source: file:/TESTCASE )
2025-09-21T13:28:12.188839700 LSTERROR Test worker AbstractTokenTestCase:246 EQUIP arguments may not start with | : | (Source: file:/TESTCASE )
2025-09-21T13:28:12.188839700 LSTERROR Test worker AbstractTokenTestCase:246 Failed in parsing subtoken: EQUIP of | (Source: file:/TESTCASE )
2025-09-21T13:28:12.188839700 LSTERROR Test worker AbstractTokenTestCase:246 Illegal AUTO subtoken 'EQUIP' '|' for pcgen.core.PCTemplate TestObj (Source: file:/TESTCASE )
2025-09-21T13:28:12.188839700 LSTERROR Test worker AbstractTokenTestCase:246 EQUIP arguments uses double separator || : TestWP3||TestWP4 (Source: file:/TESTCASE )
2025-09-21T13:28:12.188839700 LSTERROR Test worker AbstractTokenTestCase:246 Failed in parsing subtoken: EQUIP of TestWP3||TestWP4 (Source: file:/TESTCASE )
2025-09-21T13:28:12.188839700 LSTERROR Test worker AbstractTokenTestCase:246 Illegal AUTO subtoken 'EQUIP' 'TestWP3||TestWP4' for pcgen.core.PCTemplate TestObj (Source: file:/TESTCASE )
2025-09-21T13:28:12.188839700 LSTERROR Test worker AbstractTokenTestCase:246 Internal error. (Source: file:/TESTCASE )
2025-09-21T13:28:12.188839700 LSTERROR Test worker AbstractTokenTestCase:246 Failed in parsing subtoken: EQUIP of TYPE=.One (Source: file:/TESTCASE )
2025-09-21T13:28:12.188839700 LSTERROR Test worker AbstractTokenTestCase:246 Illegal AUTO subtoken 'EQUIP' 'TYPE=.One' for pcgen.core.PCTemplate TestObj (Source: file:/TESTCASE )
2025-09-21T13:28:12.188839700 LSTERROR Test worker AbstractTokenTestCase:246 Internal error. (Source: file:/TESTCASE )
2025-09-21T13:28:12.188839700 LSTERROR Test worker AbstractTokenTestCase:246 Failed in parsing subtoken: EQUIP of TYPE= (Source: file:/TESTCASE )
2025-09-21T13:28:12.188839700 LSTERROR Test worker AbstractTokenTestCase:246 Illegal AUTO subtoken 'EQUIP' 'TYPE=' for pcgen.core.PCTemplate TestObj (Source: file:/TESTCASE )
2025-09-21T13:28:12.188839700 LSTERROR Test worker AbstractTokenTestCase:246 EQUIP arguments may not start with | : |TestWP1 (Source: file:/TESTCASE )
2025-09-21T13:28:12.188839700 LSTERROR Test worker AbstractTokenTestCase:246 Failed in parsing subtoken: EQUIP of |TestWP1 (Source: file:/TESTCASE )
2025-09-21T13:28:12.188839700 LSTERROR Test worker AbstractTokenTestCase:246 Illegal AUTO subtoken 'EQUIP' '|TestWP1' for pcgen.core.PCTemplate TestObj (Source: file:/TESTCASE )
2025-09-21T13:28:12.188839700 LSTERROR Test worker AbstractTokenTestCase:246 AUTO requires a SubToken (Source: file:/TESTCASE )
2025-09-21T13:28:12.188839700 LSTERROR Test worker AbstractTokenTestCase:246 EQUIP arguments may not start with | : | (Source: file:/TESTCASE )
2025-09-21T13:28:12.188839700 LSTERROR Test worker AbstractTokenTestCase:246 Failed in parsing subtoken: EQUIP of | (Source: file:/TESTCASE )
2025-09-21T13:28:12.188839700 LSTERROR Test worker AbstractTokenTestCase:246 Illegal AUTO subtoken 'EQUIP' '|' for pcgen.core.PCTemplate TestObj (Source: file:/TESTCASE )
2025-09-21T13:28:12.188839700 LSTERROR Test worker AbstractTokenTestCase:246 EQUIP arguments uses double separator || : TestWP3||TestWP4 (Source: file:/TESTCASE )
2025-09-21T13:28:12.188839700 LSTERROR Test worker AbstractTokenTestCase:246 Failed in parsing subtoken: EQUIP of TestWP3||TestWP4 (Source: file:/TESTCASE )
2025-09-21T13:28:12.188839700 LSTERROR Test worker AbstractTokenTestCase:246 Illegal AUTO subtoken 'EQUIP' 'TestWP3||TestWP4' for pcgen.core.PCTemplate TestObj (Source: file:/TESTCASE )
2025-09-21T13:28:12.198923100 LSTERROR Test worker AbstractTokenTestCase:246 Internal error. (Source: file:/TESTCASE )
2025-09-21T13:28:12.198923100 LSTERROR Test worker AbstractTokenTestCase:246 Failed in parsing subtoken: EQUIP of TYPE=.One (Source: file:/TESTCASE )
2025-09-21T13:28:12.198923100 LSTERROR Test worker AbstractTokenTestCase:246 Illegal AUTO subtoken 'EQUIP' 'TYPE=.One' for pcgen.core.PCTemplate TestObj (Source: file:/TESTCASE )
2025-09-21T13:28:12.198923100 LSTERROR Test worker AbstractTokenTestCase:246 Use of [] for Prerequisites is no longer supported, please use | based standard (Source: file:/TESTCASE )
2025-09-21T13:28:12.199949300 LSTERROR Test worker AbstractTokenTestCase:246 Failed in parsing subtoken: EQUIP of TestWP1[PRERACE:Dwarf]Hi (Source: file:/TESTCASE )
2025-09-21T13:28:12.199949300 LSTERROR Test worker AbstractTokenTestCase:246 Illegal AUTO subtoken 'EQUIP' 'TestWP1[PRERACE:Dwarf]Hi' for pcgen.core.PCTemplate TestObj (Source: file:/TESTCASE )
2025-09-21T13:28:12.205417500 LSTERROR Test worker AbstractTokenTestCase:246 Use of [] for Prerequisites is no longer supported, please use | based standard (Source: file:/TESTCASE )
2025-09-21T13:28:12.205417500 LSTERROR Test worker AbstractTokenTestCase:246 Failed in parsing subtoken: EQUIP of TestWP1[] (Source: file:/TESTCASE )
2025-09-21T13:28:12.205417500 LSTERROR Test worker AbstractTokenTestCase:246 Illegal AUTO subtoken 'EQUIP' 'TestWP1[]' for pcgen.core.PCTemplate TestObj (Source: file:/TESTCASE )
2025-09-21T13:28:12.205417500 LSTERROR Test worker AbstractTokenTestCase:246 Use of [] for Prerequisites is no longer supported, please use | based standard (Source: file:/TESTCASE )
2025-09-21T13:28:12.205417500 LSTERROR Test worker AbstractTokenTestCase:246 Failed in parsing subtoken: EQUIP of TestWP1[] (Source: file:/TESTCASE )
2025-09-21T13:28:12.205417500 LSTERROR Test worker AbstractTokenTestCase:246 Illegal AUTO subtoken 'EQUIP' 'TestWP1[]' for pcgen.core.PCTemplate TestObj (Source: file:/TESTCASE )
2025-09-21T13:28:12.205417500 LSTERROR Test worker AbstractTokenTestCase:246 Use of [] for Prerequisites is no longer supported, please use | based standard (Source: file:/TESTCASE )
2025-09-21T13:28:12.205417500 LSTERROR Test worker AbstractTokenTestCase:246 Failed in parsing subtoken: EQUIP of TestWP1|ALL[PRERACE:Dwarf] (Source: file:/TESTCASE )
2025-09-21T13:28:12.205417500 LSTERROR Test worker AbstractTokenTestCase:246 Illegal AUTO subtoken 'EQUIP' 'TestWP1|ALL[PRERACE:Dwarf]' for pcgen.core.PCTemplate TestObj (Source: file:/TESTCASE )
2025-09-21T13:28:12.215596900 LSTERROR Test worker AbstractTokenTestCase:246 Use of [] for Prerequisites is no longer supported, please use | based standard (Source: file:/TESTCASE )
2025-09-21T13:28:12.215596900 LSTERROR Test worker AbstractTokenTestCase:246 Failed in parsing subtoken: EQUIP of TestWP1[] (Source: file:/TESTCASE )
2025-09-21T13:28:12.215596900 LSTERROR Test worker AbstractTokenTestCase:246 Illegal AUTO subtoken 'EQUIP' 'TestWP1[]' for pcgen.core.PCTemplate TestObj (Source: file:/TESTCASE )
2025-09-21T13:28:12.215596900 LSTERROR Test worker AbstractTokenTestCase:246 Use of [] for Prerequisites is no longer supported, please use | based standard (Source: file:/TESTCASE )
2025-09-21T13:28:12.215596900 LSTERROR Test worker AbstractTokenTestCase:246 Failed in parsing subtoken: EQUIP of TestWP1|ALL[PRERACE:Dwarf] (Source: file:/TESTCASE )
2025-09-21T13:28:12.216611200 LSTERROR Test worker AbstractTokenTestCase:246 Illegal AUTO subtoken 'EQUIP' 'TestWP1|ALL[PRERACE:Dwarf]' for pcgen.core.PCTemplate TestObj (Source: file:/TESTCASE )
2025-09-21T13:28:12.216611200 LSTERROR Test worker AbstractTokenTestCase:246 Error parsing Prerequisite in EQUIP: PREFOO:1,Human
  Can not determine which parser to use for 'PREFOO:1,Human'
2025-09-21T13:28:12.216611200 LSTERROR Test worker AbstractTokenTestCase:246 Error generating Prerequisite null in AUTO:EQUIP (Source: file:/TESTCASE )
2025-09-21T13:28:12.216611200 LSTERROR Test worker AbstractTokenTestCase:246 Failed in parsing subtoken: EQUIP of TestWP1|PREFOO:1,Human (Source: file:/TESTCASE )
2025-09-21T13:28:12.216611200 LSTERROR Test worker AbstractTokenTestCase:246 Illegal AUTO subtoken 'EQUIP' 'TestWP1|PREFOO:1,Human' for pcgen.core.PCTemplate TestObj (Source: file:/TESTCASE )
2025-09-21T13:28:12.222064600 LSTERROR Test worker AbstractTokenTestCase:246 Use of [] for Prerequisites is no longer supported, please use | based standard (Source: file:/TESTCASE )
2025-09-21T13:28:12.222064600 LSTERROR Test worker AbstractTokenTestCase:246 Failed in parsing subtoken: EQUIP of TestWP1[ (Source: file:/TESTCASE )
2025-09-21T13:28:12.222064600 LSTERROR Test worker AbstractTokenTestCase:246 Illegal AUTO subtoken 'EQUIP' 'TestWP1[' for pcgen.core.PCTemplate TestObj (Source: file:/TESTCASE )
2025-09-21T13:28:12.222064600 SEVERE Test worker CDOMFactory:105 Unconstructed Reference: Equipment TestWP1]
2025-09-21T13:28:12.233292500 LSTERROR Test worker AbstractTokenTestCase:246 Use of [] for Prerequisites is no longer supported, please use | based standard (Source: file:/TESTCASE )
2025-09-21T13:28:12.233292500 LSTERROR Test worker AbstractTokenTestCase:246 Failed in parsing subtoken: EQUIP of TestWP1[ (Source: file:/TESTCASE )
2025-09-21T13:28:12.234282200 LSTERROR Test worker AbstractTokenTestCase:246 Illegal AUTO subtoken 'EQUIP' 'TestWP1[' for pcgen.core.PCTemplate TestObj (Source: file:/TESTCASE )
2025-09-21T13:28:12.234282200 LSTERROR Test worker AbstractTokenTestCase:246 Use of [] for Prerequisites is no longer supported, please use | based standard (Source: file:/TESTCASE )
2025-09-21T13:28:12.234282200 LSTERROR Test worker AbstractTokenTestCase:246 Failed in parsing subtoken: EQUIP of TestWP1[PRERACE:Dwarf (Source: file:/TESTCASE )
2025-09-21T13:28:12.234282200 LSTERROR Test worker AbstractTokenTestCase:246 Illegal AUTO subtoken 'EQUIP' 'TestWP1[PRERACE:Dwarf' for pcgen.core.PCTemplate TestObj (Source: file:/TESTCASE )
2025-09-21T13:28:12.236282900 LSTERROR Test worker AbstractTokenTestCase:246 Use of [] for Prerequisites is no longer supported, please use | based standard (Source: file:/TESTCASE )
2025-09-21T13:28:12.236282900 LSTERROR Test worker AbstractTokenTestCase:246 Failed in parsing subtoken: EQUIP of TestWP1[ (Source: file:/TESTCASE )
2025-09-21T13:28:12.236282900 LSTERROR Test worker AbstractTokenTestCase:246 Illegal AUTO subtoken 'EQUIP' 'TestWP1[' for pcgen.core.PCTemplate TestObj (Source: file:/TESTCASE )
2025-09-21T13:28:12.237281800 LSTERROR Test worker AbstractTokenTestCase:246 Use of [] for Prerequisites is no longer supported, please use | based standard (Source: file:/TESTCASE )
2025-09-21T13:28:12.237281800 LSTERROR Test worker AbstractTokenTestCase:246 Failed in parsing subtoken: EQUIP of TestWP1[PRERACE:Dwarf (Source: file:/TESTCASE )
2025-09-21T13:28:12.237281800 LSTERROR Test worker AbstractTokenTestCase:246 Illegal AUTO subtoken 'EQUIP' 'TestWP1[PRERACE:Dwarf' for pcgen.core.PCTemplate TestObj (Source: file:/TESTCASE )
2025-09-21T13:28:12.237281800 LSTERROR Test worker AbstractTokenTestCase:246 Error parsing Prerequisite in EQUIP: PRERACE:Dwarf
  Can not parse 'PRERACE:Dwarf': 'Dwarf' is not a valid integer
2025-09-21T13:28:12.237281800 LSTERROR Test worker AbstractTokenTestCase:246 Error generating Prerequisite null in AUTO:EQUIP (Source: file:/TESTCASE )
2025-09-21T13:28:12.237281800 LSTERROR Test worker AbstractTokenTestCase:246 Failed in parsing subtoken: EQUIP of ALL|PRERACE:Dwarf|ALL (Source: file:/TESTCASE )
2025-09-21T13:28:12.238284 LSTERROR Test worker AbstractTokenTestCase:246 Illegal AUTO subtoken 'EQUIP' 'ALL|PRERACE:Dwarf|ALL' for pcgen.core.PCTemplate TestObj (Source: file:/TESTCASE )
</pre>
</span>
</div>
</div>
<div id="footer">
<p>
<div>
<label class="hidden" id="label-for-line-wrapping-toggle" for="line-wrapping-toggle">Wrap lines
<input id="line-wrapping-toggle" type="checkbox" autocomplete="off"/>
</label>
</div>Generated by 
<a href="http://www.gradle.org">Gradle 8.10.2</a> at Sep 21, 2025, 9:28:51â€¯AM</p>
</div>
</div>
</body>
</html>
