<!DOCTYPE html>
<html>
<head>
<meta http-equiv="Content-Type" content="text/html; charset=utf-8"/>
<meta http-equiv="x-ua-compatible" content="IE=edge"/>
<title>Test results - CompanionListLstTest</title>
<link href="../css/base-style.css" rel="stylesheet" type="text/css"/>
<link href="../css/style.css" rel="stylesheet" type="text/css"/>
<script src="../js/report.js" type="text/javascript"></script>
</head>
<body>
<div id="content">
<h1>CompanionListLstTest</h1>
<div class="breadcrumbs">
<a href="../index.html">all</a> &gt; 
<a href="../packages/plugin.lsttokens.html">plugin.lsttokens</a> &gt; CompanionListLstTest</div>
<div id="summary">
<table>
<tr>
<td>
<div class="summaryGroup">
<table>
<tr>
<td>
<div class="infoBox" id="tests">
<div class="counter">37</div>
<p>tests</p>
</div>
</td>
<td>
<div class="infoBox" id="failures">
<div class="counter">0</div>
<p>failures</p>
</div>
</td>
<td>
<div class="infoBox" id="ignored">
<div class="counter">0</div>
<p>ignored</p>
</div>
</td>
<td>
<div class="infoBox" id="duration">
<div class="counter">0.156s</div>
<p>duration</p>
</div>
</td>
</tr>
</table>
</div>
</td>
<td>
<div class="infoBox success" id="successRate">
<div class="percent">100%</div>
<p>successful</p>
</div>
</td>
</tr>
</table>
</div>
<div id="tabs">
<ul class="tabLinks">
<li>
<a href="#tab0">Tests</a>
</li>
<li>
<a href="#tab1">Standard error</a>
</li>
</ul>
<div id="tab0" class="tab">
<h2>Tests</h2>
<table>
<thead>
<tr>
<th>Test</th>
<th>Duration</th>
<th>Result</th>
</tr>
</thead>
<tr>
<td class="success">testAvoidContext()</td>
<td class="success">0.003s</td>
<td class="success">passed</td>
</tr>
<tr>
<td class="success">testCleanup()</td>
<td class="success">0.001s</td>
<td class="success">passed</td>
</tr>
<tr>
<td class="success">testInvalidBadFA()</td>
<td class="success">0.002s</td>
<td class="success">passed</td>
</tr>
<tr>
<td class="success">testInvalidEmbeddedFA()</td>
<td class="success">0.003s</td>
<td class="success">passed</td>
</tr>
<tr>
<td class="success">testInvalidEmpty()</td>
<td class="success">0.002s</td>
<td class="success">passed</td>
</tr>
<tr>
<td class="success">testInvalidEmptyListName()</td>
<td class="success">0.001s</td>
<td class="success">passed</td>
</tr>
<tr>
<td class="success">testInvalidEmptyTimes()</td>
<td class="success">0.002s</td>
<td class="success">passed</td>
</tr>
<tr>
<td class="success">testInvalidFADecimal()</td>
<td class="success">0.003s</td>
<td class="success">passed</td>
</tr>
<tr>
<td class="success">testInvalidFANaN()</td>
<td class="success">0.004s</td>
<td class="success">passed</td>
</tr>
<tr>
<td class="success">testInvalidListNameBarOnly()</td>
<td class="success">0.003s</td>
<td class="success">passed</td>
</tr>
<tr>
<td class="success">testInvalidListNameOnly()</td>
<td class="success">0.002s</td>
<td class="success">passed</td>
</tr>
<tr>
<td class="success">testInvalidMultipleFOLLOWERADJUSTMENT()</td>
<td class="success">0.003s</td>
<td class="success">passed</td>
</tr>
<tr>
<td class="success">testInvalidNonSensicalAnyFirst()</td>
<td class="success">0.002s</td>
<td class="success">passed</td>
</tr>
<tr>
<td class="success">testInvalidNonSensicalAnyLast()</td>
<td class="success">0.004s</td>
<td class="success">passed</td>
</tr>
<tr>
<td class="success">testInvalidOnlyFOLLOWERADJUSTMENT()</td>
<td class="success">0.004s</td>
<td class="success">passed</td>
</tr>
<tr>
<td class="success">testInvalidOnlyFOLLOWERADJUSTMENTBar()</td>
<td class="success">0.007s</td>
<td class="success">passed</td>
</tr>
<tr>
<td class="success">testInvalidOnlyPre()</td>
<td class="success">0.002s</td>
<td class="success">passed</td>
</tr>
<tr>
<td class="success">testInvalidRaceCommaEnding()</td>
<td class="success">0.003s</td>
<td class="success">passed</td>
</tr>
<tr>
<td class="success">testInvalidRaceCommaStarting()</td>
<td class="success">0.003s</td>
<td class="success">passed</td>
</tr>
<tr>
<td class="success">testInvalidRaceDoubleComma()</td>
<td class="success">0.003s</td>
<td class="success">passed</td>
</tr>
<tr>
<td class="success">testInvalidRacePipe()</td>
<td class="success">0.002s</td>
<td class="success">passed</td>
</tr>
<tr>
<td class="success">testInvalidSpellEmbeddedPre()</td>
<td class="success">0.003s</td>
<td class="success">passed</td>
</tr>
<tr>
<td class="success">testInvalidTypeRaceBarOnly()</td>
<td class="success">0.002s</td>
<td class="success">passed</td>
</tr>
<tr>
<td class="success">testInvalidTypeRaceTypeEmpty()</td>
<td class="success">0.001s</td>
<td class="success">passed</td>
</tr>
<tr>
<td class="success">testOverwrite()</td>
<td class="success">0.002s</td>
<td class="success">passed</td>
</tr>
<tr>
<td class="success">testRoundRobinAnyRace()</td>
<td class="success">0.005s</td>
<td class="success">passed</td>
</tr>
<tr>
<td class="success">testRoundRobinComplex()</td>
<td class="success">0.010s</td>
<td class="success">passed</td>
</tr>
<tr>
<td class="success">testRoundRobinDupePre()</td>
<td class="success">0.005s</td>
<td class="success">passed</td>
</tr>
<tr>
<td class="success">testRoundRobinDupePreDiffFA()</td>
<td class="success">0.004s</td>
<td class="success">passed</td>
</tr>
<tr>
<td class="success">testRoundRobinFA()</td>
<td class="success">0.011s</td>
<td class="success">passed</td>
</tr>
<tr>
<td class="success">testRoundRobinJustRace()</td>
<td class="success">0.005s</td>
<td class="success">passed</td>
</tr>
<tr>
<td class="success">testRoundRobinReal()</td>
<td class="success">0.018s</td>
<td class="success">passed</td>
</tr>
<tr>
<td class="success">testRoundRobinThreeFA()</td>
<td class="success">0.005s</td>
<td class="success">passed</td>
</tr>
<tr>
<td class="success">testRoundRobinTwoPRE()</td>
<td class="success">0.005s</td>
<td class="success">passed</td>
</tr>
<tr>
<td class="success">testRoundRobinTwoRace()</td>
<td class="success">0.004s</td>
<td class="success">passed</td>
</tr>
<tr>
<td class="success">testRoundRobinTwoType()</td>
<td class="success">0.004s</td>
<td class="success">passed</td>
</tr>
<tr>
<td class="success">testRoundRobinTwoWithRacetype()</td>
<td class="success">0.013s</td>
<td class="success">passed</td>
</tr>
</table>
</div>
<div id="tab1" class="tab">
<h2>Standard error</h2>
<span class="code">
<pre>2025-09-21T13:28:07.366128400 LSTERROR Test worker AbstractGlobalTokenTestCase:214 COMPANIONLIST requires more than just a Type: Familiar (Source: file:/TESTCASE )
2025-09-21T13:28:07.381860400 LSTERROR Test worker AbstractGlobalTokenTestCase:214 COMPANIONLIST arguments uses double separator || : Familiar||Lion (Source: file:/TESTCASE )
2025-09-21T13:28:07.381860400 LSTERROR Test worker AbstractGlobalTokenTestCase:214 COMPANIONLIST arguments uses double separator || : Familiar||Lion (Source: file:/TESTCASE )
2025-09-21T13:28:07.381860400 LSTERROR Test worker AbstractGlobalTokenTestCase:214 COMPANIONLIST: Unknown argument (was expecting FOLLOWERADJUSTMENT: or PRExxx): Tiger (Source: file:/TESTCASE )
2025-09-21T13:28:07.397803600 LSTERROR Test worker AbstractGlobalTokenTestCase:214 COMPANIONLIST arguments may not start with , : ,Lion (Source: file:/TESTCASE )
2025-09-21T13:28:07.413493500 LSTERROR Test worker AbstractGlobalTokenTestCase:214 COMPANIONLIST arguments may not end with | : Familiar| (Source: file:/TESTCASE )
2025-09-21T13:28:07.413493500 LSTERROR Test worker AbstractGlobalTokenTestCase:214 COMPANIONLIST arguments may not end with | : Familiar| (Source: file:/TESTCASE )
2025-09-21T13:28:07.429425700 LSTERROR Test worker AbstractGlobalTokenTestCase:214 Token generated an IllegalArgumentException: : cannot exist in a valid single item (did you try to use a PRE where it is not supported?) FOLLOWERADJUSTMENT:-4
2025-09-21T13:28:07.429425700 LSTERROR Test worker AbstractGlobalTokenTestCase:214 Token processing failed (Source: file:/TESTCASE )
2025-09-21T13:28:07.429425700 LSTERROR Test worker AbstractGlobalTokenTestCase:214 COMPANIONLIST arguments may not end with | : Familiar| (Source: file:/TESTCASE )
2025-09-21T13:28:07.429425700 LSTERROR Test worker AbstractGlobalTokenTestCase:214 Token generated an IllegalArgumentException: : cannot exist in a valid single item (did you try to use a PRE where it is not supported?) FOLLOWERADJUSTMENT:-4
2025-09-21T13:28:07.429425700 LSTERROR Test worker AbstractGlobalTokenTestCase:214 Token processing failed (Source: file:/TESTCASE )
2025-09-21T13:28:07.429425700 LSTERROR Test worker AbstractGlobalTokenTestCase:214 Expecting a number for FOLLOWERADJUSTMENT: -4.5 (Source: file:/TESTCASE )
2025-09-21T13:28:07.429425700 LSTERROR Test worker AbstractGlobalTokenTestCase:214   was parsing Token COMPANIONLIST (Source: file:/TESTCASE )
2025-09-21T13:28:07.429425700 LSTERROR Test worker AbstractGlobalTokenTestCase:214 COMPANIONLIST arguments may not end with | : Familiar| (Source: file:/TESTCASE )
2025-09-21T13:28:07.429425700 LSTERROR Test worker AbstractGlobalTokenTestCase:214 Token generated an IllegalArgumentException: : cannot exist in a valid single item (did you try to use a PRE where it is not supported?) FOLLOWERADJUSTMENT:-4
2025-09-21T13:28:07.429425700 LSTERROR Test worker AbstractGlobalTokenTestCase:214 Token processing failed (Source: file:/TESTCASE )
2025-09-21T13:28:07.429425700 LSTERROR Test worker AbstractGlobalTokenTestCase:214 Expecting a number for FOLLOWERADJUSTMENT: -4.5 (Source: file:/TESTCASE )
2025-09-21T13:28:07.429425700 LSTERROR Test worker AbstractGlobalTokenTestCase:214   was parsing Token COMPANIONLIST (Source: file:/TESTCASE )
2025-09-21T13:28:07.429425700 LSTERROR Test worker AbstractGlobalTokenTestCase:214 COMPANIONLIST arguments may not end with , : Lion, (Source: file:/TESTCASE )
2025-09-21T13:28:07.429425700 LSTERROR Test worker AbstractGlobalTokenTestCase:214 COMPANIONLIST arguments may not end with | : Familiar| (Source: file:/TESTCASE )
2025-09-21T13:28:07.429425700 LSTERROR Test worker AbstractGlobalTokenTestCase:214 Token generated an IllegalArgumentException: : cannot exist in a valid single item (did you try to use a PRE where it is not supported?) FOLLOWERADJUSTMENT:-4
2025-09-21T13:28:07.429425700 LSTERROR Test worker AbstractGlobalTokenTestCase:214 Token processing failed (Source: file:/TESTCASE )
2025-09-21T13:28:07.429425700 LSTERROR Test worker AbstractGlobalTokenTestCase:214 Expecting a number for FOLLOWERADJUSTMENT: -4.5 (Source: file:/TESTCASE )
2025-09-21T13:28:07.429425700 LSTERROR Test worker AbstractGlobalTokenTestCase:214   was parsing Token COMPANIONLIST (Source: file:/TESTCASE )
2025-09-21T13:28:07.429425700 LSTERROR Test worker AbstractGlobalTokenTestCase:214 COMPANIONLIST arguments may not end with , : Lion, (Source: file:/TESTCASE )
2025-09-21T13:28:07.429425700 LSTERROR Test worker AbstractGlobalTokenTestCase:214 Non-sensical Race List includes Any and specific races: Familiar|Tiger,Any (Source: file:/TESTCASE )
2025-09-21T13:28:07.450100800 LSTERROR Test worker AbstractGlobalTokenTestCase:214 Non-sensical Race List includes Any and specific races: Familiar|Any,Lion (Source: file:/TESTCASE )
2025-09-21T13:28:07.450100800 LSTERROR Test worker AbstractGlobalTokenTestCase:214 Non-sensical Race List includes Any and specific races: Familiar|Any,Lion (Source: file:/TESTCASE )
2025-09-21T13:28:07.450100800 LSTERROR Test worker AbstractGlobalTokenTestCase:214 COMPANIONLIST arguments may not end with | : Familiar|Lion| (Source: file:/TESTCASE )
2025-09-21T13:28:07.450100800 LSTERROR Test worker AbstractGlobalTokenTestCase:214 Non-sensical Race List includes Any and specific races: Familiar|Any,Lion (Source: file:/TESTCASE )
2025-09-21T13:28:07.450100800 LSTERROR Test worker AbstractGlobalTokenTestCase:214 COMPANIONLIST arguments may not end with | : Familiar|Lion| (Source: file:/TESTCASE )
2025-09-21T13:28:07.450100800 LSTERROR Test worker AbstractGlobalTokenTestCase:214 COMPANIONLIST arguments uses double separator ,, : Lion,,Tiger (Source: file:/TESTCASE )
2025-09-21T13:28:07.450100800 LSTERROR Test worker AbstractGlobalTokenTestCase:214 Non-sensical Race List includes Any and specific races: Familiar|Any,Lion (Source: file:/TESTCASE )
2025-09-21T13:28:07.461131100 LSTERROR Test worker AbstractGlobalTokenTestCase:214 COMPANIONLIST arguments may not end with | : Familiar|Lion| (Source: file:/TESTCASE )
2025-09-21T13:28:07.461131100 LSTERROR Test worker AbstractGlobalTokenTestCase:214 COMPANIONLIST arguments uses double separator ,, : Lion,,Tiger (Source: file:/TESTCASE )
2025-09-21T13:28:07.461131100 LSTERROR Test worker AbstractGlobalTokenTestCase:214 COMPANIONLIST arguments may not end with | : Familiar|FOLLOWERADJUSTMENT:-3| (Source: file:/TESTCASE )
2025-09-21T13:28:07.493205800 LSTERROR Test worker AbstractGlobalTokenTestCase:214 Token generated an IllegalArgumentException: : cannot exist in a valid single item (did you try to use a PRE where it is not supported?) FOLLOWERADJUSTMENT:-3
2025-09-21T13:28:07.493205800 LSTERROR Test worker AbstractGlobalTokenTestCase:214 Token processing failed (Source: file:/TESTCASE )
2025-09-21T13:28:07.493205800 LSTERROR Test worker AbstractGlobalTokenTestCase:214 COMPANIONLIST Error: RaceType was not specified. (Source: file:/TESTCASE )
2025-09-21T13:28:07.493205800 LSTERROR Test worker AbstractGlobalTokenTestCase:214 COMPANIONLIST Error: RaceType was not specified. (Source: file:/TESTCASE )
2025-09-21T13:28:07.493205800 LSTERROR Test worker AbstractGlobalTokenTestCase:214 COMPANIONLIST arguments may not start with | : |Lion (Source: file:/TESTCASE )
2025-09-21T13:28:07.509348800 LSTERROR Test worker AbstractGlobalTokenTestCase:214 COMPANIONLIST Error: RaceType was not specified. (Source: file:/TESTCASE )
2025-09-21T13:28:07.509348800 LSTERROR Test worker AbstractGlobalTokenTestCase:214 COMPANIONLIST arguments may not start with | : |Lion (Source: file:/TESTCASE )
2025-09-21T13:28:07.509348800 LSTERROR Test worker AbstractGlobalTokenTestCase:214 Token generated an IllegalArgumentException: : cannot exist in a valid single item (did you try to use a PRE where it is not supported?) FOLLOWERADJUSTMENT:-3
2025-09-21T13:28:07.509348800 LSTERROR Test worker AbstractGlobalTokenTestCase:214 Token processing failed (Source: file:/TESTCASE )
2025-09-21T13:28:07.509348800 LSTERROR Test worker AbstractGlobalTokenTestCase:214 Empty FOLLOWERADJUSTMENT value in COMPANIONLIST is prohibited (Source: file:/TESTCASE )
2025-09-21T13:28:07.509348800 LSTERROR Test worker AbstractGlobalTokenTestCase:214 Empty FOLLOWERADJUSTMENT value in COMPANIONLIST is prohibited (Source: file:/TESTCASE )
2025-09-21T13:28:07.509348800 LSTERROR Test worker AbstractGlobalTokenTestCase:214 Expecting a number for FOLLOWERADJUSTMENT: -T (Source: file:/TESTCASE )
2025-09-21T13:28:07.509348800 LSTERROR Test worker AbstractGlobalTokenTestCase:214   was parsing Token COMPANIONLIST (Source: file:/TESTCASE )
2025-09-21T13:28:07.509348800 LSTERROR Test worker AbstractGlobalTokenTestCase:214 Empty FOLLOWERADJUSTMENT value in COMPANIONLIST is prohibited (Source: file:/TESTCASE )
2025-09-21T13:28:07.509348800 LSTERROR Test worker AbstractGlobalTokenTestCase:214 Expecting a number for FOLLOWERADJUSTMENT: -T (Source: file:/TESTCASE )
2025-09-21T13:28:07.509348800 LSTERROR Test worker AbstractGlobalTokenTestCase:214   was parsing Token COMPANIONLIST (Source: file:/TESTCASE )
2025-09-21T13:28:07.509348800 LSTERROR Test worker AbstractGlobalTokenTestCase:214 COMPANIONLIST may not have empty argument (Source: file:/TESTCASE )
2025-09-21T13:28:07.525027200 LSTERROR Test worker AbstractGlobalTokenTestCase:214 Empty FOLLOWERADJUSTMENT value in COMPANIONLIST is prohibited (Source: file:/TESTCASE )
2025-09-21T13:28:07.525027200 LSTERROR Test worker AbstractGlobalTokenTestCase:214 Expecting a number for FOLLOWERADJUSTMENT: -T (Source: file:/TESTCASE )
2025-09-21T13:28:07.525027200 LSTERROR Test worker AbstractGlobalTokenTestCase:214   was parsing Token COMPANIONLIST (Source: file:/TESTCASE )
2025-09-21T13:28:07.525027200 LSTERROR Test worker AbstractGlobalTokenTestCase:214 COMPANIONLIST may not have empty argument (Source: file:/TESTCASE )
2025-09-21T13:28:07.525027200 LSTERROR Test worker AbstractGlobalTokenTestCase:214 Error parsing Prerequisite in COMPANIONLIST: Tiger
  'Tiger' is a badly formatted prereq.
2025-09-21T13:28:07.525027200 LSTERROR Test worker AbstractGlobalTokenTestCase:214    (Did you put items after the PRExxx tags in COMPANIONLIST:?) (Source: file:/TESTCASE )
2025-09-21T13:28:07.525027200 LSTERROR Test worker AbstractGlobalTokenTestCase:214 Empty FOLLOWERADJUSTMENT value in COMPANIONLIST is prohibited (Source: file:/TESTCASE )
2025-09-21T13:28:07.525027200 LSTERROR Test worker AbstractGlobalTokenTestCase:214 Expecting a number for FOLLOWERADJUSTMENT: -T (Source: file:/TESTCASE )
2025-09-21T13:28:07.525027200 LSTERROR Test worker AbstractGlobalTokenTestCase:214   was parsing Token COMPANIONLIST (Source: file:/TESTCASE )
2025-09-21T13:28:07.525027200 LSTERROR Test worker AbstractGlobalTokenTestCase:214 COMPANIONLIST may not have empty argument (Source: file:/TESTCASE )
2025-09-21T13:28:07.525027200 LSTERROR Test worker AbstractGlobalTokenTestCase:214 Error parsing Prerequisite in COMPANIONLIST: Tiger
  'Tiger' is a badly formatted prereq.
2025-09-21T13:28:07.525027200 LSTERROR Test worker AbstractGlobalTokenTestCase:214    (Did you put items after the PRExxx tags in COMPANIONLIST:?) (Source: file:/TESTCASE )
2025-09-21T13:28:07.525027200 LSTERROR Test worker AbstractGlobalTokenTestCase:214 COMPANIONLIST Error: Multiple FOLLOWERADJUSTMENT tags specified. (Source: file:/TESTCASE )
</pre>
</span>
</div>
</div>
<div id="footer">
<p>
<div>
<label class="hidden" id="label-for-line-wrapping-toggle" for="line-wrapping-toggle">Wrap lines
<input id="line-wrapping-toggle" type="checkbox" autocomplete="off"/>
</label>
</div>Generated by 
<a href="http://www.gradle.org">Gradle 8.10.2</a> at Sep 21, 2025, 9:28:51â€¯AM</p>
</div>
</div>
</body>
</html>
