<!DOCTYPE html>
<html>
<head>
<meta http-equiv="Content-Type" content="text/html; charset=utf-8"/>
<meta http-equiv="x-ua-compatible" content="IE=edge"/>
<title>Test results - DomainTokenTest</title>
<link href="../css/base-style.css" rel="stylesheet" type="text/css"/>
<link href="../css/style.css" rel="stylesheet" type="text/css"/>
<script src="../js/report.js" type="text/javascript"></script>
</head>
<body>
<div id="content">
<h1>DomainTokenTest</h1>
<div class="breadcrumbs">
<a href="../index.html">all</a> &gt; 
<a href="../packages/plugin.lsttokens.pcclass.html">plugin.lsttokens.pcclass</a> &gt; DomainTokenTest</div>
<div id="summary">
<table>
<tr>
<td>
<div class="summaryGroup">
<table>
<tr>
<td>
<div class="infoBox" id="tests">
<div class="counter">63</div>
<p>tests</p>
</div>
</td>
<td>
<div class="infoBox" id="failures">
<div class="counter">0</div>
<p>failures</p>
</div>
</td>
<td>
<div class="infoBox" id="ignored">
<div class="counter">0</div>
<p>ignored</p>
</div>
</td>
<td>
<div class="infoBox" id="duration">
<div class="counter">0.087s</div>
<p>duration</p>
</div>
</td>
</tr>
</table>
</div>
</td>
<td>
<div class="infoBox success" id="successRate">
<div class="percent">100%</div>
<p>successful</p>
</div>
</td>
</tr>
</table>
</div>
<div id="tabs">
<ul class="tabLinks">
<li>
<a href="#tab0">Tests</a>
</li>
<li>
<a href="#tab1">Standard error</a>
</li>
</ul>
<div id="tab0" class="tab">
<h2>Tests</h2>
<table>
<thead>
<tr>
<th>Test</th>
<th>Duration</th>
<th>Result</th>
</tr>
</thead>
<tr>
<td class="success">testArchitecture()</td>
<td class="success">0s</td>
<td class="success">passed</td>
</tr>
<tr>
<td class="success">testInputInvalidAddsAfterClearDotNoSideEffect()</td>
<td class="success">0.001s</td>
<td class="success">passed</td>
</tr>
<tr>
<td class="success">testInputInvalidAddsAfterClearNoSideEffect()</td>
<td class="success">0.001s</td>
<td class="success">passed</td>
</tr>
<tr>
<td class="success">testInputInvalidAddsAllNoSideEffect()</td>
<td class="success">0.001s</td>
<td class="success">passed</td>
</tr>
<tr>
<td class="success">testInputInvalidAddsBasicNoSideEffect()</td>
<td class="success">0.002s</td>
<td class="success">passed</td>
</tr>
<tr>
<td class="success">testInputInvalidAddsTypeNoSideEffect()</td>
<td class="success">0s</td>
<td class="success">passed</td>
</tr>
<tr>
<td class="success">testInputInvalidClear()</td>
<td class="success">0.002s</td>
<td class="success">passed</td>
</tr>
<tr>
<td class="success">testInputInvalidTypeClearDotNoSideEffect()</td>
<td class="success">0.001s</td>
<td class="success">passed</td>
</tr>
<tr>
<td class="success">testInvalidEmptyPre()</td>
<td class="success">0.001s</td>
<td class="success">passed</td>
</tr>
<tr>
<td class="success">testInvalidInputAll()</td>
<td class="success">0.003s</td>
<td class="success">passed</td>
</tr>
<tr>
<td class="success">testInvalidInputAllItem()</td>
<td class="success">0.001s</td>
<td class="success">passed</td>
</tr>
<tr>
<td class="success">testInvalidInputAny()</td>
<td class="success">0.003s</td>
<td class="success">passed</td>
</tr>
<tr>
<td class="success">testInvalidInputAnyType()</td>
<td class="success">0.001s</td>
<td class="success">passed</td>
</tr>
<tr>
<td class="success">testInvalidInputBadPrerequisite()</td>
<td class="success">0.002s</td>
<td class="success">passed</td>
</tr>
<tr>
<td class="success">testInvalidInputCheckMult()</td>
<td class="success">0.003s</td>
<td class="success">passed</td>
</tr>
<tr>
<td class="success">testInvalidInputCheckType()</td>
<td class="success">0.001s</td>
<td class="success">passed</td>
</tr>
<tr>
<td class="success">testInvalidInputCheckTypeDotLength()</td>
<td class="success">0.001s</td>
<td class="success">passed</td>
</tr>
<tr>
<td class="success">testInvalidInputCheckTypeEqualLength()</td>
<td class="success">0.001s</td>
<td class="success">passed</td>
</tr>
<tr>
<td class="success">testInvalidInputClearDotTypeDoubleSeparator()</td>
<td class="success">0.001s</td>
<td class="success">passed</td>
</tr>
<tr>
<td class="success">testInvalidInputClearDotTypeEmpty()</td>
<td class="success">0s</td>
<td class="success">passed</td>
</tr>
<tr>
<td class="success">testInvalidInputClearDotTypeFalseStart()</td>
<td class="success">0.001s</td>
<td class="success">passed</td>
</tr>
<tr>
<td class="success">testInvalidInputClearDotTypeUnterminated()</td>
<td class="success">0.001s</td>
<td class="success">passed</td>
</tr>
<tr>
<td class="success">testInvalidInputEmptyString()</td>
<td class="success">0.001s</td>
<td class="success">passed</td>
</tr>
<tr>
<td class="success">testInvalidInputItemAll()</td>
<td class="success">0.001s</td>
<td class="success">passed</td>
</tr>
<tr>
<td class="success">testInvalidInputJoinOnly()</td>
<td class="success">0.002s</td>
<td class="success">passed</td>
</tr>
<tr>
<td class="success">testInvalidInputJoinedComma()</td>
<td class="success">0.003s</td>
<td class="success">passed</td>
</tr>
<tr>
<td class="success">testInvalidInputJoinedDot()</td>
<td class="success">0.003s</td>
<td class="success">passed</td>
</tr>
<tr>
<td class="success">testInvalidInputJoinedPipe()</td>
<td class="success">0s</td>
<td class="success">passed</td>
</tr>
<tr>
<td class="success">testInvalidInputString()</td>
<td class="success">0.003s</td>
<td class="success">passed</td>
</tr>
<tr>
<td class="success">testInvalidInputType()</td>
<td class="success">0.002s</td>
<td class="success">passed</td>
</tr>
<tr>
<td class="success">testInvalidInputTypeAny()</td>
<td class="success">0s</td>
<td class="success">passed</td>
</tr>
<tr>
<td class="success">testInvalidInputTypeDoubleSeparator()</td>
<td class="success">0.001s</td>
<td class="success">passed</td>
</tr>
<tr>
<td class="success">testInvalidInputTypeEmpty()</td>
<td class="success">0s</td>
<td class="success">passed</td>
</tr>
<tr>
<td class="success">testInvalidInputTypeFalseStart()</td>
<td class="success">0.001s</td>
<td class="success">passed</td>
</tr>
<tr>
<td class="success">testInvalidInputTypeUnterminated()</td>
<td class="success">0.001s</td>
<td class="success">passed</td>
</tr>
<tr>
<td class="success">testInvalidListDoubleJoin()</td>
<td class="success">0.001s</td>
<td class="success">passed</td>
</tr>
<tr>
<td class="success">testInvalidListEnd()</td>
<td class="success">0.002s</td>
<td class="success">passed</td>
</tr>
<tr>
<td class="success">testInvalidListStart()</td>
<td class="success">0.001s</td>
<td class="success">passed</td>
</tr>
<tr>
<td class="success">testInvalidTrailingAfterPre()</td>
<td class="success">0.002s</td>
<td class="success">passed</td>
</tr>
<tr>
<td class="success">testNoStackTrace()</td>
<td class="success">0.001s</td>
<td class="success">passed</td>
</tr>
<tr>
<td class="success">testOverwrite()</td>
<td class="success">0.001s</td>
<td class="success">passed</td>
</tr>
<tr>
<td class="success">testRoundRobinOne()</td>
<td class="success">0.003s</td>
<td class="success">passed</td>
</tr>
<tr>
<td class="success">testRoundRobinOnePre()</td>
<td class="success">0.003s</td>
<td class="success">passed</td>
</tr>
<tr>
<td class="success">testRoundRobinOnePreFooler()</td>
<td class="success">0.002s</td>
<td class="success">passed</td>
</tr>
<tr>
<td class="success">testRoundRobinTestAll()</td>
<td class="success">0s</td>
<td class="success">passed</td>
</tr>
<tr>
<td class="success">testRoundRobinTestEqualThree()</td>
<td class="success">0.001s</td>
<td class="success">passed</td>
</tr>
<tr>
<td class="success">testRoundRobinTestEquals()</td>
<td class="success">0s</td>
<td class="success">passed</td>
</tr>
<tr>
<td class="success">testRoundRobinThree()</td>
<td class="success">0.004s</td>
<td class="success">passed</td>
</tr>
<tr>
<td class="success">testRoundRobinThreeDupe()</td>
<td class="success">0.001s</td>
<td class="success">passed</td>
</tr>
<tr>
<td class="success">testRoundRobinThreeWithPre()</td>
<td class="success">0.004s</td>
<td class="success">passed</td>
</tr>
<tr>
<td class="success">testRoundRobinWithEqualType()</td>
<td class="success">0s</td>
<td class="success">passed</td>
</tr>
<tr>
<td class="success">testUnparseGenericsFail()</td>
<td class="success">0.001s</td>
<td class="success">passed</td>
</tr>
<tr>
<td class="success">testUnparseMultiple()</td>
<td class="success">0.002s</td>
<td class="success">passed</td>
</tr>
<tr>
<td class="success">testUnparseNull()</td>
<td class="success">0.001s</td>
<td class="success">passed</td>
</tr>
<tr>
<td class="success">testUnparseNullInList()</td>
<td class="success">0.001s</td>
<td class="success">passed</td>
</tr>
<tr>
<td class="success">testUnparseSingle()</td>
<td class="success">0.001s</td>
<td class="success">passed</td>
</tr>
<tr>
<td class="success">testUnparseSinglePre()</td>
<td class="success">0.001s</td>
<td class="success">passed</td>
</tr>
<tr>
<td class="success">testValidClearDotAllNoSideEffects()</td>
<td class="success">0.001s</td>
<td class="success">passed</td>
</tr>
<tr>
<td class="success">testValidInputClear()</td>
<td class="success">0.002s</td>
<td class="success">passed</td>
</tr>
<tr>
<td class="success">testValidInputClearJoin()</td>
<td class="success">0.002s</td>
<td class="success">passed</td>
</tr>
<tr>
<td class="success">testValidInputClearJoinWorking()</td>
<td class="success">0.001s</td>
<td class="success">passed</td>
</tr>
<tr>
<td class="success">testValidInputClearWorking()</td>
<td class="success">0.001s</td>
<td class="success">passed</td>
</tr>
<tr>
<td class="success">testValidInputTestDot()</td>
<td class="success">0.001s</td>
<td class="success">passed</td>
</tr>
</table>
</div>
<div id="tab1" class="tab">
<h2>Standard error</h2>
<span class="code">
<pre>2025-09-21T13:28:29.137724100 LSTERROR Test worker AbstractTokenTestCase:246 DEITY arguments may not start with | : |TestWP1 (Source: file:/TESTCASE )
2025-09-21T13:28:29.137724100 LSTERROR Test worker AbstractTokenTestCase:246 DEITY arguments may not start with | : | (Source: file:/TESTCASE )
2025-09-21T13:28:29.137724100 LSTERROR Test worker AbstractTokenTestCase:246 DEITY arguments uses double separator || : TestWP3||TestWP4 (Source: file:/TESTCASE )
2025-09-21T13:28:29.137724100 LSTERROR Test worker AbstractTokenTestCase:246 DOMAIN may not have empty argument (Source: file:/TESTCASE )
2025-09-21T13:28:29.137724100 LSTERROR Test worker AbstractTokenTestCase:246 DEITY arguments may not start with | : |TestWP1 (Source: file:/TESTCASE )
2025-09-21T13:28:29.137724100 LSTERROR Test worker AbstractTokenTestCase:246 DEITY arguments may not start with | : | (Source: file:/TESTCASE )
2025-09-21T13:28:29.137724100 LSTERROR Test worker AbstractTokenTestCase:246 DEITY arguments uses double separator || : TestWP3||TestWP4 (Source: file:/TESTCASE )
2025-09-21T13:28:29.137724100 LSTERROR Test worker AbstractTokenTestCase:246 DOMAIN may not have empty argument (Source: file:/TESTCASE )
2025-09-21T13:28:29.137724100 LSTERROR Test worker AbstractTokenTestCase:246 DOMAIN arguments may not end with | : TestWP1| (Source: file:/TESTCASE )
2025-09-21T13:28:29.153489100 LSTERROR Test worker AbstractTokenTestCase:246 DEITY arguments may not start with | : |TestWP1 (Source: file:/TESTCASE )
2025-09-21T13:28:29.153489100 LSTERROR Test worker AbstractTokenTestCase:246 DEITY arguments may not start with | : | (Source: file:/TESTCASE )
2025-09-21T13:28:29.153489100 LSTERROR Test worker AbstractTokenTestCase:246 DEITY arguments uses double separator || : TestWP3||TestWP4 (Source: file:/TESTCASE )
2025-09-21T13:28:29.153489100 LSTERROR Test worker AbstractTokenTestCase:246 DOMAIN may not have empty argument (Source: file:/TESTCASE )
2025-09-21T13:28:29.153489100 LSTERROR Test worker AbstractTokenTestCase:246 DOMAIN arguments may not end with | : TestWP1| (Source: file:/TESTCASE )
2025-09-21T13:28:29.153489100 LSTERROR Test worker AbstractTokenTestCase:246 Token generated an IllegalArgumentException: All cannot be a valid single item (not supported in this token?)
2025-09-21T13:28:29.153489100 LSTERROR Test worker AbstractTokenTestCase:246 Token processing failed (Source: file:/TESTCASE )
2025-09-21T13:28:29.153489100 LSTERROR Test worker AbstractTokenTestCase:246 DEITY arguments may not start with | : |TestWP1 (Source: file:/TESTCASE )
2025-09-21T13:28:29.153489100 LSTERROR Test worker AbstractTokenTestCase:246 DEITY arguments may not start with | : | (Source: file:/TESTCASE )
2025-09-21T13:28:29.153489100 LSTERROR Test worker AbstractTokenTestCase:246 DEITY arguments uses double separator || : TestWP3||TestWP4 (Source: file:/TESTCASE )
2025-09-21T13:28:29.153489100 LSTERROR Test worker AbstractTokenTestCase:246 DOMAIN may not have empty argument (Source: file:/TESTCASE )
2025-09-21T13:28:29.153489100 LSTERROR Test worker AbstractTokenTestCase:246 DOMAIN arguments may not end with | : TestWP1| (Source: file:/TESTCASE )
2025-09-21T13:28:29.153489100 LSTERROR Test worker AbstractTokenTestCase:246 Token generated an IllegalArgumentException: All cannot be a valid single item (not supported in this token?)
2025-09-21T13:28:29.153489100 LSTERROR Test worker AbstractTokenTestCase:246 Token processing failed (Source: file:/TESTCASE )
2025-09-21T13:28:29.153489100 LSTERROR Test worker AbstractTokenTestCase:246 Token generated an IllegalArgumentException: Any cannot be a valid single item (not supported in this token?)
2025-09-21T13:28:29.153489100 LSTERROR Test worker AbstractTokenTestCase:246 Token processing failed (Source: file:/TESTCASE )
2025-09-21T13:28:29.169392100 SEVERE Test worker CDOMFactory:105 Unconstructed Reference: Domain TestWP1,TestWP2
2025-09-21T13:28:29.169392100 SEVERE Test worker CDOMFactory:105 Unconstructed Reference: Domain TestType
2025-09-21T13:28:29.169392100 SEVERE Test worker CDOMFactory:105 Unconstructed Reference: Domain TestWP1.TestWP2
2025-09-21T13:28:29.169392100 LSTERROR Test worker AbstractTokenTestCase:246 DOMAIN arguments uses double separator || : TestWP2||TestWP1 (Source: file:/TESTCASE )
2025-09-21T13:28:29.185109900 SEVERE Test worker CDOMFactory:105 Unconstructed Reference: Domain TestWP2
2025-09-21T13:28:29.185109900 LSTERROR Test worker AbstractTokenTestCase:246   Non-sensical DOMAIN: .CLEAR was not the first list item (Source: file:/TESTCASE )
2025-09-21T13:28:29.185109900 LSTERROR Test worker AbstractTokenTestCase:246   Non-sensical DOMAIN: .CLEAR was not the first list item (Source: file:/TESTCASE )
2025-09-21T13:28:29.185109900 LSTERROR Test worker AbstractTokenTestCase:246 DOMAIN arguments may not start with | : |TestWP1 (Source: file:/TESTCASE )
2025-09-21T13:28:29.201105600 SEVERE Test worker CDOMFactory:105 Unconstructed Reference: Domain String
2025-09-21T13:28:29.201105600 LSTERROR Test worker AbstractTokenTestCase:246   Non-sensical DOMAIN: .CLEAR was not the first list item (Source: file:/TESTCASE )
2025-09-21T13:28:29.201105600 LSTERROR Test worker AbstractTokenTestCase:246 DOMAIN arguments may not start with | : |TestWP1 (Source: file:/TESTCASE )
2025-09-21T13:28:29.201105600 LSTERROR Test worker AbstractTokenTestCase:246 DOMAIN arguments may not start with | : | (Source: file:/TESTCASE )
2025-09-21T13:28:29.201105600 LSTERROR Test worker AbstractTokenTestCase:246   Non-sensical DOMAIN: .CLEAR was not the first list item (Source: file:/TESTCASE )
2025-09-21T13:28:29.201105600 LSTERROR Test worker AbstractTokenTestCase:246 DOMAIN arguments may not start with | : |TestWP1 (Source: file:/TESTCASE )
2025-09-21T13:28:29.201105600 LSTERROR Test worker AbstractTokenTestCase:246 DOMAIN arguments may not start with | : | (Source: file:/TESTCASE )
2025-09-21T13:28:29.201105600 LSTERROR Test worker AbstractTokenTestCase:246 DOMAIN arguments uses double separator || : TestWP3||TestWP4 (Source: file:/TESTCASE )
2025-09-21T13:28:29.201105600 LSTERROR Test worker AbstractTokenTestCase:246 DOMAIN arguments may not end with | : TestWP1| (Source: file:/TESTCASE )
2025-09-21T13:28:29.216948700 LSTERROR Test worker AbstractTokenTestCase:246 DOMAIN arguments may not end with | : TestWP1| (Source: file:/TESTCASE )
2025-09-21T13:28:29.216948700 LSTERROR Test worker AbstractTokenTestCase:246 Error parsing Prerequisite in DOMAIN: PREFOO:1,Human
  Can not determine which parser to use for 'PREFOO:1,Human'
2025-09-21T13:28:29.216948700 LSTERROR Test worker AbstractTokenTestCase:246    (Did you put feats after the PRExxx tags in DOMAIN:?) (Source: file:/TESTCASE )
2025-09-21T13:28:29.216948700 LSTERROR Test worker AbstractTokenTestCase:246 Error parsing Prerequisite in DOMAIN: PRERACE:Dwarf
  Can not parse 'PRERACE:Dwarf': 'Dwarf' is not a valid integer
2025-09-21T13:28:29.216948700 LSTERROR Test worker AbstractTokenTestCase:246    (Did you put feats after the PRExxx tags in DOMAIN:?) (Source: file:/TESTCASE )
</pre>
</span>
</div>
</div>
<div id="footer">
<p>
<div>
<label class="hidden" id="label-for-line-wrapping-toggle" for="line-wrapping-toggle">Wrap lines
<input id="line-wrapping-toggle" type="checkbox" autocomplete="off"/>
</label>
</div>Generated by 
<a href="http://www.gradle.org">Gradle 8.10.2</a> at Sep 21, 2025, 9:28:52â€¯AM</p>
</div>
</div>
</body>
</html>
