<!DOCTYPE html>
<html>
<head>
<meta http-equiv="Content-Type" content="text/html; charset=utf-8"/>
<meta http-equiv="x-ua-compatible" content="IE=edge"/>
<title>Test results - TempValueLstTest</title>
<link href="../css/base-style.css" rel="stylesheet" type="text/css"/>
<link href="../css/style.css" rel="stylesheet" type="text/css"/>
<script src="../js/report.js" type="text/javascript"></script>
</head>
<body>
<div id="content">
<h1>TempValueLstTest</h1>
<div class="breadcrumbs">
<a href="../index.html">all</a> &gt; 
<a href="../packages/plugin.lsttokens.html">plugin.lsttokens</a> &gt; TempValueLstTest</div>
<div id="summary">
<table>
<tr>
<td>
<div class="summaryGroup">
<table>
<tr>
<td>
<div class="infoBox" id="tests">
<div class="counter">12</div>
<p>tests</p>
</div>
</td>
<td>
<div class="infoBox" id="failures">
<div class="counter">0</div>
<p>failures</p>
</div>
</td>
<td>
<div class="infoBox" id="ignored">
<div class="counter">0</div>
<p>ignored</p>
</div>
</td>
<td>
<div class="infoBox" id="duration">
<div class="counter">0.026s</div>
<p>duration</p>
</div>
</td>
</tr>
</table>
</div>
</td>
<td>
<div class="infoBox success" id="successRate">
<div class="percent">100%</div>
<p>successful</p>
</div>
</td>
</tr>
</table>
</div>
<div id="tabs">
<ul class="tabLinks">
<li>
<a href="#tab0">Tests</a>
</li>
<li>
<a href="#tab1">Standard error</a>
</li>
</ul>
<div id="tab0" class="tab">
<h2>Tests</h2>
<table>
<thead>
<tr>
<th>Test</th>
<th>Duration</th>
<th>Result</th>
</tr>
</thead>
<tr>
<td class="success">testAvoidContext()</td>
<td class="success">0.001s</td>
<td class="success">passed</td>
</tr>
<tr>
<td class="success">testCleanup()</td>
<td class="success">0.001s</td>
<td class="success">passed</td>
</tr>
<tr>
<td class="success">testInvalidInputEmpty()</td>
<td class="success">0.002s</td>
<td class="success">passed</td>
</tr>
<tr>
<td class="success">testInvalidInputFour()</td>
<td class="success">0.002s</td>
<td class="success">passed</td>
</tr>
<tr>
<td class="success">testInvalidInputNoTitle()</td>
<td class="success">0.002s</td>
<td class="success">passed</td>
</tr>
<tr>
<td class="success">testInvalidInputOrder()</td>
<td class="success">0.002s</td>
<td class="success">passed</td>
</tr>
<tr>
<td class="success">testInvalidInputOrder2()</td>
<td class="success">0.002s</td>
<td class="success">passed</td>
</tr>
<tr>
<td class="success">testInvalidInputSingle()</td>
<td class="success">0.002s</td>
<td class="success">passed</td>
</tr>
<tr>
<td class="success">testInvalidInputThree()</td>
<td class="success">0.002s</td>
<td class="success">passed</td>
</tr>
<tr>
<td class="success">testInvalidInputTwo()</td>
<td class="success">0.002s</td>
<td class="success">passed</td>
</tr>
<tr>
<td class="success">testOverwrite()</td>
<td class="success">0.001s</td>
<td class="success">passed</td>
</tr>
<tr>
<td class="success">testRoundRobinSimple()</td>
<td class="success">0.007s</td>
<td class="success">passed</td>
</tr>
</table>
</div>
<div id="tab1" class="tab">
<h2>Standard error</h2>
<span class="code">
<pre>2025-09-21T13:28:09.255569900 LSTERROR Test worker AbstractGlobalTokenTestCase:214 Token generated an IllegalArgumentException: Formula cannot be empty
2025-09-21T13:28:09.255569900 LSTERROR Test worker AbstractGlobalTokenTestCase:214 Token processing failed (Source: file:/TESTCASE )
2025-09-21T13:28:09.255569900 LSTERROR Test worker AbstractGlobalTokenTestCase:214 TEMPVALUE third argument was not TITLE= (Source: file:/TESTCASE )
2025-09-21T13:28:09.255569900 LSTERROR Test worker AbstractGlobalTokenTestCase:214 Token generated an IllegalArgumentException: Formula cannot be empty
2025-09-21T13:28:09.255569900 LSTERROR Test worker AbstractGlobalTokenTestCase:214 Token processing failed (Source: file:/TESTCASE )
2025-09-21T13:28:09.255569900 LSTERROR Test worker AbstractGlobalTokenTestCase:214 TEMPVALUE third argument was not TITLE= (Source: file:/TESTCASE )
2025-09-21T13:28:09.255569900 LSTERROR Test worker AbstractGlobalTokenTestCase:214 TEMPVALUE requires three arguments, MIN=, MAX= and TITLE= : a|b (Source: file:/TESTCASE )
2025-09-21T13:28:09.255569900 LSTERROR Test worker AbstractGlobalTokenTestCase:214 Token generated an IllegalArgumentException: Formula cannot be empty
2025-09-21T13:28:09.255569900 LSTERROR Test worker AbstractGlobalTokenTestCase:214 Token processing failed (Source: file:/TESTCASE )
2025-09-21T13:28:09.255569900 LSTERROR Test worker AbstractGlobalTokenTestCase:214 TEMPVALUE third argument was not TITLE= (Source: file:/TESTCASE )
2025-09-21T13:28:09.255569900 LSTERROR Test worker AbstractGlobalTokenTestCase:214 TEMPVALUE requires three arguments, MIN=, MAX= and TITLE= : a|b (Source: file:/TESTCASE )
2025-09-21T13:28:09.255569900 LSTERROR Test worker AbstractGlobalTokenTestCase:214 TEMPVALUE requires three arguments, MIN=, MAX= and TITLE= : MIN=1|MAX=7|TITLE=Foo|Extra (Source: file:/TESTCASE )
2025-09-21T13:28:09.272007100 LSTERROR Test worker AbstractGlobalTokenTestCase:214 TEMPVALUE may not have empty argument (Source: file:/TESTCASE )
2025-09-21T13:28:09.272007100 LSTERROR Test worker AbstractGlobalTokenTestCase:214 TEMPVALUE may not have empty argument (Source: file:/TESTCASE )
2025-09-21T13:28:09.272007100 LSTERROR Test worker AbstractGlobalTokenTestCase:214 TEMPVALUE first argument was not MIN= (Source: file:/TESTCASE )
2025-09-21T13:28:09.272007100 LSTERROR Test worker AbstractGlobalTokenTestCase:214 TEMPVALUE may not have empty argument (Source: file:/TESTCASE )
2025-09-21T13:28:09.272007100 LSTERROR Test worker AbstractGlobalTokenTestCase:214 TEMPVALUE first argument was not MIN= (Source: file:/TESTCASE )
2025-09-21T13:28:09.272007100 LSTERROR Test worker AbstractGlobalTokenTestCase:214 TEMPVALUE first argument was not MIN= (Source: file:/TESTCASE )
2025-09-21T13:28:09.272007100 LSTERROR Test worker AbstractGlobalTokenTestCase:214 TEMPVALUE may not have empty argument (Source: file:/TESTCASE )
2025-09-21T13:28:09.272007100 LSTERROR Test worker AbstractGlobalTokenTestCase:214 TEMPVALUE first argument was not MIN= (Source: file:/TESTCASE )
2025-09-21T13:28:09.272007100 LSTERROR Test worker AbstractGlobalTokenTestCase:214 TEMPVALUE first argument was not MIN= (Source: file:/TESTCASE )
2025-09-21T13:28:09.272007100 LSTERROR Test worker AbstractGlobalTokenTestCase:214 TEMPVALUE second argument was not MAX= (Source: file:/TESTCASE )
2025-09-21T13:28:09.272007100 LSTERROR Test worker AbstractGlobalTokenTestCase:214 TEMPVALUE may not have empty argument (Source: file:/TESTCASE )
2025-09-21T13:28:09.272007100 LSTERROR Test worker AbstractGlobalTokenTestCase:214 TEMPVALUE first argument was not MIN= (Source: file:/TESTCASE )
2025-09-21T13:28:09.272007100 LSTERROR Test worker AbstractGlobalTokenTestCase:214 TEMPVALUE first argument was not MIN= (Source: file:/TESTCASE )
2025-09-21T13:28:09.272007100 LSTERROR Test worker AbstractGlobalTokenTestCase:214 TEMPVALUE second argument was not MAX= (Source: file:/TESTCASE )
2025-09-21T13:28:09.272007100 LSTERROR Test worker AbstractGlobalTokenTestCase:214 TEMPVALUE must have three | delimited arguments : buffalo (Source: file:/TESTCASE )
</pre>
</span>
</div>
</div>
<div id="footer">
<p>
<div>
<label class="hidden" id="label-for-line-wrapping-toggle" for="line-wrapping-toggle">Wrap lines
<input id="line-wrapping-toggle" type="checkbox" autocomplete="off"/>
</label>
</div>Generated by 
<a href="http://www.gradle.org">Gradle 8.10.2</a> at Sep 21, 2025, 9:28:51â€¯AM</p>
</div>
</div>
</body>
</html>
