<!DOCTYPE html>
<html>
<head>
<meta http-equiv="Content-Type" content="text/html; charset=utf-8"/>
<meta http-equiv="x-ua-compatible" content="IE=edge"/>
<title>Test results - ModifyLstTest</title>
<link href="../css/base-style.css" rel="stylesheet" type="text/css"/>
<link href="../css/style.css" rel="stylesheet" type="text/css"/>
<script src="../js/report.js" type="text/javascript"></script>
</head>
<body>
<div id="content">
<h1>ModifyLstTest</h1>
<div class="breadcrumbs">
<a href="../index.html">all</a> &gt; 
<a href="../packages/plugin.lsttokens.html">plugin.lsttokens</a> &gt; ModifyLstTest</div>
<div id="summary">
<table>
<tr>
<td>
<div class="summaryGroup">
<table>
<tr>
<td>
<div class="infoBox" id="tests">
<div class="counter">23</div>
<p>tests</p>
</div>
</td>
<td>
<div class="infoBox" id="failures">
<div class="counter">0</div>
<p>failures</p>
</div>
</td>
<td>
<div class="infoBox" id="ignored">
<div class="counter">0</div>
<p>ignored</p>
</div>
</td>
<td>
<div class="infoBox" id="duration">
<div class="counter">0.082s</div>
<p>duration</p>
</div>
</td>
</tr>
</table>
</div>
</td>
<td>
<div class="infoBox success" id="successRate">
<div class="percent">100%</div>
<p>successful</p>
</div>
</td>
</tr>
</table>
</div>
<div id="tabs">
<ul class="tabLinks">
<li>
<a href="#tab0">Tests</a>
</li>
<li>
<a href="#tab1">Standard error</a>
</li>
</ul>
<div id="tab0" class="tab">
<h2>Tests</h2>
<table>
<thead>
<tr>
<th>Test</th>
<th>Duration</th>
<th>Result</th>
</tr>
</thead>
<tr>
<td class="success">testAvoidContext()</td>
<td class="success">0.005s</td>
<td class="success">passed</td>
</tr>
<tr>
<td class="success">testCleanup()</td>
<td class="success">0.001s</td>
<td class="success">passed</td>
</tr>
<tr>
<td class="success">testInvalidInputBadVar()</td>
<td class="success">0.003s</td>
<td class="success">passed</td>
</tr>
<tr>
<td class="success">testInvalidInputDoublePipe()</td>
<td class="success">0.002s</td>
<td class="success">passed</td>
</tr>
<tr>
<td class="success">testInvalidInputEmpty()</td>
<td class="success">0.003s</td>
<td class="success">passed</td>
</tr>
<tr>
<td class="success">testInvalidInputInvalidIllegalSourceVar()</td>
<td class="success">0.003s</td>
<td class="success">passed</td>
</tr>
<tr>
<td class="success">testInvalidInputInvalidMod()</td>
<td class="success">0.002s</td>
<td class="success">passed</td>
</tr>
<tr>
<td class="success">testInvalidInputInvalidNegativePriority()</td>
<td class="success">0.004s</td>
<td class="success">passed</td>
</tr>
<tr>
<td class="success">testInvalidInputInvalidNoPriority()</td>
<td class="success">0.003s</td>
<td class="success">passed</td>
</tr>
<tr>
<td class="success">testInvalidInputInvalidNonNumberPriority()</td>
<td class="success">0.003s</td>
<td class="success">passed</td>
</tr>
<tr>
<td class="success">testInvalidInputInvalidNotPriority1()</td>
<td class="success">0.003s</td>
<td class="success">passed</td>
</tr>
<tr>
<td class="success">testInvalidInputInvalidNotPriority2()</td>
<td class="success">0.002s</td>
<td class="success">passed</td>
</tr>
<tr>
<td class="success">testInvalidInputInvalidTooManyArgs()</td>
<td class="success">0.002s</td>
<td class="success">passed</td>
</tr>
<tr>
<td class="success">testInvalidInputInvalidVarName()</td>
<td class="success">0.004s</td>
<td class="success">passed</td>
</tr>
<tr>
<td class="success">testInvalidInputNoModifier()</td>
<td class="success">0.002s</td>
<td class="success">passed</td>
</tr>
<tr>
<td class="success">testInvalidInputNoValue()</td>
<td class="success">0.003s</td>
<td class="success">passed</td>
</tr>
<tr>
<td class="success">testInvalidInputNoVar()</td>
<td class="success">0.003s</td>
<td class="success">passed</td>
</tr>
<tr>
<td class="success">testInvalidInputOneItem()</td>
<td class="success">0.004s</td>
<td class="success">passed</td>
</tr>
<tr>
<td class="success">testInvalidInputTwoArgs()</td>
<td class="success">0.002s</td>
<td class="success">passed</td>
</tr>
<tr>
<td class="success">testOverwrite()</td>
<td class="success">0.002s</td>
<td class="success">passed</td>
</tr>
<tr>
<td class="success">testRoundRobinAdd()</td>
<td class="success">0.016s</td>
<td class="success">passed</td>
</tr>
<tr>
<td class="success">testRoundRobinMultiply()</td>
<td class="success">0.005s</td>
<td class="success">passed</td>
</tr>
<tr>
<td class="success">testRoundRobinPriority()</td>
<td class="success">0.005s</td>
<td class="success">passed</td>
</tr>
</table>
</div>
<div id="tab1" class="tab">
<h2>Standard error</h2>
<span class="code">
<pre>2025-09-21T13:28:08.065268600 LSTERROR Test worker AbstractGlobalTokenTestCase:214 KIT arguments uses double separator || : 1||TestWP1 (Source: file:/TESTCASE )
2025-09-21T13:28:08.065268600 LSTERROR Test worker AbstractGlobalTokenTestCase:214 Count in KIT must be &gt; 0 (Source: file:/TESTCASE )
2025-09-21T13:28:08.065268600 LSTERROR Test worker AbstractGlobalTokenTestCase:214 Token generated an IllegalArgumentException: Association OTHER not recognized
2025-09-21T13:28:08.065268600 LSTERROR Test worker AbstractGlobalTokenTestCase:214 Token processing failed (Source: file:/TESTCASE )
2025-09-21T13:28:08.065268600 LSTERROR Test worker AbstractGlobalTokenTestCase:214 KIT arguments uses double separator || : 1||TestWP1 (Source: file:/TESTCASE )
2025-09-21T13:28:08.065268600 LSTERROR Test worker AbstractGlobalTokenTestCase:214 Count in KIT must be &gt; 0 (Source: file:/TESTCASE )
2025-09-21T13:28:08.065268600 LSTERROR Test worker AbstractGlobalTokenTestCase:214 Token generated an IllegalArgumentException: Association OTHER not recognized
2025-09-21T13:28:08.065268600 LSTERROR Test worker AbstractGlobalTokenTestCase:214 Token processing failed (Source: file:/TESTCASE )
2025-09-21T13:28:08.065268600 LSTERROR Test worker AbstractGlobalTokenTestCase:214 Token generated an IllegalArgumentException: Association OTHERSTRING not recognized
2025-09-21T13:28:08.065268600 LSTERROR Test worker AbstractGlobalTokenTestCase:214 Token processing failed (Source: file:/TESTCASE )
2025-09-21T13:28:08.065268600 LSTERROR Test worker AbstractGlobalTokenTestCase:214 KIT arguments uses double separator || : 1||TestWP1 (Source: file:/TESTCASE )
2025-09-21T13:28:08.065268600 LSTERROR Test worker AbstractGlobalTokenTestCase:214 Count in KIT must be &gt; 0 (Source: file:/TESTCASE )
2025-09-21T13:28:08.065268600 LSTERROR Test worker AbstractGlobalTokenTestCase:214 Token generated an IllegalArgumentException: Association OTHER not recognized
2025-09-21T13:28:08.065268600 LSTERROR Test worker AbstractGlobalTokenTestCase:214 Token processing failed (Source: file:/TESTCASE )
2025-09-21T13:28:08.065268600 LSTERROR Test worker AbstractGlobalTokenTestCase:214 Token generated an IllegalArgumentException: Association OTHERSTRING not recognized
2025-09-21T13:28:08.065268600 LSTERROR Test worker AbstractGlobalTokenTestCase:214 Token processing failed (Source: file:/TESTCASE )
2025-09-21T13:28:08.065268600 LSTERROR Test worker AbstractGlobalTokenTestCase:214 MODIFY Modifier ADD had value  but it was not valid: Formula cannot be empty (Source: file:/TESTCASE )
2025-09-21T13:28:08.065268600 LSTERROR Test worker AbstractGlobalTokenTestCase:214 KIT arguments uses double separator || : 1||TestWP1 (Source: file:/TESTCASE )
2025-09-21T13:28:08.065268600 LSTERROR Test worker AbstractGlobalTokenTestCase:214 Count in KIT must be &gt; 0 (Source: file:/TESTCASE )
2025-09-21T13:28:08.065268600 LSTERROR Test worker AbstractGlobalTokenTestCase:214 Token generated an IllegalArgumentException: Association OTHER not recognized
2025-09-21T13:28:08.065268600 LSTERROR Test worker AbstractGlobalTokenTestCase:214 Token processing failed (Source: file:/TESTCASE )
2025-09-21T13:28:08.065268600 LSTERROR Test worker AbstractGlobalTokenTestCase:214 Token generated an IllegalArgumentException: Association OTHERSTRING not recognized
2025-09-21T13:28:08.065268600 LSTERROR Test worker AbstractGlobalTokenTestCase:214 Token processing failed (Source: file:/TESTCASE )
2025-09-21T13:28:08.065268600 LSTERROR Test worker AbstractGlobalTokenTestCase:214 MODIFY Modifier ADD had value  but it was not valid: Formula cannot be empty (Source: file:/TESTCASE )
2025-09-21T13:28:08.065268600 LSTERROR Test worker AbstractGlobalTokenTestCase:214 Token generated an IllegalArgumentException: Priority must be an integer: String was not an integer
2025-09-21T13:28:08.065268600 LSTERROR Test worker AbstractGlobalTokenTestCase:214 Token processing failed (Source: file:/TESTCASE )
2025-09-21T13:28:08.080849400 LSTERROR Test worker AbstractGlobalTokenTestCase:214 KIT arguments uses double separator || : 1||TestWP1 (Source: file:/TESTCASE )
2025-09-21T13:28:08.080849400 LSTERROR Test worker AbstractGlobalTokenTestCase:214 Count in KIT must be &gt; 0 (Source: file:/TESTCASE )
2025-09-21T13:28:08.080849400 LSTERROR Test worker AbstractGlobalTokenTestCase:214 Token generated an IllegalArgumentException: Association OTHER not recognized
2025-09-21T13:28:08.080849400 LSTERROR Test worker AbstractGlobalTokenTestCase:214 Token processing failed (Source: file:/TESTCASE )
2025-09-21T13:28:08.080849400 LSTERROR Test worker AbstractGlobalTokenTestCase:214 Token generated an IllegalArgumentException: Association OTHERSTRING not recognized
2025-09-21T13:28:08.080849400 LSTERROR Test worker AbstractGlobalTokenTestCase:214 Token processing failed (Source: file:/TESTCASE )
2025-09-21T13:28:08.080849400 LSTERROR Test worker AbstractGlobalTokenTestCase:214 MODIFY Modifier ADD had value  but it was not valid: Formula cannot be empty (Source: file:/TESTCASE )
2025-09-21T13:28:08.080849400 LSTERROR Test worker AbstractGlobalTokenTestCase:214 Token generated an IllegalArgumentException: Priority must be an integer: String was not an integer
2025-09-21T13:28:08.080849400 LSTERROR Test worker AbstractGlobalTokenTestCase:214 Token processing failed (Source: file:/TESTCASE )
2025-09-21T13:28:08.080849400 LSTERROR Test worker AbstractGlobalTokenTestCase:214 MODIFY was expecting = in an ASSOCIATION but got Yes in MyVar|ADD|3|PRIORITY=3|Yes (Source: file:/TESTCASE )
2025-09-21T13:28:08.080849400 LSTERROR Test worker AbstractGlobalTokenTestCase:214 KIT arguments uses double separator || : 1||TestWP1 (Source: file:/TESTCASE )
2025-09-21T13:28:08.080849400 LSTERROR Test worker AbstractGlobalTokenTestCase:214 Count in KIT must be &gt; 0 (Source: file:/TESTCASE )
2025-09-21T13:28:08.080849400 LSTERROR Test worker AbstractGlobalTokenTestCase:214 Token generated an IllegalArgumentException: Association OTHER not recognized
2025-09-21T13:28:08.080849400 LSTERROR Test worker AbstractGlobalTokenTestCase:214 Token processing failed (Source: file:/TESTCASE )
2025-09-21T13:28:08.080849400 LSTERROR Test worker AbstractGlobalTokenTestCase:214 Token generated an IllegalArgumentException: Association OTHERSTRING not recognized
2025-09-21T13:28:08.080849400 LSTERROR Test worker AbstractGlobalTokenTestCase:214 Token processing failed (Source: file:/TESTCASE )
2025-09-21T13:28:08.080849400 LSTERROR Test worker AbstractGlobalTokenTestCase:214 MODIFY Modifier ADD had value  but it was not valid: Formula cannot be empty (Source: file:/TESTCASE )
2025-09-21T13:28:08.080849400 LSTERROR Test worker AbstractGlobalTokenTestCase:214 Token generated an IllegalArgumentException: Priority must be an integer: String was not an integer
2025-09-21T13:28:08.080849400 LSTERROR Test worker AbstractGlobalTokenTestCase:214 Token processing failed (Source: file:/TESTCASE )
2025-09-21T13:28:08.080849400 LSTERROR Test worker AbstractGlobalTokenTestCase:214 MODIFY was expecting = in an ASSOCIATION but got Yes in MyVar|ADD|3|PRIORITY=3|Yes (Source: file:/TESTCASE )
2025-09-21T13:28:08.080849400 LSTERROR Test worker AbstractGlobalTokenTestCase:214 MODIFY found invalid var name: IllegalVar(scope: PC) (Source: file:/TESTCASE )
2025-09-21T13:28:08.080849400 LSTERROR Test worker AbstractGlobalTokenTestCase:214 KIT arguments uses double separator || : 1||TestWP1 (Source: file:/TESTCASE )
2025-09-21T13:28:08.080849400 LSTERROR Test worker AbstractGlobalTokenTestCase:214 Count in KIT must be &gt; 0 (Source: file:/TESTCASE )
2025-09-21T13:28:08.080849400 LSTERROR Test worker AbstractGlobalTokenTestCase:214 Token generated an IllegalArgumentException: Association OTHER not recognized
2025-09-21T13:28:08.080849400 LSTERROR Test worker AbstractGlobalTokenTestCase:214 Token processing failed (Source: file:/TESTCASE )
2025-09-21T13:28:08.080849400 LSTERROR Test worker AbstractGlobalTokenTestCase:214 Token generated an IllegalArgumentException: Association OTHERSTRING not recognized
2025-09-21T13:28:08.080849400 LSTERROR Test worker AbstractGlobalTokenTestCase:214 Token processing failed (Source: file:/TESTCASE )
2025-09-21T13:28:08.080849400 LSTERROR Test worker AbstractGlobalTokenTestCase:214 MODIFY Modifier ADD had value  but it was not valid: Formula cannot be empty (Source: file:/TESTCASE )
2025-09-21T13:28:08.080849400 LSTERROR Test worker AbstractGlobalTokenTestCase:214 Token generated an IllegalArgumentException: Priority must be an integer: String was not an integer
2025-09-21T13:28:08.080849400 LSTERROR Test worker AbstractGlobalTokenTestCase:214 Token processing failed (Source: file:/TESTCASE )
2025-09-21T13:28:08.080849400 LSTERROR Test worker AbstractGlobalTokenTestCase:214 MODIFY was expecting = in an ASSOCIATION but got Yes in MyVar|ADD|3|PRIORITY=3|Yes (Source: file:/TESTCASE )
2025-09-21T13:28:08.080849400 LSTERROR Test worker AbstractGlobalTokenTestCase:214 MODIFY found invalid var name: IllegalVar(scope: PC) (Source: file:/TESTCASE )
2025-09-21T13:28:08.080849400 LSTERROR Test worker AbstractGlobalTokenTestCase:214 MODIFY needed argument #2: MyVar (Source: file:/TESTCASE )
2025-09-21T13:28:08.096511900 LSTERROR Test worker AbstractGlobalTokenTestCase:214 MODIFY Modifier ADD had value IllegalVar but it was not valid: Invalid Semantics on Formula: ADD ... pcgen.base.formula.exception.SemanticsFailureException: Variable: IllegalVar was not found in scope PC (Source: file:/TESTCASE )
2025-09-21T13:28:08.112350 LSTERROR Test worker AbstractGlobalTokenTestCase:214 MODIFY Modifier ADD had value IllegalVar but it was not valid: Invalid Semantics on Formula: ADD ... pcgen.base.formula.exception.SemanticsFailureException: Variable: IllegalVar was not found in scope PC (Source: file:/TESTCASE )
2025-09-21T13:28:08.112350 LSTERROR Test worker AbstractGlobalTokenTestCase:214 MODIFY needed argument # 3: MyVar|ADD (Source: file:/TESTCASE )
2025-09-21T13:28:08.112350 LSTERROR Test worker AbstractGlobalTokenTestCase:214 MODIFY Modifier  had value 3 but it was not valid: Requested unknown ModifierType: Number  (Source: file:/TESTCASE )
2025-09-21T13:28:08.112350 LSTERROR Test worker AbstractGlobalTokenTestCase:214 MODIFY Modifier  had value 3 but it was not valid: Requested unknown ModifierType: Number  (Source: file:/TESTCASE )
2025-09-21T13:28:08.112350 LSTERROR Test worker AbstractGlobalTokenTestCase:214 MODIFY Modifier  had value ADD but it was not valid: Requested unknown ModifierType: Number  (Source: file:/TESTCASE )
2025-09-21T13:28:08.112350 LSTERROR Test worker AbstractGlobalTokenTestCase:214 MODIFY Modifier  had value 3 but it was not valid: Requested unknown ModifierType: Number  (Source: file:/TESTCASE )
2025-09-21T13:28:08.112350 LSTERROR Test worker AbstractGlobalTokenTestCase:214 MODIFY Modifier  had value ADD but it was not valid: Requested unknown ModifierType: Number  (Source: file:/TESTCASE )
2025-09-21T13:28:08.112350 LSTERROR Test worker AbstractGlobalTokenTestCase:214 MODIFY may not have empty argument (Source: file:/TESTCASE )
2025-09-21T13:28:08.112350 LSTERROR Test worker AbstractGlobalTokenTestCase:214 MODIFY Modifier  had value 3 but it was not valid: Requested unknown ModifierType: Number  (Source: file:/TESTCASE )
2025-09-21T13:28:08.112350 LSTERROR Test worker AbstractGlobalTokenTestCase:214 MODIFY Modifier  had value ADD but it was not valid: Requested unknown ModifierType: Number  (Source: file:/TESTCASE )
2025-09-21T13:28:08.112350 LSTERROR Test worker AbstractGlobalTokenTestCase:214 MODIFY may not have empty argument (Source: file:/TESTCASE )
2025-09-21T13:28:08.128012600 LSTERROR Test worker AbstractGlobalTokenTestCase:214 MODIFY found invalid var name: ADD(scope: PC) (Source: file:/TESTCASE )
2025-09-21T13:28:08.128012600 LSTERROR Test worker AbstractGlobalTokenTestCase:214 MODIFY Modifier  had value 3 but it was not valid: Requested unknown ModifierType: Number  (Source: file:/TESTCASE )
2025-09-21T13:28:08.128012600 LSTERROR Test worker AbstractGlobalTokenTestCase:214 MODIFY Modifier  had value ADD but it was not valid: Requested unknown ModifierType: Number  (Source: file:/TESTCASE )
2025-09-21T13:28:08.128012600 LSTERROR Test worker AbstractGlobalTokenTestCase:214 MODIFY may not have empty argument (Source: file:/TESTCASE )
2025-09-21T13:28:08.128012600 LSTERROR Test worker AbstractGlobalTokenTestCase:214 MODIFY found invalid var name: ADD(scope: PC) (Source: file:/TESTCASE )
2025-09-21T13:28:08.128012600 LSTERROR Test worker AbstractGlobalTokenTestCase:214 MODIFY found invalid var name: 4(scope: PC) (Source: file:/TESTCASE )
2025-09-21T13:28:08.128012600 LSTERROR Test worker AbstractGlobalTokenTestCase:214 MODIFY Modifier  had value 3 but it was not valid: Requested unknown ModifierType: Number  (Source: file:/TESTCASE )
2025-09-21T13:28:08.128012600 LSTERROR Test worker AbstractGlobalTokenTestCase:214 MODIFY Modifier  had value ADD but it was not valid: Requested unknown ModifierType: Number  (Source: file:/TESTCASE )
2025-09-21T13:28:08.128012600 LSTERROR Test worker AbstractGlobalTokenTestCase:214 MODIFY may not have empty argument (Source: file:/TESTCASE )
2025-09-21T13:28:08.128012600 LSTERROR Test worker AbstractGlobalTokenTestCase:214 MODIFY found invalid var name: ADD(scope: PC) (Source: file:/TESTCASE )
2025-09-21T13:28:08.128012600 LSTERROR Test worker AbstractGlobalTokenTestCase:214 MODIFY found invalid var name: 4(scope: PC) (Source: file:/TESTCASE )
2025-09-21T13:28:08.128012600 LSTERROR Test worker AbstractGlobalTokenTestCase:214 Token generated an IllegalArgumentException: Priority must be an integer &gt;= 0. -1000 was not positive
2025-09-21T13:28:08.128012600 LSTERROR Test worker AbstractGlobalTokenTestCase:214 Token processing failed (Source: file:/TESTCASE )
2025-09-21T13:28:08.128012600 LSTERROR Test worker AbstractGlobalTokenTestCase:214 Token generated an IllegalArgumentException: Priority must be an integer:  was not an integer
2025-09-21T13:28:08.143719500 LSTERROR Test worker AbstractGlobalTokenTestCase:214 Token processing failed (Source: file:/TESTCASE )
2025-09-21T13:28:08.143719500 LSTERROR Test worker AbstractGlobalTokenTestCase:214 Token generated an IllegalArgumentException: Priority must be an integer:  was not an integer
2025-09-21T13:28:08.143719500 LSTERROR Test worker AbstractGlobalTokenTestCase:214 Token processing failed (Source: file:/TESTCASE )
2025-09-21T13:28:08.143719500 LSTERROR Test worker AbstractGlobalTokenTestCase:214 MODIFY Modifier TRUFFLE had value 3 but it was not valid: Requested unknown ModifierType: Number TRUFFLE (Source: file:/TESTCASE )
</pre>
</span>
</div>
</div>
<div id="footer">
<p>
<div>
<label class="hidden" id="label-for-line-wrapping-toggle" for="line-wrapping-toggle">Wrap lines
<input id="line-wrapping-toggle" type="checkbox" autocomplete="off"/>
</label>
</div>Generated by 
<a href="http://www.gradle.org">Gradle 8.10.2</a> at Sep 21, 2025, 9:28:51 AM</p>
</div>
</div>
</body>
</html>
