<!DOCTYPE html>
<html>
<head>
<meta http-equiv="Content-Type" content="text/html; charset=utf-8"/>
<meta http-equiv="x-ua-compatible" content="IE=edge"/>
<title>Test results - SpellsLstTest</title>
<link href="../css/base-style.css" rel="stylesheet" type="text/css"/>
<link href="../css/style.css" rel="stylesheet" type="text/css"/>
<script src="../js/report.js" type="text/javascript"></script>
</head>
<body>
<div id="content">
<h1>SpellsLstTest</h1>
<div class="breadcrumbs">
<a href="../index.html">all</a> &gt; 
<a href="../packages/plugin.lsttokens.html">plugin.lsttokens</a> &gt; SpellsLstTest</div>
<div id="summary">
<table>
<tr>
<td>
<div class="summaryGroup">
<table>
<tr>
<td>
<div class="infoBox" id="tests">
<div class="counter">42</div>
<p>tests</p>
</div>
</td>
<td>
<div class="infoBox" id="failures">
<div class="counter">0</div>
<p>failures</p>
</div>
</td>
<td>
<div class="infoBox" id="ignored">
<div class="counter">0</div>
<p>ignored</p>
</div>
</td>
<td>
<div class="infoBox" id="duration">
<div class="counter">0.101s</div>
<p>duration</p>
</div>
</td>
</tr>
</table>
</div>
</td>
<td>
<div class="infoBox success" id="successRate">
<div class="percent">100%</div>
<p>successful</p>
</div>
</td>
</tr>
</table>
</div>
<div id="tabs">
<ul class="tabLinks">
<li>
<a href="#tab0">Tests</a>
</li>
<li>
<a href="#tab1">Standard error</a>
</li>
</ul>
<div id="tab0" class="tab">
<h2>Tests</h2>
<table>
<thead>
<tr>
<th>Test</th>
<th>Duration</th>
<th>Result</th>
</tr>
</thead>
<tr>
<td class="success">testAvoidContext()</td>
<td class="success">0.001s</td>
<td class="success">passed</td>
</tr>
<tr>
<td class="success">testCleanup()</td>
<td class="success">0.001s</td>
<td class="success">passed</td>
</tr>
<tr>
<td class="success">testInvalidBadCasterLevel()</td>
<td class="success">0.002s</td>
<td class="success">passed</td>
</tr>
<tr>
<td class="success">testInvalidBadTimes()</td>
<td class="success">0.002s</td>
<td class="success">passed</td>
</tr>
<tr>
<td class="success">testInvalidChainedClear()</td>
<td class="success">0.003s</td>
<td class="success">passed</td>
</tr>
<tr>
<td class="success">testInvalidDoubleBar()</td>
<td class="success">0.003s</td>
<td class="success">passed</td>
</tr>
<tr>
<td class="success">testInvalidEmpty()</td>
<td class="success">0.002s</td>
<td class="success">passed</td>
</tr>
<tr>
<td class="success">testInvalidEmptyCasterLevel()</td>
<td class="success">0.002s</td>
<td class="success">passed</td>
</tr>
<tr>
<td class="success">testInvalidEmptySpellbook()</td>
<td class="success">0.003s</td>
<td class="success">passed</td>
</tr>
<tr>
<td class="success">testInvalidEmptyTimeUnit()</td>
<td class="success">0.002s</td>
<td class="success">passed</td>
</tr>
<tr>
<td class="success">testInvalidEmptyTimes()</td>
<td class="success">0.003s</td>
<td class="success">passed</td>
</tr>
<tr>
<td class="success">testInvalidOnlyLevel()</td>
<td class="success">0.003s</td>
<td class="success">passed</td>
</tr>
<tr>
<td class="success">testInvalidOnlyLevelBar()</td>
<td class="success">0.001s</td>
<td class="success">passed</td>
</tr>
<tr>
<td class="success">testInvalidOnlyPre()</td>
<td class="success">0.003s</td>
<td class="success">passed</td>
</tr>
<tr>
<td class="success">testInvalidOnlyTimes()</td>
<td class="success">0.003s</td>
<td class="success">passed</td>
</tr>
<tr>
<td class="success">testInvalidOnlyTimesBar()</td>
<td class="success">0.002s</td>
<td class="success">passed</td>
</tr>
<tr>
<td class="success">testInvalidSpellCommaEnding()</td>
<td class="success">0.002s</td>
<td class="success">passed</td>
</tr>
<tr>
<td class="success">testInvalidSpellCommaStarting()</td>
<td class="success">0.001s</td>
<td class="success">passed</td>
</tr>
<tr>
<td class="success">testInvalidSpellDoubleComma()</td>
<td class="success">0.002s</td>
<td class="success">passed</td>
</tr>
<tr>
<td class="success">testInvalidSpellDoublePipe()</td>
<td class="success">0.002s</td>
<td class="success">passed</td>
</tr>
<tr>
<td class="success">testInvalidSpellEmbeddedPre()</td>
<td class="success">0.003s</td>
<td class="success">passed</td>
</tr>
<tr>
<td class="success">testInvalidSpellbookAndSpellBarOnly()</td>
<td class="success">0.002s</td>
<td class="success">passed</td>
</tr>
<tr>
<td class="success">testInvalidSpellbookBarOnly()</td>
<td class="success">0.001s</td>
<td class="success">passed</td>
</tr>
<tr>
<td class="success">testInvalidSpellbookOnly()</td>
<td class="success">0.002s</td>
<td class="success">passed</td>
</tr>
<tr>
<td class="success">testInvalidTimeUnitNoSpell()</td>
<td class="success">0.001s</td>
<td class="success">passed</td>
</tr>
<tr>
<td class="success">testInvalidTwoCasterLevel()</td>
<td class="success">0.001s</td>
<td class="success">passed</td>
</tr>
<tr>
<td class="success">testInvalidTwoTimeUnit()</td>
<td class="success">0.002s</td>
<td class="success">passed</td>
</tr>
<tr>
<td class="success">testInvalidTwoTimes()</td>
<td class="success">0.002s</td>
<td class="success">passed</td>
</tr>
<tr>
<td class="success">testOverwrite()</td>
<td class="success">0.001s</td>
<td class="success">passed</td>
</tr>
<tr>
<td class="success">testRoundRobinCasterLevel()</td>
<td class="success">0.003s</td>
<td class="success">passed</td>
</tr>
<tr>
<td class="success">testRoundRobinComplex()</td>
<td class="success">0.004s</td>
<td class="success">passed</td>
</tr>
<tr>
<td class="success">testRoundRobinComplexFormulaTimes()</td>
<td class="success">0.004s</td>
<td class="success">passed</td>
</tr>
<tr>
<td class="success">testRoundRobinDC()</td>
<td class="success">0.003s</td>
<td class="success">passed</td>
</tr>
<tr>
<td class="success">testRoundRobinJustSpell()</td>
<td class="success">0.004s</td>
<td class="success">passed</td>
</tr>
<tr>
<td class="success">testRoundRobinPre()</td>
<td class="success">0.003s</td>
<td class="success">passed</td>
</tr>
<tr>
<td class="success">testRoundRobinTimeUnit()</td>
<td class="success">0.004s</td>
<td class="success">passed</td>
</tr>
<tr>
<td class="success">testRoundRobinTimes()</td>
<td class="success">0.004s</td>
<td class="success">passed</td>
</tr>
<tr>
<td class="success">testRoundRobinTwoBooksJustSpell()</td>
<td class="success">0.003s</td>
<td class="success">passed</td>
</tr>
<tr>
<td class="success">testRoundRobinTwoLevelJustSpell()</td>
<td class="success">0.003s</td>
<td class="success">passed</td>
</tr>
<tr>
<td class="success">testRoundRobinTwoSpell()</td>
<td class="success">0.003s</td>
<td class="success">passed</td>
</tr>
<tr>
<td class="success">testRoundRobinTwoTimesJustSpell()</td>
<td class="success">0.004s</td>
<td class="success">passed</td>
</tr>
<tr>
<td class="success">testValidClear()</td>
<td class="success">0.001s</td>
<td class="success">passed</td>
</tr>
</table>
</div>
<div id="tab1" class="tab">
<h2>Standard error</h2>
<span class="code">
<pre>2025-09-21T13:28:09.128960800 LSTERROR Test worker AbstractGlobalTokenTestCase:214 First token of SPELLKNOWN must be CLASS: SKILL|Cleric=2|Fireball (Source: file:/TESTCASE )
2025-09-21T13:28:09.128960800 LSTERROR Test worker AbstractGlobalTokenTestCase:214 Invalid SPELLKNOWN not enough tokens: PRECLASS:1,Fighter (Source: file:/TESTCASE )
2025-09-21T13:28:09.128960800 LSTERROR Test worker AbstractGlobalTokenTestCase:214 Invalid SPELLKNOWN not enough tokens: CLASS|PRECLASS:1,Fighter (Source: file:/TESTCASE )
2025-09-21T13:28:09.128960800 LSTERROR Test worker AbstractGlobalTokenTestCase:214 Insufficient values in SPELLKNOWN tag: CLASS|Cleric=2|PRECLASS:1,Fighter (Source: file:/TESTCASE )
2025-09-21T13:28:09.128960800 LSTERROR Test worker AbstractGlobalTokenTestCase:214 SPELLKNOWN may not have empty argument (Source: file:/TESTCASE )
2025-09-21T13:28:09.128960800 LSTERROR Test worker AbstractGlobalTokenTestCase:214 SpellBook in SPELLS cannot be empty (Source: file:/TESTCASE )
2025-09-21T13:28:09.128960800 LSTERROR Test worker AbstractGlobalTokenTestCase:214 First token of SPELLKNOWN must be CLASS: SKILL|Cleric=2|Fireball (Source: file:/TESTCASE )
2025-09-21T13:28:09.128960800 LSTERROR Test worker AbstractGlobalTokenTestCase:214 Invalid SPELLKNOWN not enough tokens: PRECLASS:1,Fighter (Source: file:/TESTCASE )
2025-09-21T13:28:09.128960800 LSTERROR Test worker AbstractGlobalTokenTestCase:214 Invalid SPELLKNOWN not enough tokens: CLASS|PRECLASS:1,Fighter (Source: file:/TESTCASE )
2025-09-21T13:28:09.128960800 LSTERROR Test worker AbstractGlobalTokenTestCase:214 Insufficient values in SPELLKNOWN tag: CLASS|Cleric=2|PRECLASS:1,Fighter (Source: file:/TESTCASE )
2025-09-21T13:28:09.128960800 LSTERROR Test worker AbstractGlobalTokenTestCase:214 SPELLKNOWN may not have empty argument (Source: file:/TESTCASE )
2025-09-21T13:28:09.128960800 LSTERROR Test worker AbstractGlobalTokenTestCase:214 SpellBook in SPELLS cannot be empty (Source: file:/TESTCASE )
2025-09-21T13:28:09.128960800 LSTERROR Test worker AbstractGlobalTokenTestCase:214 Error in Times in SPELLS: argument was empty (Source: file:/TESTCASE )
2025-09-21T13:28:09.128960800 LSTERROR Test worker AbstractGlobalTokenTestCase:214 First token of SPELLKNOWN must be CLASS: SKILL|Cleric=2|Fireball (Source: file:/TESTCASE )
2025-09-21T13:28:09.128960800 LSTERROR Test worker AbstractGlobalTokenTestCase:214 Invalid SPELLKNOWN not enough tokens: PRECLASS:1,Fighter (Source: file:/TESTCASE )
2025-09-21T13:28:09.128960800 LSTERROR Test worker AbstractGlobalTokenTestCase:214 Invalid SPELLKNOWN not enough tokens: CLASS|PRECLASS:1,Fighter (Source: file:/TESTCASE )
2025-09-21T13:28:09.128960800 LSTERROR Test worker AbstractGlobalTokenTestCase:214 Insufficient values in SPELLKNOWN tag: CLASS|Cleric=2|PRECLASS:1,Fighter (Source: file:/TESTCASE )
2025-09-21T13:28:09.128960800 LSTERROR Test worker AbstractGlobalTokenTestCase:214 SPELLKNOWN may not have empty argument (Source: file:/TESTCASE )
2025-09-21T13:28:09.128960800 LSTERROR Test worker AbstractGlobalTokenTestCase:214 SpellBook in SPELLS cannot be empty (Source: file:/TESTCASE )
2025-09-21T13:28:09.128960800 LSTERROR Test worker AbstractGlobalTokenTestCase:214 Error in Times in SPELLS: argument was empty (Source: file:/TESTCASE )
2025-09-21T13:28:09.128960800 LSTERROR Test worker AbstractGlobalTokenTestCase:214 SPELLS: minimally requires a Spell Name (after CASTERLEVEL=) (Source: file:/TESTCASE )
2025-09-21T13:28:09.128960800 LSTERROR Test worker AbstractGlobalTokenTestCase:214 First token of SPELLKNOWN must be CLASS: SKILL|Cleric=2|Fireball (Source: file:/TESTCASE )
2025-09-21T13:28:09.128960800 LSTERROR Test worker AbstractGlobalTokenTestCase:214 Invalid SPELLKNOWN not enough tokens: PRECLASS:1,Fighter (Source: file:/TESTCASE )
2025-09-21T13:28:09.128960800 LSTERROR Test worker AbstractGlobalTokenTestCase:214 Invalid SPELLKNOWN not enough tokens: CLASS|PRECLASS:1,Fighter (Source: file:/TESTCASE )
2025-09-21T13:28:09.128960800 LSTERROR Test worker AbstractGlobalTokenTestCase:214 Insufficient values in SPELLKNOWN tag: CLASS|Cleric=2|PRECLASS:1,Fighter (Source: file:/TESTCASE )
2025-09-21T13:28:09.128960800 LSTERROR Test worker AbstractGlobalTokenTestCase:214 SPELLKNOWN may not have empty argument (Source: file:/TESTCASE )
2025-09-21T13:28:09.128960800 LSTERROR Test worker AbstractGlobalTokenTestCase:214 SpellBook in SPELLS cannot be empty (Source: file:/TESTCASE )
2025-09-21T13:28:09.128960800 LSTERROR Test worker AbstractGlobalTokenTestCase:214 Error in Times in SPELLS: argument was empty (Source: file:/TESTCASE )
2025-09-21T13:28:09.128960800 LSTERROR Test worker AbstractGlobalTokenTestCase:214 SPELLS: minimally requires a Spell Name (after CASTERLEVEL=) (Source: file:/TESTCASE )
2025-09-21T13:28:09.128960800 LSTERROR Test worker AbstractGlobalTokenTestCase:214 SPELLS: minimally requires a Spell Name (after TIMES=) (Source: file:/TESTCASE )
!
2025-09-21T13:28:09.144673900 LSTERROR Test worker AbstractGlobalTokenTestCase:214 Spell arguments may not be empty in SPELLS: SpellBook|CASTERLEVEL=3| (Source: file:/TESTCASE )
2025-09-21T13:28:09.144673900 LSTERROR Test worker AbstractGlobalTokenTestCase:214 Spell arguments may not be empty in SPELLS: SpellBook|CASTERLEVEL=3| (Source: file:/TESTCASE )
2025-09-21T13:28:09.144673900 LSTERROR Test worker AbstractGlobalTokenTestCase:214 Spell arguments may not be empty in SPELLS: SpellBook|TIMES=3| (Source: file:/TESTCASE )
2025-09-21T13:28:09.144673900 LSTERROR Test worker AbstractGlobalTokenTestCase:214 Found two CASTERLEVEL entries in SPELLS: invalid: SpellBook|CASTERLEVEL=3|CASTERLEVEL=4|Fireball (Source: file:/TESTCASE )
2025-09-21T13:28:09.144673900 LSTERROR Test worker AbstractGlobalTokenTestCase:214 Found two CASTERLEVEL entries in SPELLS: invalid: SpellBook|CASTERLEVEL=3|CASTERLEVEL=4|Fireball (Source: file:/TESTCASE )
2025-09-21T13:28:09.144673900 LSTERROR Test worker AbstractGlobalTokenTestCase:214 Token generated an IllegalArgumentException: = cannot be a in valid single item (perhaps something like TYPE= is not supported in this token?): TIMES=1
2025-09-21T13:28:09.144673900 LSTERROR Test worker AbstractGlobalTokenTestCase:214 Token processing failed (Source: file:/TESTCASE )
2025-09-21T13:28:09.160320500 LSTERROR Test worker AbstractGlobalTokenTestCase:214 SPELLS Spell arguments may not end with , : Fireball, (Source: file:/TESTCASE )
2025-09-21T13:28:09.160320500 LSTERROR Test worker AbstractGlobalTokenTestCase:214 SPELLS: minimally requires a Spell Name (Source: file:/TESTCASE )
2025-09-21T13:28:09.176519100 LSTERROR Test worker AbstractGlobalTokenTestCase:214 SPELLS Spell arguments may not start with , : ,Fireball (Source: file:/TESTCASE )
2025-09-21T13:28:09.176519100 LSTERROR Test worker AbstractGlobalTokenTestCase:214 SPELLS Spell arguments may not start with , : ,Fireball (Source: file:/TESTCASE )
2025-09-21T13:28:09.176519100 LSTERROR Test worker AbstractGlobalTokenTestCase:214 Spell arguments may not be empty in SPELLS: SpellBook| (Source: file:/TESTCASE )
2025-09-21T13:28:09.176519100 LSTERROR Test worker AbstractGlobalTokenTestCase:214 Found two TIMES entries in SPELLS: invalid: SpellBook|TIMES=3|TIMES=4|Fireball (Source: file:/TESTCASE )
2025-09-21T13:28:09.176519100 LSTERROR Test worker AbstractGlobalTokenTestCase:214 Error in Caster Level in SPELLS: argument was empty (Source: file:/TESTCASE )
2025-09-21T13:28:09.192136100 LSTERROR Test worker AbstractGlobalTokenTestCase:214 SPELLS Spell arguments uses double separator ,, : Fireball,,DCFormula (Source: file:/TESTCASE )
2025-09-21T13:28:09.192136100 LSTERROR Test worker AbstractGlobalTokenTestCase:214 SPELLS Spell arguments uses double separator ,, : Fireball,,DCFormula (Source: file:/TESTCASE )
2025-09-21T13:28:09.192136100 LSTERROR Test worker AbstractGlobalTokenTestCase:214 Error in Caster Level in SPELLS: argument was empty (Source: file:/TESTCASE )
2025-09-21T13:28:09.192136100 LSTERROR Test worker AbstractGlobalTokenTestCase:214 SPELLS Spell arguments uses double separator ,, : Fireball,,DCFormula (Source: file:/TESTCASE )
2025-09-21T13:28:09.192136100 LSTERROR Test worker AbstractGlobalTokenTestCase:214 Error in Caster Level in SPELLS: argument was empty (Source: file:/TESTCASE )
2025-09-21T13:28:09.192136100 LSTERROR Test worker AbstractGlobalTokenTestCase:214 Error in Times in SPELLS: argument was empty (Source: file:/TESTCASE )
2025-09-21T13:28:09.192136100 LSTERROR Test worker AbstractGlobalTokenTestCase:214 SPELLS Spell arguments uses double separator ,, : Fireball,,DCFormula (Source: file:/TESTCASE )
2025-09-21T13:28:09.192136100 LSTERROR Test worker AbstractGlobalTokenTestCase:214 Error in Caster Level in SPELLS: argument was empty (Source: file:/TESTCASE )
2025-09-21T13:28:09.192136100 LSTERROR Test worker AbstractGlobalTokenTestCase:214 Error in Times in SPELLS: argument was empty (Source: file:/TESTCASE )
2025-09-21T13:28:09.192136100 LSTERROR Test worker AbstractGlobalTokenTestCase:214 Spell arguments may not end with comma or pipe in SPELLS: SpellBook|Fireball||Lightning Bolt (Source: file:/TESTCASE )
2025-09-21T13:28:09.208190 LSTERROR Test worker AbstractGlobalTokenTestCase:214 Found two TIMEUNIT entries in SPELLS: invalid: SpellBook|TIMEUNIT=Hour|TIMEUNIT=Day|Fireball (Source: file:/TESTCASE )
2025-09-21T13:28:09.208190 LSTERROR Test worker AbstractGlobalTokenTestCase:214 Found two TIMEUNIT entries in SPELLS: invalid: SpellBook|TIMEUNIT=Hour|TIMEUNIT=Day|Fireball (Source: file:/TESTCASE )
2025-09-21T13:28:09.208190 LSTERROR Test worker AbstractGlobalTokenTestCase:214 SPELLS: minimally requires a Spell Name (after TIMEUNIT=) (Source: file:/TESTCASE )
2025-09-21T13:28:09.208190 LSTERROR Test worker AbstractGlobalTokenTestCase:214 Found two TIMEUNIT entries in SPELLS: invalid: SpellBook|TIMEUNIT=Hour|TIMEUNIT=Day|Fireball (Source: file:/TESTCASE )
2025-09-21T13:28:09.208190 LSTERROR Test worker AbstractGlobalTokenTestCase:214 SPELLS: minimally requires a Spell Name (after TIMEUNIT=) (Source: file:/TESTCASE )
2025-09-21T13:28:09.208190 LSTERROR Test worker AbstractGlobalTokenTestCase:214 Spell arguments may not end with comma or pipe in SPELLS: SpellBook|Fireball| (Source: file:/TESTCASE )
2025-09-21T13:28:09.208190 LSTERROR Test worker AbstractGlobalTokenTestCase:214 Found two TIMEUNIT entries in SPELLS: invalid: SpellBook|TIMEUNIT=Hour|TIMEUNIT=Day|Fireball (Source: file:/TESTCASE )
2025-09-21T13:28:09.208190 LSTERROR Test worker AbstractGlobalTokenTestCase:214 SPELLS: minimally requires a Spell Name (after TIMEUNIT=) (Source: file:/TESTCASE )
2025-09-21T13:28:09.208190 LSTERROR Test worker AbstractGlobalTokenTestCase:214 Spell arguments may not end with comma or pipe in SPELLS: SpellBook|Fireball| (Source: file:/TESTCASE )
2025-09-21T13:28:09.208190 LSTERROR Test worker AbstractGlobalTokenTestCase:214 Token generated an IllegalArgumentException: : cannot exist in a valid single item (did you try to use a PRE where it is not supported?) PRERACE:1
2025-09-21T13:28:09.208190 LSTERROR Test worker AbstractGlobalTokenTestCase:214 Token processing failed (Source: file:/TESTCASE )
2025-09-21T13:28:09.208190 LSTERROR Test worker AbstractGlobalTokenTestCase:214 Found two TIMEUNIT entries in SPELLS: invalid: SpellBook|TIMEUNIT=Hour|TIMEUNIT=Day|Fireball (Source: file:/TESTCASE )
2025-09-21T13:28:09.208190 LSTERROR Test worker AbstractGlobalTokenTestCase:214 SPELLS: minimally requires a Spell Name (after TIMEUNIT=) (Source: file:/TESTCASE )
2025-09-21T13:28:09.208190 LSTERROR Test worker AbstractGlobalTokenTestCase:214 Spell arguments may not end with comma or pipe in SPELLS: SpellBook|Fireball| (Source: file:/TESTCASE )
2025-09-21T13:28:09.208190 LSTERROR Test worker AbstractGlobalTokenTestCase:214 Token generated an IllegalArgumentException: : cannot exist in a valid single item (did you try to use a PRE where it is not supported?) PRERACE:1
2025-09-21T13:28:09.208190 LSTERROR Test worker AbstractGlobalTokenTestCase:214 Token processing failed (Source: file:/TESTCASE )
2025-09-21T13:28:09.208190 LSTERROR Test worker AbstractGlobalTokenTestCase:214 SPELLS may not have empty argument (Source: file:/TESTCASE )
2025-09-21T13:28:09.208190 LSTERROR Test worker AbstractGlobalTokenTestCase:214 Found two TIMEUNIT entries in SPELLS: invalid: SpellBook|TIMEUNIT=Hour|TIMEUNIT=Day|Fireball (Source: file:/TESTCASE )
2025-09-21T13:28:09.208190 LSTERROR Test worker AbstractGlobalTokenTestCase:214 SPELLS: minimally requires a Spell Name (after TIMEUNIT=) (Source: file:/TESTCASE )
2025-09-21T13:28:09.208190 LSTERROR Test worker AbstractGlobalTokenTestCase:214 Spell arguments may not end with comma or pipe in SPELLS: SpellBook|Fireball| (Source: file:/TESTCASE )
2025-09-21T13:28:09.208190 LSTERROR Test worker AbstractGlobalTokenTestCase:214 Token generated an IllegalArgumentException: : cannot exist in a valid single item (did you try to use a PRE where it is not supported?) PRERACE:1
2025-09-21T13:28:09.208190 LSTERROR Test worker AbstractGlobalTokenTestCase:214 Token processing failed (Source: file:/TESTCASE )
2025-09-21T13:28:09.208190 LSTERROR Test worker AbstractGlobalTokenTestCase:214 SPELLS may not have empty argument (Source: file:/TESTCASE )
2025-09-21T13:28:09.208190 LSTERROR Test worker AbstractGlobalTokenTestCase:214 Error parsing Prerequisite in SPELLS: Lightning Bolt
  'Lightning Bolt' is a badly formatted prereq.
2025-09-21T13:28:09.208190 LSTERROR Test worker AbstractGlobalTokenTestCase:214    (Did you put spells after the PRExxx tags in SPELLS:?) (Source: file:/TESTCASE )
2025-09-21T13:28:09.208190 LSTERROR Test worker AbstractGlobalTokenTestCase:214 Found two TIMEUNIT entries in SPELLS: invalid: SpellBook|TIMEUNIT=Hour|TIMEUNIT=Day|Fireball (Source: file:/TESTCASE )
2025-09-21T13:28:09.224073200 LSTERROR Test worker AbstractGlobalTokenTestCase:214 SPELLS: minimally requires a Spell Name (after TIMEUNIT=) (Source: file:/TESTCASE )
2025-09-21T13:28:09.224073200 LSTERROR Test worker AbstractGlobalTokenTestCase:214 Spell arguments may not end with comma or pipe in SPELLS: SpellBook|Fireball| (Source: file:/TESTCASE )
2025-09-21T13:28:09.224073200 LSTERROR Test worker AbstractGlobalTokenTestCase:214 Token generated an IllegalArgumentException: : cannot exist in a valid single item (did you try to use a PRE where it is not supported?) PRERACE:1
2025-09-21T13:28:09.224073200 LSTERROR Test worker AbstractGlobalTokenTestCase:214 Token processing failed (Source: file:/TESTCASE )
2025-09-21T13:28:09.224073200 LSTERROR Test worker AbstractGlobalTokenTestCase:214 SPELLS may not have empty argument (Source: file:/TESTCASE )
2025-09-21T13:28:09.224073200 LSTERROR Test worker AbstractGlobalTokenTestCase:214 Error parsing Prerequisite in SPELLS: Lightning Bolt
  'Lightning Bolt' is a badly formatted prereq.
2025-09-21T13:28:09.224073200 LSTERROR Test worker AbstractGlobalTokenTestCase:214    (Did you put spells after the PRExxx tags in SPELLS:?) (Source: file:/TESTCASE )
2025-09-21T13:28:09.224073200 LSTERROR Test worker AbstractGlobalTokenTestCase:214 Spell arguments may not be empty in SPELLS: SpellBook||Fireball (Source: file:/TESTCASE )
2025-09-21T13:28:09.224073200 LSTERROR Test worker AbstractGlobalTokenTestCase:214 Error in TimeUnit in SPELLS: argument was empty (Source: file:/TESTCASE )
</pre>
</span>
</div>
</div>
<div id="footer">
<p>
<div>
<label class="hidden" id="label-for-line-wrapping-toggle" for="line-wrapping-toggle">Wrap lines
<input id="line-wrapping-toggle" type="checkbox" autocomplete="off"/>
</label>
</div>Generated by 
<a href="http://www.gradle.org">Gradle 8.10.2</a> at Sep 21, 2025, 9:28:51â€¯AM</p>
</div>
</div>
</body>
</html>
