<!DOCTYPE html>
<html>
<head>
<meta http-equiv="Content-Type" content="text/html; charset=utf-8"/>
<meta http-equiv="x-ua-compatible" content="IE=edge"/>
<title>Test results - SkillListTokenTest</title>
<link href="../css/base-style.css" rel="stylesheet" type="text/css"/>
<link href="../css/style.css" rel="stylesheet" type="text/css"/>
<script src="../js/report.js" type="text/javascript"></script>
</head>
<body>
<div id="content">
<h1>SkillListTokenTest</h1>
<div class="breadcrumbs">
<a href="../index.html">all</a> &gt; 
<a href="../packages/plugin.lsttokens.pcclass.html">plugin.lsttokens.pcclass</a> &gt; SkillListTokenTest</div>
<div id="summary">
<table>
<tr>
<td>
<div class="summaryGroup">
<table>
<tr>
<td>
<div class="infoBox" id="tests">
<div class="counter">30</div>
<p>tests</p>
</div>
</td>
<td>
<div class="infoBox" id="failures">
<div class="counter">0</div>
<p>failures</p>
</div>
</td>
<td>
<div class="infoBox" id="ignored">
<div class="counter">0</div>
<p>ignored</p>
</div>
</td>
<td>
<div class="infoBox" id="duration">
<div class="counter">0.057s</div>
<p>duration</p>
</div>
</td>
</tr>
</table>
</div>
</td>
<td>
<div class="infoBox success" id="successRate">
<div class="percent">100%</div>
<p>successful</p>
</div>
</td>
</tr>
</table>
</div>
<div id="tabs">
<ul class="tabLinks">
<li>
<a href="#tab0">Tests</a>
</li>
<li>
<a href="#tab1">Standard error</a>
</li>
</ul>
<div id="tab0" class="tab">
<h2>Tests</h2>
<table>
<thead>
<tr>
<th>Test</th>
<th>Duration</th>
<th>Result</th>
</tr>
</thead>
<tr>
<td class="success">testInputInvalidAddsAllNoSideEffect()</td>
<td class="success">0.003s</td>
<td class="success">passed</td>
</tr>
<tr>
<td class="success">testInvalidDoublePipe()</td>
<td class="success">0.002s</td>
<td class="success">passed</td>
</tr>
<tr>
<td class="success">testInvalidInputAnyItem()</td>
<td class="success">0.001s</td>
<td class="success">passed</td>
</tr>
<tr>
<td class="success">testInvalidInputCheckMult()</td>
<td class="success">0.002s</td>
<td class="success">passed</td>
</tr>
<tr>
<td class="success">testInvalidInputCountNaN()</td>
<td class="success">0.002s</td>
<td class="success">passed</td>
</tr>
<tr>
<td class="success">testInvalidInputItemAny()</td>
<td class="success">0.006s</td>
<td class="success">passed</td>
</tr>
<tr>
<td class="success">testInvalidInputJoinedDot()</td>
<td class="success">0.002s</td>
<td class="success">passed</td>
</tr>
<tr>
<td class="success">testInvalidInputNaN()</td>
<td class="success">0.002s</td>
<td class="success">passed</td>
</tr>
<tr>
<td class="success">testInvalidInputNoCount()</td>
<td class="success">0.001s</td>
<td class="success">passed</td>
</tr>
<tr>
<td class="success">testInvalidInputOnlyNumber()</td>
<td class="success">0.001s</td>
<td class="success">passed</td>
</tr>
<tr>
<td class="success">testInvalidInputString()</td>
<td class="success">0.002s</td>
<td class="success">passed</td>
</tr>
<tr>
<td class="success">testInvalidInputType()</td>
<td class="success">0.002s</td>
<td class="success">passed</td>
</tr>
<tr>
<td class="success">testInvalidInputUnbuilt()</td>
<td class="success">0.002s</td>
<td class="success">passed</td>
</tr>
<tr>
<td class="success">testInvalidListDoubleJoin()</td>
<td class="success">0.002s</td>
<td class="success">passed</td>
</tr>
<tr>
<td class="success">testInvalidListEnd()</td>
<td class="success">0.001s</td>
<td class="success">passed</td>
</tr>
<tr>
<td class="success">testInvalidNegativeCount()</td>
<td class="success">0.001s</td>
<td class="success">passed</td>
</tr>
<tr>
<td class="success">testInvalidNoCount()</td>
<td class="success">0.002s</td>
<td class="success">passed</td>
</tr>
<tr>
<td class="success">testInvalidNoObject()</td>
<td class="success">0.003s</td>
<td class="success">passed</td>
</tr>
<tr>
<td class="success">testInvalidZeroCount()</td>
<td class="success">0.001s</td>
<td class="success">passed</td>
</tr>
<tr>
<td class="success">testNoStackTrace()</td>
<td class="success">0.001s</td>
<td class="success">passed</td>
</tr>
<tr>
<td class="success">testOverwrite()</td>
<td class="success">0.002s</td>
<td class="success">passed</td>
</tr>
<tr>
<td class="success">testRoundRobinAll()</td>
<td class="success">0.003s</td>
<td class="success">passed</td>
</tr>
<tr>
<td class="success">testRoundRobinOne()</td>
<td class="success">0.004s</td>
<td class="success">passed</td>
</tr>
<tr>
<td class="success">testRoundRobinThree()</td>
<td class="success">0.003s</td>
<td class="success">passed</td>
</tr>
<tr>
<td class="success">testUnparseBadCount()</td>
<td class="success">0.001s</td>
<td class="success">passed</td>
</tr>
<tr>
<td class="success">testUnparseGenericsFail()</td>
<td class="success">0.001s</td>
<td class="success">passed</td>
</tr>
<tr>
<td class="success">testUnparseMultiple()</td>
<td class="success">0.001s</td>
<td class="success">passed</td>
</tr>
<tr>
<td class="success">testUnparseNull()</td>
<td class="success">0.001s</td>
<td class="success">passed</td>
</tr>
<tr>
<td class="success">testUnparseNullInList()</td>
<td class="success">0.001s</td>
<td class="success">passed</td>
</tr>
<tr>
<td class="success">testUnparseSingle()</td>
<td class="success">0.001s</td>
<td class="success">passed</td>
</tr>
</table>
</div>
<div id="tab1" class="tab">
<h2>Standard error</h2>
<span class="code">
<pre>2025-09-21T13:28:30.135796800 LSTERROR Test worker AbstractTokenTestCase:246 Count in SKILLLIST must be &gt; 0 (Source: file:/TESTCASE )
2025-09-21T13:28:30.135796800 LSTERROR Test worker AbstractTokenTestCase:246 Count in SKILLLIST must be &gt; 0 (Source: file:/TESTCASE )
2025-09-21T13:28:30.135796800 LSTERROR Test worker AbstractTokenTestCase:246 SKILLLIST arguments may not start with | : |TestWP1|TestWP2 (Source: file:/TESTCASE )
2025-09-21T13:28:30.135796800 SEVERE Test worker GroupingState:80 Attempt to add 'ALLOWS_UNION' grouping state to 'ALLOWS_NONE' resulted in 'INVALID'.
2025-09-21T13:28:30.135796800 LSTERROR Test worker AbstractTokenTestCase:246 Count in SKILLLIST must be &gt; 0 (Source: file:/TESTCASE )
2025-09-21T13:28:30.135796800 LSTERROR Test worker AbstractTokenTestCase:246 SKILLLIST arguments may not start with | : |TestWP1|TestWP2 (Source: file:/TESTCASE )
2025-09-21T13:28:30.135796800 LSTERROR Test worker AbstractTokenTestCase:246 Non-sensical SKILLLIST: Contains ANY and a specific reference: 1|TestWP1|ALL (Source: file:/TESTCASE )
2025-09-21T13:28:30.151468 LSTERROR Test worker AbstractTokenTestCase:246 Count in SKILLLIST must be &gt; 0 (Source: file:/TESTCASE )
2025-09-21T13:28:30.151468 LSTERROR Test worker AbstractTokenTestCase:246 SKILLLIST arguments may not start with | : |TestWP1|TestWP2 (Source: file:/TESTCASE )
2025-09-21T13:28:30.151468 LSTERROR Test worker AbstractTokenTestCase:246 Non-sensical SKILLLIST: Contains ANY and a specific reference: 1|TestWP1|ALL (Source: file:/TESTCASE )
2025-09-21T13:28:30.151468 LSTERROR Test worker AbstractTokenTestCase:246 Count in SKILLLIST must be &gt; 0 (Source: file:/TESTCASE )
2025-09-21T13:28:30.151468 LSTERROR Test worker AbstractTokenTestCase:246 Count in SKILLLIST must be &gt; 0 (Source: file:/TESTCASE )
2025-09-21T13:28:30.151468 LSTERROR Test worker AbstractTokenTestCase:246 SKILLLIST arguments may not start with | : |TestWP1|TestWP2 (Source: file:/TESTCASE )
2025-09-21T13:28:30.151468 LSTERROR Test worker AbstractTokenTestCase:246 Non-sensical SKILLLIST: Contains ANY and a specific reference: 1|TestWP1|ALL (Source: file:/TESTCASE )
2025-09-21T13:28:30.151468 LSTERROR Test worker AbstractTokenTestCase:246 Count in SKILLLIST must be &gt; 0 (Source: file:/TESTCASE )
2025-09-21T13:28:30.151468 LSTERROR Test worker AbstractTokenTestCase:246 SKILLLIST arguments may not end with | : 1|TestWP1| (Source: file:/TESTCASE )
2025-09-21T13:28:30.151468 SEVERE Test worker GroupingState:80 Attempt to add 'ALLOWS_UNION' grouping state to 'ALLOWS_NONE' resulted in 'INVALID'.
2025-09-21T13:28:30.151468 LSTERROR Test worker AbstractTokenTestCase:246 Count in SKILLLIST must be &gt; 0 (Source: file:/TESTCASE )
2025-09-21T13:28:30.151468 LSTERROR Test worker AbstractTokenTestCase:246 SKILLLIST arguments may not start with | : |TestWP1|TestWP2 (Source: file:/TESTCASE )
2025-09-21T13:28:30.151468 LSTERROR Test worker AbstractTokenTestCase:246 Non-sensical SKILLLIST: Contains ANY and a specific reference: 1|TestWP1|ALL (Source: file:/TESTCASE )
2025-09-21T13:28:30.151468 LSTERROR Test worker AbstractTokenTestCase:246 Count in SKILLLIST must be &gt; 0 (Source: file:/TESTCASE )
2025-09-21T13:28:30.151468 LSTERROR Test worker AbstractTokenTestCase:246 SKILLLIST arguments may not end with | : 1|TestWP1| (Source: file:/TESTCASE )
2025-09-21T13:28:30.151468 LSTERROR Test worker AbstractTokenTestCase:246 Non-sensical SKILLLIST: Contains ANY and a specific reference: 1|TestWP3|ALL (Source: file:/TESTCASE )
2025-09-21T13:28:30.151468 LSTERROR Test worker AbstractTokenTestCase:246 Count in SKILLLIST must be &gt; 0 (Source: file:/TESTCASE )
2025-09-21T13:28:30.151468 LSTERROR Test worker AbstractTokenTestCase:246 SKILLLIST arguments may not start with | : |TestWP1|TestWP2 (Source: file:/TESTCASE )
2025-09-21T13:28:30.151468 LSTERROR Test worker AbstractTokenTestCase:246 Non-sensical SKILLLIST: Contains ANY and a specific reference: 1|TestWP1|ALL (Source: file:/TESTCASE )
2025-09-21T13:28:30.151468 LSTERROR Test worker AbstractTokenTestCase:246 Count in SKILLLIST must be &gt; 0 (Source: file:/TESTCASE )
2025-09-21T13:28:30.151468 LSTERROR Test worker AbstractTokenTestCase:246 SKILLLIST arguments may not end with | : 1|TestWP1| (Source: file:/TESTCASE )
2025-09-21T13:28:30.151468 LSTERROR Test worker AbstractTokenTestCase:246 Non-sensical SKILLLIST: Contains ANY and a specific reference: 1|TestWP3|ALL (Source: file:/TESTCASE )
2025-09-21T13:28:30.151468 LSTERROR Test worker AbstractTokenTestCase:246 Count in SKILLLIST must be &gt; 0 (Source: file:/TESTCASE )
2025-09-21T13:28:30.151468 LSTERROR Test worker AbstractTokenTestCase:246 Count in SKILLLIST must be &gt; 0 (Source: file:/TESTCASE )
2025-09-21T13:28:30.151468 LSTERROR Test worker AbstractTokenTestCase:246 SKILLLIST arguments may not start with | : |TestWP1|TestWP2 (Source: file:/TESTCASE )
2025-09-21T13:28:30.151468 LSTERROR Test worker AbstractTokenTestCase:246 Non-sensical SKILLLIST: Contains ANY and a specific reference: 1|TestWP1|ALL (Source: file:/TESTCASE )
2025-09-21T13:28:30.151468 LSTERROR Test worker AbstractTokenTestCase:246 Count in SKILLLIST must be &gt; 0 (Source: file:/TESTCASE )
2025-09-21T13:28:30.151468 LSTERROR Test worker AbstractTokenTestCase:246 SKILLLIST arguments may not end with | : 1|TestWP1| (Source: file:/TESTCASE )
2025-09-21T13:28:30.151468 LSTERROR Test worker AbstractTokenTestCase:246 Non-sensical SKILLLIST: Contains ANY and a specific reference: 1|TestWP3|ALL (Source: file:/TESTCASE )
2025-09-21T13:28:30.151468 LSTERROR Test worker AbstractTokenTestCase:246 Count in SKILLLIST must be &gt; 0 (Source: file:/TESTCASE )
2025-09-21T13:28:30.151468 LSTERROR Test worker AbstractTokenTestCase:246 SKILLLIST arguments may not end with | : 1| (Source: file:/TESTCASE )
2025-09-21T13:28:30.167624500 SEVERE Test worker GroupingState:173 Attempt to add 'ALLOWS_NONE' grouping state to 'ALLOWS_UNION' resulted in 'INVALID'.
2025-09-21T13:28:30.167624500 LSTERROR Test worker AbstractTokenTestCase:246 Non-sensical SKILLLIST: Contains ANY and a specific reference: 1|ALL|TestWP1 (Source: file:/TESTCASE )
2025-09-21T13:28:30.167624500 LSTERROR Test worker AbstractTokenTestCase:246 Non-sensical SKILLLIST: Contains ANY and a specific reference: 1|ALL|TestWP1 (Source: file:/TESTCASE )
2025-09-21T13:28:30.167624500 LSTERROR Test worker AbstractTokenTestCase:246 SKILLLIST must have a | separating count from the list of possible values: 1 (Source: file:/TESTCASE )
2025-09-21T13:28:30.167624500 LSTERROR Test worker AbstractTokenTestCase:246 Non-sensical SKILLLIST: Contains ANY and a specific reference: 1|ALL|TestWP1 (Source: file:/TESTCASE )
2025-09-21T13:28:30.167624500 LSTERROR Test worker AbstractTokenTestCase:246 SKILLLIST must have a | separating count from the list of possible values: 1 (Source: file:/TESTCASE )
2025-09-21T13:28:30.167624500 LSTERROR Test worker AbstractTokenTestCase:246 Token generated an IllegalArgumentException: = cannot be a in valid single item (perhaps something like TYPE= is not supported in this token?): TYPE=Test
2025-09-21T13:28:30.167624500 LSTERROR Test worker AbstractTokenTestCase:246 Token processing failed (Source: file:/TESTCASE )
2025-09-21T13:28:30.167624500 SEVERE Test worker CDOMFactory:105 Unconstructed Reference: ClassSkillList String
2025-09-21T13:28:30.167624500 SEVERE Test worker CDOMFactory:105 Unconstructed Reference: ClassSkillList TestWP1.TestWP2
2025-09-21T13:28:30.167624500 LSTERROR Test worker AbstractTokenTestCase:246 Non-sensical SKILLLIST: Contains ANY and a specific reference: 1|ALL|TestWP1 (Source: file:/TESTCASE )
2025-09-21T13:28:30.167624500 LSTERROR Test worker AbstractTokenTestCase:246 SKILLLIST must have a | separating count from the list of possible values: 1 (Source: file:/TESTCASE )
2025-09-21T13:28:30.167624500 LSTERROR Test worker AbstractTokenTestCase:246 Token generated an IllegalArgumentException: = cannot be a in valid single item (perhaps something like TYPE= is not supported in this token?): TYPE=Test
2025-09-21T13:28:30.167624500 LSTERROR Test worker AbstractTokenTestCase:246 Token processing failed (Source: file:/TESTCASE )
2025-09-21T13:28:30.167624500 LSTERROR Test worker AbstractTokenTestCase:246 SKILLLIST arguments uses double separator || : 1||TestWP1 (Source: file:/TESTCASE )
2025-09-21T13:28:30.167624500 LSTERROR Test worker AbstractTokenTestCase:246 Non-sensical SKILLLIST: Contains ANY and a specific reference: 1|ALL|TestWP1 (Source: file:/TESTCASE )
2025-09-21T13:28:30.183451 LSTERROR Test worker AbstractTokenTestCase:246 SKILLLIST must have a | separating count from the list of possible values: 1 (Source: file:/TESTCASE )
2025-09-21T13:28:30.183451 LSTERROR Test worker AbstractTokenTestCase:246 Token generated an IllegalArgumentException: = cannot be a in valid single item (perhaps something like TYPE= is not supported in this token?): TYPE=Test
2025-09-21T13:28:30.183451 LSTERROR Test worker AbstractTokenTestCase:246 Token processing failed (Source: file:/TESTCASE )
2025-09-21T13:28:30.183451 LSTERROR Test worker AbstractTokenTestCase:246 SKILLLIST arguments uses double separator || : 1||TestWP1 (Source: file:/TESTCASE )
2025-09-21T13:28:30.183451 LSTERROR Test worker AbstractTokenTestCase:246 SKILLLIST arguments uses double separator || : 1|TestWP2||TestWP1 (Source: file:/TESTCASE )
2025-09-21T13:28:30.183451 LSTERROR Test worker AbstractTokenTestCase:246 Non-sensical SKILLLIST: Contains ANY and a specific reference: 1|ALL|TestWP1 (Source: file:/TESTCASE )
2025-09-21T13:28:30.183451 LSTERROR Test worker AbstractTokenTestCase:246 SKILLLIST must have a | separating count from the list of possible values: 1 (Source: file:/TESTCASE )
2025-09-21T13:28:30.183451 LSTERROR Test worker AbstractTokenTestCase:246 Token generated an IllegalArgumentException: = cannot be a in valid single item (perhaps something like TYPE= is not supported in this token?): TYPE=Test
2025-09-21T13:28:30.183451 LSTERROR Test worker AbstractTokenTestCase:246 Token processing failed (Source: file:/TESTCASE )
2025-09-21T13:28:30.183451 LSTERROR Test worker AbstractTokenTestCase:246 SKILLLIST arguments uses double separator || : 1||TestWP1 (Source: file:/TESTCASE )
2025-09-21T13:28:30.183451 LSTERROR Test worker AbstractTokenTestCase:246 SKILLLIST arguments uses double separator || : 1|TestWP2||TestWP1 (Source: file:/TESTCASE )
2025-09-21T13:28:30.183451 LSTERROR Test worker AbstractTokenTestCase:246 SKILLLIST arguments may not start with | : |TestWP1 (Source: file:/TESTCASE )
2025-09-21T13:28:30.183451 SEVERE Test worker CDOMFactory:105 Unconstructed Reference: ClassSkillList TestWP2
2025-09-21T13:28:30.183451 LSTERROR Test worker AbstractTokenTestCase:246 Count in SKILLLIST must be &gt; 0 (Source: file:/TESTCASE )
2025-09-21T13:28:30.183451 SEVERE Test worker LoadContextInst:122 !!Unable to find SKILLLIST Count
2025-09-21T13:28:30.199213100 LSTERROR Test worker AbstractTokenTestCase:246 Count in SKILLLIST must be &gt; 0 (Source: file:/TESTCASE )
2025-09-21T13:28:30.199213100 LSTERROR Test worker AbstractTokenTestCase:246 Count in SKILLLIST must be &gt; 0 (Source: file:/TESTCASE )
</pre>
</span>
</div>
</div>
<div id="footer">
<p>
<div>
<label class="hidden" id="label-for-line-wrapping-toggle" for="line-wrapping-toggle">Wrap lines
<input id="line-wrapping-toggle" type="checkbox" autocomplete="off"/>
</label>
</div>Generated by 
<a href="http://www.gradle.org">Gradle 8.10.2</a> at Sep 21, 2025, 9:28:52â€¯AM</p>
</div>
</div>
</body>
</html>
