<!DOCTYPE html>
<html>
<head>
<meta http-equiv="Content-Type" content="text/html; charset=utf-8"/>
<meta http-equiv="x-ua-compatible" content="IE=edge"/>
<title>Test results - EquipTokenTest</title>
<link href="../css/base-style.css" rel="stylesheet" type="text/css"/>
<link href="../css/style.css" rel="stylesheet" type="text/css"/>
<script src="../js/report.js" type="text/javascript"></script>
</head>
<body>
<div id="content">
<h1>EquipTokenTest</h1>
<div class="breadcrumbs">
<a href="../index.html">all</a> &gt; 
<a href="../packages/plugin.lsttokens.add.html">plugin.lsttokens.add</a> &gt; EquipTokenTest</div>
<div id="summary">
<table>
<tr>
<td>
<div class="summaryGroup">
<table>
<tr>
<td>
<div class="infoBox" id="tests">
<div class="counter">58</div>
<p>tests</p>
</div>
</td>
<td>
<div class="infoBox" id="failures">
<div class="counter">0</div>
<p>failures</p>
</div>
</td>
<td>
<div class="infoBox" id="ignored">
<div class="counter">0</div>
<p>ignored</p>
</div>
</td>
<td>
<div class="infoBox" id="duration">
<div class="counter">0.165s</div>
<p>duration</p>
</div>
</td>
</tr>
</table>
</div>
</td>
<td>
<div class="infoBox success" id="successRate">
<div class="percent">100%</div>
<p>successful</p>
</div>
</td>
</tr>
</table>
</div>
<div id="tabs">
<ul class="tabLinks">
<li>
<a href="#tab0">Tests</a>
</li>
<li>
<a href="#tab1">Standard error</a>
</li>
</ul>
<div id="tab0" class="tab">
<h2>Tests</h2>
<table>
<thead>
<tr>
<th>Test</th>
<th>Duration</th>
<th>Result</th>
</tr>
</thead>
<tr>
<td class="success">testInputInvalidAddsAllNoSideEffect()</td>
<td class="success">0.001s</td>
<td class="success">passed</td>
</tr>
<tr>
<td class="success">testInputInvalidAddsBasicNoSideEffect()</td>
<td class="success">0.004s</td>
<td class="success">passed</td>
</tr>
<tr>
<td class="success">testInputInvalidAddsTypeNoSideEffect()</td>
<td class="success">0.004s</td>
<td class="success">passed</td>
</tr>
<tr>
<td class="success">testInvalidDoubleList()</td>
<td class="success">0.001s</td>
<td class="success">passed</td>
</tr>
<tr>
<td class="success">testInvalidInputAll()</td>
<td class="success">0.002s</td>
<td class="success">passed</td>
</tr>
<tr>
<td class="success">testInvalidInputAny()</td>
<td class="success">0.002s</td>
<td class="success">passed</td>
</tr>
<tr>
<td class="success">testInvalidInputAnyItem()</td>
<td class="success">0.001s</td>
<td class="success">passed</td>
</tr>
<tr>
<td class="success">testInvalidInputAnyType()</td>
<td class="success">0.001s</td>
<td class="success">passed</td>
</tr>
<tr>
<td class="success">testInvalidInputCheckMult()</td>
<td class="success">0.004s</td>
<td class="success">passed</td>
</tr>
<tr>
<td class="success">testInvalidInputCheckType()</td>
<td class="success">0.001s</td>
<td class="success">passed</td>
</tr>
<tr>
<td class="success">testInvalidInputCheckTypeDotLength()</td>
<td class="success">0.003s</td>
<td class="success">passed</td>
</tr>
<tr>
<td class="success">testInvalidInputCheckTypeEqualLength()</td>
<td class="success">0.005s</td>
<td class="success">passed</td>
</tr>
<tr>
<td class="success">testInvalidInputClearDotTypeDoubleSeparator()</td>
<td class="success">0.004s</td>
<td class="success">passed</td>
</tr>
<tr>
<td class="success">testInvalidInputClearDotTypeFalseStart()</td>
<td class="success">0.005s</td>
<td class="success">passed</td>
</tr>
<tr>
<td class="success">testInvalidInputEmptyString()</td>
<td class="success">0.003s</td>
<td class="success">passed</td>
</tr>
<tr>
<td class="success">testInvalidInputItemAny()</td>
<td class="success">0.001s</td>
<td class="success">passed</td>
</tr>
<tr>
<td class="success">testInvalidInputJoinOnly()</td>
<td class="success">0.003s</td>
<td class="success">passed</td>
</tr>
<tr>
<td class="success">testInvalidInputJoinedDot()</td>
<td class="success">0.003s</td>
<td class="success">passed</td>
</tr>
<tr>
<td class="success">testInvalidInputNegativeFormula()</td>
<td class="success">0.004s</td>
<td class="success">passed</td>
</tr>
<tr>
<td class="success">testInvalidInputOnlySubToken()</td>
<td class="success">0.003s</td>
<td class="success">passed</td>
</tr>
<tr>
<td class="success">testInvalidInputOnlySubTokenPipe()</td>
<td class="success">0.003s</td>
<td class="success">passed</td>
</tr>
<tr>
<td class="success">testInvalidInputString()</td>
<td class="success">0.003s</td>
<td class="success">passed</td>
</tr>
<tr>
<td class="success">testInvalidInputType()</td>
<td class="success">0.003s</td>
<td class="success">passed</td>
</tr>
<tr>
<td class="success">testInvalidInputTypeAny()</td>
<td class="success">0.001s</td>
<td class="success">passed</td>
</tr>
<tr>
<td class="success">testInvalidInputTypeEmpty()</td>
<td class="success">0.002s</td>
<td class="success">passed</td>
</tr>
<tr>
<td class="success">testInvalidInputTypeEquals()</td>
<td class="success">0.001s</td>
<td class="success">passed</td>
</tr>
<tr>
<td class="success">testInvalidInputTypeUnterminated()</td>
<td class="success">0.003s</td>
<td class="success">passed</td>
</tr>
<tr>
<td class="success">testInvalidInputZeroFormula()</td>
<td class="success">0.002s</td>
<td class="success">passed</td>
</tr>
<tr>
<td class="success">testInvalidListDoubleJoin()</td>
<td class="success">0.003s</td>
<td class="success">passed</td>
</tr>
<tr>
<td class="success">testInvalidListEnd()</td>
<td class="success">0.004s</td>
<td class="success">passed</td>
</tr>
<tr>
<td class="success">testInvalidListStart()</td>
<td class="success">0.002s</td>
<td class="success">passed</td>
</tr>
<tr>
<td class="success">testInvalidTooManyPipe()</td>
<td class="success">0.003s</td>
<td class="success">passed</td>
</tr>
<tr>
<td class="success">testNoStackTrace()</td>
<td class="success">0.001s</td>
<td class="success">passed</td>
</tr>
<tr>
<td class="success">testOverwrite()</td>
<td class="success">0.003s</td>
<td class="success">passed</td>
</tr>
<tr>
<td class="success">testRoundRobinCount()</td>
<td class="success">0.004s</td>
<td class="success">passed</td>
</tr>
<tr>
<td class="success">testRoundRobinDupe()</td>
<td class="success">0.004s</td>
<td class="success">passed</td>
</tr>
<tr>
<td class="success">testRoundRobinFormulaCount()</td>
<td class="success">0.005s</td>
<td class="success">passed</td>
</tr>
<tr>
<td class="success">testRoundRobinHardFormulaCount()</td>
<td class="success">0.004s</td>
<td class="success">passed</td>
</tr>
<tr>
<td class="success">testRoundRobinOne()</td>
<td class="success">0.005s</td>
<td class="success">passed</td>
</tr>
<tr>
<td class="success">testRoundRobinOnePreFooler()</td>
<td class="success">0.003s</td>
<td class="success">passed</td>
</tr>
<tr>
<td class="success">testRoundRobinParen()</td>
<td class="success">0.004s</td>
<td class="success">passed</td>
</tr>
<tr>
<td class="success">testRoundRobinParenDoubleSub()</td>
<td class="success">0.002s</td>
<td class="success">passed</td>
</tr>
<tr>
<td class="success">testRoundRobinParenSub()</td>
<td class="success">0.001s</td>
<td class="success">passed</td>
</tr>
<tr>
<td class="success">testRoundRobinTestAll()</td>
<td class="success">0.001s</td>
<td class="success">passed</td>
</tr>
<tr>
<td class="success">testRoundRobinTestEqualThree()</td>
<td class="success">0.009s</td>
<td class="success">passed</td>
</tr>
<tr>
<td class="success">testRoundRobinTestEquals()</td>
<td class="success">0.005s</td>
<td class="success">passed</td>
</tr>
<tr>
<td class="success">testRoundRobinThree()</td>
<td class="success">0.005s</td>
<td class="success">passed</td>
</tr>
<tr>
<td class="success">testRoundRobinWithEqualType()</td>
<td class="success">0.012s</td>
<td class="success">passed</td>
</tr>
<tr>
<td class="success">testUnparseAll()</td>
<td class="success">0.001s</td>
<td class="success">passed</td>
</tr>
<tr>
<td class="success">testUnparseSingle()</td>
<td class="success">0.001s</td>
<td class="success">passed</td>
</tr>
<tr>
<td class="success">testUnparseSingleAll()</td>
<td class="success">0.001s</td>
<td class="success">passed</td>
</tr>
<tr>
<td class="success">testUnparseSingleNegative()</td>
<td class="success">0.001s</td>
<td class="success">passed</td>
</tr>
<tr>
<td class="success">testUnparseSingleThree()</td>
<td class="success">0.001s</td>
<td class="success">passed</td>
</tr>
<tr>
<td class="success">testUnparseSingleVariable()</td>
<td class="success">0.001s</td>
<td class="success">passed</td>
</tr>
<tr>
<td class="success">testUnparseSingleZero()</td>
<td class="success">0.002s</td>
<td class="success">passed</td>
</tr>
<tr>
<td class="success">testUnparseType()</td>
<td class="success">0.001s</td>
<td class="success">passed</td>
</tr>
<tr>
<td class="success">testUnparseTypeAll()</td>
<td class="success">0.001s</td>
<td class="success">passed</td>
</tr>
<tr>
<td class="success">testValidInputTestDot()</td>
<td class="success">0.002s</td>
<td class="success">passed</td>
</tr>
</table>
</div>
<div id="tab1" class="tab">
<h2>Standard error</h2>
<span class="code">
<pre>2025-09-21T13:28:11.081326200 SEVERE Test worker TokenUtilities:83 Attempt to acquire empty Type in: One..Two
2025-09-21T13:28:11.081326200 LSTERROR Test worker AbstractTokenTestCase:246   Error was encountered while parsing ADD:EQUIP: TYPE=One..Two had an invalid reference: TYPE=One..Two (Source: file:/TESTCASE )
2025-09-21T13:28:11.081326200 LSTERROR Test worker AbstractTokenTestCase:246 Failed in parsing subtoken: EQUIP of TYPE=One..Two (Source: file:/TESTCASE )
2025-09-21T13:28:11.081326200 LSTERROR Test worker AbstractTokenTestCase:246 Illegal ADD subtoken 'EQUIP' 'TYPE=One..Two' for pcgen.core.PCTemplate TestObj (Source: file:/TESTCASE )
2025-09-21T13:28:11.081326200 LSTERROR Test worker AbstractTokenTestCase:246 ADD may not have empty argument (Source: file:/TESTCASE )
2025-09-21T13:28:11.096997 SEVERE Test worker TokenUtilities:75 Type may not start or end with . in: One.
2025-09-21T13:28:11.096997 LSTERROR Test worker AbstractTokenTestCase:246 ADD may not have empty argument (Source: file:/TESTCASE )
2025-09-21T13:28:11.096997 LSTERROR Test worker AbstractTokenTestCase:246   Error was encountered while parsing ADD:EQUIP: TYPE=One. had an invalid reference: TYPE=One. (Source: file:/TESTCASE )
2025-09-21T13:28:11.096997 LSTERROR Test worker AbstractTokenTestCase:246 Failed in parsing subtoken: EQUIP of TYPE=One. (Source: file:/TESTCASE )
2025-09-21T13:28:11.096997 LSTERROR Test worker AbstractTokenTestCase:246 Illegal ADD subtoken 'EQUIP' 'TYPE=One.' for pcgen.core.PCTemplate TestObj (Source: file:/TESTCASE )
2025-09-21T13:28:11.096997 LSTERROR Test worker AbstractTokenTestCase:246 ADD may not have empty argument (Source: file:/TESTCASE )
2025-09-21T13:28:11.096997 LSTERROR Test worker AbstractTokenTestCase:246   Error was encountered while parsing ADD:EQUIP: TYPE=One. had an invalid reference: TYPE=One. (Source: file:/TESTCASE )
2025-09-21T13:28:11.096997 LSTERROR Test worker AbstractTokenTestCase:246 Failed in parsing subtoken: EQUIP of TYPE=One. (Source: file:/TESTCASE )
2025-09-21T13:28:11.096997 LSTERROR Test worker AbstractTokenTestCase:246 Illegal ADD subtoken 'EQUIP' 'TYPE=One.' for pcgen.core.PCTemplate TestObj (Source: file:/TESTCASE )
2025-09-21T13:28:11.096997 LSTERROR Test worker AbstractTokenTestCase:246 EQUIP arguments may not end with , : TestWP1, (Source: file:/TESTCASE )
2025-09-21T13:28:11.096997 LSTERROR Test worker AbstractTokenTestCase:246 Failed in parsing subtoken: EQUIP of TestWP1, (Source: file:/TESTCASE )
2025-09-21T13:28:11.096997 LSTERROR Test worker AbstractTokenTestCase:246 Illegal ADD subtoken 'EQUIP' 'TestWP1,' for pcgen.core.PCTemplate TestObj (Source: file:/TESTCASE )
2025-09-21T13:28:11.096997 SEVERE Test worker CDOMFactory:105 Unconstructed Reference: Equipment TestWP2
2025-09-21T13:28:11.096997 SEVERE Test worker AbstractReferenceManufacturer:296 Error: No Equipment objects of TYPE=TestType were loaded but were referred to in the data
2025-09-21T13:28:11.113068500 LSTERROR Test worker AbstractTokenTestCase:246 Token generated an IllegalArgumentException: All cannot be a valid single item (not supported in this token?)
2025-09-21T13:28:11.113068500 LSTERROR Test worker AbstractTokenTestCase:246 Token processing failed (Source: file:/TESTCASE )
2025-09-21T13:28:11.113068500 LSTERROR Test worker AbstractTokenTestCase:246 Token generated an IllegalArgumentException: All cannot be a valid single item (not supported in this token?)
2025-09-21T13:28:11.113068500 LSTERROR Test worker AbstractTokenTestCase:246 Token processing failed (Source: file:/TESTCASE )
2025-09-21T13:28:11.113068500 LSTERROR Test worker AbstractTokenTestCase:246 ADD requires a SubToken and argument, found: ANY (Source: file:/TESTCASE )
2025-09-21T13:28:11.128929800 LSTERROR Test worker AbstractTokenTestCase:246 Token generated an IllegalArgumentException: All cannot be a valid single item (not supported in this token?)
2025-09-21T13:28:11.128929800 LSTERROR Test worker AbstractTokenTestCase:246 Token processing failed (Source: file:/TESTCASE )
2025-09-21T13:28:11.128929800 LSTERROR Test worker AbstractTokenTestCase:246 ADD requires a SubToken and argument, found: ANY (Source: file:/TESTCASE )
2025-09-21T13:28:11.128929800 LSTERROR Test worker AbstractTokenTestCase:246 EQUIP may not have empty argument (Source: file:/TESTCASE )
2025-09-21T13:28:11.128929800 LSTERROR Test worker AbstractTokenTestCase:246 Failed in parsing subtoken: EQUIP of  (Source: file:/TESTCASE )
2025-09-21T13:28:11.128929800 LSTERROR Test worker AbstractTokenTestCase:246 Illegal ADD subtoken 'EQUIP' '' for pcgen.core.PCTemplate TestObj (Source: file:/TESTCASE )
2025-09-21T13:28:11.128929800 LSTERROR Test worker AbstractTokenTestCase:246 Count in ADD:EQUIP must be &gt; 0 (Source: file:/TESTCASE )
2025-09-21T13:28:11.128929800 LSTERROR Test worker AbstractTokenTestCase:246 Failed in parsing subtoken: EQUIP of 0|TestWP1 (Source: file:/TESTCASE )
2025-09-21T13:28:11.128929800 LSTERROR Test worker AbstractTokenTestCase:246 Illegal ADD subtoken 'EQUIP' '0|TestWP1' for pcgen.core.PCTemplate TestObj (Source: file:/TESTCASE )
2025-09-21T13:28:11.128929800 SEVERE Test worker CDOMFactory:105 Unconstructed Reference: Equipment TestType
2025-09-21T13:28:11.145011200 SEVERE Test worker CDOMFactory:105 Unconstructed Reference: Equipment TestWP1.TestWP2
2025-09-21T13:28:11.145011200 LSTERROR Test worker AbstractTokenTestCase:246 EQUIP arguments uses double separator ,, : TestWP2,,TestWP1 (Source: file:/TESTCASE )
2025-09-21T13:28:11.145011200 LSTERROR Test worker AbstractTokenTestCase:246 Failed in parsing subtoken: EQUIP of TestWP2,,TestWP1 (Source: file:/TESTCASE )
2025-09-21T13:28:11.145011200 LSTERROR Test worker AbstractTokenTestCase:246 Illegal ADD subtoken 'EQUIP' 'TestWP2,,TestWP1' for pcgen.core.PCTemplate TestObj (Source: file:/TESTCASE )
2025-09-21T13:28:11.160743400 LSTERROR Test worker AbstractTokenTestCase:246 ADD:EQUIP had too many pipe separated items: Formula|TestWP1|TestWP2 (Source: file:/TESTCASE )
2025-09-21T13:28:11.160743400 LSTERROR Test worker AbstractTokenTestCase:246 Failed in parsing subtoken: EQUIP of Formula|TestWP1|TestWP2 (Source: file:/TESTCASE )
2025-09-21T13:28:11.160743400 LSTERROR Test worker AbstractTokenTestCase:246 Illegal ADD subtoken 'EQUIP' 'Formula|TestWP1|TestWP2' for pcgen.core.PCTemplate TestObj (Source: file:/TESTCASE )
2025-09-21T13:28:11.177069500 SEVERE Test worker CDOMFactory:105 Unconstructed Reference: Equipment TestWP2
2025-09-21T13:28:11.177069500 SEVERE Test worker TokenUtilities:70 Type may not be empty in: 
2025-09-21T13:28:11.177069500 LSTERROR Test worker AbstractTokenTestCase:246 ADD:EQUIP had too many pipe separated items: Formula|TestWP1|TestWP2 (Source: file:/TESTCASE )
2025-09-21T13:28:11.177069500 LSTERROR Test worker AbstractTokenTestCase:246 Failed in parsing subtoken: EQUIP of Formula|TestWP1|TestWP2 (Source: file:/TESTCASE )
2025-09-21T13:28:11.177069500 LSTERROR Test worker AbstractTokenTestCase:246 Illegal ADD subtoken 'EQUIP' 'Formula|TestWP1|TestWP2' for pcgen.core.PCTemplate TestObj (Source: file:/TESTCASE )
2025-09-21T13:28:11.177069500 LSTERROR Test worker AbstractTokenTestCase:246   Error was encountered while parsing ADD:EQUIP: TestWP3,TYPE= had an invalid reference: TYPE= (Source: file:/TESTCASE )
2025-09-21T13:28:11.177069500 LSTERROR Test worker AbstractTokenTestCase:246 Failed in parsing subtoken: EQUIP of TestWP3,TYPE= (Source: file:/TESTCASE )
2025-09-21T13:28:11.177069500 LSTERROR Test worker AbstractTokenTestCase:246 Illegal ADD subtoken 'EQUIP' 'TestWP3,TYPE=' for pcgen.core.PCTemplate TestObj (Source: file:/TESTCASE )
2025-09-21T13:28:11.177069500 SEVERE Test worker TokenUtilities:70 Type may not be empty in: 
2025-09-21T13:28:11.177069500 LSTERROR Test worker AbstractTokenTestCase:246   Error was encountered while parsing ADD:EQUIP: TYPE= had an invalid reference: TYPE= (Source: file:/TESTCASE )
2025-09-21T13:28:11.177069500 LSTERROR Test worker AbstractTokenTestCase:246 Failed in parsing subtoken: EQUIP of TYPE= (Source: file:/TESTCASE )
2025-09-21T13:28:11.177069500 LSTERROR Test worker AbstractTokenTestCase:246 Illegal ADD subtoken 'EQUIP' 'TYPE=' for pcgen.core.PCTemplate TestObj (Source: file:/TESTCASE )
2025-09-21T13:28:11.177069500 LSTERROR Test worker AbstractTokenTestCase:246   Error was encountered while parsing ADD:EQUIP: TYPE= had an invalid reference: TYPE= (Source: file:/TESTCASE )
2025-09-21T13:28:11.177069500 LSTERROR Test worker AbstractTokenTestCase:246 Failed in parsing subtoken: EQUIP of TYPE= (Source: file:/TESTCASE )
2025-09-21T13:28:11.177069500 LSTERROR Test worker AbstractTokenTestCase:246 Illegal ADD subtoken 'EQUIP' 'TYPE=' for pcgen.core.PCTemplate TestObj (Source: file:/TESTCASE )
2025-09-21T13:28:11.177069500 LSTERROR Test worker AbstractTokenTestCase:246 EQUIP arguments may not start with , : ,TestWP1 (Source: file:/TESTCASE )
2025-09-21T13:28:11.177069500 LSTERROR Test worker AbstractTokenTestCase:246 Failed in parsing subtoken: EQUIP of ,TestWP1 (Source: file:/TESTCASE )
2025-09-21T13:28:11.177069500 LSTERROR Test worker AbstractTokenTestCase:246 Illegal ADD subtoken 'EQUIP' ',TestWP1' for pcgen.core.PCTemplate TestObj (Source: file:/TESTCASE )
2025-09-21T13:28:11.192879100 SEVERE Test worker CDOMFactory:105 Unconstructed Reference: Equipment TestWP2
2025-09-21T13:28:11.192879100 SEVERE Test worker AbstractReferenceManufacturer:296 Error: No Equipment objects of TYPE=OtherTestType.TestType were loaded but were referred to in the data
2025-09-21T13:28:11.192879100 SEVERE Test worker CDOMFactory:105 Unconstructed Reference: Equipment String
2025-09-21T13:28:11.192879100 LSTERROR Test worker AbstractTokenTestCase:246   Error was encountered while parsing ADD:EQUIP: TYPE= had an invalid reference: TYPE= (Source: file:/TESTCASE )
2025-09-21T13:28:11.192879100 LSTERROR Test worker AbstractTokenTestCase:246 Failed in parsing subtoken: EQUIP of TYPE= (Source: file:/TESTCASE )
2025-09-21T13:28:11.192879100 LSTERROR Test worker AbstractTokenTestCase:246 Illegal ADD subtoken 'EQUIP' 'TYPE=' for pcgen.core.PCTemplate TestObj (Source: file:/TESTCASE )
2025-09-21T13:28:11.192879100 LSTERROR Test worker AbstractTokenTestCase:246 EQUIP arguments may not start with , : ,TestWP1 (Source: file:/TESTCASE )
2025-09-21T13:28:11.192879100 LSTERROR Test worker AbstractTokenTestCase:246 Failed in parsing subtoken: EQUIP of ,TestWP1 (Source: file:/TESTCASE )
2025-09-21T13:28:11.192879100 LSTERROR Test worker AbstractTokenTestCase:246 Illegal ADD subtoken 'EQUIP' ',TestWP1' for pcgen.core.PCTemplate TestObj (Source: file:/TESTCASE )
2025-09-21T13:28:11.192879100 LSTERROR Test worker AbstractTokenTestCase:246 ADD requires a SubToken and argument, found: EQUIP (Source: file:/TESTCASE )
2025-09-21T13:28:11.192879100 LSTERROR Test worker AbstractTokenTestCase:246   Error was encountered while parsing ADD:EQUIP: TYPE= had an invalid reference: TYPE= (Source: file:/TESTCASE )
2025-09-21T13:28:11.192879100 LSTERROR Test worker AbstractTokenTestCase:246 Failed in parsing subtoken: EQUIP of TYPE= (Source: file:/TESTCASE )
2025-09-21T13:28:11.192879100 LSTERROR Test worker AbstractTokenTestCase:246 Illegal ADD subtoken 'EQUIP' 'TYPE=' for pcgen.core.PCTemplate TestObj (Source: file:/TESTCASE )
2025-09-21T13:28:11.192879100 LSTERROR Test worker AbstractTokenTestCase:246 EQUIP arguments may not start with , : ,TestWP1 (Source: file:/TESTCASE )
2025-09-21T13:28:11.192879100 LSTERROR Test worker AbstractTokenTestCase:246 Failed in parsing subtoken: EQUIP of ,TestWP1 (Source: file:/TESTCASE )
2025-09-21T13:28:11.192879100 LSTERROR Test worker AbstractTokenTestCase:246 Illegal ADD subtoken 'EQUIP' ',TestWP1' for pcgen.core.PCTemplate TestObj (Source: file:/TESTCASE )
2025-09-21T13:28:11.192879100 LSTERROR Test worker AbstractTokenTestCase:246 ADD requires a SubToken and argument, found: EQUIP (Source: file:/TESTCASE )
2025-09-21T13:28:11.192879100 LSTERROR Test worker AbstractTokenTestCase:246 EQUIP arguments may not start with , : , (Source: file:/TESTCASE )
2025-09-21T13:28:11.192879100 LSTERROR Test worker AbstractTokenTestCase:246 Failed in parsing subtoken: EQUIP of , (Source: file:/TESTCASE )
2025-09-21T13:28:11.192879100 LSTERROR Test worker AbstractTokenTestCase:246 Illegal ADD subtoken 'EQUIP' ',' for pcgen.core.PCTemplate TestObj (Source: file:/TESTCASE )
2025-09-21T13:28:11.192879100 LSTERROR Test worker AbstractTokenTestCase:246   Error was encountered while parsing ADD:EQUIP: TYPE= had an invalid reference: TYPE= (Source: file:/TESTCASE )
2025-09-21T13:28:11.192879100 LSTERROR Test worker AbstractTokenTestCase:246 Failed in parsing subtoken: EQUIP of TYPE= (Source: file:/TESTCASE )
2025-09-21T13:28:11.192879100 LSTERROR Test worker AbstractTokenTestCase:246 Illegal ADD subtoken 'EQUIP' 'TYPE=' for pcgen.core.PCTemplate TestObj (Source: file:/TESTCASE )
2025-09-21T13:28:11.192879100 LSTERROR Test worker AbstractTokenTestCase:246 EQUIP arguments may not start with , : ,TestWP1 (Source: file:/TESTCASE )
2025-09-21T13:28:11.192879100 LSTERROR Test worker AbstractTokenTestCase:246 Failed in parsing subtoken: EQUIP of ,TestWP1 (Source: file:/TESTCASE )
2025-09-21T13:28:11.192879100 LSTERROR Test worker AbstractTokenTestCase:246 Illegal ADD subtoken 'EQUIP' ',TestWP1' for pcgen.core.PCTemplate TestObj (Source: file:/TESTCASE )
2025-09-21T13:28:11.192879100 LSTERROR Test worker AbstractTokenTestCase:246 ADD requires a SubToken and argument, found: EQUIP (Source: file:/TESTCASE )
2025-09-21T13:28:11.192879100 LSTERROR Test worker AbstractTokenTestCase:246 EQUIP arguments may not start with , : , (Source: file:/TESTCASE )
2025-09-21T13:28:11.192879100 LSTERROR Test worker AbstractTokenTestCase:246 Failed in parsing subtoken: EQUIP of , (Source: file:/TESTCASE )
2025-09-21T13:28:11.192879100 LSTERROR Test worker AbstractTokenTestCase:246 Illegal ADD subtoken 'EQUIP' ',' for pcgen.core.PCTemplate TestObj (Source: file:/TESTCASE )
2025-09-21T13:28:11.192879100 LSTERROR Test worker AbstractTokenTestCase:246 EQUIP arguments uses double separator ,, : TestWP3,,TestWP4 (Source: file:/TESTCASE )
2025-09-21T13:28:11.192879100 LSTERROR Test worker AbstractTokenTestCase:246 Failed in parsing subtoken: EQUIP of TestWP3,,TestWP4 (Source: file:/TESTCASE )
2025-09-21T13:28:11.192879100 LSTERROR Test worker AbstractTokenTestCase:246 Illegal ADD subtoken 'EQUIP' 'TestWP3,,TestWP4' for pcgen.core.PCTemplate TestObj (Source: file:/TESTCASE )
2025-09-21T13:28:11.208665200 LSTERROR Test worker AbstractTokenTestCase:246   Error was encountered while parsing ADD:EQUIP: TYPE= had an invalid reference: TYPE= (Source: file:/TESTCASE )
2025-09-21T13:28:11.208665200 LSTERROR Test worker AbstractTokenTestCase:246 Failed in parsing subtoken: EQUIP of TYPE= (Source: file:/TESTCASE )
2025-09-21T13:28:11.208665200 LSTERROR Test worker AbstractTokenTestCase:246 Illegal ADD subtoken 'EQUIP' 'TYPE=' for pcgen.core.PCTemplate TestObj (Source: file:/TESTCASE )
2025-09-21T13:28:11.208665200 LSTERROR Test worker AbstractTokenTestCase:246 EQUIP arguments may not start with , : ,TestWP1 (Source: file:/TESTCASE )
2025-09-21T13:28:11.208665200 LSTERROR Test worker AbstractTokenTestCase:246 Failed in parsing subtoken: EQUIP of ,TestWP1 (Source: file:/TESTCASE )
2025-09-21T13:28:11.208665200 LSTERROR Test worker AbstractTokenTestCase:246 Illegal ADD subtoken 'EQUIP' ',TestWP1' for pcgen.core.PCTemplate TestObj (Source: file:/TESTCASE )
2025-09-21T13:28:11.208665200 LSTERROR Test worker AbstractTokenTestCase:246 ADD requires a SubToken and argument, found: EQUIP (Source: file:/TESTCASE )
2025-09-21T13:28:11.208665200 LSTERROR Test worker AbstractTokenTestCase:246 EQUIP arguments may not start with , : , (Source: file:/TESTCASE )
2025-09-21T13:28:11.208665200 LSTERROR Test worker AbstractTokenTestCase:246 Failed in parsing subtoken: EQUIP of , (Source: file:/TESTCASE )
2025-09-21T13:28:11.208665200 LSTERROR Test worker AbstractTokenTestCase:246 Illegal ADD subtoken 'EQUIP' ',' for pcgen.core.PCTemplate TestObj (Source: file:/TESTCASE )
2025-09-21T13:28:11.208665200 LSTERROR Test worker AbstractTokenTestCase:246 EQUIP arguments uses double separator ,, : TestWP3,,TestWP4 (Source: file:/TESTCASE )
2025-09-21T13:28:11.208665200 LSTERROR Test worker AbstractTokenTestCase:246 Failed in parsing subtoken: EQUIP of TestWP3,,TestWP4 (Source: file:/TESTCASE )
2025-09-21T13:28:11.208665200 LSTERROR Test worker AbstractTokenTestCase:246 Illegal ADD subtoken 'EQUIP' 'TestWP3,,TestWP4' for pcgen.core.PCTemplate TestObj (Source: file:/TESTCASE )
2025-09-21T13:28:11.208665200 LSTERROR Test worker AbstractTokenTestCase:246 Count in ADD:EQUIP must be &gt; 0 (Source: file:/TESTCASE )
2025-09-21T13:28:11.208665200 LSTERROR Test worker AbstractTokenTestCase:246 Failed in parsing subtoken: EQUIP of -1|TestWP1 (Source: file:/TESTCASE )
2025-09-21T13:28:11.208665200 LSTERROR Test worker AbstractTokenTestCase:246 Illegal ADD subtoken 'EQUIP' '-1|TestWP1' for pcgen.core.PCTemplate TestObj (Source: file:/TESTCASE )
2025-09-21T13:28:11.208665200 SEVERE Test worker TokenUtilities:75 Type may not start or end with . in: .One
2025-09-21T13:28:11.208665200 LSTERROR Test worker AbstractTokenTestCase:246   Error was encountered while parsing ADD:EQUIP: TYPE= had an invalid reference: TYPE= (Source: file:/TESTCASE )
2025-09-21T13:28:11.208665200 LSTERROR Test worker AbstractTokenTestCase:246 Failed in parsing subtoken: EQUIP of TYPE= (Source: file:/TESTCASE )
2025-09-21T13:28:11.208665200 LSTERROR Test worker AbstractTokenTestCase:246 Illegal ADD subtoken 'EQUIP' 'TYPE=' for pcgen.core.PCTemplate TestObj (Source: file:/TESTCASE )
2025-09-21T13:28:11.208665200 LSTERROR Test worker AbstractTokenTestCase:246 EQUIP arguments may not start with , : ,TestWP1 (Source: file:/TESTCASE )
2025-09-21T13:28:11.208665200 LSTERROR Test worker AbstractTokenTestCase:246 Failed in parsing subtoken: EQUIP of ,TestWP1 (Source: file:/TESTCASE )
2025-09-21T13:28:11.208665200 LSTERROR Test worker AbstractTokenTestCase:246 Illegal ADD subtoken 'EQUIP' ',TestWP1' for pcgen.core.PCTemplate TestObj (Source: file:/TESTCASE )
2025-09-21T13:28:11.208665200 LSTERROR Test worker AbstractTokenTestCase:246 ADD requires a SubToken and argument, found: EQUIP (Source: file:/TESTCASE )
2025-09-21T13:28:11.208665200 LSTERROR Test worker AbstractTokenTestCase:246 EQUIP arguments may not start with , : , (Source: file:/TESTCASE )
2025-09-21T13:28:11.208665200 LSTERROR Test worker AbstractTokenTestCase:246 Failed in parsing subtoken: EQUIP of , (Source: file:/TESTCASE )
2025-09-21T13:28:11.208665200 LSTERROR Test worker AbstractTokenTestCase:246 Illegal ADD subtoken 'EQUIP' ',' for pcgen.core.PCTemplate TestObj (Source: file:/TESTCASE )
2025-09-21T13:28:11.208665200 LSTERROR Test worker AbstractTokenTestCase:246 EQUIP arguments uses double separator ,, : TestWP3,,TestWP4 (Source: file:/TESTCASE )
2025-09-21T13:28:11.208665200 LSTERROR Test worker AbstractTokenTestCase:246 Failed in parsing subtoken: EQUIP of TestWP3,,TestWP4 (Source: file:/TESTCASE )
2025-09-21T13:28:11.208665200 LSTERROR Test worker AbstractTokenTestCase:246 Illegal ADD subtoken 'EQUIP' 'TestWP3,,TestWP4' for pcgen.core.PCTemplate TestObj (Source: file:/TESTCASE )
2025-09-21T13:28:11.208665200 LSTERROR Test worker AbstractTokenTestCase:246 Count in ADD:EQUIP must be &gt; 0 (Source: file:/TESTCASE )
2025-09-21T13:28:11.208665200 LSTERROR Test worker AbstractTokenTestCase:246 Failed in parsing subtoken: EQUIP of -1|TestWP1 (Source: file:/TESTCASE )
2025-09-21T13:28:11.208665200 LSTERROR Test worker AbstractTokenTestCase:246 Illegal ADD subtoken 'EQUIP' '-1|TestWP1' for pcgen.core.PCTemplate TestObj (Source: file:/TESTCASE )
2025-09-21T13:28:11.208665200 LSTERROR Test worker AbstractTokenTestCase:246   Error was encountered while parsing ADD:EQUIP: TYPE=.One had an invalid reference: TYPE=.One (Source: file:/TESTCASE )
2025-09-21T13:28:11.208665200 LSTERROR Test worker AbstractTokenTestCase:246 Failed in parsing subtoken: EQUIP of TYPE=.One (Source: file:/TESTCASE )
2025-09-21T13:28:11.208665200 LSTERROR Test worker AbstractTokenTestCase:246 Illegal ADD subtoken 'EQUIP' 'TYPE=.One' for pcgen.core.PCTemplate TestObj (Source: file:/TESTCASE )
2025-09-21T13:28:11.208665200 SEVERE Test worker LoadContextInst:122 !!Count in ADD:EQUIP must be &gt; 0
2025-09-21T13:28:11.224429600 SEVERE Test worker LoadContextInst:122 !!Count in ADD:EQUIP must be &gt; 0
</pre>
</span>
</div>
</div>
<div id="footer">
<p>
<div>
<label class="hidden" id="label-for-line-wrapping-toggle" for="line-wrapping-toggle">Wrap lines
<input id="line-wrapping-toggle" type="checkbox" autocomplete="off"/>
</label>
</div>Generated by 
<a href="http://www.gradle.org">Gradle 8.10.2</a> at Sep 21, 2025, 9:28:51â€¯AM</p>
</div>
</div>
</body>
</html>
