<!DOCTYPE html>
<html>
<head>
<meta http-equiv="Content-Type" content="text/html; charset=utf-8"/>
<meta http-equiv="x-ua-compatible" content="IE=edge"/>
<title>Test results - MoveCloneLstTest</title>
<link href="../css/base-style.css" rel="stylesheet" type="text/css"/>
<link href="../css/style.css" rel="stylesheet" type="text/css"/>
<script src="../js/report.js" type="text/javascript"></script>
</head>
<body>
<div id="content">
<h1>MoveCloneLstTest</h1>
<div class="breadcrumbs">
<a href="../index.html">all</a> &gt; 
<a href="../packages/plugin.lsttokens.html">plugin.lsttokens</a> &gt; MoveCloneLstTest</div>
<div id="summary">
<table>
<tr>
<td>
<div class="summaryGroup">
<table>
<tr>
<td>
<div class="infoBox" id="tests">
<div class="counter">27</div>
<p>tests</p>
</div>
</td>
<td>
<div class="infoBox" id="failures">
<div class="counter">0</div>
<p>failures</p>
</div>
</td>
<td>
<div class="infoBox" id="ignored">
<div class="counter">0</div>
<p>ignored</p>
</div>
</td>
<td>
<div class="infoBox" id="duration">
<div class="counter">0.081s</div>
<p>duration</p>
</div>
</td>
</tr>
</table>
</div>
</td>
<td>
<div class="infoBox success" id="successRate">
<div class="percent">100%</div>
<p>successful</p>
</div>
</td>
</tr>
</table>
</div>
<div id="tabs">
<ul class="tabLinks">
<li>
<a href="#tab0">Tests</a>
</li>
<li>
<a href="#tab1">Standard error</a>
</li>
</ul>
<div id="tab0" class="tab">
<h2>Tests</h2>
<table>
<thead>
<tr>
<th>Test</th>
<th>Duration</th>
<th>Result</th>
</tr>
</thead>
<tr>
<td class="success">testAvoidContext()</td>
<td class="success">0.002s</td>
<td class="success">passed</td>
</tr>
<tr>
<td class="success">testCleanup()</td>
<td class="success">0s</td>
<td class="success">passed</td>
</tr>
<tr>
<td class="success">testInvalidInputEmpty()</td>
<td class="success">0.002s</td>
<td class="success">passed</td>
</tr>
<tr>
<td class="success">testInvalidInputMissingSecondValue()</td>
<td class="success">0.003s</td>
<td class="success">passed</td>
</tr>
<tr>
<td class="success">testInvalidInputMixedSigns()</td>
<td class="success">0.002s</td>
<td class="success">passed</td>
</tr>
<tr>
<td class="success">testInvalidInputNaNMovement()</td>
<td class="success">0.002s</td>
<td class="success">passed</td>
</tr>
<tr>
<td class="success">testInvalidInputNegativeDivide()</td>
<td class="success">0.002s</td>
<td class="success">passed</td>
</tr>
<tr>
<td class="success">testInvalidInputNegativeMultiply()</td>
<td class="success">0.002s</td>
<td class="success">passed</td>
</tr>
<tr>
<td class="success">testInvalidInputNoBase()</td>
<td class="success">0.002s</td>
<td class="success">passed</td>
</tr>
<tr>
<td class="success">testInvalidInputNoSecondValue()</td>
<td class="success">0.002s</td>
<td class="success">passed</td>
</tr>
<tr>
<td class="success">testInvalidInputNoValue()</td>
<td class="success">0.002s</td>
<td class="success">passed</td>
</tr>
<tr>
<td class="success">testInvalidInputOneItem()</td>
<td class="success">0.004s</td>
<td class="success">passed</td>
</tr>
<tr>
<td class="success">testInvalidInputOnlyValue()</td>
<td class="success">0.003s</td>
<td class="success">passed</td>
</tr>
<tr>
<td class="success">testInvalidInputOutOfOrder()</td>
<td class="success">0.003s</td>
<td class="success">passed</td>
</tr>
<tr>
<td class="success">testInvalidInputThreeComma()</td>
<td class="success">0.003s</td>
<td class="success">passed</td>
</tr>
<tr>
<td class="success">testInvalidInputZeroDivide()</td>
<td class="success">0.004s</td>
<td class="success">passed</td>
</tr>
<tr>
<td class="success">testInvalidMultiple()</td>
<td class="success">0.004s</td>
<td class="success">passed</td>
</tr>
<tr>
<td class="success">testOverwrite()</td>
<td class="success">0.001s</td>
<td class="success">passed</td>
</tr>
<tr>
<td class="success">testRoundRobinDivide()</td>
<td class="success">0.006s</td>
<td class="success">passed</td>
</tr>
<tr>
<td class="success">testRoundRobinDupe()</td>
<td class="success">0.004s</td>
<td class="success">passed</td>
</tr>
<tr>
<td class="success">testRoundRobinMultiply()</td>
<td class="success">0.005s</td>
<td class="success">passed</td>
</tr>
<tr>
<td class="success">testRoundRobinMultiplyDecimal()</td>
<td class="success">0.005s</td>
<td class="success">passed</td>
</tr>
<tr>
<td class="success">testRoundRobinSimple()</td>
<td class="success">0.005s</td>
<td class="success">passed</td>
</tr>
<tr>
<td class="success">testRoundRobinSubtract()</td>
<td class="success">0.009s</td>
<td class="success">passed</td>
</tr>
<tr>
<td class="success">testValidPlusZero()</td>
<td class="success">0.001s</td>
<td class="success">passed</td>
</tr>
<tr>
<td class="success">testValidPositive()</td>
<td class="success">0.002s</td>
<td class="success">passed</td>
</tr>
<tr>
<td class="success">testValidZero()</td>
<td class="success">0.001s</td>
<td class="success">passed</td>
</tr>
</table>
</div>
<div id="tab1" class="tab">
<h2>Standard error</h2>
<span class="code">
<pre>2025-09-21T13:28:08.270858800 LSTERROR Test worker AbstractGlobalTokenTestCase:214 Token generated an IllegalArgumentException: Priority must be an integer:  was not an integer
2025-09-21T13:28:08.270858800 LSTERROR Test worker AbstractGlobalTokenTestCase:214 Token processing failed (Source: file:/TESTCASE )
2025-09-21T13:28:08.270858800 LSTERROR Test worker AbstractGlobalTokenTestCase:214 MODIFYOTHER Modifier TRUFFLE had value 3 but it was not valid: Requested unknown ModifierType: Number TRUFFLE (Source: file:/TESTCASE )
2025-09-21T13:28:08.270858800 LSTERROR Test worker AbstractGlobalTokenTestCase:214 MOVECLONE arguments may not end with , : Walk,Fly, (Source: file:/TESTCASE )
2025-09-21T13:28:08.270858800 LSTERROR Test worker AbstractGlobalTokenTestCase:214 Token generated an IllegalArgumentException: Priority must be an integer:  was not an integer
2025-09-21T13:28:08.270858800 LSTERROR Test worker AbstractGlobalTokenTestCase:214 Token processing failed (Source: file:/TESTCASE )
2025-09-21T13:28:08.270858800 LSTERROR Test worker AbstractGlobalTokenTestCase:214 MODIFYOTHER Modifier TRUFFLE had value 3 but it was not valid: Requested unknown ModifierType: Number TRUFFLE (Source: file:/TESTCASE )
2025-09-21T13:28:08.270858800 LSTERROR Test worker AbstractGlobalTokenTestCase:214 MOVECLONE arguments may not end with , : Walk,Fly, (Source: file:/TESTCASE )
2025-09-21T13:28:08.270858800 LSTERROR Test worker AbstractGlobalTokenTestCase:214 Invalid Version of MOVECLONE detected: Walk,0,Fly,30
  MOVECLONE has 3 arguments: SourceMove,DestinationMove,Modifier (Source: file:/TESTCASE )
2025-09-21T13:28:08.270858800 LSTERROR Test worker AbstractGlobalTokenTestCase:214 Token generated an IllegalArgumentException: Priority must be an integer:  was not an integer
2025-09-21T13:28:08.286793200 LSTERROR Test worker AbstractGlobalTokenTestCase:214 Token processing failed (Source: file:/TESTCASE )
2025-09-21T13:28:08.286793200 LSTERROR Test worker AbstractGlobalTokenTestCase:214 MODIFYOTHER Modifier TRUFFLE had value 3 but it was not valid: Requested unknown ModifierType: Number TRUFFLE (Source: file:/TESTCASE )
2025-09-21T13:28:08.286793200 LSTERROR Test worker AbstractGlobalTokenTestCase:214 MOVECLONE arguments may not end with , : Walk,Fly, (Source: file:/TESTCASE )
2025-09-21T13:28:08.286793200 LSTERROR Test worker AbstractGlobalTokenTestCase:214 Invalid Version of MOVECLONE detected: Walk,0,Fly,30
  MOVECLONE has 3 arguments: SourceMove,DestinationMove,Modifier (Source: file:/TESTCASE )
2025-09-21T13:28:08.286793200 LSTERROR Test worker AbstractGlobalTokenTestCase:214 MOVECLONE was expecting a Formula as the final value, was : Fly (Source: file:/TESTCASE )
2025-09-21T13:28:08.286793200 LSTERROR Test worker AbstractGlobalTokenTestCase:214 Token generated an IllegalArgumentException: Priority must be an integer:  was not an integer
2025-09-21T13:28:08.286793200 LSTERROR Test worker AbstractGlobalTokenTestCase:214 Token processing failed (Source: file:/TESTCASE )
2025-09-21T13:28:08.286793200 LSTERROR Test worker AbstractGlobalTokenTestCase:214 MODIFYOTHER Modifier TRUFFLE had value 3 but it was not valid: Requested unknown ModifierType: Number TRUFFLE (Source: file:/TESTCASE )
2025-09-21T13:28:08.286793200 LSTERROR Test worker AbstractGlobalTokenTestCase:214 MOVECLONE arguments may not end with , : Walk,Fly, (Source: file:/TESTCASE )
2025-09-21T13:28:08.286793200 LSTERROR Test worker AbstractGlobalTokenTestCase:214 Invalid Version of MOVECLONE detected: Walk,0,Fly,30
  MOVECLONE has 3 arguments: SourceMove,DestinationMove,Modifier (Source: file:/TESTCASE )
2025-09-21T13:28:08.286793200 LSTERROR Test worker AbstractGlobalTokenTestCase:214 MOVECLONE was expecting a Formula as the final value, was : Fly (Source: file:/TESTCASE )
2025-09-21T13:28:08.286793200 LSTERROR Test worker AbstractGlobalTokenTestCase:214 Invalid Version of MOVECLONE detected: Walk
  MOVECLONE has 3 arguments: SourceMove,DestinationMove,Modifier (Source: file:/TESTCASE )
2025-09-21T13:28:08.286793200 LSTERROR Test worker AbstractGlobalTokenTestCase:214 Token generated an IllegalArgumentException: Priority must be an integer:  was not an integer
2025-09-21T13:28:08.286793200 LSTERROR Test worker AbstractGlobalTokenTestCase:214 Token processing failed (Source: file:/TESTCASE )
2025-09-21T13:28:08.286793200 LSTERROR Test worker AbstractGlobalTokenTestCase:214 MODIFYOTHER Modifier TRUFFLE had value 3 but it was not valid: Requested unknown ModifierType: Number TRUFFLE (Source: file:/TESTCASE )
2025-09-21T13:28:08.286793200 LSTERROR Test worker AbstractGlobalTokenTestCase:214 MOVECLONE arguments may not end with , : Walk,Fly, (Source: file:/TESTCASE )
2025-09-21T13:28:08.286793200 LSTERROR Test worker AbstractGlobalTokenTestCase:214 Invalid Version of MOVECLONE detected: Walk,0,Fly,30
  MOVECLONE has 3 arguments: SourceMove,DestinationMove,Modifier (Source: file:/TESTCASE )
2025-09-21T13:28:08.286793200 LSTERROR Test worker AbstractGlobalTokenTestCase:214 MOVECLONE was expecting a Formula as the final value, was : Fly (Source: file:/TESTCASE )
2025-09-21T13:28:08.286793200 LSTERROR Test worker AbstractGlobalTokenTestCase:214 Invalid Version of MOVECLONE detected: Walk
  MOVECLONE has 3 arguments: SourceMove,DestinationMove,Modifier (Source: file:/TESTCASE )
2025-09-21T13:28:08.286793200 LSTERROR Test worker AbstractGlobalTokenTestCase:214 Invalid Version of MOVECLONE detected: Walk,Fly,*3,Walk,Crawl,/2
  MOVECLONE has 3 arguments: SourceMove,DestinationMove,Modifier (Source: file:/TESTCASE )
2025-09-21T13:28:08.302732700 LSTERROR Test worker AbstractGlobalTokenTestCase:214 MOVECLONE was expecting a Non-Negative Integer for adding Movement, was : -3 (Source: file:/TESTCASE )
2025-09-21T13:28:08.302732700 LSTERROR Test worker AbstractGlobalTokenTestCase:214 MOVECLONE was expecting a Non-Negative Integer for adding Movement, was : -3 (Source: file:/TESTCASE )
2025-09-21T13:28:08.302732700 LSTERROR Test worker AbstractGlobalTokenTestCase:214 MOVECLONE was expecting a Formula as the final value, was : Foo (Source: file:/TESTCASE )
2025-09-21T13:28:08.318607600 LSTERROR Test worker AbstractGlobalTokenTestCase:214 MOVECLONE was expecting a Positive Integer for dividing Movement, was : -3 (Source: file:/TESTCASE )
2025-09-21T13:28:08.318607600 LSTERROR Test worker AbstractGlobalTokenTestCase:214 MOVECLONE arguments may not start with , : ,30 (Source: file:/TESTCASE )
2025-09-21T13:28:08.334569700 LSTERROR Test worker AbstractGlobalTokenTestCase:214 MOVECLONE arguments may not start with , : ,30 (Source: file:/TESTCASE )
2025-09-21T13:28:08.334569700 LSTERROR Test worker AbstractGlobalTokenTestCase:214 MOVECLONE arguments uses double separator ,, : Walk,,*2 (Source: file:/TESTCASE )
2025-09-21T13:28:08.334569700 LSTERROR Test worker AbstractGlobalTokenTestCase:214 MOVECLONE arguments may not start with , : ,30 (Source: file:/TESTCASE )
2025-09-21T13:28:08.334569700 LSTERROR Test worker AbstractGlobalTokenTestCase:214 MOVECLONE arguments uses double separator ,, : Walk,,*2 (Source: file:/TESTCASE )
2025-09-21T13:28:08.334569700 LSTERROR Test worker AbstractGlobalTokenTestCase:214 MOVECLONE may not have empty argument (Source: file:/TESTCASE )
2025-09-21T13:28:08.350487100 LSTERROR Test worker AbstractGlobalTokenTestCase:214 MOVECLONE was expecting a Float &gt;= 0 for multiplying Movement, was : -3 (Source: file:/TESTCASE )
2025-09-21T13:28:08.350487100 LSTERROR Test worker AbstractGlobalTokenTestCase:214 MOVECLONE was expecting a Float &gt;= 0 for multiplying Movement, was : -3 (Source: file:/TESTCASE )
2025-09-21T13:28:08.350487100 LSTERROR Test worker AbstractGlobalTokenTestCase:214 MOVECLONE arguments may not start with , : ,Fly,30 (Source: file:/TESTCASE )
2025-09-21T13:28:08.350487100 LSTERROR Test worker AbstractGlobalTokenTestCase:214 MOVECLONE was expecting a Float &gt;= 0 for multiplying Movement, was : -3 (Source: file:/TESTCASE )
2025-09-21T13:28:08.350487100 LSTERROR Test worker AbstractGlobalTokenTestCase:214 MOVECLONE arguments may not start with , : ,Fly,30 (Source: file:/TESTCASE )
2025-09-21T13:28:08.350487100 LSTERROR Test worker AbstractGlobalTokenTestCase:214 MOVECLONE arguments may not end with , : Walk, (Source: file:/TESTCASE )
2025-09-21T13:28:08.350487100 LSTERROR Test worker AbstractGlobalTokenTestCase:214 MOVECLONE was expecting a Float &gt;= 0 for multiplying Movement, was : -3 (Source: file:/TESTCASE )
2025-09-21T13:28:08.350487100 LSTERROR Test worker AbstractGlobalTokenTestCase:214 MOVECLONE arguments may not start with , : ,Fly,30 (Source: file:/TESTCASE )
2025-09-21T13:28:08.350487100 LSTERROR Test worker AbstractGlobalTokenTestCase:214 MOVECLONE arguments may not end with , : Walk, (Source: file:/TESTCASE )
2025-09-21T13:28:08.350487100 LSTERROR Test worker AbstractGlobalTokenTestCase:214 MOVECLONE was expecting a Positive Integer for dividing Movement, was : 0 (Source: file:/TESTCASE )
</pre>
</span>
</div>
</div>
<div id="footer">
<p>
<div>
<label class="hidden" id="label-for-line-wrapping-toggle" for="line-wrapping-toggle">Wrap lines
<input id="line-wrapping-toggle" type="checkbox" autocomplete="off"/>
</label>
</div>Generated by 
<a href="http://www.gradle.org">Gradle 8.10.2</a> at Sep 21, 2025, 9:28:51â€¯AM</p>
</div>
</div>
</body>
</html>
