<!DOCTYPE html>
<html>
<head>
<meta http-equiv="Content-Type" content="text/html; charset=utf-8"/>
<meta http-equiv="x-ua-compatible" content="IE=edge"/>
<title>Test results - KnownspellsTokenTest</title>
<link href="../css/base-style.css" rel="stylesheet" type="text/css"/>
<link href="../css/style.css" rel="stylesheet" type="text/css"/>
<script src="../js/report.js" type="text/javascript"></script>
</head>
<body>
<div id="content">
<h1>KnownspellsTokenTest</h1>
<div class="breadcrumbs">
<a href="../index.html">all</a> &gt; 
<a href="../packages/plugin.lsttokens.pcclass.html">plugin.lsttokens.pcclass</a> &gt; KnownspellsTokenTest</div>
<div id="summary">
<table>
<tr>
<td>
<div class="summaryGroup">
<table>
<tr>
<td>
<div class="infoBox" id="tests">
<div class="counter">75</div>
<p>tests</p>
</div>
</td>
<td>
<div class="infoBox" id="failures">
<div class="counter">0</div>
<p>failures</p>
</div>
</td>
<td>
<div class="infoBox" id="ignored">
<div class="counter">0</div>
<p>ignored</p>
</div>
</td>
<td>
<div class="infoBox" id="duration">
<div class="counter">0.104s</div>
<p>duration</p>
</div>
</td>
</tr>
</table>
</div>
</td>
<td>
<div class="infoBox success" id="successRate">
<div class="percent">100%</div>
<p>successful</p>
</div>
</td>
</tr>
</table>
</div>
<div id="tabs">
<ul class="tabLinks">
<li>
<a href="#tab0">Tests</a>
</li>
<li>
<a href="#tab1">Standard error</a>
</li>
</ul>
<div id="tab0" class="tab">
<h2>Tests</h2>
<table>
<thead>
<tr>
<th>Test</th>
<th>Duration</th>
<th>Result</th>
</tr>
</thead>
<tr>
<td class="success">testArchitecture()</td>
<td class="success">0s</td>
<td class="success">passed</td>
</tr>
<tr>
<td class="success">testInputInvalidAddsAfterClearDotNoSideEffect()</td>
<td class="success">0s</td>
<td class="success">passed</td>
</tr>
<tr>
<td class="success">testInputInvalidAddsAfterClearNoSideEffect()</td>
<td class="success">0s</td>
<td class="success">passed</td>
</tr>
<tr>
<td class="success">testInputInvalidAddsAllNoSideEffect()</td>
<td class="success">0.001s</td>
<td class="success">passed</td>
</tr>
<tr>
<td class="success">testInputInvalidAddsBasicNoSideEffect()</td>
<td class="success">0.002s</td>
<td class="success">passed</td>
</tr>
<tr>
<td class="success">testInputInvalidAddsTypeNoSideEffect()</td>
<td class="success">0.002s</td>
<td class="success">passed</td>
</tr>
<tr>
<td class="success">testInputInvalidClear()</td>
<td class="success">0.001s</td>
<td class="success">passed</td>
</tr>
<tr>
<td class="success">testInputInvalidTypeClearDotNoSideEffect()</td>
<td class="success">0.001s</td>
<td class="success">passed</td>
</tr>
<tr>
<td class="success">testInvalidInputAll()</td>
<td class="success">0.001s</td>
<td class="success">passed</td>
</tr>
<tr>
<td class="success">testInvalidInputAllItem()</td>
<td class="success">0s</td>
<td class="success">passed</td>
</tr>
<tr>
<td class="success">testInvalidInputAny()</td>
<td class="success">0.002s</td>
<td class="success">passed</td>
</tr>
<tr>
<td class="success">testInvalidInputAnyType()</td>
<td class="success">0s</td>
<td class="success">passed</td>
</tr>
<tr>
<td class="success">testInvalidInputCheckMult()</td>
<td class="success">0.002s</td>
<td class="success">passed</td>
</tr>
<tr>
<td class="success">testInvalidInputCheckType()</td>
<td class="success">0s</td>
<td class="success">passed</td>
</tr>
<tr>
<td class="success">testInvalidInputCheckTypeDotLength()</td>
<td class="success">0.002s</td>
<td class="success">passed</td>
</tr>
<tr>
<td class="success">testInvalidInputCheckTypeEqualLength()</td>
<td class="success">0.002s</td>
<td class="success">passed</td>
</tr>
<tr>
<td class="success">testInvalidInputClearDotTypeDoubleSeparator()</td>
<td class="success">0.002s</td>
<td class="success">passed</td>
</tr>
<tr>
<td class="success">testInvalidInputClearDotTypeEmpty()</td>
<td class="success">0.001s</td>
<td class="success">passed</td>
</tr>
<tr>
<td class="success">testInvalidInputClearDotTypeFalseStart()</td>
<td class="success">0.002s</td>
<td class="success">passed</td>
</tr>
<tr>
<td class="success">testInvalidInputClearDotTypeUnterminated()</td>
<td class="success">0s</td>
<td class="success">passed</td>
</tr>
<tr>
<td class="success">testInvalidInputDouble()</td>
<td class="success">0.001s</td>
<td class="success">passed</td>
</tr>
<tr>
<td class="success">testInvalidInputEmpty()</td>
<td class="success">0.001s</td>
<td class="success">passed</td>
</tr>
<tr>
<td class="success">testInvalidInputEmptyString()</td>
<td class="success">0.001s</td>
<td class="success">passed</td>
</tr>
<tr>
<td class="success">testInvalidInputEnd()</td>
<td class="success">0.002s</td>
<td class="success">passed</td>
</tr>
<tr>
<td class="success">testInvalidInputItemAll()</td>
<td class="success">0.001s</td>
<td class="success">passed</td>
</tr>
<tr>
<td class="success">testInvalidInputJoinOnly()</td>
<td class="success">0.001s</td>
<td class="success">passed</td>
</tr>
<tr>
<td class="success">testInvalidInputJoinedComma()</td>
<td class="success">0.001s</td>
<td class="success">passed</td>
</tr>
<tr>
<td class="success">testInvalidInputJoinedDot()</td>
<td class="success">0.002s</td>
<td class="success">passed</td>
</tr>
<tr>
<td class="success">testInvalidInputJoinedPipe()</td>
<td class="success">0.001s</td>
<td class="success">passed</td>
</tr>
<tr>
<td class="success">testInvalidInputLevelDouble()</td>
<td class="success">0.001s</td>
<td class="success">passed</td>
</tr>
<tr>
<td class="success">testInvalidInputLevelEmpty()</td>
<td class="success">0.002s</td>
<td class="success">passed</td>
</tr>
<tr>
<td class="success">testInvalidInputLevelNaN()</td>
<td class="success">0.002s</td>
<td class="success">passed</td>
</tr>
<tr>
<td class="success">testInvalidInputNegative()</td>
<td class="success">0.002s</td>
<td class="success">passed</td>
</tr>
<tr>
<td class="success">testInvalidInputSpellAndType()</td>
<td class="success">0.002s</td>
<td class="success">passed</td>
</tr>
<tr>
<td class="success">testInvalidInputStart()</td>
<td class="success">0.002s</td>
<td class="success">passed</td>
</tr>
<tr>
<td class="success">testInvalidInputString()</td>
<td class="success">0.002s</td>
<td class="success">passed</td>
</tr>
<tr>
<td class="success">testInvalidInputTwoLevel()</td>
<td class="success">0.001s</td>
<td class="success">passed</td>
</tr>
<tr>
<td class="success">testInvalidInputTwoType()</td>
<td class="success">0.001s</td>
<td class="success">passed</td>
</tr>
<tr>
<td class="success">testInvalidInputType()</td>
<td class="success">0.002s</td>
<td class="success">passed</td>
</tr>
<tr>
<td class="success">testInvalidInputTypeAny()</td>
<td class="success">0.001s</td>
<td class="success">passed</td>
</tr>
<tr>
<td class="success">testInvalidInputTypeDoubleSeparator()</td>
<td class="success">0.001s</td>
<td class="success">passed</td>
</tr>
<tr>
<td class="success">testInvalidInputTypeEmpty()</td>
<td class="success">0.002s</td>
<td class="success">passed</td>
</tr>
<tr>
<td class="success">testInvalidInputTypeFalseStart()</td>
<td class="success">0s</td>
<td class="success">passed</td>
</tr>
<tr>
<td class="success">testInvalidInputTypeUnterminated()</td>
<td class="success">0.002s</td>
<td class="success">passed</td>
</tr>
<tr>
<td class="success">testInvalidListDoubleJoin()</td>
<td class="success">0s</td>
<td class="success">passed</td>
</tr>
<tr>
<td class="success">testInvalidListEnd()</td>
<td class="success">0.001s</td>
<td class="success">passed</td>
</tr>
<tr>
<td class="success">testInvalidListStart()</td>
<td class="success">0.002s</td>
<td class="success">passed</td>
</tr>
<tr>
<td class="success">testNoStackTrace()</td>
<td class="success">0.001s</td>
<td class="success">passed</td>
</tr>
<tr>
<td class="success">testOverwrite()</td>
<td class="success">0.001s</td>
<td class="success">passed</td>
</tr>
<tr>
<td class="success">testRoundRobinComplex()</td>
<td class="success">0.002s</td>
<td class="success">passed</td>
</tr>
<tr>
<td class="success">testRoundRobinLevels()</td>
<td class="success">0.002s</td>
<td class="success">passed</td>
</tr>
<tr>
<td class="success">testRoundRobinOne()</td>
<td class="success">0.003s</td>
<td class="success">passed</td>
</tr>
<tr>
<td class="success">testRoundRobinOnePreFooler()</td>
<td class="success">0.002s</td>
<td class="success">passed</td>
</tr>
<tr>
<td class="success">testRoundRobinTestAll()</td>
<td class="success">0.001s</td>
<td class="success">passed</td>
</tr>
<tr>
<td class="success">testRoundRobinTestEqualThree()</td>
<td class="success">0.002s</td>
<td class="success">passed</td>
</tr>
<tr>
<td class="success">testRoundRobinTestEqualThreeLevel()</td>
<td class="success">0.003s</td>
<td class="success">passed</td>
</tr>
<tr>
<td class="success">testRoundRobinTestEquals()</td>
<td class="success">0.003s</td>
<td class="success">passed</td>
</tr>
<tr>
<td class="success">testRoundRobinThree()</td>
<td class="success">0.003s</td>
<td class="success">passed</td>
</tr>
<tr>
<td class="success">testRoundRobinThreeDupe()</td>
<td class="success">0.001s</td>
<td class="success">passed</td>
</tr>
<tr>
<td class="success">testRoundRobinTypeLevel()</td>
<td class="success">0.003s</td>
<td class="success">passed</td>
</tr>
<tr>
<td class="success">testRoundRobinWithEqualType()</td>
<td class="success">0.003s</td>
<td class="success">passed</td>
</tr>
<tr>
<td class="success">testRoundRobinWithLevel()</td>
<td class="success">0.003s</td>
<td class="success">passed</td>
</tr>
<tr>
<td class="success">testUnparseLevel()</td>
<td class="success">0.001s</td>
<td class="success">passed</td>
</tr>
<tr>
<td class="success">testUnparseMultTypeLevel()</td>
<td class="success">0.001s</td>
<td class="success">passed</td>
</tr>
<tr>
<td class="success">testUnparseMultiple()</td>
<td class="success">0.001s</td>
<td class="success">passed</td>
</tr>
<tr>
<td class="success">testUnparseNegativeLevel()</td>
<td class="success">0.001s</td>
<td class="success">passed</td>
</tr>
<tr>
<td class="success">testUnparseNull()</td>
<td class="success">0s</td>
<td class="success">passed</td>
</tr>
<tr>
<td class="success">testUnparseOne()</td>
<td class="success">0.001s</td>
<td class="success">passed</td>
</tr>
<tr>
<td class="success">testUnparseTypeLevel()</td>
<td class="success">0.001s</td>
<td class="success">passed</td>
</tr>
<tr>
<td class="success">testValidClearDotAllNoSideEffects()</td>
<td class="success">0s</td>
<td class="success">passed</td>
</tr>
<tr>
<td class="success">testValidInputClear()</td>
<td class="success">0.002s</td>
<td class="success">passed</td>
</tr>
<tr>
<td class="success">testValidInputClearJoin()</td>
<td class="success">0.002s</td>
<td class="success">passed</td>
</tr>
<tr>
<td class="success">testValidInputClearJoinWorking()</td>
<td class="success">0.001s</td>
<td class="success">passed</td>
</tr>
<tr>
<td class="success">testValidInputClearWorking()</td>
<td class="success">0s</td>
<td class="success">passed</td>
</tr>
<tr>
<td class="success">testValidInputTestDot()</td>
<td class="success">0.002s</td>
<td class="success">passed</td>
</tr>
</table>
</div>
<div id="tab1" class="tab">
<h2>Standard error</h2>
<span class="code">
<pre>2025-09-21T13:28:29.549588600 SEVERE Test worker TokenUtilities:83 Attempt to acquire empty Type in: One..Two
2025-09-21T13:28:29.549588600 LSTERROR Test worker AbstractTokenTestCase:246   encountered Invalid limit in KNOWNSPELLS: TYPE=One..Two (Source: file:/TESTCASE )
2025-09-21T13:28:29.549588600 LSTERROR Test worker AbstractTokenTestCase:246   encountered Invalid limit in KNOWNSPELLS: TYPE=One..Two (Source: file:/TESTCASE )
2025-09-21T13:28:29.549588600 LSTERROR Test worker AbstractTokenTestCase:246 KNOWNSPELLS may not have empty argument (Source: file:/TESTCASE )
2025-09-21T13:28:29.549588600 SEVERE Test worker TokenUtilities:75 Type may not start or end with . in: One.
2025-09-21T13:28:29.549588600 LSTERROR Test worker AbstractTokenTestCase:246   encountered Invalid limit in KNOWNSPELLS: TYPE=One..Two (Source: file:/TESTCASE )
2025-09-21T13:28:29.549588600 LSTERROR Test worker AbstractTokenTestCase:246 KNOWNSPELLS may not have empty argument (Source: file:/TESTCASE )
2025-09-21T13:28:29.549588600 LSTERROR Test worker AbstractTokenTestCase:246   encountered Invalid limit in KNOWNSPELLS: TYPE=One. (Source: file:/TESTCASE )
2025-09-21T13:28:29.549588600 LSTERROR Test worker AbstractTokenTestCase:246   encountered Invalid limit in KNOWNSPELLS: TYPE=One..Two (Source: file:/TESTCASE )
2025-09-21T13:28:29.549588600 LSTERROR Test worker AbstractTokenTestCase:246 KNOWNSPELLS may not have empty argument (Source: file:/TESTCASE )
2025-09-21T13:28:29.565424600 LSTERROR Test worker AbstractTokenTestCase:246   encountered Invalid limit in KNOWNSPELLS: TYPE=One. (Source: file:/TESTCASE )
2025-09-21T13:28:29.565424600 LSTERROR Test worker AbstractTokenTestCase:246 KNOWNSPELLS arguments may not end with | : TestWP1| (Source: file:/TESTCASE )
2025-09-21T13:28:29.565832200 SEVERE Test worker CDOMFactory:105 Unconstructed Reference: Spell TestWP2
2025-09-21T13:28:29.565832200 SEVERE Test worker AbstractReferenceManufacturer:296 Error: No Spell objects of TYPE=TestType were loaded but were referred to in the data
2025-09-21T13:28:29.565832200 LSTERROR Test worker AbstractTokenTestCase:246 Token generated an IllegalArgumentException: All cannot be a valid single item (not supported in this token?)
2025-09-21T13:28:29.565832200 LSTERROR Test worker AbstractTokenTestCase:246 Token processing failed (Source: file:/TESTCASE )
2025-09-21T13:28:29.565832200 LSTERROR Test worker AbstractTokenTestCase:246 Token generated an IllegalArgumentException: All cannot be a valid single item (not supported in this token?)
2025-09-21T13:28:29.565832200 LSTERROR Test worker AbstractTokenTestCase:246 Token processing failed (Source: file:/TESTCASE )
2025-09-21T13:28:29.565832200 LSTERROR Test worker AbstractTokenTestCase:246 Token generated an IllegalArgumentException: Any cannot be a valid single item (not supported in this token?)
2025-09-21T13:28:29.565832200 LSTERROR Test worker AbstractTokenTestCase:246 Token processing failed (Source: file:/TESTCASE )
2025-09-21T13:28:29.581496700 SEVERE Test worker CDOMFactory:105 Unconstructed Reference: Spell TestType
2025-09-21T13:28:29.581496700 SEVERE Test worker CDOMFactory:105 Unconstructed Reference: Spell TestWP1.TestWP2
2025-09-21T13:28:29.581496700 LSTERROR Test worker AbstractTokenTestCase:246 KNOWNSPELLS arguments uses double separator || : TestWP2||TestWP1 (Source: file:/TESTCASE )
2025-09-21T13:28:29.597267600 SEVERE Test worker CDOMFactory:105 Unconstructed Reference: Spell TestWP2
2025-09-21T13:28:29.597267600 SEVERE Test worker TokenUtilities:70 Type may not be empty in: 
2025-09-21T13:28:29.597267600 LSTERROR Test worker AbstractTokenTestCase:246   encountered Invalid limit in KNOWNSPELLS: TestWP3|TYPE= (Source: file:/TESTCASE )
2025-09-21T13:28:29.597267600 SEVERE Test worker TokenUtilities:70 Type may not be empty in: 
2025-09-21T13:28:29.597267600 LSTERROR Test worker AbstractTokenTestCase:246   encountered Invalid limit in KNOWNSPELLS: TYPE= (Source: file:/TESTCASE )
2025-09-21T13:28:29.597267600 LSTERROR Test worker AbstractTokenTestCase:246   encountered Invalid limit in KNOWNSPELLS: TYPE= (Source: file:/TESTCASE )
2025-09-21T13:28:29.597267600 LSTERROR Test worker AbstractTokenTestCase:246 Non-sensical situation was encountered while parsing KNOWNSPELLS: When used, .CLEARALL must be the first argument (Source: file:/TESTCASE )
2025-09-21T13:28:29.597267600 LSTERROR Test worker AbstractTokenTestCase:246   encountered Invalid limit in KNOWNSPELLS: TYPE= (Source: file:/TESTCASE )
2025-09-21T13:28:29.597267600 LSTERROR Test worker AbstractTokenTestCase:246 Non-sensical situation was encountered while parsing KNOWNSPELLS: When used, .CLEARALL must be the first argument (Source: file:/TESTCASE )
2025-09-21T13:28:29.597267600 LSTERROR Test worker AbstractTokenTestCase:246 KNOWNSPELLS arguments may not start with | : |TestWP1 (Source: file:/TESTCASE )
2025-09-21T13:28:29.597267600 SEVERE Test worker CDOMFactory:105 Unconstructed Reference: Spell TestWP2
2025-09-21T13:28:29.597267600 SEVERE Test worker AbstractReferenceManufacturer:296 Error: No Spell objects of TYPE=OtherTestType.TestType were loaded but were referred to in the data
2025-09-21T13:28:29.613012600 SEVERE Test worker CDOMFactory:105 Unconstructed Reference: Spell String
2025-09-21T13:28:29.613012600 LSTERROR Test worker AbstractTokenTestCase:246   encountered Invalid limit in KNOWNSPELLS: TYPE= (Source: file:/TESTCASE )
2025-09-21T13:28:29.613012600 LSTERROR Test worker AbstractTokenTestCase:246 Non-sensical situation was encountered while parsing KNOWNSPELLS: When used, .CLEARALL must be the first argument (Source: file:/TESTCASE )
2025-09-21T13:28:29.613012600 LSTERROR Test worker AbstractTokenTestCase:246 KNOWNSPELLS arguments may not start with | : |TestWP1 (Source: file:/TESTCASE )
2025-09-21T13:28:29.613012600 LSTERROR Test worker AbstractTokenTestCase:246 KNOWNSPELLS arguments may not start with | : | (Source: file:/TESTCASE )
2025-09-21T13:28:29.613012600 LSTERROR Test worker AbstractTokenTestCase:246   encountered Invalid limit in KNOWNSPELLS: TYPE= (Source: file:/TESTCASE )
2025-09-21T13:28:29.613012600 LSTERROR Test worker AbstractTokenTestCase:246 Non-sensical situation was encountered while parsing KNOWNSPELLS: When used, .CLEARALL must be the first argument (Source: file:/TESTCASE )
2025-09-21T13:28:29.613012600 LSTERROR Test worker AbstractTokenTestCase:246 KNOWNSPELLS arguments may not start with | : |TestWP1 (Source: file:/TESTCASE )
2025-09-21T13:28:29.613012600 LSTERROR Test worker AbstractTokenTestCase:246 KNOWNSPELLS arguments may not start with | : | (Source: file:/TESTCASE )
2025-09-21T13:28:29.613012600 LSTERROR Test worker AbstractTokenTestCase:246 KNOWNSPELLS arguments uses double separator || : TestWP3||TestWP4 (Source: file:/TESTCASE )
2025-09-21T13:28:29.613012600 SEVERE Test worker TokenUtilities:75 Type may not start or end with . in: .One
2025-09-21T13:28:29.613012600 LSTERROR Test worker AbstractTokenTestCase:246   encountered Invalid limit in KNOWNSPELLS: TYPE= (Source: file:/TESTCASE )
2025-09-21T13:28:29.613012600 LSTERROR Test worker AbstractTokenTestCase:246 Non-sensical situation was encountered while parsing KNOWNSPELLS: When used, .CLEARALL must be the first argument (Source: file:/TESTCASE )
2025-09-21T13:28:29.613012600 LSTERROR Test worker AbstractTokenTestCase:246 KNOWNSPELLS arguments may not start with | : |TestWP1 (Source: file:/TESTCASE )
2025-09-21T13:28:29.613012600 LSTERROR Test worker AbstractTokenTestCase:246 KNOWNSPELLS arguments may not start with | : | (Source: file:/TESTCASE )
2025-09-21T13:28:29.613012600 LSTERROR Test worker AbstractTokenTestCase:246 KNOWNSPELLS arguments uses double separator || : TestWP3||TestWP4 (Source: file:/TESTCASE )
2025-09-21T13:28:29.613012600 LSTERROR Test worker AbstractTokenTestCase:246   encountered Invalid limit in KNOWNSPELLS: TYPE=.One (Source: file:/TESTCASE )
2025-09-21T13:28:29.613012600 LSTERROR Test worker AbstractTokenTestCase:246 Invalid Number in KNOWNSPELLS: LEVEL=1.0 (Source: file:/TESTCASE )
2025-09-21T13:28:29.613012600 LSTERROR Test worker AbstractTokenTestCase:246   Level must be a non-negative integer (Source: file:/TESTCASE )
2025-09-21T13:28:29.628843800 LSTERROR Test worker AbstractTokenTestCase:246 KNOWNSPELLS arguments may not end with , : LEVEL=2, (Source: file:/TESTCASE )
2025-09-21T13:28:29.628843800 LSTERROR Test worker AbstractTokenTestCase:246 KNOWNSPELLS arguments may not end with , : LEVEL=2, (Source: file:/TESTCASE )
2025-09-21T13:28:29.628843800 LSTERROR Test worker AbstractTokenTestCase:246 Cannot have more than one Type/Spell limit in KNOWNSPELLS: TYPE=TestWP1,TYPE=TestWP2 (Source: file:/TESTCASE )
2025-09-21T13:28:29.628843800 LSTERROR Test worker AbstractTokenTestCase:246 KNOWNSPELLS arguments may not end with , : LEVEL=2, (Source: file:/TESTCASE )
2025-09-21T13:28:29.628843800 LSTERROR Test worker AbstractTokenTestCase:246 Cannot have more than one Type/Spell limit in KNOWNSPELLS: TYPE=TestWP1,TYPE=TestWP2 (Source: file:/TESTCASE )
2025-09-21T13:28:29.628843800 LSTERROR Test worker AbstractTokenTestCase:246 Cannot have more than one Type/Spell limit in KNOWNSPELLS: TestWP1,TestWP2 (Source: file:/TESTCASE )
2025-09-21T13:28:29.628843800 LSTERROR Test worker AbstractTokenTestCase:246 KNOWNSPELLS arguments may not end with , : LEVEL=2, (Source: file:/TESTCASE )
2025-09-21T13:28:29.628843800 LSTERROR Test worker AbstractTokenTestCase:246 Cannot have more than one Type/Spell limit in KNOWNSPELLS: TYPE=TestWP1,TYPE=TestWP2 (Source: file:/TESTCASE )
2025-09-21T13:28:29.628843800 LSTERROR Test worker AbstractTokenTestCase:246 Cannot have more than one Type/Spell limit in KNOWNSPELLS: TestWP1,TestWP2 (Source: file:/TESTCASE )
2025-09-21T13:28:29.628843800 LSTERROR Test worker AbstractTokenTestCase:246 Invalid Number in KNOWNSPELLS: LEVEL= (Source: file:/TESTCASE )
2025-09-21T13:28:29.628843800 LSTERROR Test worker AbstractTokenTestCase:246   Level must be a non-negative integer (Source: file:/TESTCASE )
2025-09-21T13:28:29.628843800 LSTERROR Test worker AbstractTokenTestCase:246 KNOWNSPELLS arguments may not end with , : LEVEL=2, (Source: file:/TESTCASE )
2025-09-21T13:28:29.628843800 LSTERROR Test worker AbstractTokenTestCase:246 Cannot have more than one Type/Spell limit in KNOWNSPELLS: TYPE=TestWP1,TYPE=TestWP2 (Source: file:/TESTCASE )
2025-09-21T13:28:29.628843800 LSTERROR Test worker AbstractTokenTestCase:246 Cannot have more than one Type/Spell limit in KNOWNSPELLS: TestWP1,TestWP2 (Source: file:/TESTCASE )
2025-09-21T13:28:29.628843800 LSTERROR Test worker AbstractTokenTestCase:246 Invalid Number in KNOWNSPELLS: LEVEL= (Source: file:/TESTCASE )
2025-09-21T13:28:29.628843800 LSTERROR Test worker AbstractTokenTestCase:246   Level must be a non-negative integer (Source: file:/TESTCASE )
2025-09-21T13:28:29.628843800 LSTERROR Test worker AbstractTokenTestCase:246 Invalid Number in KNOWNSPELLS: LEVEL=-2 (Source: file:/TESTCASE )
2025-09-21T13:28:29.628843800 LSTERROR Test worker AbstractTokenTestCase:246   Level must be &gt;= 0 (Source: file:/TESTCASE )
2025-09-21T13:28:29.628843800 LSTERROR Test worker AbstractTokenTestCase:246 KNOWNSPELLS arguments may not end with , : LEVEL=2, (Source: file:/TESTCASE )
2025-09-21T13:28:29.628843800 LSTERROR Test worker AbstractTokenTestCase:246 Cannot have more than one Type/Spell limit in KNOWNSPELLS: TYPE=TestWP1,TYPE=TestWP2 (Source: file:/TESTCASE )
2025-09-21T13:28:29.628843800 LSTERROR Test worker AbstractTokenTestCase:246 Cannot have more than one Type/Spell limit in KNOWNSPELLS: TestWP1,TestWP2 (Source: file:/TESTCASE )
2025-09-21T13:28:29.628843800 LSTERROR Test worker AbstractTokenTestCase:246 Invalid Number in KNOWNSPELLS: LEVEL= (Source: file:/TESTCASE )
2025-09-21T13:28:29.628843800 LSTERROR Test worker AbstractTokenTestCase:246   Level must be a non-negative integer (Source: file:/TESTCASE )
2025-09-21T13:28:29.628843800 LSTERROR Test worker AbstractTokenTestCase:246 Invalid Number in KNOWNSPELLS: LEVEL=-2 (Source: file:/TESTCASE )
2025-09-21T13:28:29.628843800 LSTERROR Test worker AbstractTokenTestCase:246   Level must be &gt;= 0 (Source: file:/TESTCASE )
2025-09-21T13:28:29.628843800 LSTERROR Test worker AbstractTokenTestCase:246 Cannot have more than one Type/Spell limit in KNOWNSPELLS: TestWP1,TYPE=TestWP2 (Source: file:/TESTCASE )
2025-09-21T13:28:29.644706600 LSTERROR Test worker AbstractTokenTestCase:246 Cannot have more than one Level limit in KNOWNSPELLS: LEVEL=1,LEVEL=2 (Source: file:/TESTCASE )
2025-09-21T13:28:29.644706600 LSTERROR Test worker AbstractTokenTestCase:246 Cannot have more than one Level limit in KNOWNSPELLS: LEVEL=1,LEVEL=2 (Source: file:/TESTCASE )
2025-09-21T13:28:29.644706600 LSTERROR Test worker AbstractTokenTestCase:246 KNOWNSPELLS may not have empty argument (Source: file:/TESTCASE )
2025-09-21T13:28:29.644706600 LSTERROR Test worker AbstractTokenTestCase:246 Cannot have more than one Level limit in KNOWNSPELLS: LEVEL=1,LEVEL=2 (Source: file:/TESTCASE )
2025-09-21T13:28:29.644706600 LSTERROR Test worker AbstractTokenTestCase:246 KNOWNSPELLS may not have empty argument (Source: file:/TESTCASE )
2025-09-21T13:28:29.644706600 LSTERROR Test worker AbstractTokenTestCase:246 KNOWNSPELLS arguments may not start with , : ,LEVEL=2 (Source: file:/TESTCASE )
2025-09-21T13:28:29.644706600 LSTERROR Test worker AbstractTokenTestCase:246 Cannot have more than one Level limit in KNOWNSPELLS: LEVEL=1,LEVEL=2 (Source: file:/TESTCASE )
2025-09-21T13:28:29.644706600 LSTERROR Test worker AbstractTokenTestCase:246 KNOWNSPELLS may not have empty argument (Source: file:/TESTCASE )
2025-09-21T13:28:29.644706600 LSTERROR Test worker AbstractTokenTestCase:246 KNOWNSPELLS arguments may not start with , : ,LEVEL=2 (Source: file:/TESTCASE )
2025-09-21T13:28:29.644706600 LSTERROR Test worker AbstractTokenTestCase:246 KNOWNSPELLS arguments uses double separator ,, : TYPE=Foo,,LEVEL=2 (Source: file:/TESTCASE )
2025-09-21T13:28:29.644706600 LSTERROR Test worker AbstractTokenTestCase:246 Cannot have more than one Level limit in KNOWNSPELLS: LEVEL=1,LEVEL=2 (Source: file:/TESTCASE )
2025-09-21T13:28:29.644706600 LSTERROR Test worker AbstractTokenTestCase:246 KNOWNSPELLS may not have empty argument (Source: file:/TESTCASE )
2025-09-21T13:28:29.644706600 LSTERROR Test worker AbstractTokenTestCase:246 KNOWNSPELLS arguments may not start with , : ,LEVEL=2 (Source: file:/TESTCASE )
2025-09-21T13:28:29.644706600 LSTERROR Test worker AbstractTokenTestCase:246 KNOWNSPELLS arguments uses double separator ,, : TYPE=Foo,,LEVEL=2 (Source: file:/TESTCASE )
2025-09-21T13:28:29.644706600 LSTERROR Test worker AbstractTokenTestCase:246 Invalid Number in KNOWNSPELLS: LEVEL=One (Source: file:/TESTCASE )
2025-09-21T13:28:29.644706600 LSTERROR Test worker AbstractTokenTestCase:246   Level must be a non-negative integer (Source: file:/TESTCASE )
</pre>
</span>
</div>
</div>
<div id="footer">
<p>
<div>
<label class="hidden" id="label-for-line-wrapping-toggle" for="line-wrapping-toggle">Wrap lines
<input id="line-wrapping-toggle" type="checkbox" autocomplete="off"/>
</label>
</div>Generated by 
<a href="http://www.gradle.org">Gradle 8.10.2</a> at Sep 21, 2025, 9:28:52â€¯AM</p>
</div>
</div>
</body>
</html>
