<!DOCTYPE html>
<html>
<head>
<meta http-equiv="Content-Type" content="text/html; charset=utf-8"/>
<meta http-equiv="x-ua-compatible" content="IE=edge"/>
<title>Test results - DomainListTokenTest</title>
<link href="../css/base-style.css" rel="stylesheet" type="text/css"/>
<link href="../css/style.css" rel="stylesheet" type="text/css"/>
<script src="../js/report.js" type="text/javascript"></script>
</head>
<body>
<div id="content">
<h1>DomainListTokenTest</h1>
<div class="breadcrumbs">
<a href="../index.html">all</a> &gt; 
<a href="../packages/plugin.primitive.spell.html">plugin.primitive.spell</a> &gt; DomainListTokenTest</div>
<div id="summary">
<table>
<tr>
<td>
<div class="summaryGroup">
<table>
<tr>
<td>
<div class="infoBox" id="tests">
<div class="counter">21</div>
<p>tests</p>
</div>
</td>
<td>
<div class="infoBox" id="failures">
<div class="counter">0</div>
<p>failures</p>
</div>
</td>
<td>
<div class="infoBox" id="ignored">
<div class="counter">0</div>
<p>ignored</p>
</div>
</td>
<td>
<div class="infoBox" id="duration">
<div class="counter">0.099s</div>
<p>duration</p>
</div>
</td>
</tr>
</table>
</div>
</td>
<td>
<div class="infoBox success" id="successRate">
<div class="percent">100%</div>
<p>successful</p>
</div>
</td>
</tr>
</table>
</div>
<div id="tabs">
<ul class="tabLinks">
<li>
<a href="#tab0">Tests</a>
</li>
<li>
<a href="#tab1">Standard error</a>
</li>
</ul>
<div id="tab0" class="tab">
<h2>Tests</h2>
<table>
<thead>
<tr>
<th>Test</th>
<th>Duration</th>
<th>Result</th>
</tr>
</thead>
<tr>
<td class="success">testAllNoSideEffect()</td>
<td class="success">0.004s</td>
<td class="success">passed</td>
</tr>
<tr>
<td class="success">testCommaPrimitive()</td>
<td class="success">0.004s</td>
<td class="success">passed</td>
</tr>
<tr>
<td class="success">testDotPrimitive()</td>
<td class="success">0.006s</td>
<td class="success">passed</td>
</tr>
<tr>
<td class="success">testGoodBadNoSideEffect()</td>
<td class="success">0.004s</td>
<td class="success">passed</td>
</tr>
<tr>
<td class="success">testNoStackTrace()</td>
<td class="success">0.001s</td>
<td class="success">passed</td>
</tr>
<tr>
<td class="success">testOverwrite()</td>
<td class="success">0.001s</td>
<td class="success">passed</td>
</tr>
<tr>
<td class="success">testPipePrimitive()</td>
<td class="success">0.005s</td>
<td class="success">passed</td>
</tr>
<tr>
<td class="success">testPrimitiveAll1()</td>
<td class="success">0.010s</td>
<td class="success">passed</td>
</tr>
<tr>
<td class="success">testPrimitiveAll2()</td>
<td class="success">0.014s</td>
<td class="success">passed</td>
</tr>
<tr>
<td class="success">testPrimitiveComma()</td>
<td class="success">0.003s</td>
<td class="success">passed</td>
</tr>
<tr>
<td class="success">testPrimitiveDoubleComma()</td>
<td class="success">0.004s</td>
<td class="success">passed</td>
</tr>
<tr>
<td class="success">testPrimitiveDoublePipe()</td>
<td class="success">0.002s</td>
<td class="success">passed</td>
</tr>
<tr>
<td class="success">testPrimitiveEquals()</td>
<td class="success">0.005s</td>
<td class="success">passed</td>
</tr>
<tr>
<td class="success">testPrimitiveGood()</td>
<td class="success">0.004s</td>
<td class="success">passed</td>
</tr>
<tr>
<td class="success">testPrimitivePipe()</td>
<td class="success">0.003s</td>
<td class="success">passed</td>
</tr>
<tr>
<td class="success">testPrimitiveTypeBadSyntax()</td>
<td class="success">0.006s</td>
<td class="success">passed</td>
</tr>
<tr>
<td class="success">testPrimitiveTypeCommaBadSyntax()</td>
<td class="success">0.006s</td>
<td class="success">passed</td>
</tr>
<tr>
<td class="success">testPrimitiveTypePipeBadSyntax()</td>
<td class="success">0.007s</td>
<td class="success">passed</td>
</tr>
<tr>
<td class="success">testPrimitiveUsedAsQualifier()</td>
<td class="success">0.005s</td>
<td class="success">passed</td>
</tr>
<tr>
<td class="success">testQualifiedPrimitiveGood()</td>
<td class="success">0.003s</td>
<td class="success">passed</td>
</tr>
<tr>
<td class="success">testTypePrimitiveBadSyntax()</td>
<td class="success">0.002s</td>
<td class="success">passed</td>
</tr>
</table>
</div>
<div id="tab1" class="tab">
<h2>Standard error</h2>
<span class="code">
<pre>2025-09-21T13:28:37.894464900 SEVERE Test worker ChoiceSetLoadUtilities:323 Didn't expect tokRestriction on QUALIFIED here: |DOMAINLIST=SampleList
2025-09-21T13:28:37.894464900 LSTERROR Test worker AbstractTokenTestCase:246 SPELLS arguments uses double separator || : QUALIFIED[TestWP2||DESCRIPTOR=SampleDescriptor]] (Source: file:/TESTCASE )
2025-09-21T13:28:37.894464900 LSTERROR Test worker AbstractTokenTestCase:246 Failed in parsing subtoken: SPELLS of QUALIFIED[TestWP2||DESCRIPTOR=SampleDescriptor]] (Source: file:/TESTCASE )
2025-09-21T13:28:37.894464900 LSTERROR Test worker AbstractTokenTestCase:246 Illegal CHOOSE subtoken 'SPELLS' 'QUALIFIED[TestWP2||DESCRIPTOR=SampleDescriptor]]' for pcgen.core.Race TestObj (Source: file:/TESTCASE )
2025-09-21T13:28:37.894464900 LSTERROR Test worker AbstractTokenTestCase:246 Choice argument was not valid: QUALIFIED[TYPE=Foo]DESCRIPTOR=SampleDescriptor
2025-09-21T13:28:37.894464900 LSTERROR Test worker AbstractTokenTestCase:246 Internal error. (Source: file:/TESTCASE )
2025-09-21T13:28:37.894464900 LSTERROR Test worker AbstractTokenTestCase:246 Failed in parsing subtoken: SPELLS of QUALIFIED[TYPE=Foo]DESCRIPTOR=SampleDescriptor (Source: file:/TESTCASE )
2025-09-21T13:28:37.894464900 LSTERROR Test worker AbstractTokenTestCase:246 Illegal CHOOSE subtoken 'SPELLS' 'QUALIFIED[TYPE=Foo]DESCRIPTOR=SampleDescriptor' for pcgen.core.Race TestObj (Source: file:/TESTCASE )
2025-09-21T13:28:37.894464900 LSTERROR Test worker AbstractTokenTestCase:246 Choice arguments may not end with , : DESCRIPTOR=SampleDescriptor,
2025-09-21T13:28:37.894464900 LSTERROR Test worker AbstractTokenTestCase:246 Failed in parsing typeStr: QUALIFIED[DESCRIPTOR=SampleDescriptor,]
2025-09-21T13:28:37.894464900 LSTERROR Test worker AbstractTokenTestCase:246 Choice argument was not valid: QUALIFIED[DESCRIPTOR=SampleDescriptor,]
2025-09-21T13:28:37.894464900 LSTERROR Test worker AbstractTokenTestCase:246 Internal error. (Source: file:/TESTCASE )
2025-09-21T13:28:37.894464900 LSTERROR Test worker AbstractTokenTestCase:246 Failed in parsing subtoken: SPELLS of QUALIFIED[DESCRIPTOR=SampleDescriptor,] (Source: file:/TESTCASE )
2025-09-21T13:28:37.894464900 LSTERROR Test worker AbstractTokenTestCase:246 Illegal CHOOSE subtoken 'SPELLS' 'QUALIFIED[DESCRIPTOR=SampleDescriptor,]' for pcgen.core.Race TestObj (Source: file:/TESTCASE )
2025-09-21T13:28:37.894464900 LSTERROR Test worker AbstractTokenTestCase:246 Choice arguments uses double separator ,, : QUALIFIED[TYPE=Foo,,DESCRIPTOR=SampleDescriptor]
2025-09-21T13:28:37.894464900 LSTERROR Test worker AbstractTokenTestCase:246 Internal error. (Source: file:/TESTCASE )
2025-09-21T13:28:37.894464900 LSTERROR Test worker AbstractTokenTestCase:246 Failed in parsing subtoken: SPELLS of QUALIFIED[TYPE=Foo,,DESCRIPTOR=SampleDescriptor] (Source: file:/TESTCASE )
2025-09-21T13:28:37.894464900 LSTERROR Test worker AbstractTokenTestCase:246 Illegal CHOOSE subtoken 'SPELLS' 'QUALIFIED[TYPE=Foo,,DESCRIPTOR=SampleDescriptor]' for pcgen.core.Race TestObj (Source: file:/TESTCASE )
2025-09-21T13:28:37.894464900 LSTERROR Test worker AbstractTokenTestCase:246 SPELLS arguments uses double separator || : QUALIFIED[TestWP3||DESCRIPTOR=SampleDescriptor] (Source: file:/TESTCASE )
2025-09-21T13:28:37.894464900 LSTERROR Test worker AbstractTokenTestCase:246 Failed in parsing subtoken: SPELLS of QUALIFIED[TestWP3||DESCRIPTOR=SampleDescriptor] (Source: file:/TESTCASE )
2025-09-21T13:28:37.894464900 LSTERROR Test worker AbstractTokenTestCase:246 Illegal CHOOSE subtoken 'SPELLS' 'QUALIFIED[TestWP3||DESCRIPTOR=SampleDescriptor]' for pcgen.core.Race TestObj (Source: file:/TESTCASE )
2025-09-21T13:28:37.894464900 LSTERROR Test worker AbstractTokenTestCase:246 Choice argument was not valid: QUALIFIED[TYPE=Foo]DESCRIPTOR=SampleDescriptor
2025-09-21T13:28:37.894464900 LSTERROR Test worker AbstractTokenTestCase:246 Internal error. (Source: file:/TESTCASE )
2025-09-21T13:28:37.894464900 LSTERROR Test worker AbstractTokenTestCase:246 Failed in parsing subtoken: SPELLS of QUALIFIED[TYPE=Foo]DESCRIPTOR=SampleDescriptor,TYPE=Bar (Source: file:/TESTCASE )
2025-09-21T13:28:37.894464900 LSTERROR Test worker AbstractTokenTestCase:246 Illegal CHOOSE subtoken 'SPELLS' 'QUALIFIED[TYPE=Foo]DESCRIPTOR=SampleDescriptor,TYPE=Bar' for pcgen.core.Race TestObj (Source: file:/TESTCASE )
2025-09-21T13:28:37.894464900 LSTERROR Test worker AbstractTokenTestCase:246 Choice arguments may not start with | : |DOMAINLIST=SampleList
2025-09-21T13:28:37.894464900 LSTERROR Test worker AbstractTokenTestCase:246 Failed in parsing typeStr: QUALIFIED[|DOMAINLIST=SampleList]
2025-09-21T13:28:37.894464900 LSTERROR Test worker AbstractTokenTestCase:246 Choice argument was not valid: QUALIFIED[|DOMAINLIST=SampleList]
2025-09-21T13:28:37.894464900 LSTERROR Test worker AbstractTokenTestCase:246 Internal error. (Source: file:/TESTCASE )
2025-09-21T13:28:37.894464900 LSTERROR Test worker AbstractTokenTestCase:246 Failed in parsing subtoken: SPELLS of QUALIFIED[|DOMAINLIST=SampleList] (Source: file:/TESTCASE )
2025-09-21T13:28:37.894464900 LSTERROR Test worker AbstractTokenTestCase:246 Illegal CHOOSE subtoken 'SPELLS' 'QUALIFIED[|DOMAINLIST=SampleList]' for pcgen.core.Race TestObj (Source: file:/TESTCASE )
2025-09-21T13:28:37.894464900 SEVERE Test worker ChoiceSetLoadUtilities:418 Found error in Qualifier Choice: QUALIFIED[DOMAINLIST=SampleList]TYPE=Foo had close bracket, but had characters following the close bracket
2025-09-21T13:28:37.894464900 SEVERE Test worker ChoiceSetLoadUtilities:254 Found error in Primitive Choice: QUALIFIED[DOMAINLIST=SampleList]TYPE=Foo had close bracket, but had characters following the close bracket
2025-09-21T13:28:37.894464900 LSTERROR Test worker AbstractTokenTestCase:246 SPELLS arguments uses double separator || : QUALIFIED[TestWP2||DESCRIPTOR=SampleDescriptor]] (Source: file:/TESTCASE )
2025-09-21T13:28:37.894464900 LSTERROR Test worker AbstractTokenTestCase:246 Failed in parsing subtoken: SPELLS of QUALIFIED[TestWP2||DESCRIPTOR=SampleDescriptor]] (Source: file:/TESTCASE )
2025-09-21T13:28:37.910121 LSTERROR Test worker AbstractTokenTestCase:246 Illegal CHOOSE subtoken 'SPELLS' 'QUALIFIED[TestWP2||DESCRIPTOR=SampleDescriptor]]' for pcgen.core.Race TestObj (Source: file:/TESTCASE )
2025-09-21T13:28:37.910121 LSTERROR Test worker AbstractTokenTestCase:246 Choice argument was not valid: QUALIFIED[TYPE=Foo]DESCRIPTOR=SampleDescriptor
2025-09-21T13:28:37.910121 LSTERROR Test worker AbstractTokenTestCase:246 Internal error. (Source: file:/TESTCASE )
2025-09-21T13:28:37.910121 LSTERROR Test worker AbstractTokenTestCase:246 Failed in parsing subtoken: SPELLS of QUALIFIED[TYPE=Foo]DESCRIPTOR=SampleDescriptor (Source: file:/TESTCASE )
2025-09-21T13:28:37.910121 LSTERROR Test worker AbstractTokenTestCase:246 Illegal CHOOSE subtoken 'SPELLS' 'QUALIFIED[TYPE=Foo]DESCRIPTOR=SampleDescriptor' for pcgen.core.Race TestObj (Source: file:/TESTCASE )
2025-09-21T13:28:37.910121 LSTERROR Test worker AbstractTokenTestCase:246 Choice arguments may not end with , : DESCRIPTOR=SampleDescriptor,
2025-09-21T13:28:37.910121 LSTERROR Test worker AbstractTokenTestCase:246 Failed in parsing typeStr: QUALIFIED[DESCRIPTOR=SampleDescriptor,]
2025-09-21T13:28:37.910121 LSTERROR Test worker AbstractTokenTestCase:246 Choice argument was not valid: QUALIFIED[DESCRIPTOR=SampleDescriptor,]
2025-09-21T13:28:37.910121 LSTERROR Test worker AbstractTokenTestCase:246 Internal error. (Source: file:/TESTCASE )
2025-09-21T13:28:37.910121 LSTERROR Test worker AbstractTokenTestCase:246 Failed in parsing subtoken: SPELLS of QUALIFIED[DESCRIPTOR=SampleDescriptor,] (Source: file:/TESTCASE )
2025-09-21T13:28:37.910121 LSTERROR Test worker AbstractTokenTestCase:246 Illegal CHOOSE subtoken 'SPELLS' 'QUALIFIED[DESCRIPTOR=SampleDescriptor,]' for pcgen.core.Race TestObj (Source: file:/TESTCASE )
2025-09-21T13:28:37.910121 LSTERROR Test worker AbstractTokenTestCase:246 Choice arguments uses double separator ,, : QUALIFIED[TYPE=Foo,,DESCRIPTOR=SampleDescriptor]
2025-09-21T13:28:37.910121 LSTERROR Test worker AbstractTokenTestCase:246 Internal error. (Source: file:/TESTCASE )
2025-09-21T13:28:37.910121 LSTERROR Test worker AbstractTokenTestCase:246 Failed in parsing subtoken: SPELLS of QUALIFIED[TYPE=Foo,,DESCRIPTOR=SampleDescriptor] (Source: file:/TESTCASE )
2025-09-21T13:28:37.910121 LSTERROR Test worker AbstractTokenTestCase:246 Illegal CHOOSE subtoken 'SPELLS' 'QUALIFIED[TYPE=Foo,,DESCRIPTOR=SampleDescriptor]' for pcgen.core.Race TestObj (Source: file:/TESTCASE )
2025-09-21T13:28:37.910121 LSTERROR Test worker AbstractTokenTestCase:246 SPELLS arguments uses double separator || : QUALIFIED[TestWP3||DESCRIPTOR=SampleDescriptor] (Source: file:/TESTCASE )
2025-09-21T13:28:37.910121 LSTERROR Test worker AbstractTokenTestCase:246 Failed in parsing subtoken: SPELLS of QUALIFIED[TestWP3||DESCRIPTOR=SampleDescriptor] (Source: file:/TESTCASE )
2025-09-21T13:28:37.910121 LSTERROR Test worker AbstractTokenTestCase:246 Illegal CHOOSE subtoken 'SPELLS' 'QUALIFIED[TestWP3||DESCRIPTOR=SampleDescriptor]' for pcgen.core.Race TestObj (Source: file:/TESTCASE )
2025-09-21T13:28:37.910121 LSTERROR Test worker AbstractTokenTestCase:246 Choice argument was not valid: QUALIFIED[TYPE=Foo]DESCRIPTOR=SampleDescriptor
2025-09-21T13:28:37.910121 LSTERROR Test worker AbstractTokenTestCase:246 Internal error. (Source: file:/TESTCASE )
2025-09-21T13:28:37.910121 LSTERROR Test worker AbstractTokenTestCase:246 Failed in parsing subtoken: SPELLS of QUALIFIED[TYPE=Foo]DESCRIPTOR=SampleDescriptor,TYPE=Bar (Source: file:/TESTCASE )
2025-09-21T13:28:37.910121 LSTERROR Test worker AbstractTokenTestCase:246 Illegal CHOOSE subtoken 'SPELLS' 'QUALIFIED[TYPE=Foo]DESCRIPTOR=SampleDescriptor,TYPE=Bar' for pcgen.core.Race TestObj (Source: file:/TESTCASE )
2025-09-21T13:28:37.910121 LSTERROR Test worker AbstractTokenTestCase:246 Choice arguments may not start with | : |DOMAINLIST=SampleList
2025-09-21T13:28:37.910121 LSTERROR Test worker AbstractTokenTestCase:246 Failed in parsing typeStr: QUALIFIED[|DOMAINLIST=SampleList]
2025-09-21T13:28:37.910121 LSTERROR Test worker AbstractTokenTestCase:246 Choice argument was not valid: QUALIFIED[|DOMAINLIST=SampleList]
2025-09-21T13:28:37.910121 LSTERROR Test worker AbstractTokenTestCase:246 Internal error. (Source: file:/TESTCASE )
2025-09-21T13:28:37.910121 LSTERROR Test worker AbstractTokenTestCase:246 Failed in parsing subtoken: SPELLS of QUALIFIED[|DOMAINLIST=SampleList] (Source: file:/TESTCASE )
2025-09-21T13:28:37.910121 LSTERROR Test worker AbstractTokenTestCase:246 Illegal CHOOSE subtoken 'SPELLS' 'QUALIFIED[|DOMAINLIST=SampleList]' for pcgen.core.Race TestObj (Source: file:/TESTCASE )
2025-09-21T13:28:37.910121 LSTERROR Test worker AbstractTokenTestCase:246 Choice argument was not valid: QUALIFIED[DOMAINLIST=SampleList]TYPE=Foo
2025-09-21T13:28:37.910121 LSTERROR Test worker AbstractTokenTestCase:246 Internal error. (Source: file:/TESTCASE )
2025-09-21T13:28:37.910121 LSTERROR Test worker AbstractTokenTestCase:246 Failed in parsing subtoken: SPELLS of QUALIFIED[DOMAINLIST=SampleList]TYPE=Foo (Source: file:/TESTCASE )
2025-09-21T13:28:37.910121 LSTERROR Test worker AbstractTokenTestCase:246 Illegal CHOOSE subtoken 'SPELLS' 'QUALIFIED[DOMAINLIST=SampleList]TYPE=Foo' for pcgen.core.Race TestObj (Source: file:/TESTCASE )
2025-09-21T13:28:37.910121 SEVERE Test worker ChoiceSetLoadUtilities:342 Didn't expect Arguments here: SampleList was found in TestWP1.DOMAINLIST=SampleList
2025-09-21T13:28:37.910121 LSTERROR Test worker AbstractTokenTestCase:246 SPELLS arguments uses double separator || : QUALIFIED[TestWP2||DESCRIPTOR=SampleDescriptor]] (Source: file:/TESTCASE )
2025-09-21T13:28:37.910121 LSTERROR Test worker AbstractTokenTestCase:246 Failed in parsing subtoken: SPELLS of QUALIFIED[TestWP2||DESCRIPTOR=SampleDescriptor]] (Source: file:/TESTCASE )
2025-09-21T13:28:37.910121 LSTERROR Test worker AbstractTokenTestCase:246 Illegal CHOOSE subtoken 'SPELLS' 'QUALIFIED[TestWP2||DESCRIPTOR=SampleDescriptor]]' for pcgen.core.Race TestObj (Source: file:/TESTCASE )
2025-09-21T13:28:37.910121 LSTERROR Test worker AbstractTokenTestCase:246 Choice argument was not valid: QUALIFIED[TYPE=Foo]DESCRIPTOR=SampleDescriptor
2025-09-21T13:28:37.910121 LSTERROR Test worker AbstractTokenTestCase:246 Internal error. (Source: file:/TESTCASE )
2025-09-21T13:28:37.910121 LSTERROR Test worker AbstractTokenTestCase:246 Failed in parsing subtoken: SPELLS of QUALIFIED[TYPE=Foo]DESCRIPTOR=SampleDescriptor (Source: file:/TESTCASE )
2025-09-21T13:28:37.910121 LSTERROR Test worker AbstractTokenTestCase:246 Illegal CHOOSE subtoken 'SPELLS' 'QUALIFIED[TYPE=Foo]DESCRIPTOR=SampleDescriptor' for pcgen.core.Race TestObj (Source: file:/TESTCASE )
2025-09-21T13:28:37.910121 LSTERROR Test worker AbstractTokenTestCase:246 Choice arguments may not end with , : DESCRIPTOR=SampleDescriptor,
2025-09-21T13:28:37.910121 LSTERROR Test worker AbstractTokenTestCase:246 Failed in parsing typeStr: QUALIFIED[DESCRIPTOR=SampleDescriptor,]
2025-09-21T13:28:37.910121 LSTERROR Test worker AbstractTokenTestCase:246 Choice argument was not valid: QUALIFIED[DESCRIPTOR=SampleDescriptor,]
2025-09-21T13:28:37.910121 LSTERROR Test worker AbstractTokenTestCase:246 Internal error. (Source: file:/TESTCASE )
2025-09-21T13:28:37.910121 LSTERROR Test worker AbstractTokenTestCase:246 Failed in parsing subtoken: SPELLS of QUALIFIED[DESCRIPTOR=SampleDescriptor,] (Source: file:/TESTCASE )
2025-09-21T13:28:37.910121 LSTERROR Test worker AbstractTokenTestCase:246 Illegal CHOOSE subtoken 'SPELLS' 'QUALIFIED[DESCRIPTOR=SampleDescriptor,]' for pcgen.core.Race TestObj (Source: file:/TESTCASE )
2025-09-21T13:28:37.910121 LSTERROR Test worker AbstractTokenTestCase:246 Choice arguments uses double separator ,, : QUALIFIED[TYPE=Foo,,DESCRIPTOR=SampleDescriptor]
2025-09-21T13:28:37.910121 LSTERROR Test worker AbstractTokenTestCase:246 Internal error. (Source: file:/TESTCASE )
2025-09-21T13:28:37.910121 LSTERROR Test worker AbstractTokenTestCase:246 Failed in parsing subtoken: SPELLS of QUALIFIED[TYPE=Foo,,DESCRIPTOR=SampleDescriptor] (Source: file:/TESTCASE )
2025-09-21T13:28:37.910121 LSTERROR Test worker AbstractTokenTestCase:246 Illegal CHOOSE subtoken 'SPELLS' 'QUALIFIED[TYPE=Foo,,DESCRIPTOR=SampleDescriptor]' for pcgen.core.Race TestObj (Source: file:/TESTCASE )
2025-09-21T13:28:37.910121 LSTERROR Test worker AbstractTokenTestCase:246 SPELLS arguments uses double separator || : QUALIFIED[TestWP3||DESCRIPTOR=SampleDescriptor] (Source: file:/TESTCASE )
2025-09-21T13:28:37.910121 LSTERROR Test worker AbstractTokenTestCase:246 Failed in parsing subtoken: SPELLS of QUALIFIED[TestWP3||DESCRIPTOR=SampleDescriptor] (Source: file:/TESTCASE )
2025-09-21T13:28:37.910121 LSTERROR Test worker AbstractTokenTestCase:246 Illegal CHOOSE subtoken 'SPELLS' 'QUALIFIED[TestWP3||DESCRIPTOR=SampleDescriptor]' for pcgen.core.Race TestObj (Source: file:/TESTCASE )
2025-09-21T13:28:37.910121 LSTERROR Test worker AbstractTokenTestCase:246 Choice argument was not valid: QUALIFIED[TYPE=Foo]DESCRIPTOR=SampleDescriptor
2025-09-21T13:28:37.910121 LSTERROR Test worker AbstractTokenTestCase:246 Internal error. (Source: file:/TESTCASE )
2025-09-21T13:28:37.910121 LSTERROR Test worker AbstractTokenTestCase:246 Failed in parsing subtoken: SPELLS of QUALIFIED[TYPE=Foo]DESCRIPTOR=SampleDescriptor,TYPE=Bar (Source: file:/TESTCASE )
2025-09-21T13:28:37.910121 LSTERROR Test worker AbstractTokenTestCase:246 Illegal CHOOSE subtoken 'SPELLS' 'QUALIFIED[TYPE=Foo]DESCRIPTOR=SampleDescriptor,TYPE=Bar' for pcgen.core.Race TestObj (Source: file:/TESTCASE )
2025-09-21T13:28:37.910121 LSTERROR Test worker AbstractTokenTestCase:246 Choice arguments may not start with | : |DOMAINLIST=SampleList
2025-09-21T13:28:37.910121 LSTERROR Test worker AbstractTokenTestCase:246 Failed in parsing typeStr: QUALIFIED[|DOMAINLIST=SampleList]
2025-09-21T13:28:37.910121 LSTERROR Test worker AbstractTokenTestCase:246 Choice argument was not valid: QUALIFIED[|DOMAINLIST=SampleList]
2025-09-21T13:28:37.910121 LSTERROR Test worker AbstractTokenTestCase:246 Internal error. (Source: file:/TESTCASE )
2025-09-21T13:28:37.910121 LSTERROR Test worker AbstractTokenTestCase:246 Failed in parsing subtoken: SPELLS of QUALIFIED[|DOMAINLIST=SampleList] (Source: file:/TESTCASE )
2025-09-21T13:28:37.910121 LSTERROR Test worker AbstractTokenTestCase:246 Illegal CHOOSE subtoken 'SPELLS' 'QUALIFIED[|DOMAINLIST=SampleList]' for pcgen.core.Race TestObj (Source: file:/TESTCASE )
2025-09-21T13:28:37.910121 LSTERROR Test worker AbstractTokenTestCase:246 Choice argument was not valid: QUALIFIED[DOMAINLIST=SampleList]TYPE=Foo
2025-09-21T13:28:37.910121 LSTERROR Test worker AbstractTokenTestCase:246 Internal error. (Source: file:/TESTCASE )
2025-09-21T13:28:37.910121 LSTERROR Test worker AbstractTokenTestCase:246 Failed in parsing subtoken: SPELLS of QUALIFIED[DOMAINLIST=SampleList]TYPE=Foo (Source: file:/TESTCASE )
2025-09-21T13:28:37.910121 LSTERROR Test worker AbstractTokenTestCase:246 Illegal CHOOSE subtoken 'SPELLS' 'QUALIFIED[DOMAINLIST=SampleList]TYPE=Foo' for pcgen.core.Race TestObj (Source: file:/TESTCASE )
2025-09-21T13:28:37.910121 LSTERROR Test worker AbstractTokenTestCase:246 Token generated an IllegalArgumentException: = cannot be a in valid single item (perhaps something like TYPE= is not supported in this token?): TestWP1.DOMAINLIST=SampleList
2025-09-21T13:28:37.910121 LSTERROR Test worker AbstractTokenTestCase:246 Token processing failed (Source: file:/TESTCASE )
2025-09-21T13:28:37.910121 SEVERE Test worker GroupingState:213 Attempt to add 'ALLOWS_NONE' grouping state to 'ANY' resulted in 'INVALID'.
2025-09-21T13:28:37.910121 LSTERROR Test worker AbstractTokenTestCase:246 SPELLS arguments uses double separator || : QUALIFIED[TestWP2||DESCRIPTOR=SampleDescriptor]] (Source: file:/TESTCASE )
2025-09-21T13:28:37.910121 LSTERROR Test worker AbstractTokenTestCase:246 Failed in parsing subtoken: SPELLS of QUALIFIED[TestWP2||DESCRIPTOR=SampleDescriptor]] (Source: file:/TESTCASE )
2025-09-21T13:28:37.910121 LSTERROR Test worker AbstractTokenTestCase:246 Illegal CHOOSE subtoken 'SPELLS' 'QUALIFIED[TestWP2||DESCRIPTOR=SampleDescriptor]]' for pcgen.core.Race TestObj (Source: file:/TESTCASE )
2025-09-21T13:28:37.910121 LSTERROR Test worker AbstractTokenTestCase:246 Choice argument was not valid: QUALIFIED[TYPE=Foo]DESCRIPTOR=SampleDescriptor
2025-09-21T13:28:37.910121 LSTERROR Test worker AbstractTokenTestCase:246 Internal error. (Source: file:/TESTCASE )
2025-09-21T13:28:37.910121 LSTERROR Test worker AbstractTokenTestCase:246 Failed in parsing subtoken: SPELLS of QUALIFIED[TYPE=Foo]DESCRIPTOR=SampleDescriptor (Source: file:/TESTCASE )
2025-09-21T13:28:37.910121 LSTERROR Test worker AbstractTokenTestCase:246 Illegal CHOOSE subtoken 'SPELLS' 'QUALIFIED[TYPE=Foo]DESCRIPTOR=SampleDescriptor' for pcgen.core.Race TestObj (Source: file:/TESTCASE )
2025-09-21T13:28:37.910121 LSTERROR Test worker AbstractTokenTestCase:246 Choice arguments may not end with , : DESCRIPTOR=SampleDescriptor,
2025-09-21T13:28:37.910121 LSTERROR Test worker AbstractTokenTestCase:246 Failed in parsing typeStr: QUALIFIED[DESCRIPTOR=SampleDescriptor,]
2025-09-21T13:28:37.910121 LSTERROR Test worker AbstractTokenTestCase:246 Choice argument was not valid: QUALIFIED[DESCRIPTOR=SampleDescriptor,]
2025-09-21T13:28:37.910121 LSTERROR Test worker AbstractTokenTestCase:246 Internal error. (Source: file:/TESTCASE )
2025-09-21T13:28:37.925932800 LSTERROR Test worker AbstractTokenTestCase:246 Failed in parsing subtoken: SPELLS of QUALIFIED[DESCRIPTOR=SampleDescriptor,] (Source: file:/TESTCASE )
2025-09-21T13:28:37.925932800 LSTERROR Test worker AbstractTokenTestCase:246 Illegal CHOOSE subtoken 'SPELLS' 'QUALIFIED[DESCRIPTOR=SampleDescriptor,]' for pcgen.core.Race TestObj (Source: file:/TESTCASE )
2025-09-21T13:28:37.925932800 LSTERROR Test worker AbstractTokenTestCase:246 Choice arguments uses double separator ,, : QUALIFIED[TYPE=Foo,,DESCRIPTOR=SampleDescriptor]
2025-09-21T13:28:37.925932800 LSTERROR Test worker AbstractTokenTestCase:246 Internal error. (Source: file:/TESTCASE )
2025-09-21T13:28:37.925932800 LSTERROR Test worker AbstractTokenTestCase:246 Failed in parsing subtoken: SPELLS of QUALIFIED[TYPE=Foo,,DESCRIPTOR=SampleDescriptor] (Source: file:/TESTCASE )
2025-09-21T13:28:37.925932800 LSTERROR Test worker AbstractTokenTestCase:246 Illegal CHOOSE subtoken 'SPELLS' 'QUALIFIED[TYPE=Foo,,DESCRIPTOR=SampleDescriptor]' for pcgen.core.Race TestObj (Source: file:/TESTCASE )
2025-09-21T13:28:37.925932800 LSTERROR Test worker AbstractTokenTestCase:246 SPELLS arguments uses double separator || : QUALIFIED[TestWP3||DESCRIPTOR=SampleDescriptor] (Source: file:/TESTCASE )
2025-09-21T13:28:37.925932800 LSTERROR Test worker AbstractTokenTestCase:246 Failed in parsing subtoken: SPELLS of QUALIFIED[TestWP3||DESCRIPTOR=SampleDescriptor] (Source: file:/TESTCASE )
2025-09-21T13:28:37.925932800 LSTERROR Test worker AbstractTokenTestCase:246 Illegal CHOOSE subtoken 'SPELLS' 'QUALIFIED[TestWP3||DESCRIPTOR=SampleDescriptor]' for pcgen.core.Race TestObj (Source: file:/TESTCASE )
2025-09-21T13:28:37.925932800 LSTERROR Test worker AbstractTokenTestCase:246 Choice argument was not valid: QUALIFIED[TYPE=Foo]DESCRIPTOR=SampleDescriptor
2025-09-21T13:28:37.925932800 LSTERROR Test worker AbstractTokenTestCase:246 Internal error. (Source: file:/TESTCASE )
2025-09-21T13:28:37.925932800 LSTERROR Test worker AbstractTokenTestCase:246 Failed in parsing subtoken: SPELLS of QUALIFIED[TYPE=Foo]DESCRIPTOR=SampleDescriptor,TYPE=Bar (Source: file:/TESTCASE )
2025-09-21T13:28:37.925932800 LSTERROR Test worker AbstractTokenTestCase:246 Illegal CHOOSE subtoken 'SPELLS' 'QUALIFIED[TYPE=Foo]DESCRIPTOR=SampleDescriptor,TYPE=Bar' for pcgen.core.Race TestObj (Source: file:/TESTCASE )
2025-09-21T13:28:37.925932800 LSTERROR Test worker AbstractTokenTestCase:246 Choice arguments may not start with | : |DOMAINLIST=SampleList
2025-09-21T13:28:37.925932800 LSTERROR Test worker AbstractTokenTestCase:246 Failed in parsing typeStr: QUALIFIED[|DOMAINLIST=SampleList]
2025-09-21T13:28:37.925932800 LSTERROR Test worker AbstractTokenTestCase:246 Choice argument was not valid: QUALIFIED[|DOMAINLIST=SampleList]
2025-09-21T13:28:37.925932800 LSTERROR Test worker AbstractTokenTestCase:246 Internal error. (Source: file:/TESTCASE )
2025-09-21T13:28:37.925932800 LSTERROR Test worker AbstractTokenTestCase:246 Failed in parsing subtoken: SPELLS of QUALIFIED[|DOMAINLIST=SampleList] (Source: file:/TESTCASE )
2025-09-21T13:28:37.925932800 LSTERROR Test worker AbstractTokenTestCase:246 Illegal CHOOSE subtoken 'SPELLS' 'QUALIFIED[|DOMAINLIST=SampleList]' for pcgen.core.Race TestObj (Source: file:/TESTCASE )
2025-09-21T13:28:37.925932800 LSTERROR Test worker AbstractTokenTestCase:246 Choice argument was not valid: QUALIFIED[DOMAINLIST=SampleList]TYPE=Foo
2025-09-21T13:28:37.925932800 LSTERROR Test worker AbstractTokenTestCase:246 Internal error. (Source: file:/TESTCASE )
2025-09-21T13:28:37.925932800 LSTERROR Test worker AbstractTokenTestCase:246 Failed in parsing subtoken: SPELLS of QUALIFIED[DOMAINLIST=SampleList]TYPE=Foo (Source: file:/TESTCASE )
2025-09-21T13:28:37.925932800 LSTERROR Test worker AbstractTokenTestCase:246 Illegal CHOOSE subtoken 'SPELLS' 'QUALIFIED[DOMAINLIST=SampleList]TYPE=Foo' for pcgen.core.Race TestObj (Source: file:/TESTCASE )
2025-09-21T13:28:37.925932800 LSTERROR Test worker AbstractTokenTestCase:246 Token generated an IllegalArgumentException: = cannot be a in valid single item (perhaps something like TYPE= is not supported in this token?): TestWP1.DOMAINLIST=SampleList
2025-09-21T13:28:37.925932800 LSTERROR Test worker AbstractTokenTestCase:246 Token processing failed (Source: file:/TESTCASE )
2025-09-21T13:28:37.925932800 LSTERROR Test worker AbstractTokenTestCase:246 Invalid combination of objects was used in: QUALIFIED[ALL|DOMAINLIST=SampleList] (Source: file:/TESTCASE )
2025-09-21T13:28:37.925932800 LSTERROR Test worker AbstractTokenTestCase:246   Check that ALL is not combined (Source: file:/TESTCASE )
2025-09-21T13:28:37.925932800 LSTERROR Test worker AbstractTokenTestCase:246   Check that a key is not joined with AND (,) (Source: file:/TESTCASE )
2025-09-21T13:28:37.925932800 LSTERROR Test worker AbstractTokenTestCase:246 Failed in parsing subtoken: SPELLS of QUALIFIED[ALL|DOMAINLIST=SampleList] (Source: file:/TESTCASE )
2025-09-21T13:28:37.925932800 LSTERROR Test worker AbstractTokenTestCase:246 Illegal CHOOSE subtoken 'SPELLS' 'QUALIFIED[ALL|DOMAINLIST=SampleList]' for pcgen.core.Race TestObj (Source: file:/TESTCASE )
2025-09-21T13:28:37.925932800 SEVERE Test worker GroupingState:213 Attempt to add 'ALLOWS_NONE' grouping state to 'ANY' resulted in 'INVALID'.
2025-09-21T13:28:37.925932800 LSTERROR Test worker AbstractTokenTestCase:246 SPELLS arguments uses double separator || : QUALIFIED[TestWP2||DESCRIPTOR=SampleDescriptor]] (Source: file:/TESTCASE )
2025-09-21T13:28:37.925932800 LSTERROR Test worker AbstractTokenTestCase:246 Failed in parsing subtoken: SPELLS of QUALIFIED[TestWP2||DESCRIPTOR=SampleDescriptor]] (Source: file:/TESTCASE )
2025-09-21T13:28:37.925932800 LSTERROR Test worker AbstractTokenTestCase:246 Illegal CHOOSE subtoken 'SPELLS' 'QUALIFIED[TestWP2||DESCRIPTOR=SampleDescriptor]]' for pcgen.core.Race TestObj (Source: file:/TESTCASE )
2025-09-21T13:28:37.925932800 LSTERROR Test worker AbstractTokenTestCase:246 Choice argument was not valid: QUALIFIED[TYPE=Foo]DESCRIPTOR=SampleDescriptor
2025-09-21T13:28:37.925932800 LSTERROR Test worker AbstractTokenTestCase:246 Internal error. (Source: file:/TESTCASE )
2025-09-21T13:28:37.925932800 LSTERROR Test worker AbstractTokenTestCase:246 Failed in parsing subtoken: SPELLS of QUALIFIED[TYPE=Foo]DESCRIPTOR=SampleDescriptor (Source: file:/TESTCASE )
2025-09-21T13:28:37.925932800 LSTERROR Test worker AbstractTokenTestCase:246 Illegal CHOOSE subtoken 'SPELLS' 'QUALIFIED[TYPE=Foo]DESCRIPTOR=SampleDescriptor' for pcgen.core.Race TestObj (Source: file:/TESTCASE )
2025-09-21T13:28:37.925932800 LSTERROR Test worker AbstractTokenTestCase:246 Choice arguments may not end with , : DESCRIPTOR=SampleDescriptor,
2025-09-21T13:28:37.925932800 LSTERROR Test worker AbstractTokenTestCase:246 Failed in parsing typeStr: QUALIFIED[DESCRIPTOR=SampleDescriptor,]
2025-09-21T13:28:37.925932800 LSTERROR Test worker AbstractTokenTestCase:246 Choice argument was not valid: QUALIFIED[DESCRIPTOR=SampleDescriptor,]
2025-09-21T13:28:37.925932800 LSTERROR Test worker AbstractTokenTestCase:246 Internal error. (Source: file:/TESTCASE )
2025-09-21T13:28:37.925932800 LSTERROR Test worker AbstractTokenTestCase:246 Failed in parsing subtoken: SPELLS of QUALIFIED[DESCRIPTOR=SampleDescriptor,] (Source: file:/TESTCASE )
2025-09-21T13:28:37.925932800 LSTERROR Test worker AbstractTokenTestCase:246 Illegal CHOOSE subtoken 'SPELLS' 'QUALIFIED[DESCRIPTOR=SampleDescriptor,]' for pcgen.core.Race TestObj (Source: file:/TESTCASE )
2025-09-21T13:28:37.925932800 LSTERROR Test worker AbstractTokenTestCase:246 Choice arguments uses double separator ,, : QUALIFIED[TYPE=Foo,,DESCRIPTOR=SampleDescriptor]
2025-09-21T13:28:37.925932800 LSTERROR Test worker AbstractTokenTestCase:246 Internal error. (Source: file:/TESTCASE )
2025-09-21T13:28:37.925932800 LSTERROR Test worker AbstractTokenTestCase:246 Failed in parsing subtoken: SPELLS of QUALIFIED[TYPE=Foo,,DESCRIPTOR=SampleDescriptor] (Source: file:/TESTCASE )
2025-09-21T13:28:37.925932800 LSTERROR Test worker AbstractTokenTestCase:246 Illegal CHOOSE subtoken 'SPELLS' 'QUALIFIED[TYPE=Foo,,DESCRIPTOR=SampleDescriptor]' for pcgen.core.Race TestObj (Source: file:/TESTCASE )
2025-09-21T13:28:37.925932800 LSTERROR Test worker AbstractTokenTestCase:246 SPELLS arguments uses double separator || : QUALIFIED[TestWP3||DESCRIPTOR=SampleDescriptor] (Source: file:/TESTCASE )
2025-09-21T13:28:37.925932800 LSTERROR Test worker AbstractTokenTestCase:246 Failed in parsing subtoken: SPELLS of QUALIFIED[TestWP3||DESCRIPTOR=SampleDescriptor] (Source: file:/TESTCASE )
2025-09-21T13:28:37.925932800 LSTERROR Test worker AbstractTokenTestCase:246 Illegal CHOOSE subtoken 'SPELLS' 'QUALIFIED[TestWP3||DESCRIPTOR=SampleDescriptor]' for pcgen.core.Race TestObj (Source: file:/TESTCASE )
2025-09-21T13:28:37.941888400 LSTERROR Test worker AbstractTokenTestCase:246 Choice argument was not valid: QUALIFIED[TYPE=Foo]DESCRIPTOR=SampleDescriptor
2025-09-21T13:28:37.941888400 LSTERROR Test worker AbstractTokenTestCase:246 Internal error. (Source: file:/TESTCASE )
2025-09-21T13:28:37.941888400 LSTERROR Test worker AbstractTokenTestCase:246 Failed in parsing subtoken: SPELLS of QUALIFIED[TYPE=Foo]DESCRIPTOR=SampleDescriptor,TYPE=Bar (Source: file:/TESTCASE )
2025-09-21T13:28:37.941888400 LSTERROR Test worker AbstractTokenTestCase:246 Illegal CHOOSE subtoken 'SPELLS' 'QUALIFIED[TYPE=Foo]DESCRIPTOR=SampleDescriptor,TYPE=Bar' for pcgen.core.Race TestObj (Source: file:/TESTCASE )
2025-09-21T13:28:37.941888400 LSTERROR Test worker AbstractTokenTestCase:246 Choice arguments may not start with | : |DOMAINLIST=SampleList
2025-09-21T13:28:37.941888400 LSTERROR Test worker AbstractTokenTestCase:246 Failed in parsing typeStr: QUALIFIED[|DOMAINLIST=SampleList]
2025-09-21T13:28:37.941888400 LSTERROR Test worker AbstractTokenTestCase:246 Choice argument was not valid: QUALIFIED[|DOMAINLIST=SampleList]
2025-09-21T13:28:37.941888400 LSTERROR Test worker AbstractTokenTestCase:246 Internal error. (Source: file:/TESTCASE )
2025-09-21T13:28:37.941888400 LSTERROR Test worker AbstractTokenTestCase:246 Failed in parsing subtoken: SPELLS of QUALIFIED[|DOMAINLIST=SampleList] (Source: file:/TESTCASE )
2025-09-21T13:28:37.941888400 LSTERROR Test worker AbstractTokenTestCase:246 Illegal CHOOSE subtoken 'SPELLS' 'QUALIFIED[|DOMAINLIST=SampleList]' for pcgen.core.Race TestObj (Source: file:/TESTCASE )
2025-09-21T13:28:37.941888400 LSTERROR Test worker AbstractTokenTestCase:246 Choice argument was not valid: QUALIFIED[DOMAINLIST=SampleList]TYPE=Foo
2025-09-21T13:28:37.941888400 LSTERROR Test worker AbstractTokenTestCase:246 Internal error. (Source: file:/TESTCASE )
2025-09-21T13:28:37.941888400 LSTERROR Test worker AbstractTokenTestCase:246 Failed in parsing subtoken: SPELLS of QUALIFIED[DOMAINLIST=SampleList]TYPE=Foo (Source: file:/TESTCASE )
2025-09-21T13:28:37.941888400 LSTERROR Test worker AbstractTokenTestCase:246 Illegal CHOOSE subtoken 'SPELLS' 'QUALIFIED[DOMAINLIST=SampleList]TYPE=Foo' for pcgen.core.Race TestObj (Source: file:/TESTCASE )
2025-09-21T13:28:37.941888400 LSTERROR Test worker AbstractTokenTestCase:246 Token generated an IllegalArgumentException: = cannot be a in valid single item (perhaps something like TYPE= is not supported in this token?): TestWP1.DOMAINLIST=SampleList
2025-09-21T13:28:37.941888400 LSTERROR Test worker AbstractTokenTestCase:246 Token processing failed (Source: file:/TESTCASE )
2025-09-21T13:28:37.941888400 LSTERROR Test worker AbstractTokenTestCase:246 Invalid combination of objects was used in: QUALIFIED[ALL|DOMAINLIST=SampleList] (Source: file:/TESTCASE )
2025-09-21T13:28:37.941888400 LSTERROR Test worker AbstractTokenTestCase:246   Check that ALL is not combined (Source: file:/TESTCASE )
2025-09-21T13:28:37.941888400 LSTERROR Test worker AbstractTokenTestCase:246   Check that a key is not joined with AND (,) (Source: file:/TESTCASE )
2025-09-21T13:28:37.941888400 LSTERROR Test worker AbstractTokenTestCase:246 Failed in parsing subtoken: SPELLS of QUALIFIED[ALL|DOMAINLIST=SampleList] (Source: file:/TESTCASE )
2025-09-21T13:28:37.941888400 LSTERROR Test worker AbstractTokenTestCase:246 Illegal CHOOSE subtoken 'SPELLS' 'QUALIFIED[ALL|DOMAINLIST=SampleList]' for pcgen.core.Race TestObj (Source: file:/TESTCASE )
2025-09-21T13:28:37.941888400 LSTERROR Test worker AbstractTokenTestCase:246 Invalid combination of objects was used in: QUALIFIED[DOMAINLIST=SampleList|ALL] (Source: file:/TESTCASE )
2025-09-21T13:28:37.941888400 LSTERROR Test worker AbstractTokenTestCase:246   Check that ALL is not combined (Source: file:/TESTCASE )
2025-09-21T13:28:37.941888400 LSTERROR Test worker AbstractTokenTestCase:246   Check that a key is not joined with AND (,) (Source: file:/TESTCASE )
2025-09-21T13:28:37.941888400 LSTERROR Test worker AbstractTokenTestCase:246 Failed in parsing subtoken: SPELLS of QUALIFIED[DOMAINLIST=SampleList|ALL] (Source: file:/TESTCASE )
2025-09-21T13:28:37.941888400 LSTERROR Test worker AbstractTokenTestCase:246 Illegal CHOOSE subtoken 'SPELLS' 'QUALIFIED[DOMAINLIST=SampleList|ALL]' for pcgen.core.Race TestObj (Source: file:/TESTCASE )
2025-09-21T13:28:37.941888400 SEVERE Test worker ChoiceSetLoadUtilities:323 Didn't expect tokRestriction on QUALIFIED here: DOMAINLIST=SampleList|
2025-09-21T13:28:37.941888400 LSTERROR Test worker AbstractTokenTestCase:246 Choice arguments may not end with | : DOMAINLIST=SampleList|
2025-09-21T13:28:37.941888400 LSTERROR Test worker AbstractTokenTestCase:246 Failed in parsing typeStr: QUALIFIED[DOMAINLIST=SampleList|]
2025-09-21T13:28:37.941888400 LSTERROR Test worker AbstractTokenTestCase:246 Choice argument was not valid: QUALIFIED[DOMAINLIST=SampleList|]
2025-09-21T13:28:37.941888400 LSTERROR Test worker AbstractTokenTestCase:246 Internal error. (Source: file:/TESTCASE )
2025-09-21T13:28:37.941888400 LSTERROR Test worker AbstractTokenTestCase:246 Failed in parsing subtoken: SPELLS of QUALIFIED[DOMAINLIST=SampleList|] (Source: file:/TESTCASE )
2025-09-21T13:28:37.941888400 LSTERROR Test worker AbstractTokenTestCase:246 Illegal CHOOSE subtoken 'SPELLS' 'QUALIFIED[DOMAINLIST=SampleList|]' for pcgen.core.Race TestObj (Source: file:/TESTCASE )
2025-09-21T13:28:37.941888400 SEVERE Test worker ChoiceSetLoadUtilities:323 Didn't expect tokRestriction on QUALIFIED here: ,DOMAINLIST=SampleList
2025-09-21T13:28:37.941888400 LSTERROR Test worker AbstractTokenTestCase:246 Choice arguments may not end with | : DOMAINLIST=SampleList|
2025-09-21T13:28:37.941888400 LSTERROR Test worker AbstractTokenTestCase:246 Failed in parsing typeStr: QUALIFIED[DOMAINLIST=SampleList|]
2025-09-21T13:28:37.941888400 LSTERROR Test worker AbstractTokenTestCase:246 Choice argument was not valid: QUALIFIED[DOMAINLIST=SampleList|]
2025-09-21T13:28:37.941888400 LSTERROR Test worker AbstractTokenTestCase:246 Internal error. (Source: file:/TESTCASE )
2025-09-21T13:28:37.941888400 LSTERROR Test worker AbstractTokenTestCase:246 Failed in parsing subtoken: SPELLS of QUALIFIED[DOMAINLIST=SampleList|] (Source: file:/TESTCASE )
2025-09-21T13:28:37.941888400 LSTERROR Test worker AbstractTokenTestCase:246 Illegal CHOOSE subtoken 'SPELLS' 'QUALIFIED[DOMAINLIST=SampleList|]' for pcgen.core.Race TestObj (Source: file:/TESTCASE )
2025-09-21T13:28:37.941888400 LSTERROR Test worker AbstractTokenTestCase:246 Choice arguments may not start with , : ,DOMAINLIST=SampleList
2025-09-21T13:28:37.941888400 LSTERROR Test worker AbstractTokenTestCase:246 Failed in parsing typeStr: QUALIFIED[,DOMAINLIST=SampleList]
2025-09-21T13:28:37.941888400 LSTERROR Test worker AbstractTokenTestCase:246 Choice argument was not valid: QUALIFIED[,DOMAINLIST=SampleList]
2025-09-21T13:28:37.941888400 LSTERROR Test worker AbstractTokenTestCase:246 Internal error. (Source: file:/TESTCASE )
2025-09-21T13:28:37.941888400 LSTERROR Test worker AbstractTokenTestCase:246 Failed in parsing subtoken: SPELLS of QUALIFIED[,DOMAINLIST=SampleList] (Source: file:/TESTCASE )
2025-09-21T13:28:37.941888400 LSTERROR Test worker AbstractTokenTestCase:246 Illegal CHOOSE subtoken 'SPELLS' 'QUALIFIED[,DOMAINLIST=SampleList]' for pcgen.core.Race TestObj (Source: file:/TESTCASE )
2025-09-21T13:28:37.957699400 SEVERE Test worker GroupingState:213 Attempt to add 'ALLOWS_NONE' grouping state to 'ANY' resulted in 'INVALID'.
2025-09-21T13:28:37.957699400 LSTERROR Test worker AbstractTokenTestCase:246 Choice arguments may not end with | : DOMAINLIST=SampleList|
2025-09-21T13:28:37.957699400 LSTERROR Test worker AbstractTokenTestCase:246 Failed in parsing typeStr: QUALIFIED[DOMAINLIST=SampleList|]
2025-09-21T13:28:37.957699400 LSTERROR Test worker AbstractTokenTestCase:246 Choice argument was not valid: QUALIFIED[DOMAINLIST=SampleList|]
2025-09-21T13:28:37.957699400 LSTERROR Test worker AbstractTokenTestCase:246 Internal error. (Source: file:/TESTCASE )
2025-09-21T13:28:37.957699400 LSTERROR Test worker AbstractTokenTestCase:246 Failed in parsing subtoken: SPELLS of QUALIFIED[DOMAINLIST=SampleList|] (Source: file:/TESTCASE )
2025-09-21T13:28:37.957699400 LSTERROR Test worker AbstractTokenTestCase:246 Illegal CHOOSE subtoken 'SPELLS' 'QUALIFIED[DOMAINLIST=SampleList|]' for pcgen.core.Race TestObj (Source: file:/TESTCASE )
2025-09-21T13:28:37.957699400 LSTERROR Test worker AbstractTokenTestCase:246 Choice arguments may not start with , : ,DOMAINLIST=SampleList
2025-09-21T13:28:37.957699400 LSTERROR Test worker AbstractTokenTestCase:246 Failed in parsing typeStr: QUALIFIED[,DOMAINLIST=SampleList]
2025-09-21T13:28:37.957699400 LSTERROR Test worker AbstractTokenTestCase:246 Choice argument was not valid: QUALIFIED[,DOMAINLIST=SampleList]
2025-09-21T13:28:37.957699400 LSTERROR Test worker AbstractTokenTestCase:246 Internal error. (Source: file:/TESTCASE )
2025-09-21T13:28:37.957699400 LSTERROR Test worker AbstractTokenTestCase:246 Failed in parsing subtoken: SPELLS of QUALIFIED[,DOMAINLIST=SampleList] (Source: file:/TESTCASE )
2025-09-21T13:28:37.957699400 LSTERROR Test worker AbstractTokenTestCase:246 Illegal CHOOSE subtoken 'SPELLS' 'QUALIFIED[,DOMAINLIST=SampleList]' for pcgen.core.Race TestObj (Source: file:/TESTCASE )
2025-09-21T13:28:37.957699400 LSTERROR Test worker AbstractTokenTestCase:246 Invalid combination of objects was used in: QUALIFIED[DOMAINLIST=SampleList|ALL] (Source: file:/TESTCASE )
2025-09-21T13:28:37.957699400 LSTERROR Test worker AbstractTokenTestCase:246   Check that ALL is not combined (Source: file:/TESTCASE )
2025-09-21T13:28:37.957699400 LSTERROR Test worker AbstractTokenTestCase:246   Check that a key is not joined with AND (,) (Source: file:/TESTCASE )
2025-09-21T13:28:37.957699400 LSTERROR Test worker AbstractTokenTestCase:246 Failed in parsing subtoken: SPELLS of QUALIFIED[DOMAINLIST=SampleList|ALL] (Source: file:/TESTCASE )
2025-09-21T13:28:37.957699400 LSTERROR Test worker AbstractTokenTestCase:246 Illegal CHOOSE subtoken 'SPELLS' 'QUALIFIED[DOMAINLIST=SampleList|ALL]' for pcgen.core.Race TestObj (Source: file:/TESTCASE )
2025-09-21T13:28:37.957699400 SEVERE Test worker ChoiceSetLoadUtilities:239 Found error in Primitive Choice: DOMAINLIST= has equals but no target value
2025-09-21T13:28:37.957699400 SEVERE Test worker ChoiceSetLoadUtilities:323 Didn't expect tokRestriction on QUALIFIED here: DOMAINLIST=
2025-09-21T13:28:37.957699400 LSTERROR Test worker AbstractTokenTestCase:246 Choice arguments may not end with | : DOMAINLIST=SampleList|
2025-09-21T13:28:37.957699400 LSTERROR Test worker AbstractTokenTestCase:246 Failed in parsing typeStr: QUALIFIED[DOMAINLIST=SampleList|]
2025-09-21T13:28:37.957699400 LSTERROR Test worker AbstractTokenTestCase:246 Choice argument was not valid: QUALIFIED[DOMAINLIST=SampleList|]
2025-09-21T13:28:37.957699400 LSTERROR Test worker AbstractTokenTestCase:246 Internal error. (Source: file:/TESTCASE )
2025-09-21T13:28:37.957699400 LSTERROR Test worker AbstractTokenTestCase:246 Failed in parsing subtoken: SPELLS of QUALIFIED[DOMAINLIST=SampleList|] (Source: file:/TESTCASE )
2025-09-21T13:28:37.957699400 LSTERROR Test worker AbstractTokenTestCase:246 Illegal CHOOSE subtoken 'SPELLS' 'QUALIFIED[DOMAINLIST=SampleList|]' for pcgen.core.Race TestObj (Source: file:/TESTCASE )
2025-09-21T13:28:37.957699400 LSTERROR Test worker AbstractTokenTestCase:246 Choice arguments may not start with , : ,DOMAINLIST=SampleList
2025-09-21T13:28:37.957699400 LSTERROR Test worker AbstractTokenTestCase:246 Failed in parsing typeStr: QUALIFIED[,DOMAINLIST=SampleList]
2025-09-21T13:28:37.957699400 LSTERROR Test worker AbstractTokenTestCase:246 Choice argument was not valid: QUALIFIED[,DOMAINLIST=SampleList]
2025-09-21T13:28:37.957699400 LSTERROR Test worker AbstractTokenTestCase:246 Internal error. (Source: file:/TESTCASE )
2025-09-21T13:28:37.957699400 LSTERROR Test worker AbstractTokenTestCase:246 Failed in parsing subtoken: SPELLS of QUALIFIED[,DOMAINLIST=SampleList] (Source: file:/TESTCASE )
2025-09-21T13:28:37.957699400 LSTERROR Test worker AbstractTokenTestCase:246 Illegal CHOOSE subtoken 'SPELLS' 'QUALIFIED[,DOMAINLIST=SampleList]' for pcgen.core.Race TestObj (Source: file:/TESTCASE )
2025-09-21T13:28:37.957699400 LSTERROR Test worker AbstractTokenTestCase:246 Invalid combination of objects was used in: QUALIFIED[DOMAINLIST=SampleList|ALL] (Source: file:/TESTCASE )
2025-09-21T13:28:37.957699400 LSTERROR Test worker AbstractTokenTestCase:246   Check that ALL is not combined (Source: file:/TESTCASE )
2025-09-21T13:28:37.957699400 LSTERROR Test worker AbstractTokenTestCase:246   Check that a key is not joined with AND (,) (Source: file:/TESTCASE )
2025-09-21T13:28:37.957699400 LSTERROR Test worker AbstractTokenTestCase:246 Failed in parsing subtoken: SPELLS of QUALIFIED[DOMAINLIST=SampleList|ALL] (Source: file:/TESTCASE )
2025-09-21T13:28:37.957699400 LSTERROR Test worker AbstractTokenTestCase:246 Illegal CHOOSE subtoken 'SPELLS' 'QUALIFIED[DOMAINLIST=SampleList|ALL]' for pcgen.core.Race TestObj (Source: file:/TESTCASE )
2025-09-21T13:28:37.957699400 LSTERROR Test worker AbstractTokenTestCase:246 Choice argument was not valid: DOMAINLIST=
2025-09-21T13:28:37.957699400 LSTERROR Test worker AbstractTokenTestCase:246 Failed in parsing typeStr: QUALIFIED[DOMAINLIST=]
2025-09-21T13:28:37.957699400 LSTERROR Test worker AbstractTokenTestCase:246 Choice argument was not valid: QUALIFIED[DOMAINLIST=]
2025-09-21T13:28:37.957699400 LSTERROR Test worker AbstractTokenTestCase:246 Internal error. (Source: file:/TESTCASE )
2025-09-21T13:28:37.957699400 LSTERROR Test worker AbstractTokenTestCase:246 Failed in parsing subtoken: SPELLS of QUALIFIED[DOMAINLIST=] (Source: file:/TESTCASE )
2025-09-21T13:28:37.957699400 LSTERROR Test worker AbstractTokenTestCase:246 Illegal CHOOSE subtoken 'SPELLS' 'QUALIFIED[DOMAINLIST=]' for pcgen.core.Race TestObj (Source: file:/TESTCASE )
2025-09-21T13:28:37.957699400 SEVERE Test worker AbstractRestrictedSpellPrimitive:94 Unknown restriction: DOMAINLIST=SampleList in CHOOSE:SPELLS
2025-09-21T13:28:37.957699400 SEVERE Test worker ChoiceSetLoadUtilities:323 Didn't expect tokRestriction on DOMAINLIST here: DOMAINLIST=SampleList
2025-09-21T13:28:37.957699400 LSTERROR Test worker AbstractTokenTestCase:246 Choice arguments may not end with | : DOMAINLIST=SampleList|
2025-09-21T13:28:37.957699400 LSTERROR Test worker AbstractTokenTestCase:246 Failed in parsing typeStr: QUALIFIED[DOMAINLIST=SampleList|]
2025-09-21T13:28:37.957699400 LSTERROR Test worker AbstractTokenTestCase:246 Choice argument was not valid: QUALIFIED[DOMAINLIST=SampleList|]
2025-09-21T13:28:37.957699400 LSTERROR Test worker AbstractTokenTestCase:246 Internal error. (Source: file:/TESTCASE )
2025-09-21T13:28:37.957699400 LSTERROR Test worker AbstractTokenTestCase:246 Failed in parsing subtoken: SPELLS of QUALIFIED[DOMAINLIST=SampleList|] (Source: file:/TESTCASE )
2025-09-21T13:28:37.957699400 LSTERROR Test worker AbstractTokenTestCase:246 Illegal CHOOSE subtoken 'SPELLS' 'QUALIFIED[DOMAINLIST=SampleList|]' for pcgen.core.Race TestObj (Source: file:/TESTCASE )
2025-09-21T13:28:37.957699400 LSTERROR Test worker AbstractTokenTestCase:246 Choice arguments may not start with , : ,DOMAINLIST=SampleList
2025-09-21T13:28:37.957699400 LSTERROR Test worker AbstractTokenTestCase:246 Failed in parsing typeStr: QUALIFIED[,DOMAINLIST=SampleList]
2025-09-21T13:28:37.957699400 LSTERROR Test worker AbstractTokenTestCase:246 Choice argument was not valid: QUALIFIED[,DOMAINLIST=SampleList]
2025-09-21T13:28:37.957699400 LSTERROR Test worker AbstractTokenTestCase:246 Internal error. (Source: file:/TESTCASE )
2025-09-21T13:28:37.957699400 LSTERROR Test worker AbstractTokenTestCase:246 Failed in parsing subtoken: SPELLS of QUALIFIED[,DOMAINLIST=SampleList] (Source: file:/TESTCASE )
2025-09-21T13:28:37.957699400 LSTERROR Test worker AbstractTokenTestCase:246 Illegal CHOOSE subtoken 'SPELLS' 'QUALIFIED[,DOMAINLIST=SampleList]' for pcgen.core.Race TestObj (Source: file:/TESTCASE )
2025-09-21T13:28:37.957699400 LSTERROR Test worker AbstractTokenTestCase:246 Invalid combination of objects was used in: QUALIFIED[DOMAINLIST=SampleList|ALL] (Source: file:/TESTCASE )
2025-09-21T13:28:37.957699400 LSTERROR Test worker AbstractTokenTestCase:246   Check that ALL is not combined (Source: file:/TESTCASE )
2025-09-21T13:28:37.957699400 LSTERROR Test worker AbstractTokenTestCase:246   Check that a key is not joined with AND (,) (Source: file:/TESTCASE )
2025-09-21T13:28:37.957699400 LSTERROR Test worker AbstractTokenTestCase:246 Failed in parsing subtoken: SPELLS of QUALIFIED[DOMAINLIST=SampleList|ALL] (Source: file:/TESTCASE )
2025-09-21T13:28:37.957699400 LSTERROR Test worker AbstractTokenTestCase:246 Illegal CHOOSE subtoken 'SPELLS' 'QUALIFIED[DOMAINLIST=SampleList|ALL]' for pcgen.core.Race TestObj (Source: file:/TESTCASE )
2025-09-21T13:28:37.957699400 LSTERROR Test worker AbstractTokenTestCase:246 Choice argument was not valid: DOMAINLIST=
2025-09-21T13:28:37.957699400 LSTERROR Test worker AbstractTokenTestCase:246 Failed in parsing typeStr: QUALIFIED[DOMAINLIST=]
2025-09-21T13:28:37.957699400 LSTERROR Test worker AbstractTokenTestCase:246 Choice argument was not valid: QUALIFIED[DOMAINLIST=]
2025-09-21T13:28:37.957699400 LSTERROR Test worker AbstractTokenTestCase:246 Internal error. (Source: file:/TESTCASE )
2025-09-21T13:28:37.957699400 LSTERROR Test worker AbstractTokenTestCase:246 Failed in parsing subtoken: SPELLS of QUALIFIED[DOMAINLIST=] (Source: file:/TESTCASE )
2025-09-21T13:28:37.957699400 LSTERROR Test worker AbstractTokenTestCase:246 Illegal CHOOSE subtoken 'SPELLS' 'QUALIFIED[DOMAINLIST=]' for pcgen.core.Race TestObj (Source: file:/TESTCASE )
2025-09-21T13:28:37.957699400 LSTERROR Test worker AbstractTokenTestCase:246 Choice argument was not valid: DOMAINLIST=SampleList[DOMAINLIST=SampleList]
2025-09-21T13:28:37.957699400 LSTERROR Test worker AbstractTokenTestCase:246 Internal error. (Source: file:/TESTCASE )
2025-09-21T13:28:37.957699400 LSTERROR Test worker AbstractTokenTestCase:246 Failed in parsing subtoken: SPELLS of DOMAINLIST=SampleList[DOMAINLIST=SampleList] (Source: file:/TESTCASE )
2025-09-21T13:28:37.957699400 LSTERROR Test worker AbstractTokenTestCase:246 Illegal CHOOSE subtoken 'SPELLS' 'DOMAINLIST=SampleList[DOMAINLIST=SampleList]' for pcgen.core.Race TestObj (Source: file:/TESTCASE )
2025-09-21T13:28:37.973774900 SEVERE Test worker ChoiceSetLoadUtilities:418 Found error in Qualifier Choice: QUALIFIED[DOMAINLIST=SampleList]TYPE=Foo had close bracket, but had characters following the close bracket
2025-09-21T13:28:37.973774900 SEVERE Test worker ChoiceSetLoadUtilities:254 Found error in Primitive Choice: QUALIFIED[DOMAINLIST=SampleList]TYPE=Foo had close bracket, but had characters following the close bracket
2025-09-21T13:28:37.973774900 LSTERROR Test worker AbstractTokenTestCase:246 Choice arguments may not end with | : DOMAINLIST=SampleList|
2025-09-21T13:28:37.973774900 LSTERROR Test worker AbstractTokenTestCase:246 Failed in parsing typeStr: QUALIFIED[DOMAINLIST=SampleList|]
2025-09-21T13:28:37.973774900 LSTERROR Test worker AbstractTokenTestCase:246 Choice argument was not valid: QUALIFIED[DOMAINLIST=SampleList|]
2025-09-21T13:28:37.973774900 LSTERROR Test worker AbstractTokenTestCase:246 Internal error. (Source: file:/TESTCASE )
2025-09-21T13:28:37.973774900 LSTERROR Test worker AbstractTokenTestCase:246 Failed in parsing subtoken: SPELLS of QUALIFIED[DOMAINLIST=SampleList|] (Source: file:/TESTCASE )
2025-09-21T13:28:37.973774900 LSTERROR Test worker AbstractTokenTestCase:246 Illegal CHOOSE subtoken 'SPELLS' 'QUALIFIED[DOMAINLIST=SampleList|]' for pcgen.core.Race TestObj (Source: file:/TESTCASE )
2025-09-21T13:28:37.973774900 LSTERROR Test worker AbstractTokenTestCase:246 Choice arguments may not start with , : ,DOMAINLIST=SampleList
2025-09-21T13:28:37.973774900 LSTERROR Test worker AbstractTokenTestCase:246 Failed in parsing typeStr: QUALIFIED[,DOMAINLIST=SampleList]
2025-09-21T13:28:37.973774900 LSTERROR Test worker AbstractTokenTestCase:246 Choice argument was not valid: QUALIFIED[,DOMAINLIST=SampleList]
2025-09-21T13:28:37.973774900 LSTERROR Test worker AbstractTokenTestCase:246 Internal error. (Source: file:/TESTCASE )
2025-09-21T13:28:37.973774900 LSTERROR Test worker AbstractTokenTestCase:246 Failed in parsing subtoken: SPELLS of QUALIFIED[,DOMAINLIST=SampleList] (Source: file:/TESTCASE )
2025-09-21T13:28:37.973774900 LSTERROR Test worker AbstractTokenTestCase:246 Illegal CHOOSE subtoken 'SPELLS' 'QUALIFIED[,DOMAINLIST=SampleList]' for pcgen.core.Race TestObj (Source: file:/TESTCASE )
2025-09-21T13:28:37.973774900 LSTERROR Test worker AbstractTokenTestCase:246 Invalid combination of objects was used in: QUALIFIED[DOMAINLIST=SampleList|ALL] (Source: file:/TESTCASE )
2025-09-21T13:28:37.973774900 LSTERROR Test worker AbstractTokenTestCase:246   Check that ALL is not combined (Source: file:/TESTCASE )
2025-09-21T13:28:37.973774900 LSTERROR Test worker AbstractTokenTestCase:246   Check that a key is not joined with AND (,) (Source: file:/TESTCASE )
2025-09-21T13:28:37.973774900 LSTERROR Test worker AbstractTokenTestCase:246 Failed in parsing subtoken: SPELLS of QUALIFIED[DOMAINLIST=SampleList|ALL] (Source: file:/TESTCASE )
2025-09-21T13:28:37.973774900 LSTERROR Test worker AbstractTokenTestCase:246 Illegal CHOOSE subtoken 'SPELLS' 'QUALIFIED[DOMAINLIST=SampleList|ALL]' for pcgen.core.Race TestObj (Source: file:/TESTCASE )
2025-09-21T13:28:37.973774900 LSTERROR Test worker AbstractTokenTestCase:246 Choice argument was not valid: DOMAINLIST=
2025-09-21T13:28:37.973774900 LSTERROR Test worker AbstractTokenTestCase:246 Failed in parsing typeStr: QUALIFIED[DOMAINLIST=]
2025-09-21T13:28:37.973774900 LSTERROR Test worker AbstractTokenTestCase:246 Choice argument was not valid: QUALIFIED[DOMAINLIST=]
2025-09-21T13:28:37.973774900 LSTERROR Test worker AbstractTokenTestCase:246 Internal error. (Source: file:/TESTCASE )
2025-09-21T13:28:37.973774900 LSTERROR Test worker AbstractTokenTestCase:246 Failed in parsing subtoken: SPELLS of QUALIFIED[DOMAINLIST=] (Source: file:/TESTCASE )
2025-09-21T13:28:37.973774900 LSTERROR Test worker AbstractTokenTestCase:246 Illegal CHOOSE subtoken 'SPELLS' 'QUALIFIED[DOMAINLIST=]' for pcgen.core.Race TestObj (Source: file:/TESTCASE )
2025-09-21T13:28:37.973774900 LSTERROR Test worker AbstractTokenTestCase:246 Choice argument was not valid: DOMAINLIST=SampleList[DOMAINLIST=SampleList]
2025-09-21T13:28:37.973774900 LSTERROR Test worker AbstractTokenTestCase:246 Internal error. (Source: file:/TESTCASE )
2025-09-21T13:28:37.973774900 LSTERROR Test worker AbstractTokenTestCase:246 Failed in parsing subtoken: SPELLS of DOMAINLIST=SampleList[DOMAINLIST=SampleList] (Source: file:/TESTCASE )
2025-09-21T13:28:37.973774900 LSTERROR Test worker AbstractTokenTestCase:246 Illegal CHOOSE subtoken 'SPELLS' 'DOMAINLIST=SampleList[DOMAINLIST=SampleList]' for pcgen.core.Race TestObj (Source: file:/TESTCASE )
2025-09-21T13:28:37.973774900 LSTERROR Test worker AbstractTokenTestCase:246 Choice argument was not valid: QUALIFIED[DOMAINLIST=SampleList]TYPE=Foo
2025-09-21T13:28:37.973774900 LSTERROR Test worker AbstractTokenTestCase:246 Internal error. (Source: file:/TESTCASE )
2025-09-21T13:28:37.973774900 LSTERROR Test worker AbstractTokenTestCase:246 Failed in parsing subtoken: SPELLS of QUALIFIED[DOMAINLIST=SampleList]TYPE=Foo|TYPE=Bar (Source: file:/TESTCASE )
2025-09-21T13:28:37.973774900 LSTERROR Test worker AbstractTokenTestCase:246 Illegal CHOOSE subtoken 'SPELLS' 'QUALIFIED[DOMAINLIST=SampleList]TYPE=Foo|TYPE=Bar' for pcgen.core.Race TestObj (Source: file:/TESTCASE )
2025-09-21T13:28:37.973774900 LSTERROR Test worker AbstractTokenTestCase:246 SPELLS arguments uses double separator || : QUALIFIED[TestWP2||DOMAINLIST=SampleList]] (Source: file:/TESTCASE )
2025-09-21T13:28:37.973774900 LSTERROR Test worker AbstractTokenTestCase:246 Failed in parsing subtoken: SPELLS of QUALIFIED[TestWP2||DOMAINLIST=SampleList]] (Source: file:/TESTCASE )
2025-09-21T13:28:37.973774900 LSTERROR Test worker AbstractTokenTestCase:246 Illegal CHOOSE subtoken 'SPELLS' 'QUALIFIED[TestWP2||DOMAINLIST=SampleList]]' for pcgen.core.Race TestObj (Source: file:/TESTCASE )
2025-09-21T13:28:37.973774900 SEVERE Test worker ChoiceSetLoadUtilities:418 Found error in Qualifier Choice: QUALIFIED[TYPE=Foo]DOMAINLIST=SampleList had close bracket, but had characters following the close bracket
2025-09-21T13:28:37.973774900 SEVERE Test worker ChoiceSetLoadUtilities:254 Found error in Primitive Choice: QUALIFIED[TYPE=Foo]DOMAINLIST=SampleList had close bracket, but had characters following the close bracket
2025-09-21T13:28:37.973774900 LSTERROR Test worker AbstractTokenTestCase:246 SPELLS arguments uses double separator || : QUALIFIED[TestWP2||DOMAINLIST=SampleList]] (Source: file:/TESTCASE )
2025-09-21T13:28:37.973774900 LSTERROR Test worker AbstractTokenTestCase:246 Failed in parsing subtoken: SPELLS of QUALIFIED[TestWP2||DOMAINLIST=SampleList]] (Source: file:/TESTCASE )
2025-09-21T13:28:37.973774900 LSTERROR Test worker AbstractTokenTestCase:246 Illegal CHOOSE subtoken 'SPELLS' 'QUALIFIED[TestWP2||DOMAINLIST=SampleList]]' for pcgen.core.Race TestObj (Source: file:/TESTCASE )
2025-09-21T13:28:37.973774900 LSTERROR Test worker AbstractTokenTestCase:246 Choice argument was not valid: QUALIFIED[TYPE=Foo]DOMAINLIST=SampleList
2025-09-21T13:28:37.973774900 LSTERROR Test worker AbstractTokenTestCase:246 Internal error. (Source: file:/TESTCASE )
2025-09-21T13:28:37.973774900 LSTERROR Test worker AbstractTokenTestCase:246 Failed in parsing subtoken: SPELLS of QUALIFIED[TYPE=Foo]DOMAINLIST=SampleList (Source: file:/TESTCASE )
2025-09-21T13:28:37.973774900 LSTERROR Test worker AbstractTokenTestCase:246 Illegal CHOOSE subtoken 'SPELLS' 'QUALIFIED[TYPE=Foo]DOMAINLIST=SampleList' for pcgen.core.Race TestObj (Source: file:/TESTCASE )
2025-09-21T13:28:37.973774900 SEVERE Test worker ChoiceSetLoadUtilities:323 Didn't expect tokRestriction on QUALIFIED here: DOMAINLIST=SampleList,
2025-09-21T13:28:37.973774900 LSTERROR Test worker AbstractTokenTestCase:246 SPELLS arguments uses double separator || : QUALIFIED[TestWP2||DOMAINLIST=SampleList]] (Source: file:/TESTCASE )
2025-09-21T13:28:37.973774900 LSTERROR Test worker AbstractTokenTestCase:246 Failed in parsing subtoken: SPELLS of QUALIFIED[TestWP2||DOMAINLIST=SampleList]] (Source: file:/TESTCASE )
2025-09-21T13:28:37.973774900 LSTERROR Test worker AbstractTokenTestCase:246 Illegal CHOOSE subtoken 'SPELLS' 'QUALIFIED[TestWP2||DOMAINLIST=SampleList]]' for pcgen.core.Race TestObj (Source: file:/TESTCASE )
2025-09-21T13:28:37.973774900 LSTERROR Test worker AbstractTokenTestCase:246 Choice argument was not valid: QUALIFIED[TYPE=Foo]DOMAINLIST=SampleList
2025-09-21T13:28:37.989468400 LSTERROR Test worker AbstractTokenTestCase:246 Internal error. (Source: file:/TESTCASE )
2025-09-21T13:28:37.989468400 LSTERROR Test worker AbstractTokenTestCase:246 Failed in parsing subtoken: SPELLS of QUALIFIED[TYPE=Foo]DOMAINLIST=SampleList (Source: file:/TESTCASE )
2025-09-21T13:28:37.989468400 LSTERROR Test worker AbstractTokenTestCase:246 Illegal CHOOSE subtoken 'SPELLS' 'QUALIFIED[TYPE=Foo]DOMAINLIST=SampleList' for pcgen.core.Race TestObj (Source: file:/TESTCASE )
2025-09-21T13:28:37.989468400 LSTERROR Test worker AbstractTokenTestCase:246 Choice arguments may not end with , : DOMAINLIST=SampleList,
2025-09-21T13:28:37.989468400 LSTERROR Test worker AbstractTokenTestCase:246 Failed in parsing typeStr: QUALIFIED[DOMAINLIST=SampleList,]
2025-09-21T13:28:37.989468400 LSTERROR Test worker AbstractTokenTestCase:246 Choice argument was not valid: QUALIFIED[DOMAINLIST=SampleList,]
2025-09-21T13:28:37.989468400 LSTERROR Test worker AbstractTokenTestCase:246 Internal error. (Source: file:/TESTCASE )
2025-09-21T13:28:37.989468400 LSTERROR Test worker AbstractTokenTestCase:246 Failed in parsing subtoken: SPELLS of QUALIFIED[DOMAINLIST=SampleList,] (Source: file:/TESTCASE )
2025-09-21T13:28:37.989468400 LSTERROR Test worker AbstractTokenTestCase:246 Illegal CHOOSE subtoken 'SPELLS' 'QUALIFIED[DOMAINLIST=SampleList,]' for pcgen.core.Race TestObj (Source: file:/TESTCASE )
2025-09-21T13:28:37.989468400 LSTERROR Test worker AbstractTokenTestCase:246 SPELLS arguments uses double separator || : QUALIFIED[TestWP2||DOMAINLIST=SampleList]] (Source: file:/TESTCASE )
2025-09-21T13:28:37.989468400 LSTERROR Test worker AbstractTokenTestCase:246 Failed in parsing subtoken: SPELLS of QUALIFIED[TestWP2||DOMAINLIST=SampleList]] (Source: file:/TESTCASE )
2025-09-21T13:28:37.989468400 LSTERROR Test worker AbstractTokenTestCase:246 Illegal CHOOSE subtoken 'SPELLS' 'QUALIFIED[TestWP2||DOMAINLIST=SampleList]]' for pcgen.core.Race TestObj (Source: file:/TESTCASE )
2025-09-21T13:28:37.989468400 LSTERROR Test worker AbstractTokenTestCase:246 Choice argument was not valid: QUALIFIED[TYPE=Foo]DOMAINLIST=SampleList
2025-09-21T13:28:37.989468400 LSTERROR Test worker AbstractTokenTestCase:246 Internal error. (Source: file:/TESTCASE )
2025-09-21T13:28:37.989468400 LSTERROR Test worker AbstractTokenTestCase:246 Failed in parsing subtoken: SPELLS of QUALIFIED[TYPE=Foo]DOMAINLIST=SampleList (Source: file:/TESTCASE )
2025-09-21T13:28:37.989468400 LSTERROR Test worker AbstractTokenTestCase:246 Illegal CHOOSE subtoken 'SPELLS' 'QUALIFIED[TYPE=Foo]DOMAINLIST=SampleList' for pcgen.core.Race TestObj (Source: file:/TESTCASE )
2025-09-21T13:28:37.989468400 LSTERROR Test worker AbstractTokenTestCase:246 Choice arguments may not end with , : DOMAINLIST=SampleList,
2025-09-21T13:28:37.989468400 LSTERROR Test worker AbstractTokenTestCase:246 Failed in parsing typeStr: QUALIFIED[DOMAINLIST=SampleList,]
2025-09-21T13:28:37.989468400 LSTERROR Test worker AbstractTokenTestCase:246 Choice argument was not valid: QUALIFIED[DOMAINLIST=SampleList,]
2025-09-21T13:28:37.989468400 LSTERROR Test worker AbstractTokenTestCase:246 Internal error. (Source: file:/TESTCASE )
2025-09-21T13:28:37.989468400 LSTERROR Test worker AbstractTokenTestCase:246 Failed in parsing subtoken: SPELLS of QUALIFIED[DOMAINLIST=SampleList,] (Source: file:/TESTCASE )
2025-09-21T13:28:37.989468400 LSTERROR Test worker AbstractTokenTestCase:246 Illegal CHOOSE subtoken 'SPELLS' 'QUALIFIED[DOMAINLIST=SampleList,]' for pcgen.core.Race TestObj (Source: file:/TESTCASE )
2025-09-21T13:28:37.989468400 LSTERROR Test worker AbstractTokenTestCase:246 Choice arguments uses double separator ,, : QUALIFIED[TYPE=Foo,,DOMAINLIST=SampleList]
2025-09-21T13:28:37.989468400 LSTERROR Test worker AbstractTokenTestCase:246 Internal error. (Source: file:/TESTCASE )
2025-09-21T13:28:37.989468400 LSTERROR Test worker AbstractTokenTestCase:246 Failed in parsing subtoken: SPELLS of QUALIFIED[TYPE=Foo,,DOMAINLIST=SampleList] (Source: file:/TESTCASE )
2025-09-21T13:28:37.989468400 LSTERROR Test worker AbstractTokenTestCase:246 Illegal CHOOSE subtoken 'SPELLS' 'QUALIFIED[TYPE=Foo,,DOMAINLIST=SampleList]' for pcgen.core.Race TestObj (Source: file:/TESTCASE )
2025-09-21T13:28:37.989468400 LSTERROR Test worker AbstractTokenTestCase:246 SPELLS arguments uses double separator || : QUALIFIED[TestWP2||DOMAINLIST=SampleList]] (Source: file:/TESTCASE )
2025-09-21T13:28:37.989468400 LSTERROR Test worker AbstractTokenTestCase:246 Failed in parsing subtoken: SPELLS of QUALIFIED[TestWP2||DOMAINLIST=SampleList]] (Source: file:/TESTCASE )
2025-09-21T13:28:37.989468400 LSTERROR Test worker AbstractTokenTestCase:246 Illegal CHOOSE subtoken 'SPELLS' 'QUALIFIED[TestWP2||DOMAINLIST=SampleList]]' for pcgen.core.Race TestObj (Source: file:/TESTCASE )
2025-09-21T13:28:37.989468400 LSTERROR Test worker AbstractTokenTestCase:246 Choice argument was not valid: QUALIFIED[TYPE=Foo]DOMAINLIST=SampleList
2025-09-21T13:28:37.989468400 LSTERROR Test worker AbstractTokenTestCase:246 Internal error. (Source: file:/TESTCASE )
2025-09-21T13:28:37.989468400 LSTERROR Test worker AbstractTokenTestCase:246 Failed in parsing subtoken: SPELLS of QUALIFIED[TYPE=Foo]DOMAINLIST=SampleList (Source: file:/TESTCASE )
2025-09-21T13:28:37.989468400 LSTERROR Test worker AbstractTokenTestCase:246 Illegal CHOOSE subtoken 'SPELLS' 'QUALIFIED[TYPE=Foo]DOMAINLIST=SampleList' for pcgen.core.Race TestObj (Source: file:/TESTCASE )
2025-09-21T13:28:37.989468400 LSTERROR Test worker AbstractTokenTestCase:246 Choice arguments may not end with , : DOMAINLIST=SampleList,
2025-09-21T13:28:37.989468400 LSTERROR Test worker AbstractTokenTestCase:246 Failed in parsing typeStr: QUALIFIED[DOMAINLIST=SampleList,]
2025-09-21T13:28:37.989468400 LSTERROR Test worker AbstractTokenTestCase:246 Choice argument was not valid: QUALIFIED[DOMAINLIST=SampleList,]
2025-09-21T13:28:37.989468400 LSTERROR Test worker AbstractTokenTestCase:246 Internal error. (Source: file:/TESTCASE )
2025-09-21T13:28:37.989468400 LSTERROR Test worker AbstractTokenTestCase:246 Failed in parsing subtoken: SPELLS of QUALIFIED[DOMAINLIST=SampleList,] (Source: file:/TESTCASE )
2025-09-21T13:28:37.989468400 LSTERROR Test worker AbstractTokenTestCase:246 Illegal CHOOSE subtoken 'SPELLS' 'QUALIFIED[DOMAINLIST=SampleList,]' for pcgen.core.Race TestObj (Source: file:/TESTCASE )
2025-09-21T13:28:37.989468400 LSTERROR Test worker AbstractTokenTestCase:246 Choice arguments uses double separator ,, : QUALIFIED[TYPE=Foo,,DOMAINLIST=SampleList]
2025-09-21T13:28:37.989468400 LSTERROR Test worker AbstractTokenTestCase:246 Internal error. (Source: file:/TESTCASE )
2025-09-21T13:28:37.989468400 LSTERROR Test worker AbstractTokenTestCase:246 Failed in parsing subtoken: SPELLS of QUALIFIED[TYPE=Foo,,DOMAINLIST=SampleList] (Source: file:/TESTCASE )
2025-09-21T13:28:37.989468400 LSTERROR Test worker AbstractTokenTestCase:246 Illegal CHOOSE subtoken 'SPELLS' 'QUALIFIED[TYPE=Foo,,DOMAINLIST=SampleList]' for pcgen.core.Race TestObj (Source: file:/TESTCASE )
2025-09-21T13:28:37.989468400 LSTERROR Test worker AbstractTokenTestCase:246 SPELLS arguments uses double separator || : QUALIFIED[TestWP3||DOMAINLIST=SampleList] (Source: file:/TESTCASE )
2025-09-21T13:28:37.989468400 LSTERROR Test worker AbstractTokenTestCase:246 Failed in parsing subtoken: SPELLS of QUALIFIED[TestWP3||DOMAINLIST=SampleList] (Source: file:/TESTCASE )
2025-09-21T13:28:37.989468400 LSTERROR Test worker AbstractTokenTestCase:246 Illegal CHOOSE subtoken 'SPELLS' 'QUALIFIED[TestWP3||DOMAINLIST=SampleList]' for pcgen.core.Race TestObj (Source: file:/TESTCASE )
2025-09-21T13:28:37.989468400 SEVERE Test worker ChoiceSetLoadUtilities:418 Found error in Qualifier Choice: QUALIFIED[TYPE=Foo]DOMAINLIST=SampleList had close bracket, but had characters following the close bracket
2025-09-21T13:28:37.989468400 SEVERE Test worker ChoiceSetLoadUtilities:254 Found error in Primitive Choice: QUALIFIED[TYPE=Foo]DOMAINLIST=SampleList had close bracket, but had characters following the close bracket
2025-09-21T13:28:37.989468400 LSTERROR Test worker AbstractTokenTestCase:246 SPELLS arguments uses double separator || : QUALIFIED[TestWP2||DOMAINLIST=SampleList]] (Source: file:/TESTCASE )
2025-09-21T13:28:37.989468400 LSTERROR Test worker AbstractTokenTestCase:246 Failed in parsing subtoken: SPELLS of QUALIFIED[TestWP2||DOMAINLIST=SampleList]] (Source: file:/TESTCASE )
2025-09-21T13:28:37.989468400 LSTERROR Test worker AbstractTokenTestCase:246 Illegal CHOOSE subtoken 'SPELLS' 'QUALIFIED[TestWP2||DOMAINLIST=SampleList]]' for pcgen.core.Race TestObj (Source: file:/TESTCASE )
2025-09-21T13:28:37.989468400 LSTERROR Test worker AbstractTokenTestCase:246 Choice argument was not valid: QUALIFIED[TYPE=Foo]DOMAINLIST=SampleList
2025-09-21T13:28:37.989468400 LSTERROR Test worker AbstractTokenTestCase:246 Internal error. (Source: file:/TESTCASE )
2025-09-21T13:28:37.989468400 LSTERROR Test worker AbstractTokenTestCase:246 Failed in parsing subtoken: SPELLS of QUALIFIED[TYPE=Foo]DOMAINLIST=SampleList (Source: file:/TESTCASE )
2025-09-21T13:28:37.989468400 LSTERROR Test worker AbstractTokenTestCase:246 Illegal CHOOSE subtoken 'SPELLS' 'QUALIFIED[TYPE=Foo]DOMAINLIST=SampleList' for pcgen.core.Race TestObj (Source: file:/TESTCASE )
2025-09-21T13:28:37.989468400 LSTERROR Test worker AbstractTokenTestCase:246 Choice arguments may not end with , : DOMAINLIST=SampleList,
2025-09-21T13:28:37.989468400 LSTERROR Test worker AbstractTokenTestCase:246 Failed in parsing typeStr: QUALIFIED[DOMAINLIST=SampleList,]
2025-09-21T13:28:37.989468400 LSTERROR Test worker AbstractTokenTestCase:246 Choice argument was not valid: QUALIFIED[DOMAINLIST=SampleList,]
2025-09-21T13:28:37.989468400 LSTERROR Test worker AbstractTokenTestCase:246 Internal error. (Source: file:/TESTCASE )
2025-09-21T13:28:37.989468400 LSTERROR Test worker AbstractTokenTestCase:246 Failed in parsing subtoken: SPELLS of QUALIFIED[DOMAINLIST=SampleList,] (Source: file:/TESTCASE )
2025-09-21T13:28:37.989468400 LSTERROR Test worker AbstractTokenTestCase:246 Illegal CHOOSE subtoken 'SPELLS' 'QUALIFIED[DOMAINLIST=SampleList,]' for pcgen.core.Race TestObj (Source: file:/TESTCASE )
2025-09-21T13:28:37.989468400 LSTERROR Test worker AbstractTokenTestCase:246 Choice arguments uses double separator ,, : QUALIFIED[TYPE=Foo,,DOMAINLIST=SampleList]
2025-09-21T13:28:37.989468400 LSTERROR Test worker AbstractTokenTestCase:246 Internal error. (Source: file:/TESTCASE )
2025-09-21T13:28:37.989468400 LSTERROR Test worker AbstractTokenTestCase:246 Failed in parsing subtoken: SPELLS of QUALIFIED[TYPE=Foo,,DOMAINLIST=SampleList] (Source: file:/TESTCASE )
2025-09-21T13:28:37.989468400 LSTERROR Test worker AbstractTokenTestCase:246 Illegal CHOOSE subtoken 'SPELLS' 'QUALIFIED[TYPE=Foo,,DOMAINLIST=SampleList]' for pcgen.core.Race TestObj (Source: file:/TESTCASE )
2025-09-21T13:28:37.989468400 LSTERROR Test worker AbstractTokenTestCase:246 SPELLS arguments uses double separator || : QUALIFIED[TestWP3||DOMAINLIST=SampleList] (Source: file:/TESTCASE )
2025-09-21T13:28:37.989468400 LSTERROR Test worker AbstractTokenTestCase:246 Failed in parsing subtoken: SPELLS of QUALIFIED[TestWP3||DOMAINLIST=SampleList] (Source: file:/TESTCASE )
2025-09-21T13:28:37.989468400 LSTERROR Test worker AbstractTokenTestCase:246 Illegal CHOOSE subtoken 'SPELLS' 'QUALIFIED[TestWP3||DOMAINLIST=SampleList]' for pcgen.core.Race TestObj (Source: file:/TESTCASE )
2025-09-21T13:28:37.989468400 LSTERROR Test worker AbstractTokenTestCase:246 Choice argument was not valid: QUALIFIED[TYPE=Foo]DOMAINLIST=SampleList
2025-09-21T13:28:37.989468400 LSTERROR Test worker AbstractTokenTestCase:246 Internal error. (Source: file:/TESTCASE )
2025-09-21T13:28:37.989468400 LSTERROR Test worker AbstractTokenTestCase:246 Failed in parsing subtoken: SPELLS of QUALIFIED[TYPE=Foo]DOMAINLIST=SampleList,TYPE=Bar (Source: file:/TESTCASE )
2025-09-21T13:28:37.989468400 LSTERROR Test worker AbstractTokenTestCase:246 Illegal CHOOSE subtoken 'SPELLS' 'QUALIFIED[TYPE=Foo]DOMAINLIST=SampleList,TYPE=Bar' for pcgen.core.Race TestObj (Source: file:/TESTCASE )
</pre>
</span>
</div>
</div>
<div id="footer">
<p>
<div>
<label class="hidden" id="label-for-line-wrapping-toggle" for="line-wrapping-toggle">Wrap lines
<input id="line-wrapping-toggle" type="checkbox" autocomplete="off"/>
</label>
</div>Generated by 
<a href="http://www.gradle.org">Gradle 8.10.2</a> at Sep 21, 2025, 9:28:52AM</p>
</div>
</div>
</body>
</html>
