<!DOCTYPE html>
<html>
<head>
<meta http-equiv="Content-Type" content="text/html; charset=utf-8"/>
<meta http-equiv="x-ua-compatible" content="IE=edge"/>
<title>Test results - ClassListTokenTest</title>
<link href="../css/base-style.css" rel="stylesheet" type="text/css"/>
<link href="../css/style.css" rel="stylesheet" type="text/css"/>
<script src="../js/report.js" type="text/javascript"></script>
</head>
<body>
<div id="content">
<h1>ClassListTokenTest</h1>
<div class="breadcrumbs">
<a href="../index.html">all</a> &gt; 
<a href="../packages/plugin.primitive.spell.html">plugin.primitive.spell</a> &gt; ClassListTokenTest</div>
<div id="summary">
<table>
<tr>
<td>
<div class="summaryGroup">
<table>
<tr>
<td>
<div class="infoBox" id="tests">
<div class="counter">21</div>
<p>tests</p>
</div>
</td>
<td>
<div class="infoBox" id="failures">
<div class="counter">0</div>
<p>failures</p>
</div>
</td>
<td>
<div class="infoBox" id="ignored">
<div class="counter">0</div>
<p>ignored</p>
</div>
</td>
<td>
<div class="infoBox" id="duration">
<div class="counter">0.122s</div>
<p>duration</p>
</div>
</td>
</tr>
</table>
</div>
</td>
<td>
<div class="infoBox success" id="successRate">
<div class="percent">100%</div>
<p>successful</p>
</div>
</td>
</tr>
</table>
</div>
<div id="tabs">
<ul class="tabLinks">
<li>
<a href="#tab0">Tests</a>
</li>
<li>
<a href="#tab1">Standard error</a>
</li>
</ul>
<div id="tab0" class="tab">
<h2>Tests</h2>
<table>
<thead>
<tr>
<th>Test</th>
<th>Duration</th>
<th>Result</th>
</tr>
</thead>
<tr>
<td class="success">testAllNoSideEffect()</td>
<td class="success">0.004s</td>
<td class="success">passed</td>
</tr>
<tr>
<td class="success">testCommaPrimitive()</td>
<td class="success">0.004s</td>
<td class="success">passed</td>
</tr>
<tr>
<td class="success">testDotPrimitive()</td>
<td class="success">0.015s</td>
<td class="success">passed</td>
</tr>
<tr>
<td class="success">testGoodBadNoSideEffect()</td>
<td class="success">0.005s</td>
<td class="success">passed</td>
</tr>
<tr>
<td class="success">testNoStackTrace()</td>
<td class="success">0.001s</td>
<td class="success">passed</td>
</tr>
<tr>
<td class="success">testOverwrite()</td>
<td class="success">0.001s</td>
<td class="success">passed</td>
</tr>
<tr>
<td class="success">testPipePrimitive()</td>
<td class="success">0.011s</td>
<td class="success">passed</td>
</tr>
<tr>
<td class="success">testPrimitiveAll1()</td>
<td class="success">0.014s</td>
<td class="success">passed</td>
</tr>
<tr>
<td class="success">testPrimitiveAll2()</td>
<td class="success">0.014s</td>
<td class="success">passed</td>
</tr>
<tr>
<td class="success">testPrimitiveComma()</td>
<td class="success">0.003s</td>
<td class="success">passed</td>
</tr>
<tr>
<td class="success">testPrimitiveDoubleComma()</td>
<td class="success">0.004s</td>
<td class="success">passed</td>
</tr>
<tr>
<td class="success">testPrimitiveDoublePipe()</td>
<td class="success">0.001s</td>
<td class="success">passed</td>
</tr>
<tr>
<td class="success">testPrimitiveEquals()</td>
<td class="success">0.005s</td>
<td class="success">passed</td>
</tr>
<tr>
<td class="success">testPrimitiveGood()</td>
<td class="success">0.003s</td>
<td class="success">passed</td>
</tr>
<tr>
<td class="success">testPrimitivePipe()</td>
<td class="success">0.002s</td>
<td class="success">passed</td>
</tr>
<tr>
<td class="success">testPrimitiveTypeBadSyntax()</td>
<td class="success">0.013s</td>
<td class="success">passed</td>
</tr>
<tr>
<td class="success">testPrimitiveTypeCommaBadSyntax()</td>
<td class="success">0.005s</td>
<td class="success">passed</td>
</tr>
<tr>
<td class="success">testPrimitiveTypePipeBadSyntax()</td>
<td class="success">0.006s</td>
<td class="success">passed</td>
</tr>
<tr>
<td class="success">testPrimitiveUsedAsQualifier()</td>
<td class="success">0.006s</td>
<td class="success">passed</td>
</tr>
<tr>
<td class="success">testQualifiedPrimitiveGood()</td>
<td class="success">0.003s</td>
<td class="success">passed</td>
</tr>
<tr>
<td class="success">testTypePrimitiveBadSyntax()</td>
<td class="success">0.002s</td>
<td class="success">passed</td>
</tr>
</table>
</div>
<div id="tab1" class="tab">
<h2>Standard error</h2>
<span class="code">
<pre>2025-09-21T13:28:37.672924500 SEVERE Test worker ChoiceSetLoadUtilities:323 Didn't expect tokRestriction on QUALIFIED here: |CLASSLIST=Foo
2025-09-21T13:28:37.672924500 LSTERROR Test worker AbstractTokenTestCase:246 SPELLS arguments uses double separator || : QUALIFIED[TestWP2||ALL]] (Source: file:/TESTCASE )
2025-09-21T13:28:37.672924500 LSTERROR Test worker AbstractTokenTestCase:246 Failed in parsing subtoken: SPELLS of QUALIFIED[TestWP2||ALL]] (Source: file:/TESTCASE )
2025-09-21T13:28:37.672924500 LSTERROR Test worker AbstractTokenTestCase:246 Illegal CHOOSE subtoken 'SPELLS' 'QUALIFIED[TestWP2||ALL]]' for pcgen.core.Race TestObj (Source: file:/TESTCASE )
2025-09-21T13:28:37.672924500 LSTERROR Test worker AbstractTokenTestCase:246 Choice argument was not valid: QUALIFIED[TYPE=Foo]ALL
2025-09-21T13:28:37.672924500 LSTERROR Test worker AbstractTokenTestCase:246 Internal error. (Source: file:/TESTCASE )
2025-09-21T13:28:37.672924500 LSTERROR Test worker AbstractTokenTestCase:246 Failed in parsing subtoken: SPELLS of QUALIFIED[TYPE=Foo]ALL (Source: file:/TESTCASE )
2025-09-21T13:28:37.672924500 LSTERROR Test worker AbstractTokenTestCase:246 Illegal CHOOSE subtoken 'SPELLS' 'QUALIFIED[TYPE=Foo]ALL' for pcgen.core.Race TestObj (Source: file:/TESTCASE )
2025-09-21T13:28:37.672924500 LSTERROR Test worker AbstractTokenTestCase:246 Choice arguments may not end with , : ALL,
2025-09-21T13:28:37.672924500 LSTERROR Test worker AbstractTokenTestCase:246 Failed in parsing typeStr: QUALIFIED[ALL,]
2025-09-21T13:28:37.672924500 LSTERROR Test worker AbstractTokenTestCase:246 Choice argument was not valid: QUALIFIED[ALL,]
2025-09-21T13:28:37.672924500 LSTERROR Test worker AbstractTokenTestCase:246 Internal error. (Source: file:/TESTCASE )
2025-09-21T13:28:37.672924500 LSTERROR Test worker AbstractTokenTestCase:246 Failed in parsing subtoken: SPELLS of QUALIFIED[ALL,] (Source: file:/TESTCASE )
2025-09-21T13:28:37.672924500 LSTERROR Test worker AbstractTokenTestCase:246 Illegal CHOOSE subtoken 'SPELLS' 'QUALIFIED[ALL,]' for pcgen.core.Race TestObj (Source: file:/TESTCASE )
2025-09-21T13:28:37.672924500 LSTERROR Test worker AbstractTokenTestCase:246 Choice arguments uses double separator ,, : QUALIFIED[TYPE=Foo,,ALL]
2025-09-21T13:28:37.672924500 LSTERROR Test worker AbstractTokenTestCase:246 Internal error. (Source: file:/TESTCASE )
2025-09-21T13:28:37.672924500 LSTERROR Test worker AbstractTokenTestCase:246 Failed in parsing subtoken: SPELLS of QUALIFIED[TYPE=Foo,,ALL] (Source: file:/TESTCASE )
2025-09-21T13:28:37.672924500 LSTERROR Test worker AbstractTokenTestCase:246 Illegal CHOOSE subtoken 'SPELLS' 'QUALIFIED[TYPE=Foo,,ALL]' for pcgen.core.Race TestObj (Source: file:/TESTCASE )
2025-09-21T13:28:37.672924500 LSTERROR Test worker AbstractTokenTestCase:246 SPELLS arguments uses double separator || : QUALIFIED[TestWP3||ALL] (Source: file:/TESTCASE )
2025-09-21T13:28:37.672924500 LSTERROR Test worker AbstractTokenTestCase:246 Failed in parsing subtoken: SPELLS of QUALIFIED[TestWP3||ALL] (Source: file:/TESTCASE )
2025-09-21T13:28:37.672924500 LSTERROR Test worker AbstractTokenTestCase:246 Illegal CHOOSE subtoken 'SPELLS' 'QUALIFIED[TestWP3||ALL]' for pcgen.core.Race TestObj (Source: file:/TESTCASE )
2025-09-21T13:28:37.672924500 LSTERROR Test worker AbstractTokenTestCase:246 Choice argument was not valid: QUALIFIED[TYPE=Foo]ALL
2025-09-21T13:28:37.672924500 LSTERROR Test worker AbstractTokenTestCase:246 Internal error. (Source: file:/TESTCASE )
2025-09-21T13:28:37.672924500 LSTERROR Test worker AbstractTokenTestCase:246 Failed in parsing subtoken: SPELLS of QUALIFIED[TYPE=Foo]ALL,TYPE=Bar (Source: file:/TESTCASE )
2025-09-21T13:28:37.672924500 LSTERROR Test worker AbstractTokenTestCase:246 Illegal CHOOSE subtoken 'SPELLS' 'QUALIFIED[TYPE=Foo]ALL,TYPE=Bar' for pcgen.core.Race TestObj (Source: file:/TESTCASE )
2025-09-21T13:28:37.672924500 LSTERROR Test worker AbstractTokenTestCase:246 Choice argument was not valid: QUALIFIED[ALL=Foo[KNOWN=]]
2025-09-21T13:28:37.672924500 LSTERROR Test worker AbstractTokenTestCase:246 Internal error. (Source: file:/TESTCASE )
2025-09-21T13:28:37.672924500 LSTERROR Test worker AbstractTokenTestCase:246 Failed in parsing subtoken: SPELLS of QUALIFIED[ALL=Foo[KNOWN=]] (Source: file:/TESTCASE )
2025-09-21T13:28:37.672924500 LSTERROR Test worker AbstractTokenTestCase:246 Illegal CHOOSE subtoken 'SPELLS' 'QUALIFIED[ALL=Foo[KNOWN=]]' for pcgen.core.Race TestObj (Source: file:/TESTCASE )
2025-09-21T13:28:37.672924500 LSTERROR Test worker AbstractTokenTestCase:246 Choice argument was not valid: QUALIFIED[ALL=Foo[Hi]]
2025-09-21T13:28:37.672924500 LSTERROR Test worker AbstractTokenTestCase:246 Internal error. (Source: file:/TESTCASE )
2025-09-21T13:28:37.672924500 LSTERROR Test worker AbstractTokenTestCase:246 Failed in parsing subtoken: SPELLS of QUALIFIED[ALL=Foo[Hi]] (Source: file:/TESTCASE )
2025-09-21T13:28:37.672924500 LSTERROR Test worker AbstractTokenTestCase:246 Illegal CHOOSE subtoken 'SPELLS' 'QUALIFIED[ALL=Foo[Hi]]' for pcgen.core.Race TestObj (Source: file:/TESTCASE )
2025-09-21T13:28:37.672924500 LSTERROR Test worker AbstractTokenTestCase:246 Choice argument was not valid: QUALIFIED[ALL=Foo[LEVELMAX]]
2025-09-21T13:28:37.672924500 LSTERROR Test worker AbstractTokenTestCase:246 Internal error. (Source: file:/TESTCASE )
2025-09-21T13:28:37.672924500 LSTERROR Test worker AbstractTokenTestCase:246 Failed in parsing subtoken: SPELLS of QUALIFIED[ALL=Foo[LEVELMAX]] (Source: file:/TESTCASE )
2025-09-21T13:28:37.672924500 LSTERROR Test worker AbstractTokenTestCase:246 Illegal CHOOSE subtoken 'SPELLS' 'QUALIFIED[ALL=Foo[LEVELMAX]]' for pcgen.core.Race TestObj (Source: file:/TESTCASE )
2025-09-21T13:28:37.672924500 LSTERROR Test worker AbstractTokenTestCase:246 Choice argument was not valid: QUALIFIED[ALL=Foo[LEVELMIN]]
2025-09-21T13:28:37.672924500 LSTERROR Test worker AbstractTokenTestCase:246 Internal error. (Source: file:/TESTCASE )
2025-09-21T13:28:37.672924500 LSTERROR Test worker AbstractTokenTestCase:246 Failed in parsing subtoken: SPELLS of QUALIFIED[ALL=Foo[LEVELMIN]] (Source: file:/TESTCASE )
2025-09-21T13:28:37.672924500 LSTERROR Test worker AbstractTokenTestCase:246 Illegal CHOOSE subtoken 'SPELLS' 'QUALIFIED[ALL=Foo[LEVELMIN]]' for pcgen.core.Race TestObj (Source: file:/TESTCASE )
2025-09-21T13:28:37.672924500 LSTERROR Test worker AbstractTokenTestCase:246 Choice argument was not valid: QUALIFIED[ALL=Foo[LEVELMAX=3-]]
2025-09-21T13:28:37.672924500 LSTERROR Test worker AbstractTokenTestCase:246 Internal error. (Source: file:/TESTCASE )
2025-09-21T13:28:37.672924500 LSTERROR Test worker AbstractTokenTestCase:246 Failed in parsing subtoken: SPELLS of QUALIFIED[ALL=Foo[LEVELMAX=3-]] (Source: file:/TESTCASE )
2025-09-21T13:28:37.672924500 LSTERROR Test worker AbstractTokenTestCase:246 Illegal CHOOSE subtoken 'SPELLS' 'QUALIFIED[ALL=Foo[LEVELMAX=3-]]' for pcgen.core.Race TestObj (Source: file:/TESTCASE )
2025-09-21T13:28:37.672924500 LSTERROR Test worker AbstractTokenTestCase:246 Choice argument was not valid: QUALIFIED[ALL=Foo[LEVELMIN=3+]]
2025-09-21T13:28:37.672924500 LSTERROR Test worker AbstractTokenTestCase:246 Internal error. (Source: file:/TESTCASE )
2025-09-21T13:28:37.672924500 LSTERROR Test worker AbstractTokenTestCase:246 Failed in parsing subtoken: SPELLS of QUALIFIED[ALL=Foo[LEVELMIN=3+]] (Source: file:/TESTCASE )
2025-09-21T13:28:37.672924500 LSTERROR Test worker AbstractTokenTestCase:246 Illegal CHOOSE subtoken 'SPELLS' 'QUALIFIED[ALL=Foo[LEVELMIN=3+]]' for pcgen.core.Race TestObj (Source: file:/TESTCASE )
2025-09-21T13:28:37.672924500 LSTERROR Test worker AbstractTokenTestCase:246 Choice argument was not valid: QUALIFIED[ALL=Foo[LEVELMAX=]]
2025-09-21T13:28:37.672924500 LSTERROR Test worker AbstractTokenTestCase:246 Internal error. (Source: file:/TESTCASE )
2025-09-21T13:28:37.672924500 LSTERROR Test worker AbstractTokenTestCase:246 Failed in parsing subtoken: SPELLS of QUALIFIED[ALL=Foo[LEVELMAX=]] (Source: file:/TESTCASE )
2025-09-21T13:28:37.672924500 LSTERROR Test worker AbstractTokenTestCase:246 Illegal CHOOSE subtoken 'SPELLS' 'QUALIFIED[ALL=Foo[LEVELMAX=]]' for pcgen.core.Race TestObj (Source: file:/TESTCASE )
2025-09-21T13:28:37.672924500 LSTERROR Test worker AbstractTokenTestCase:246 Choice argument was not valid: QUALIFIED[ALL=Foo[KNOWN=Bad]]
2025-09-21T13:28:37.672924500 LSTERROR Test worker AbstractTokenTestCase:246 Internal error. (Source: file:/TESTCASE )
2025-09-21T13:28:37.672924500 LSTERROR Test worker AbstractTokenTestCase:246 Failed in parsing subtoken: SPELLS of QUALIFIED[ALL=Foo[KNOWN=Bad]] (Source: file:/TESTCASE )
2025-09-21T13:28:37.672924500 LSTERROR Test worker AbstractTokenTestCase:246 Illegal CHOOSE subtoken 'SPELLS' 'QUALIFIED[ALL=Foo[KNOWN=Bad]]' for pcgen.core.Race TestObj (Source: file:/TESTCASE )
2025-09-21T13:28:37.672924500 LSTERROR Test worker AbstractTokenTestCase:246 Choice argument was not valid: QUALIFIED[ALL=Foo[LEVELMIN=]]
2025-09-21T13:28:37.672924500 LSTERROR Test worker AbstractTokenTestCase:246 Internal error. (Source: file:/TESTCASE )
2025-09-21T13:28:37.672924500 LSTERROR Test worker AbstractTokenTestCase:246 Failed in parsing subtoken: SPELLS of QUALIFIED[ALL=Foo[LEVELMIN=]] (Source: file:/TESTCASE )
2025-09-21T13:28:37.672924500 LSTERROR Test worker AbstractTokenTestCase:246 Illegal CHOOSE subtoken 'SPELLS' 'QUALIFIED[ALL=Foo[LEVELMIN=]]' for pcgen.core.Race TestObj (Source: file:/TESTCASE )
2025-09-21T13:28:37.672924500 LSTERROR Test worker AbstractTokenTestCase:246 Choice arguments may not start with | : |CLASSLIST=Foo
2025-09-21T13:28:37.672924500 LSTERROR Test worker AbstractTokenTestCase:246 Failed in parsing typeStr: QUALIFIED[|CLASSLIST=Foo]
2025-09-21T13:28:37.672924500 LSTERROR Test worker AbstractTokenTestCase:246 Choice argument was not valid: QUALIFIED[|CLASSLIST=Foo]
2025-09-21T13:28:37.672924500 LSTERROR Test worker AbstractTokenTestCase:246 Internal error. (Source: file:/TESTCASE )
2025-09-21T13:28:37.672924500 LSTERROR Test worker AbstractTokenTestCase:246 Failed in parsing subtoken: SPELLS of QUALIFIED[|CLASSLIST=Foo] (Source: file:/TESTCASE )
2025-09-21T13:28:37.672924500 LSTERROR Test worker AbstractTokenTestCase:246 Illegal CHOOSE subtoken 'SPELLS' 'QUALIFIED[|CLASSLIST=Foo]' for pcgen.core.Race TestObj (Source: file:/TESTCASE )
2025-09-21T13:28:37.688482500 SEVERE Test worker ChoiceSetLoadUtilities:418 Found error in Qualifier Choice: QUALIFIED[CLASSLIST=Foo]TYPE=Foo had close bracket, but had characters following the close bracket
2025-09-21T13:28:37.688482500 SEVERE Test worker ChoiceSetLoadUtilities:254 Found error in Primitive Choice: QUALIFIED[CLASSLIST=Foo]TYPE=Foo had close bracket, but had characters following the close bracket
2025-09-21T13:28:37.688482500 LSTERROR Test worker AbstractTokenTestCase:246 SPELLS arguments uses double separator || : QUALIFIED[TestWP2||ALL]] (Source: file:/TESTCASE )
2025-09-21T13:28:37.688482500 LSTERROR Test worker AbstractTokenTestCase:246 Failed in parsing subtoken: SPELLS of QUALIFIED[TestWP2||ALL]] (Source: file:/TESTCASE )
2025-09-21T13:28:37.688482500 LSTERROR Test worker AbstractTokenTestCase:246 Illegal CHOOSE subtoken 'SPELLS' 'QUALIFIED[TestWP2||ALL]]' for pcgen.core.Race TestObj (Source: file:/TESTCASE )
2025-09-21T13:28:37.688482500 LSTERROR Test worker AbstractTokenTestCase:246 Choice argument was not valid: QUALIFIED[TYPE=Foo]ALL
2025-09-21T13:28:37.688482500 LSTERROR Test worker AbstractTokenTestCase:246 Internal error. (Source: file:/TESTCASE )
2025-09-21T13:28:37.688482500 LSTERROR Test worker AbstractTokenTestCase:246 Failed in parsing subtoken: SPELLS of QUALIFIED[TYPE=Foo]ALL (Source: file:/TESTCASE )
2025-09-21T13:28:37.688482500 LSTERROR Test worker AbstractTokenTestCase:246 Illegal CHOOSE subtoken 'SPELLS' 'QUALIFIED[TYPE=Foo]ALL' for pcgen.core.Race TestObj (Source: file:/TESTCASE )
2025-09-21T13:28:37.688482500 LSTERROR Test worker AbstractTokenTestCase:246 Choice arguments may not end with , : ALL,
2025-09-21T13:28:37.688482500 LSTERROR Test worker AbstractTokenTestCase:246 Failed in parsing typeStr: QUALIFIED[ALL,]
2025-09-21T13:28:37.688482500 LSTERROR Test worker AbstractTokenTestCase:246 Choice argument was not valid: QUALIFIED[ALL,]
2025-09-21T13:28:37.688482500 LSTERROR Test worker AbstractTokenTestCase:246 Internal error. (Source: file:/TESTCASE )
2025-09-21T13:28:37.688482500 LSTERROR Test worker AbstractTokenTestCase:246 Failed in parsing subtoken: SPELLS of QUALIFIED[ALL,] (Source: file:/TESTCASE )
2025-09-21T13:28:37.688482500 LSTERROR Test worker AbstractTokenTestCase:246 Illegal CHOOSE subtoken 'SPELLS' 'QUALIFIED[ALL,]' for pcgen.core.Race TestObj (Source: file:/TESTCASE )
2025-09-21T13:28:37.688482500 LSTERROR Test worker AbstractTokenTestCase:246 Choice arguments uses double separator ,, : QUALIFIED[TYPE=Foo,,ALL]
2025-09-21T13:28:37.688482500 LSTERROR Test worker AbstractTokenTestCase:246 Internal error. (Source: file:/TESTCASE )
2025-09-21T13:28:37.688482500 LSTERROR Test worker AbstractTokenTestCase:246 Failed in parsing subtoken: SPELLS of QUALIFIED[TYPE=Foo,,ALL] (Source: file:/TESTCASE )
2025-09-21T13:28:37.688482500 LSTERROR Test worker AbstractTokenTestCase:246 Illegal CHOOSE subtoken 'SPELLS' 'QUALIFIED[TYPE=Foo,,ALL]' for pcgen.core.Race TestObj (Source: file:/TESTCASE )
2025-09-21T13:28:37.688482500 LSTERROR Test worker AbstractTokenTestCase:246 SPELLS arguments uses double separator || : QUALIFIED[TestWP3||ALL] (Source: file:/TESTCASE )
2025-09-21T13:28:37.688482500 LSTERROR Test worker AbstractTokenTestCase:246 Failed in parsing subtoken: SPELLS of QUALIFIED[TestWP3||ALL] (Source: file:/TESTCASE )
2025-09-21T13:28:37.688482500 LSTERROR Test worker AbstractTokenTestCase:246 Illegal CHOOSE subtoken 'SPELLS' 'QUALIFIED[TestWP3||ALL]' for pcgen.core.Race TestObj (Source: file:/TESTCASE )
2025-09-21T13:28:37.688482500 LSTERROR Test worker AbstractTokenTestCase:246 Choice argument was not valid: QUALIFIED[TYPE=Foo]ALL
2025-09-21T13:28:37.688482500 LSTERROR Test worker AbstractTokenTestCase:246 Internal error. (Source: file:/TESTCASE )
2025-09-21T13:28:37.688482500 LSTERROR Test worker AbstractTokenTestCase:246 Failed in parsing subtoken: SPELLS of QUALIFIED[TYPE=Foo]ALL,TYPE=Bar (Source: file:/TESTCASE )
2025-09-21T13:28:37.688482500 LSTERROR Test worker AbstractTokenTestCase:246 Illegal CHOOSE subtoken 'SPELLS' 'QUALIFIED[TYPE=Foo]ALL,TYPE=Bar' for pcgen.core.Race TestObj (Source: file:/TESTCASE )
2025-09-21T13:28:37.688482500 LSTERROR Test worker AbstractTokenTestCase:246 Choice argument was not valid: QUALIFIED[ALL=Foo[KNOWN=]]
2025-09-21T13:28:37.688482500 LSTERROR Test worker AbstractTokenTestCase:246 Internal error. (Source: file:/TESTCASE )
2025-09-21T13:28:37.688482500 LSTERROR Test worker AbstractTokenTestCase:246 Failed in parsing subtoken: SPELLS of QUALIFIED[ALL=Foo[KNOWN=]] (Source: file:/TESTCASE )
2025-09-21T13:28:37.688482500 LSTERROR Test worker AbstractTokenTestCase:246 Illegal CHOOSE subtoken 'SPELLS' 'QUALIFIED[ALL=Foo[KNOWN=]]' for pcgen.core.Race TestObj (Source: file:/TESTCASE )
2025-09-21T13:28:37.688482500 LSTERROR Test worker AbstractTokenTestCase:246 Choice argument was not valid: QUALIFIED[ALL=Foo[Hi]]
2025-09-21T13:28:37.688482500 LSTERROR Test worker AbstractTokenTestCase:246 Internal error. (Source: file:/TESTCASE )
2025-09-21T13:28:37.688482500 LSTERROR Test worker AbstractTokenTestCase:246 Failed in parsing subtoken: SPELLS of QUALIFIED[ALL=Foo[Hi]] (Source: file:/TESTCASE )
2025-09-21T13:28:37.688482500 LSTERROR Test worker AbstractTokenTestCase:246 Illegal CHOOSE subtoken 'SPELLS' 'QUALIFIED[ALL=Foo[Hi]]' for pcgen.core.Race TestObj (Source: file:/TESTCASE )
2025-09-21T13:28:37.688482500 LSTERROR Test worker AbstractTokenTestCase:246 Choice argument was not valid: QUALIFIED[ALL=Foo[LEVELMAX]]
2025-09-21T13:28:37.688482500 LSTERROR Test worker AbstractTokenTestCase:246 Internal error. (Source: file:/TESTCASE )
2025-09-21T13:28:37.688482500 LSTERROR Test worker AbstractTokenTestCase:246 Failed in parsing subtoken: SPELLS of QUALIFIED[ALL=Foo[LEVELMAX]] (Source: file:/TESTCASE )
2025-09-21T13:28:37.688482500 LSTERROR Test worker AbstractTokenTestCase:246 Illegal CHOOSE subtoken 'SPELLS' 'QUALIFIED[ALL=Foo[LEVELMAX]]' for pcgen.core.Race TestObj (Source: file:/TESTCASE )
2025-09-21T13:28:37.688482500 LSTERROR Test worker AbstractTokenTestCase:246 Choice argument was not valid: QUALIFIED[ALL=Foo[LEVELMIN]]
2025-09-21T13:28:37.688482500 LSTERROR Test worker AbstractTokenTestCase:246 Internal error. (Source: file:/TESTCASE )
2025-09-21T13:28:37.688482500 LSTERROR Test worker AbstractTokenTestCase:246 Failed in parsing subtoken: SPELLS of QUALIFIED[ALL=Foo[LEVELMIN]] (Source: file:/TESTCASE )
2025-09-21T13:28:37.688482500 LSTERROR Test worker AbstractTokenTestCase:246 Illegal CHOOSE subtoken 'SPELLS' 'QUALIFIED[ALL=Foo[LEVELMIN]]' for pcgen.core.Race TestObj (Source: file:/TESTCASE )
2025-09-21T13:28:37.688482500 LSTERROR Test worker AbstractTokenTestCase:246 Choice argument was not valid: QUALIFIED[ALL=Foo[LEVELMAX=3-]]
2025-09-21T13:28:37.688482500 LSTERROR Test worker AbstractTokenTestCase:246 Internal error. (Source: file:/TESTCASE )
2025-09-21T13:28:37.688482500 LSTERROR Test worker AbstractTokenTestCase:246 Failed in parsing subtoken: SPELLS of QUALIFIED[ALL=Foo[LEVELMAX=3-]] (Source: file:/TESTCASE )
2025-09-21T13:28:37.688482500 LSTERROR Test worker AbstractTokenTestCase:246 Illegal CHOOSE subtoken 'SPELLS' 'QUALIFIED[ALL=Foo[LEVELMAX=3-]]' for pcgen.core.Race TestObj (Source: file:/TESTCASE )
2025-09-21T13:28:37.688482500 LSTERROR Test worker AbstractTokenTestCase:246 Choice argument was not valid: QUALIFIED[ALL=Foo[LEVELMIN=3+]]
2025-09-21T13:28:37.688482500 LSTERROR Test worker AbstractTokenTestCase:246 Internal error. (Source: file:/TESTCASE )
2025-09-21T13:28:37.688482500 LSTERROR Test worker AbstractTokenTestCase:246 Failed in parsing subtoken: SPELLS of QUALIFIED[ALL=Foo[LEVELMIN=3+]] (Source: file:/TESTCASE )
2025-09-21T13:28:37.688482500 LSTERROR Test worker AbstractTokenTestCase:246 Illegal CHOOSE subtoken 'SPELLS' 'QUALIFIED[ALL=Foo[LEVELMIN=3+]]' for pcgen.core.Race TestObj (Source: file:/TESTCASE )
2025-09-21T13:28:37.688482500 LSTERROR Test worker AbstractTokenTestCase:246 Choice argument was not valid: QUALIFIED[ALL=Foo[LEVELMAX=]]
2025-09-21T13:28:37.688482500 LSTERROR Test worker AbstractTokenTestCase:246 Internal error. (Source: file:/TESTCASE )
2025-09-21T13:28:37.688482500 LSTERROR Test worker AbstractTokenTestCase:246 Failed in parsing subtoken: SPELLS of QUALIFIED[ALL=Foo[LEVELMAX=]] (Source: file:/TESTCASE )
2025-09-21T13:28:37.688482500 LSTERROR Test worker AbstractTokenTestCase:246 Illegal CHOOSE subtoken 'SPELLS' 'QUALIFIED[ALL=Foo[LEVELMAX=]]' for pcgen.core.Race TestObj (Source: file:/TESTCASE )
2025-09-21T13:28:37.688482500 LSTERROR Test worker AbstractTokenTestCase:246 Choice argument was not valid: QUALIFIED[ALL=Foo[KNOWN=Bad]]
2025-09-21T13:28:37.688482500 LSTERROR Test worker AbstractTokenTestCase:246 Internal error. (Source: file:/TESTCASE )
2025-09-21T13:28:37.688482500 LSTERROR Test worker AbstractTokenTestCase:246 Failed in parsing subtoken: SPELLS of QUALIFIED[ALL=Foo[KNOWN=Bad]] (Source: file:/TESTCASE )
2025-09-21T13:28:37.688482500 LSTERROR Test worker AbstractTokenTestCase:246 Illegal CHOOSE subtoken 'SPELLS' 'QUALIFIED[ALL=Foo[KNOWN=Bad]]' for pcgen.core.Race TestObj (Source: file:/TESTCASE )
2025-09-21T13:28:37.688482500 LSTERROR Test worker AbstractTokenTestCase:246 Choice argument was not valid: QUALIFIED[ALL=Foo[LEVELMIN=]]
2025-09-21T13:28:37.688482500 LSTERROR Test worker AbstractTokenTestCase:246 Internal error. (Source: file:/TESTCASE )
2025-09-21T13:28:37.688482500 LSTERROR Test worker AbstractTokenTestCase:246 Failed in parsing subtoken: SPELLS of QUALIFIED[ALL=Foo[LEVELMIN=]] (Source: file:/TESTCASE )
2025-09-21T13:28:37.688482500 LSTERROR Test worker AbstractTokenTestCase:246 Illegal CHOOSE subtoken 'SPELLS' 'QUALIFIED[ALL=Foo[LEVELMIN=]]' for pcgen.core.Race TestObj (Source: file:/TESTCASE )
2025-09-21T13:28:37.688482500 LSTERROR Test worker AbstractTokenTestCase:246 Choice arguments may not start with | : |CLASSLIST=Foo
2025-09-21T13:28:37.688482500 LSTERROR Test worker AbstractTokenTestCase:246 Failed in parsing typeStr: QUALIFIED[|CLASSLIST=Foo]
2025-09-21T13:28:37.688482500 LSTERROR Test worker AbstractTokenTestCase:246 Choice argument was not valid: QUALIFIED[|CLASSLIST=Foo]
2025-09-21T13:28:37.688482500 LSTERROR Test worker AbstractTokenTestCase:246 Internal error. (Source: file:/TESTCASE )
2025-09-21T13:28:37.688482500 LSTERROR Test worker AbstractTokenTestCase:246 Failed in parsing subtoken: SPELLS of QUALIFIED[|CLASSLIST=Foo] (Source: file:/TESTCASE )
2025-09-21T13:28:37.688482500 LSTERROR Test worker AbstractTokenTestCase:246 Illegal CHOOSE subtoken 'SPELLS' 'QUALIFIED[|CLASSLIST=Foo]' for pcgen.core.Race TestObj (Source: file:/TESTCASE )
2025-09-21T13:28:37.688482500 LSTERROR Test worker AbstractTokenTestCase:246 Choice argument was not valid: QUALIFIED[CLASSLIST=Foo]TYPE=Foo
2025-09-21T13:28:37.688482500 LSTERROR Test worker AbstractTokenTestCase:246 Internal error. (Source: file:/TESTCASE )
2025-09-21T13:28:37.688482500 LSTERROR Test worker AbstractTokenTestCase:246 Failed in parsing subtoken: SPELLS of QUALIFIED[CLASSLIST=Foo]TYPE=Foo (Source: file:/TESTCASE )
2025-09-21T13:28:37.688482500 LSTERROR Test worker AbstractTokenTestCase:246 Illegal CHOOSE subtoken 'SPELLS' 'QUALIFIED[CLASSLIST=Foo]TYPE=Foo' for pcgen.core.Race TestObj (Source: file:/TESTCASE )
2025-09-21T13:28:37.688482500 SEVERE Test worker ChoiceSetLoadUtilities:342 Didn't expect Arguments here: Foo was found in TestWP1.CLASSLIST=Foo
2025-09-21T13:28:37.688482500 LSTERROR Test worker AbstractTokenTestCase:246 SPELLS arguments uses double separator || : QUALIFIED[TestWP2||ALL]] (Source: file:/TESTCASE )
2025-09-21T13:28:37.688482500 LSTERROR Test worker AbstractTokenTestCase:246 Failed in parsing subtoken: SPELLS of QUALIFIED[TestWP2||ALL]] (Source: file:/TESTCASE )
2025-09-21T13:28:37.688482500 LSTERROR Test worker AbstractTokenTestCase:246 Illegal CHOOSE subtoken 'SPELLS' 'QUALIFIED[TestWP2||ALL]]' for pcgen.core.Race TestObj (Source: file:/TESTCASE )
2025-09-21T13:28:37.688482500 LSTERROR Test worker AbstractTokenTestCase:246 Choice argument was not valid: QUALIFIED[TYPE=Foo]ALL
2025-09-21T13:28:37.688482500 LSTERROR Test worker AbstractTokenTestCase:246 Internal error. (Source: file:/TESTCASE )
2025-09-21T13:28:37.688482500 LSTERROR Test worker AbstractTokenTestCase:246 Failed in parsing subtoken: SPELLS of QUALIFIED[TYPE=Foo]ALL (Source: file:/TESTCASE )
2025-09-21T13:28:37.688482500 LSTERROR Test worker AbstractTokenTestCase:246 Illegal CHOOSE subtoken 'SPELLS' 'QUALIFIED[TYPE=Foo]ALL' for pcgen.core.Race TestObj (Source: file:/TESTCASE )
2025-09-21T13:28:37.704431 LSTERROR Test worker AbstractTokenTestCase:246 Choice arguments may not end with , : ALL,
2025-09-21T13:28:37.704431 LSTERROR Test worker AbstractTokenTestCase:246 Failed in parsing typeStr: QUALIFIED[ALL,]
2025-09-21T13:28:37.704431 LSTERROR Test worker AbstractTokenTestCase:246 Choice argument was not valid: QUALIFIED[ALL,]
2025-09-21T13:28:37.704431 LSTERROR Test worker AbstractTokenTestCase:246 Internal error. (Source: file:/TESTCASE )
2025-09-21T13:28:37.704431 LSTERROR Test worker AbstractTokenTestCase:246 Failed in parsing subtoken: SPELLS of QUALIFIED[ALL,] (Source: file:/TESTCASE )
2025-09-21T13:28:37.704431 LSTERROR Test worker AbstractTokenTestCase:246 Illegal CHOOSE subtoken 'SPELLS' 'QUALIFIED[ALL,]' for pcgen.core.Race TestObj (Source: file:/TESTCASE )
2025-09-21T13:28:37.704431 LSTERROR Test worker AbstractTokenTestCase:246 Choice arguments uses double separator ,, : QUALIFIED[TYPE=Foo,,ALL]
2025-09-21T13:28:37.704431 LSTERROR Test worker AbstractTokenTestCase:246 Internal error. (Source: file:/TESTCASE )
2025-09-21T13:28:37.704431 LSTERROR Test worker AbstractTokenTestCase:246 Failed in parsing subtoken: SPELLS of QUALIFIED[TYPE=Foo,,ALL] (Source: file:/TESTCASE )
2025-09-21T13:28:37.704431 LSTERROR Test worker AbstractTokenTestCase:246 Illegal CHOOSE subtoken 'SPELLS' 'QUALIFIED[TYPE=Foo,,ALL]' for pcgen.core.Race TestObj (Source: file:/TESTCASE )
2025-09-21T13:28:37.704431 LSTERROR Test worker AbstractTokenTestCase:246 SPELLS arguments uses double separator || : QUALIFIED[TestWP3||ALL] (Source: file:/TESTCASE )
2025-09-21T13:28:37.704431 LSTERROR Test worker AbstractTokenTestCase:246 Failed in parsing subtoken: SPELLS of QUALIFIED[TestWP3||ALL] (Source: file:/TESTCASE )
2025-09-21T13:28:37.704431 LSTERROR Test worker AbstractTokenTestCase:246 Illegal CHOOSE subtoken 'SPELLS' 'QUALIFIED[TestWP3||ALL]' for pcgen.core.Race TestObj (Source: file:/TESTCASE )
2025-09-21T13:28:37.704431 LSTERROR Test worker AbstractTokenTestCase:246 Choice argument was not valid: QUALIFIED[TYPE=Foo]ALL
2025-09-21T13:28:37.704431 LSTERROR Test worker AbstractTokenTestCase:246 Internal error. (Source: file:/TESTCASE )
2025-09-21T13:28:37.704431 LSTERROR Test worker AbstractTokenTestCase:246 Failed in parsing subtoken: SPELLS of QUALIFIED[TYPE=Foo]ALL,TYPE=Bar (Source: file:/TESTCASE )
2025-09-21T13:28:37.704431 LSTERROR Test worker AbstractTokenTestCase:246 Illegal CHOOSE subtoken 'SPELLS' 'QUALIFIED[TYPE=Foo]ALL,TYPE=Bar' for pcgen.core.Race TestObj (Source: file:/TESTCASE )
2025-09-21T13:28:37.704431 LSTERROR Test worker AbstractTokenTestCase:246 Choice argument was not valid: QUALIFIED[ALL=Foo[KNOWN=]]
2025-09-21T13:28:37.704431 LSTERROR Test worker AbstractTokenTestCase:246 Internal error. (Source: file:/TESTCASE )
2025-09-21T13:28:37.704431 LSTERROR Test worker AbstractTokenTestCase:246 Failed in parsing subtoken: SPELLS of QUALIFIED[ALL=Foo[KNOWN=]] (Source: file:/TESTCASE )
2025-09-21T13:28:37.704431 LSTERROR Test worker AbstractTokenTestCase:246 Illegal CHOOSE subtoken 'SPELLS' 'QUALIFIED[ALL=Foo[KNOWN=]]' for pcgen.core.Race TestObj (Source: file:/TESTCASE )
2025-09-21T13:28:37.704431 LSTERROR Test worker AbstractTokenTestCase:246 Choice argument was not valid: QUALIFIED[ALL=Foo[Hi]]
2025-09-21T13:28:37.704431 LSTERROR Test worker AbstractTokenTestCase:246 Internal error. (Source: file:/TESTCASE )
2025-09-21T13:28:37.704431 LSTERROR Test worker AbstractTokenTestCase:246 Failed in parsing subtoken: SPELLS of QUALIFIED[ALL=Foo[Hi]] (Source: file:/TESTCASE )
2025-09-21T13:28:37.704431 LSTERROR Test worker AbstractTokenTestCase:246 Illegal CHOOSE subtoken 'SPELLS' 'QUALIFIED[ALL=Foo[Hi]]' for pcgen.core.Race TestObj (Source: file:/TESTCASE )
2025-09-21T13:28:37.704431 LSTERROR Test worker AbstractTokenTestCase:246 Choice argument was not valid: QUALIFIED[ALL=Foo[LEVELMAX]]
2025-09-21T13:28:37.704431 LSTERROR Test worker AbstractTokenTestCase:246 Internal error. (Source: file:/TESTCASE )
2025-09-21T13:28:37.704431 LSTERROR Test worker AbstractTokenTestCase:246 Failed in parsing subtoken: SPELLS of QUALIFIED[ALL=Foo[LEVELMAX]] (Source: file:/TESTCASE )
2025-09-21T13:28:37.704431 LSTERROR Test worker AbstractTokenTestCase:246 Illegal CHOOSE subtoken 'SPELLS' 'QUALIFIED[ALL=Foo[LEVELMAX]]' for pcgen.core.Race TestObj (Source: file:/TESTCASE )
2025-09-21T13:28:37.704431 LSTERROR Test worker AbstractTokenTestCase:246 Choice argument was not valid: QUALIFIED[ALL=Foo[LEVELMIN]]
2025-09-21T13:28:37.704431 LSTERROR Test worker AbstractTokenTestCase:246 Internal error. (Source: file:/TESTCASE )
2025-09-21T13:28:37.704431 LSTERROR Test worker AbstractTokenTestCase:246 Failed in parsing subtoken: SPELLS of QUALIFIED[ALL=Foo[LEVELMIN]] (Source: file:/TESTCASE )
2025-09-21T13:28:37.704431 LSTERROR Test worker AbstractTokenTestCase:246 Illegal CHOOSE subtoken 'SPELLS' 'QUALIFIED[ALL=Foo[LEVELMIN]]' for pcgen.core.Race TestObj (Source: file:/TESTCASE )
2025-09-21T13:28:37.704431 LSTERROR Test worker AbstractTokenTestCase:246 Choice argument was not valid: QUALIFIED[ALL=Foo[LEVELMAX=3-]]
2025-09-21T13:28:37.704431 LSTERROR Test worker AbstractTokenTestCase:246 Internal error. (Source: file:/TESTCASE )
2025-09-21T13:28:37.704431 LSTERROR Test worker AbstractTokenTestCase:246 Failed in parsing subtoken: SPELLS of QUALIFIED[ALL=Foo[LEVELMAX=3-]] (Source: file:/TESTCASE )
2025-09-21T13:28:37.704431 LSTERROR Test worker AbstractTokenTestCase:246 Illegal CHOOSE subtoken 'SPELLS' 'QUALIFIED[ALL=Foo[LEVELMAX=3-]]' for pcgen.core.Race TestObj (Source: file:/TESTCASE )
2025-09-21T13:28:37.704431 LSTERROR Test worker AbstractTokenTestCase:246 Choice argument was not valid: QUALIFIED[ALL=Foo[LEVELMIN=3+]]
2025-09-21T13:28:37.704431 LSTERROR Test worker AbstractTokenTestCase:246 Internal error. (Source: file:/TESTCASE )
2025-09-21T13:28:37.704431 LSTERROR Test worker AbstractTokenTestCase:246 Failed in parsing subtoken: SPELLS of QUALIFIED[ALL=Foo[LEVELMIN=3+]] (Source: file:/TESTCASE )
2025-09-21T13:28:37.704431 LSTERROR Test worker AbstractTokenTestCase:246 Illegal CHOOSE subtoken 'SPELLS' 'QUALIFIED[ALL=Foo[LEVELMIN=3+]]' for pcgen.core.Race TestObj (Source: file:/TESTCASE )
2025-09-21T13:28:37.704431 LSTERROR Test worker AbstractTokenTestCase:246 Choice argument was not valid: QUALIFIED[ALL=Foo[LEVELMAX=]]
2025-09-21T13:28:37.704431 LSTERROR Test worker AbstractTokenTestCase:246 Internal error. (Source: file:/TESTCASE )
2025-09-21T13:28:37.704431 LSTERROR Test worker AbstractTokenTestCase:246 Failed in parsing subtoken: SPELLS of QUALIFIED[ALL=Foo[LEVELMAX=]] (Source: file:/TESTCASE )
2025-09-21T13:28:37.704431 LSTERROR Test worker AbstractTokenTestCase:246 Illegal CHOOSE subtoken 'SPELLS' 'QUALIFIED[ALL=Foo[LEVELMAX=]]' for pcgen.core.Race TestObj (Source: file:/TESTCASE )
2025-09-21T13:28:37.704431 LSTERROR Test worker AbstractTokenTestCase:246 Choice argument was not valid: QUALIFIED[ALL=Foo[KNOWN=Bad]]
2025-09-21T13:28:37.704431 LSTERROR Test worker AbstractTokenTestCase:246 Internal error. (Source: file:/TESTCASE )
2025-09-21T13:28:37.704431 LSTERROR Test worker AbstractTokenTestCase:246 Failed in parsing subtoken: SPELLS of QUALIFIED[ALL=Foo[KNOWN=Bad]] (Source: file:/TESTCASE )
2025-09-21T13:28:37.704431 LSTERROR Test worker AbstractTokenTestCase:246 Illegal CHOOSE subtoken 'SPELLS' 'QUALIFIED[ALL=Foo[KNOWN=Bad]]' for pcgen.core.Race TestObj (Source: file:/TESTCASE )
2025-09-21T13:28:37.704431 LSTERROR Test worker AbstractTokenTestCase:246 Choice argument was not valid: QUALIFIED[ALL=Foo[LEVELMIN=]]
2025-09-21T13:28:37.704431 LSTERROR Test worker AbstractTokenTestCase:246 Internal error. (Source: file:/TESTCASE )
2025-09-21T13:28:37.704431 LSTERROR Test worker AbstractTokenTestCase:246 Failed in parsing subtoken: SPELLS of QUALIFIED[ALL=Foo[LEVELMIN=]] (Source: file:/TESTCASE )
2025-09-21T13:28:37.704431 LSTERROR Test worker AbstractTokenTestCase:246 Illegal CHOOSE subtoken 'SPELLS' 'QUALIFIED[ALL=Foo[LEVELMIN=]]' for pcgen.core.Race TestObj (Source: file:/TESTCASE )
2025-09-21T13:28:37.704431 LSTERROR Test worker AbstractTokenTestCase:246 Choice arguments may not start with | : |CLASSLIST=Foo
2025-09-21T13:28:37.704431 LSTERROR Test worker AbstractTokenTestCase:246 Failed in parsing typeStr: QUALIFIED[|CLASSLIST=Foo]
2025-09-21T13:28:37.704431 LSTERROR Test worker AbstractTokenTestCase:246 Choice argument was not valid: QUALIFIED[|CLASSLIST=Foo]
2025-09-21T13:28:37.704431 LSTERROR Test worker AbstractTokenTestCase:246 Internal error. (Source: file:/TESTCASE )
2025-09-21T13:28:37.704431 LSTERROR Test worker AbstractTokenTestCase:246 Failed in parsing subtoken: SPELLS of QUALIFIED[|CLASSLIST=Foo] (Source: file:/TESTCASE )
2025-09-21T13:28:37.704431 LSTERROR Test worker AbstractTokenTestCase:246 Illegal CHOOSE subtoken 'SPELLS' 'QUALIFIED[|CLASSLIST=Foo]' for pcgen.core.Race TestObj (Source: file:/TESTCASE )
2025-09-21T13:28:37.704431 LSTERROR Test worker AbstractTokenTestCase:246 Choice argument was not valid: QUALIFIED[CLASSLIST=Foo]TYPE=Foo
2025-09-21T13:28:37.704431 LSTERROR Test worker AbstractTokenTestCase:246 Internal error. (Source: file:/TESTCASE )
2025-09-21T13:28:37.704431 LSTERROR Test worker AbstractTokenTestCase:246 Failed in parsing subtoken: SPELLS of QUALIFIED[CLASSLIST=Foo]TYPE=Foo (Source: file:/TESTCASE )
2025-09-21T13:28:37.704431 LSTERROR Test worker AbstractTokenTestCase:246 Illegal CHOOSE subtoken 'SPELLS' 'QUALIFIED[CLASSLIST=Foo]TYPE=Foo' for pcgen.core.Race TestObj (Source: file:/TESTCASE )
2025-09-21T13:28:37.704431 LSTERROR Test worker AbstractTokenTestCase:246 Token generated an IllegalArgumentException: = cannot be a in valid single item (perhaps something like TYPE= is not supported in this token?): TestWP1.CLASSLIST=Foo
2025-09-21T13:28:37.704431 LSTERROR Test worker AbstractTokenTestCase:246 Token processing failed (Source: file:/TESTCASE )
2025-09-21T13:28:37.704431 SEVERE Test worker GroupingState:213 Attempt to add 'ALLOWS_NONE' grouping state to 'ANY' resulted in 'INVALID'.
2025-09-21T13:28:37.704431 LSTERROR Test worker AbstractTokenTestCase:246 SPELLS arguments uses double separator || : QUALIFIED[TestWP2||ALL]] (Source: file:/TESTCASE )
2025-09-21T13:28:37.704431 LSTERROR Test worker AbstractTokenTestCase:246 Failed in parsing subtoken: SPELLS of QUALIFIED[TestWP2||ALL]] (Source: file:/TESTCASE )
2025-09-21T13:28:37.704431 LSTERROR Test worker AbstractTokenTestCase:246 Illegal CHOOSE subtoken 'SPELLS' 'QUALIFIED[TestWP2||ALL]]' for pcgen.core.Race TestObj (Source: file:/TESTCASE )
2025-09-21T13:28:37.704431 LSTERROR Test worker AbstractTokenTestCase:246 Choice argument was not valid: QUALIFIED[TYPE=Foo]ALL
2025-09-21T13:28:37.704431 LSTERROR Test worker AbstractTokenTestCase:246 Internal error. (Source: file:/TESTCASE )
2025-09-21T13:28:37.704431 LSTERROR Test worker AbstractTokenTestCase:246 Failed in parsing subtoken: SPELLS of QUALIFIED[TYPE=Foo]ALL (Source: file:/TESTCASE )
2025-09-21T13:28:37.704431 LSTERROR Test worker AbstractTokenTestCase:246 Illegal CHOOSE subtoken 'SPELLS' 'QUALIFIED[TYPE=Foo]ALL' for pcgen.core.Race TestObj (Source: file:/TESTCASE )
2025-09-21T13:28:37.704431 LSTERROR Test worker AbstractTokenTestCase:246 Choice arguments may not end with , : ALL,
2025-09-21T13:28:37.704431 LSTERROR Test worker AbstractTokenTestCase:246 Failed in parsing typeStr: QUALIFIED[ALL,]
2025-09-21T13:28:37.704431 LSTERROR Test worker AbstractTokenTestCase:246 Choice argument was not valid: QUALIFIED[ALL,]
2025-09-21T13:28:37.704431 LSTERROR Test worker AbstractTokenTestCase:246 Internal error. (Source: file:/TESTCASE )
2025-09-21T13:28:37.704431 LSTERROR Test worker AbstractTokenTestCase:246 Failed in parsing subtoken: SPELLS of QUALIFIED[ALL,] (Source: file:/TESTCASE )
2025-09-21T13:28:37.704431 LSTERROR Test worker AbstractTokenTestCase:246 Illegal CHOOSE subtoken 'SPELLS' 'QUALIFIED[ALL,]' for pcgen.core.Race TestObj (Source: file:/TESTCASE )
2025-09-21T13:28:37.704431 LSTERROR Test worker AbstractTokenTestCase:246 Choice arguments uses double separator ,, : QUALIFIED[TYPE=Foo,,ALL]
2025-09-21T13:28:37.704431 LSTERROR Test worker AbstractTokenTestCase:246 Internal error. (Source: file:/TESTCASE )
2025-09-21T13:28:37.704431 LSTERROR Test worker AbstractTokenTestCase:246 Failed in parsing subtoken: SPELLS of QUALIFIED[TYPE=Foo,,ALL] (Source: file:/TESTCASE )
2025-09-21T13:28:37.704431 LSTERROR Test worker AbstractTokenTestCase:246 Illegal CHOOSE subtoken 'SPELLS' 'QUALIFIED[TYPE=Foo,,ALL]' for pcgen.core.Race TestObj (Source: file:/TESTCASE )
2025-09-21T13:28:37.720304300 LSTERROR Test worker AbstractTokenTestCase:246 SPELLS arguments uses double separator || : QUALIFIED[TestWP3||ALL] (Source: file:/TESTCASE )
2025-09-21T13:28:37.720304300 LSTERROR Test worker AbstractTokenTestCase:246 Failed in parsing subtoken: SPELLS of QUALIFIED[TestWP3||ALL] (Source: file:/TESTCASE )
2025-09-21T13:28:37.720304300 LSTERROR Test worker AbstractTokenTestCase:246 Illegal CHOOSE subtoken 'SPELLS' 'QUALIFIED[TestWP3||ALL]' for pcgen.core.Race TestObj (Source: file:/TESTCASE )
2025-09-21T13:28:37.720304300 LSTERROR Test worker AbstractTokenTestCase:246 Choice argument was not valid: QUALIFIED[TYPE=Foo]ALL
2025-09-21T13:28:37.720304300 LSTERROR Test worker AbstractTokenTestCase:246 Internal error. (Source: file:/TESTCASE )
2025-09-21T13:28:37.720304300 LSTERROR Test worker AbstractTokenTestCase:246 Failed in parsing subtoken: SPELLS of QUALIFIED[TYPE=Foo]ALL,TYPE=Bar (Source: file:/TESTCASE )
2025-09-21T13:28:37.720304300 LSTERROR Test worker AbstractTokenTestCase:246 Illegal CHOOSE subtoken 'SPELLS' 'QUALIFIED[TYPE=Foo]ALL,TYPE=Bar' for pcgen.core.Race TestObj (Source: file:/TESTCASE )
2025-09-21T13:28:37.720304300 LSTERROR Test worker AbstractTokenTestCase:246 Choice argument was not valid: QUALIFIED[ALL=Foo[KNOWN=]]
2025-09-21T13:28:37.720304300 LSTERROR Test worker AbstractTokenTestCase:246 Internal error. (Source: file:/TESTCASE )
2025-09-21T13:28:37.720304300 LSTERROR Test worker AbstractTokenTestCase:246 Failed in parsing subtoken: SPELLS of QUALIFIED[ALL=Foo[KNOWN=]] (Source: file:/TESTCASE )
2025-09-21T13:28:37.720304300 LSTERROR Test worker AbstractTokenTestCase:246 Illegal CHOOSE subtoken 'SPELLS' 'QUALIFIED[ALL=Foo[KNOWN=]]' for pcgen.core.Race TestObj (Source: file:/TESTCASE )
2025-09-21T13:28:37.720304300 LSTERROR Test worker AbstractTokenTestCase:246 Choice argument was not valid: QUALIFIED[ALL=Foo[Hi]]
2025-09-21T13:28:37.720304300 LSTERROR Test worker AbstractTokenTestCase:246 Internal error. (Source: file:/TESTCASE )
2025-09-21T13:28:37.720304300 LSTERROR Test worker AbstractTokenTestCase:246 Failed in parsing subtoken: SPELLS of QUALIFIED[ALL=Foo[Hi]] (Source: file:/TESTCASE )
2025-09-21T13:28:37.720304300 LSTERROR Test worker AbstractTokenTestCase:246 Illegal CHOOSE subtoken 'SPELLS' 'QUALIFIED[ALL=Foo[Hi]]' for pcgen.core.Race TestObj (Source: file:/TESTCASE )
2025-09-21T13:28:37.720304300 LSTERROR Test worker AbstractTokenTestCase:246 Choice argument was not valid: QUALIFIED[ALL=Foo[LEVELMAX]]
2025-09-21T13:28:37.720304300 LSTERROR Test worker AbstractTokenTestCase:246 Internal error. (Source: file:/TESTCASE )
2025-09-21T13:28:37.720304300 LSTERROR Test worker AbstractTokenTestCase:246 Failed in parsing subtoken: SPELLS of QUALIFIED[ALL=Foo[LEVELMAX]] (Source: file:/TESTCASE )
2025-09-21T13:28:37.720304300 LSTERROR Test worker AbstractTokenTestCase:246 Illegal CHOOSE subtoken 'SPELLS' 'QUALIFIED[ALL=Foo[LEVELMAX]]' for pcgen.core.Race TestObj (Source: file:/TESTCASE )
2025-09-21T13:28:37.720304300 LSTERROR Test worker AbstractTokenTestCase:246 Choice argument was not valid: QUALIFIED[ALL=Foo[LEVELMIN]]
2025-09-21T13:28:37.720304300 LSTERROR Test worker AbstractTokenTestCase:246 Internal error. (Source: file:/TESTCASE )
2025-09-21T13:28:37.720304300 LSTERROR Test worker AbstractTokenTestCase:246 Failed in parsing subtoken: SPELLS of QUALIFIED[ALL=Foo[LEVELMIN]] (Source: file:/TESTCASE )
2025-09-21T13:28:37.720304300 LSTERROR Test worker AbstractTokenTestCase:246 Illegal CHOOSE subtoken 'SPELLS' 'QUALIFIED[ALL=Foo[LEVELMIN]]' for pcgen.core.Race TestObj (Source: file:/TESTCASE )
2025-09-21T13:28:37.720304300 LSTERROR Test worker AbstractTokenTestCase:246 Choice argument was not valid: QUALIFIED[ALL=Foo[LEVELMAX=3-]]
2025-09-21T13:28:37.720304300 LSTERROR Test worker AbstractTokenTestCase:246 Internal error. (Source: file:/TESTCASE )
2025-09-21T13:28:37.720304300 LSTERROR Test worker AbstractTokenTestCase:246 Failed in parsing subtoken: SPELLS of QUALIFIED[ALL=Foo[LEVELMAX=3-]] (Source: file:/TESTCASE )
2025-09-21T13:28:37.720304300 LSTERROR Test worker AbstractTokenTestCase:246 Illegal CHOOSE subtoken 'SPELLS' 'QUALIFIED[ALL=Foo[LEVELMAX=3-]]' for pcgen.core.Race TestObj (Source: file:/TESTCASE )
2025-09-21T13:28:37.720304300 LSTERROR Test worker AbstractTokenTestCase:246 Choice argument was not valid: QUALIFIED[ALL=Foo[LEVELMIN=3+]]
2025-09-21T13:28:37.720304300 LSTERROR Test worker AbstractTokenTestCase:246 Internal error. (Source: file:/TESTCASE )
2025-09-21T13:28:37.720304300 LSTERROR Test worker AbstractTokenTestCase:246 Failed in parsing subtoken: SPELLS of QUALIFIED[ALL=Foo[LEVELMIN=3+]] (Source: file:/TESTCASE )
2025-09-21T13:28:37.720304300 LSTERROR Test worker AbstractTokenTestCase:246 Illegal CHOOSE subtoken 'SPELLS' 'QUALIFIED[ALL=Foo[LEVELMIN=3+]]' for pcgen.core.Race TestObj (Source: file:/TESTCASE )
2025-09-21T13:28:37.720304300 LSTERROR Test worker AbstractTokenTestCase:246 Choice argument was not valid: QUALIFIED[ALL=Foo[LEVELMAX=]]
2025-09-21T13:28:37.720304300 LSTERROR Test worker AbstractTokenTestCase:246 Internal error. (Source: file:/TESTCASE )
2025-09-21T13:28:37.720304300 LSTERROR Test worker AbstractTokenTestCase:246 Failed in parsing subtoken: SPELLS of QUALIFIED[ALL=Foo[LEVELMAX=]] (Source: file:/TESTCASE )
2025-09-21T13:28:37.720304300 LSTERROR Test worker AbstractTokenTestCase:246 Illegal CHOOSE subtoken 'SPELLS' 'QUALIFIED[ALL=Foo[LEVELMAX=]]' for pcgen.core.Race TestObj (Source: file:/TESTCASE )
2025-09-21T13:28:37.720304300 LSTERROR Test worker AbstractTokenTestCase:246 Choice argument was not valid: QUALIFIED[ALL=Foo[KNOWN=Bad]]
2025-09-21T13:28:37.720304300 LSTERROR Test worker AbstractTokenTestCase:246 Internal error. (Source: file:/TESTCASE )
2025-09-21T13:28:37.720304300 LSTERROR Test worker AbstractTokenTestCase:246 Failed in parsing subtoken: SPELLS of QUALIFIED[ALL=Foo[KNOWN=Bad]] (Source: file:/TESTCASE )
2025-09-21T13:28:37.720304300 LSTERROR Test worker AbstractTokenTestCase:246 Illegal CHOOSE subtoken 'SPELLS' 'QUALIFIED[ALL=Foo[KNOWN=Bad]]' for pcgen.core.Race TestObj (Source: file:/TESTCASE )
2025-09-21T13:28:37.720304300 LSTERROR Test worker AbstractTokenTestCase:246 Choice argument was not valid: QUALIFIED[ALL=Foo[LEVELMIN=]]
2025-09-21T13:28:37.720304300 LSTERROR Test worker AbstractTokenTestCase:246 Internal error. (Source: file:/TESTCASE )
2025-09-21T13:28:37.720304300 LSTERROR Test worker AbstractTokenTestCase:246 Failed in parsing subtoken: SPELLS of QUALIFIED[ALL=Foo[LEVELMIN=]] (Source: file:/TESTCASE )
2025-09-21T13:28:37.720304300 LSTERROR Test worker AbstractTokenTestCase:246 Illegal CHOOSE subtoken 'SPELLS' 'QUALIFIED[ALL=Foo[LEVELMIN=]]' for pcgen.core.Race TestObj (Source: file:/TESTCASE )
2025-09-21T13:28:37.720304300 LSTERROR Test worker AbstractTokenTestCase:246 Choice arguments may not start with | : |CLASSLIST=Foo
2025-09-21T13:28:37.720304300 LSTERROR Test worker AbstractTokenTestCase:246 Failed in parsing typeStr: QUALIFIED[|CLASSLIST=Foo]
2025-09-21T13:28:37.720304300 LSTERROR Test worker AbstractTokenTestCase:246 Choice argument was not valid: QUALIFIED[|CLASSLIST=Foo]
2025-09-21T13:28:37.720304300 LSTERROR Test worker AbstractTokenTestCase:246 Internal error. (Source: file:/TESTCASE )
2025-09-21T13:28:37.720304300 LSTERROR Test worker AbstractTokenTestCase:246 Failed in parsing subtoken: SPELLS of QUALIFIED[|CLASSLIST=Foo] (Source: file:/TESTCASE )
2025-09-21T13:28:37.720304300 LSTERROR Test worker AbstractTokenTestCase:246 Illegal CHOOSE subtoken 'SPELLS' 'QUALIFIED[|CLASSLIST=Foo]' for pcgen.core.Race TestObj (Source: file:/TESTCASE )
2025-09-21T13:28:37.720304300 LSTERROR Test worker AbstractTokenTestCase:246 Choice argument was not valid: QUALIFIED[CLASSLIST=Foo]TYPE=Foo
2025-09-21T13:28:37.720304300 LSTERROR Test worker AbstractTokenTestCase:246 Internal error. (Source: file:/TESTCASE )
2025-09-21T13:28:37.720304300 LSTERROR Test worker AbstractTokenTestCase:246 Failed in parsing subtoken: SPELLS of QUALIFIED[CLASSLIST=Foo]TYPE=Foo (Source: file:/TESTCASE )
2025-09-21T13:28:37.720304300 LSTERROR Test worker AbstractTokenTestCase:246 Illegal CHOOSE subtoken 'SPELLS' 'QUALIFIED[CLASSLIST=Foo]TYPE=Foo' for pcgen.core.Race TestObj (Source: file:/TESTCASE )
2025-09-21T13:28:37.720304300 LSTERROR Test worker AbstractTokenTestCase:246 Token generated an IllegalArgumentException: = cannot be a in valid single item (perhaps something like TYPE= is not supported in this token?): TestWP1.CLASSLIST=Foo
2025-09-21T13:28:37.720304300 LSTERROR Test worker AbstractTokenTestCase:246 Token processing failed (Source: file:/TESTCASE )
2025-09-21T13:28:37.720304300 LSTERROR Test worker AbstractTokenTestCase:246 Invalid combination of objects was used in: QUALIFIED[ALL|CLASSLIST=Foo] (Source: file:/TESTCASE )
2025-09-21T13:28:37.720304300 LSTERROR Test worker AbstractTokenTestCase:246   Check that ALL is not combined (Source: file:/TESTCASE )
2025-09-21T13:28:37.720304300 LSTERROR Test worker AbstractTokenTestCase:246   Check that a key is not joined with AND (,) (Source: file:/TESTCASE )
2025-09-21T13:28:37.720304300 LSTERROR Test worker AbstractTokenTestCase:246 Failed in parsing subtoken: SPELLS of QUALIFIED[ALL|CLASSLIST=Foo] (Source: file:/TESTCASE )
2025-09-21T13:28:37.720304300 LSTERROR Test worker AbstractTokenTestCase:246 Illegal CHOOSE subtoken 'SPELLS' 'QUALIFIED[ALL|CLASSLIST=Foo]' for pcgen.core.Race TestObj (Source: file:/TESTCASE )
2025-09-21T13:28:37.720304300 SEVERE Test worker GroupingState:213 Attempt to add 'ALLOWS_NONE' grouping state to 'ANY' resulted in 'INVALID'.
2025-09-21T13:28:37.720304300 LSTERROR Test worker AbstractTokenTestCase:246 SPELLS arguments uses double separator || : QUALIFIED[TestWP2||ALL]] (Source: file:/TESTCASE )
2025-09-21T13:28:37.720304300 LSTERROR Test worker AbstractTokenTestCase:246 Failed in parsing subtoken: SPELLS of QUALIFIED[TestWP2||ALL]] (Source: file:/TESTCASE )
2025-09-21T13:28:37.720304300 LSTERROR Test worker AbstractTokenTestCase:246 Illegal CHOOSE subtoken 'SPELLS' 'QUALIFIED[TestWP2||ALL]]' for pcgen.core.Race TestObj (Source: file:/TESTCASE )
2025-09-21T13:28:37.720304300 LSTERROR Test worker AbstractTokenTestCase:246 Choice argument was not valid: QUALIFIED[TYPE=Foo]ALL
2025-09-21T13:28:37.720304300 LSTERROR Test worker AbstractTokenTestCase:246 Internal error. (Source: file:/TESTCASE )
2025-09-21T13:28:37.720304300 LSTERROR Test worker AbstractTokenTestCase:246 Failed in parsing subtoken: SPELLS of QUALIFIED[TYPE=Foo]ALL (Source: file:/TESTCASE )
2025-09-21T13:28:37.720304300 LSTERROR Test worker AbstractTokenTestCase:246 Illegal CHOOSE subtoken 'SPELLS' 'QUALIFIED[TYPE=Foo]ALL' for pcgen.core.Race TestObj (Source: file:/TESTCASE )
2025-09-21T13:28:37.720304300 LSTERROR Test worker AbstractTokenTestCase:246 Choice arguments may not end with , : ALL,
2025-09-21T13:28:37.720304300 LSTERROR Test worker AbstractTokenTestCase:246 Failed in parsing typeStr: QUALIFIED[ALL,]
2025-09-21T13:28:37.720304300 LSTERROR Test worker AbstractTokenTestCase:246 Choice argument was not valid: QUALIFIED[ALL,]
2025-09-21T13:28:37.720304300 LSTERROR Test worker AbstractTokenTestCase:246 Internal error. (Source: file:/TESTCASE )
2025-09-21T13:28:37.720304300 LSTERROR Test worker AbstractTokenTestCase:246 Failed in parsing subtoken: SPELLS of QUALIFIED[ALL,] (Source: file:/TESTCASE )
2025-09-21T13:28:37.720304300 LSTERROR Test worker AbstractTokenTestCase:246 Illegal CHOOSE subtoken 'SPELLS' 'QUALIFIED[ALL,]' for pcgen.core.Race TestObj (Source: file:/TESTCASE )
2025-09-21T13:28:37.720304300 LSTERROR Test worker AbstractTokenTestCase:246 Choice arguments uses double separator ,, : QUALIFIED[TYPE=Foo,,ALL]
2025-09-21T13:28:37.720304300 LSTERROR Test worker AbstractTokenTestCase:246 Internal error. (Source: file:/TESTCASE )
2025-09-21T13:28:37.720304300 LSTERROR Test worker AbstractTokenTestCase:246 Failed in parsing subtoken: SPELLS of QUALIFIED[TYPE=Foo,,ALL] (Source: file:/TESTCASE )
2025-09-21T13:28:37.720304300 LSTERROR Test worker AbstractTokenTestCase:246 Illegal CHOOSE subtoken 'SPELLS' 'QUALIFIED[TYPE=Foo,,ALL]' for pcgen.core.Race TestObj (Source: file:/TESTCASE )
2025-09-21T13:28:37.720304300 LSTERROR Test worker AbstractTokenTestCase:246 SPELLS arguments uses double separator || : QUALIFIED[TestWP3||ALL] (Source: file:/TESTCASE )
2025-09-21T13:28:37.720304300 LSTERROR Test worker AbstractTokenTestCase:246 Failed in parsing subtoken: SPELLS of QUALIFIED[TestWP3||ALL] (Source: file:/TESTCASE )
2025-09-21T13:28:37.720304300 LSTERROR Test worker AbstractTokenTestCase:246 Illegal CHOOSE subtoken 'SPELLS' 'QUALIFIED[TestWP3||ALL]' for pcgen.core.Race TestObj (Source: file:/TESTCASE )
2025-09-21T13:28:37.720304300 LSTERROR Test worker AbstractTokenTestCase:246 Choice argument was not valid: QUALIFIED[TYPE=Foo]ALL
2025-09-21T13:28:37.720304300 LSTERROR Test worker AbstractTokenTestCase:246 Internal error. (Source: file:/TESTCASE )
2025-09-21T13:28:37.720304300 LSTERROR Test worker AbstractTokenTestCase:246 Failed in parsing subtoken: SPELLS of QUALIFIED[TYPE=Foo]ALL,TYPE=Bar (Source: file:/TESTCASE )
2025-09-21T13:28:37.720304300 LSTERROR Test worker AbstractTokenTestCase:246 Illegal CHOOSE subtoken 'SPELLS' 'QUALIFIED[TYPE=Foo]ALL,TYPE=Bar' for pcgen.core.Race TestObj (Source: file:/TESTCASE )
2025-09-21T13:28:37.720304300 LSTERROR Test worker AbstractTokenTestCase:246 Choice argument was not valid: QUALIFIED[ALL=Foo[KNOWN=]]
2025-09-21T13:28:37.720304300 LSTERROR Test worker AbstractTokenTestCase:246 Internal error. (Source: file:/TESTCASE )
2025-09-21T13:28:37.720304300 LSTERROR Test worker AbstractTokenTestCase:246 Failed in parsing subtoken: SPELLS of QUALIFIED[ALL=Foo[KNOWN=]] (Source: file:/TESTCASE )
2025-09-21T13:28:37.720304300 LSTERROR Test worker AbstractTokenTestCase:246 Illegal CHOOSE subtoken 'SPELLS' 'QUALIFIED[ALL=Foo[KNOWN=]]' for pcgen.core.Race TestObj (Source: file:/TESTCASE )
2025-09-21T13:28:37.720304300 LSTERROR Test worker AbstractTokenTestCase:246 Choice argument was not valid: QUALIFIED[ALL=Foo[Hi]]
2025-09-21T13:28:37.720304300 LSTERROR Test worker AbstractTokenTestCase:246 Internal error. (Source: file:/TESTCASE )
2025-09-21T13:28:37.736316900 LSTERROR Test worker AbstractTokenTestCase:246 Failed in parsing subtoken: SPELLS of QUALIFIED[ALL=Foo[Hi]] (Source: file:/TESTCASE )
2025-09-21T13:28:37.736316900 LSTERROR Test worker AbstractTokenTestCase:246 Illegal CHOOSE subtoken 'SPELLS' 'QUALIFIED[ALL=Foo[Hi]]' for pcgen.core.Race TestObj (Source: file:/TESTCASE )
2025-09-21T13:28:37.736316900 LSTERROR Test worker AbstractTokenTestCase:246 Choice argument was not valid: QUALIFIED[ALL=Foo[LEVELMAX]]
2025-09-21T13:28:37.736316900 LSTERROR Test worker AbstractTokenTestCase:246 Internal error. (Source: file:/TESTCASE )
2025-09-21T13:28:37.736316900 LSTERROR Test worker AbstractTokenTestCase:246 Failed in parsing subtoken: SPELLS of QUALIFIED[ALL=Foo[LEVELMAX]] (Source: file:/TESTCASE )
2025-09-21T13:28:37.736316900 LSTERROR Test worker AbstractTokenTestCase:246 Illegal CHOOSE subtoken 'SPELLS' 'QUALIFIED[ALL=Foo[LEVELMAX]]' for pcgen.core.Race TestObj (Source: file:/TESTCASE )
2025-09-21T13:28:37.736316900 LSTERROR Test worker AbstractTokenTestCase:246 Choice argument was not valid: QUALIFIED[ALL=Foo[LEVELMIN]]
2025-09-21T13:28:37.736316900 LSTERROR Test worker AbstractTokenTestCase:246 Internal error. (Source: file:/TESTCASE )
2025-09-21T13:28:37.736316900 LSTERROR Test worker AbstractTokenTestCase:246 Failed in parsing subtoken: SPELLS of QUALIFIED[ALL=Foo[LEVELMIN]] (Source: file:/TESTCASE )
2025-09-21T13:28:37.736316900 LSTERROR Test worker AbstractTokenTestCase:246 Illegal CHOOSE subtoken 'SPELLS' 'QUALIFIED[ALL=Foo[LEVELMIN]]' for pcgen.core.Race TestObj (Source: file:/TESTCASE )
2025-09-21T13:28:37.736316900 LSTERROR Test worker AbstractTokenTestCase:246 Choice argument was not valid: QUALIFIED[ALL=Foo[LEVELMAX=3-]]
2025-09-21T13:28:37.736316900 LSTERROR Test worker AbstractTokenTestCase:246 Internal error. (Source: file:/TESTCASE )
2025-09-21T13:28:37.736316900 LSTERROR Test worker AbstractTokenTestCase:246 Failed in parsing subtoken: SPELLS of QUALIFIED[ALL=Foo[LEVELMAX=3-]] (Source: file:/TESTCASE )
2025-09-21T13:28:37.736316900 LSTERROR Test worker AbstractTokenTestCase:246 Illegal CHOOSE subtoken 'SPELLS' 'QUALIFIED[ALL=Foo[LEVELMAX=3-]]' for pcgen.core.Race TestObj (Source: file:/TESTCASE )
2025-09-21T13:28:37.736316900 LSTERROR Test worker AbstractTokenTestCase:246 Choice argument was not valid: QUALIFIED[ALL=Foo[LEVELMIN=3+]]
2025-09-21T13:28:37.736316900 LSTERROR Test worker AbstractTokenTestCase:246 Internal error. (Source: file:/TESTCASE )
2025-09-21T13:28:37.736316900 LSTERROR Test worker AbstractTokenTestCase:246 Failed in parsing subtoken: SPELLS of QUALIFIED[ALL=Foo[LEVELMIN=3+]] (Source: file:/TESTCASE )
2025-09-21T13:28:37.736316900 LSTERROR Test worker AbstractTokenTestCase:246 Illegal CHOOSE subtoken 'SPELLS' 'QUALIFIED[ALL=Foo[LEVELMIN=3+]]' for pcgen.core.Race TestObj (Source: file:/TESTCASE )
2025-09-21T13:28:37.736316900 LSTERROR Test worker AbstractTokenTestCase:246 Choice argument was not valid: QUALIFIED[ALL=Foo[LEVELMAX=]]
2025-09-21T13:28:37.736316900 LSTERROR Test worker AbstractTokenTestCase:246 Internal error. (Source: file:/TESTCASE )
2025-09-21T13:28:37.736316900 LSTERROR Test worker AbstractTokenTestCase:246 Failed in parsing subtoken: SPELLS of QUALIFIED[ALL=Foo[LEVELMAX=]] (Source: file:/TESTCASE )
2025-09-21T13:28:37.736316900 LSTERROR Test worker AbstractTokenTestCase:246 Illegal CHOOSE subtoken 'SPELLS' 'QUALIFIED[ALL=Foo[LEVELMAX=]]' for pcgen.core.Race TestObj (Source: file:/TESTCASE )
2025-09-21T13:28:37.736316900 LSTERROR Test worker AbstractTokenTestCase:246 Choice argument was not valid: QUALIFIED[ALL=Foo[KNOWN=Bad]]
2025-09-21T13:28:37.736316900 LSTERROR Test worker AbstractTokenTestCase:246 Internal error. (Source: file:/TESTCASE )
2025-09-21T13:28:37.736316900 LSTERROR Test worker AbstractTokenTestCase:246 Failed in parsing subtoken: SPELLS of QUALIFIED[ALL=Foo[KNOWN=Bad]] (Source: file:/TESTCASE )
2025-09-21T13:28:37.736316900 LSTERROR Test worker AbstractTokenTestCase:246 Illegal CHOOSE subtoken 'SPELLS' 'QUALIFIED[ALL=Foo[KNOWN=Bad]]' for pcgen.core.Race TestObj (Source: file:/TESTCASE )
2025-09-21T13:28:37.736316900 LSTERROR Test worker AbstractTokenTestCase:246 Choice argument was not valid: QUALIFIED[ALL=Foo[LEVELMIN=]]
2025-09-21T13:28:37.736316900 LSTERROR Test worker AbstractTokenTestCase:246 Internal error. (Source: file:/TESTCASE )
2025-09-21T13:28:37.736316900 LSTERROR Test worker AbstractTokenTestCase:246 Failed in parsing subtoken: SPELLS of QUALIFIED[ALL=Foo[LEVELMIN=]] (Source: file:/TESTCASE )
2025-09-21T13:28:37.736316900 LSTERROR Test worker AbstractTokenTestCase:246 Illegal CHOOSE subtoken 'SPELLS' 'QUALIFIED[ALL=Foo[LEVELMIN=]]' for pcgen.core.Race TestObj (Source: file:/TESTCASE )
2025-09-21T13:28:37.736316900 LSTERROR Test worker AbstractTokenTestCase:246 Choice arguments may not start with | : |CLASSLIST=Foo
2025-09-21T13:28:37.736316900 LSTERROR Test worker AbstractTokenTestCase:246 Failed in parsing typeStr: QUALIFIED[|CLASSLIST=Foo]
2025-09-21T13:28:37.736316900 LSTERROR Test worker AbstractTokenTestCase:246 Choice argument was not valid: QUALIFIED[|CLASSLIST=Foo]
2025-09-21T13:28:37.736316900 LSTERROR Test worker AbstractTokenTestCase:246 Internal error. (Source: file:/TESTCASE )
2025-09-21T13:28:37.736316900 LSTERROR Test worker AbstractTokenTestCase:246 Failed in parsing subtoken: SPELLS of QUALIFIED[|CLASSLIST=Foo] (Source: file:/TESTCASE )
2025-09-21T13:28:37.736316900 LSTERROR Test worker AbstractTokenTestCase:246 Illegal CHOOSE subtoken 'SPELLS' 'QUALIFIED[|CLASSLIST=Foo]' for pcgen.core.Race TestObj (Source: file:/TESTCASE )
2025-09-21T13:28:37.736316900 LSTERROR Test worker AbstractTokenTestCase:246 Choice argument was not valid: QUALIFIED[CLASSLIST=Foo]TYPE=Foo
2025-09-21T13:28:37.736316900 LSTERROR Test worker AbstractTokenTestCase:246 Internal error. (Source: file:/TESTCASE )
2025-09-21T13:28:37.736316900 LSTERROR Test worker AbstractTokenTestCase:246 Failed in parsing subtoken: SPELLS of QUALIFIED[CLASSLIST=Foo]TYPE=Foo (Source: file:/TESTCASE )
2025-09-21T13:28:37.736316900 LSTERROR Test worker AbstractTokenTestCase:246 Illegal CHOOSE subtoken 'SPELLS' 'QUALIFIED[CLASSLIST=Foo]TYPE=Foo' for pcgen.core.Race TestObj (Source: file:/TESTCASE )
2025-09-21T13:28:37.736316900 LSTERROR Test worker AbstractTokenTestCase:246 Token generated an IllegalArgumentException: = cannot be a in valid single item (perhaps something like TYPE= is not supported in this token?): TestWP1.CLASSLIST=Foo
2025-09-21T13:28:37.736316900 LSTERROR Test worker AbstractTokenTestCase:246 Token processing failed (Source: file:/TESTCASE )
2025-09-21T13:28:37.736316900 LSTERROR Test worker AbstractTokenTestCase:246 Invalid combination of objects was used in: QUALIFIED[ALL|CLASSLIST=Foo] (Source: file:/TESTCASE )
2025-09-21T13:28:37.736316900 LSTERROR Test worker AbstractTokenTestCase:246   Check that ALL is not combined (Source: file:/TESTCASE )
2025-09-21T13:28:37.736316900 LSTERROR Test worker AbstractTokenTestCase:246   Check that a key is not joined with AND (,) (Source: file:/TESTCASE )
2025-09-21T13:28:37.736316900 LSTERROR Test worker AbstractTokenTestCase:246 Failed in parsing subtoken: SPELLS of QUALIFIED[ALL|CLASSLIST=Foo] (Source: file:/TESTCASE )
2025-09-21T13:28:37.736316900 LSTERROR Test worker AbstractTokenTestCase:246 Illegal CHOOSE subtoken 'SPELLS' 'QUALIFIED[ALL|CLASSLIST=Foo]' for pcgen.core.Race TestObj (Source: file:/TESTCASE )
2025-09-21T13:28:37.736316900 LSTERROR Test worker AbstractTokenTestCase:246 Invalid combination of objects was used in: QUALIFIED[CLASSLIST=Foo|ALL] (Source: file:/TESTCASE )
2025-09-21T13:28:37.736316900 LSTERROR Test worker AbstractTokenTestCase:246   Check that ALL is not combined (Source: file:/TESTCASE )
2025-09-21T13:28:37.736316900 LSTERROR Test worker AbstractTokenTestCase:246   Check that a key is not joined with AND (,) (Source: file:/TESTCASE )
2025-09-21T13:28:37.736316900 LSTERROR Test worker AbstractTokenTestCase:246 Failed in parsing subtoken: SPELLS of QUALIFIED[CLASSLIST=Foo|ALL] (Source: file:/TESTCASE )
2025-09-21T13:28:37.736316900 LSTERROR Test worker AbstractTokenTestCase:246 Illegal CHOOSE subtoken 'SPELLS' 'QUALIFIED[CLASSLIST=Foo|ALL]' for pcgen.core.Race TestObj (Source: file:/TESTCASE )
2025-09-21T13:28:37.736316900 SEVERE Test worker ChoiceSetLoadUtilities:323 Didn't expect tokRestriction on QUALIFIED here: CLASSLIST=Foo|
2025-09-21T13:28:37.736316900 LSTERROR Test worker AbstractTokenTestCase:246 Choice arguments may not end with | : CLASSLIST=Foo|
2025-09-21T13:28:37.736316900 LSTERROR Test worker AbstractTokenTestCase:246 Failed in parsing typeStr: QUALIFIED[CLASSLIST=Foo|]
2025-09-21T13:28:37.736316900 LSTERROR Test worker AbstractTokenTestCase:246 Choice argument was not valid: QUALIFIED[CLASSLIST=Foo|]
2025-09-21T13:28:37.736316900 LSTERROR Test worker AbstractTokenTestCase:246 Internal error. (Source: file:/TESTCASE )
2025-09-21T13:28:37.736316900 LSTERROR Test worker AbstractTokenTestCase:246 Failed in parsing subtoken: SPELLS of QUALIFIED[CLASSLIST=Foo|] (Source: file:/TESTCASE )
2025-09-21T13:28:37.736316900 LSTERROR Test worker AbstractTokenTestCase:246 Illegal CHOOSE subtoken 'SPELLS' 'QUALIFIED[CLASSLIST=Foo|]' for pcgen.core.Race TestObj (Source: file:/TESTCASE )
2025-09-21T13:28:37.736316900 SEVERE Test worker ChoiceSetLoadUtilities:323 Didn't expect tokRestriction on QUALIFIED here: ,CLASSLIST=Foo
2025-09-21T13:28:37.736316900 LSTERROR Test worker AbstractTokenTestCase:246 Choice arguments may not end with | : CLASSLIST=Foo|
2025-09-21T13:28:37.736316900 LSTERROR Test worker AbstractTokenTestCase:246 Failed in parsing typeStr: QUALIFIED[CLASSLIST=Foo|]
2025-09-21T13:28:37.736316900 LSTERROR Test worker AbstractTokenTestCase:246 Choice argument was not valid: QUALIFIED[CLASSLIST=Foo|]
2025-09-21T13:28:37.752092300 LSTERROR Test worker AbstractTokenTestCase:246 Internal error. (Source: file:/TESTCASE )
2025-09-21T13:28:37.752092300 LSTERROR Test worker AbstractTokenTestCase:246 Failed in parsing subtoken: SPELLS of QUALIFIED[CLASSLIST=Foo|] (Source: file:/TESTCASE )
2025-09-21T13:28:37.752092300 LSTERROR Test worker AbstractTokenTestCase:246 Illegal CHOOSE subtoken 'SPELLS' 'QUALIFIED[CLASSLIST=Foo|]' for pcgen.core.Race TestObj (Source: file:/TESTCASE )
2025-09-21T13:28:37.752092300 LSTERROR Test worker AbstractTokenTestCase:246 Choice arguments may not start with , : ,CLASSLIST=Foo
2025-09-21T13:28:37.752092300 LSTERROR Test worker AbstractTokenTestCase:246 Failed in parsing typeStr: QUALIFIED[,CLASSLIST=Foo]
2025-09-21T13:28:37.752092300 LSTERROR Test worker AbstractTokenTestCase:246 Choice argument was not valid: QUALIFIED[,CLASSLIST=Foo]
2025-09-21T13:28:37.752092300 LSTERROR Test worker AbstractTokenTestCase:246 Internal error. (Source: file:/TESTCASE )
2025-09-21T13:28:37.752092300 LSTERROR Test worker AbstractTokenTestCase:246 Failed in parsing subtoken: SPELLS of QUALIFIED[,CLASSLIST=Foo] (Source: file:/TESTCASE )
2025-09-21T13:28:37.752092300 LSTERROR Test worker AbstractTokenTestCase:246 Illegal CHOOSE subtoken 'SPELLS' 'QUALIFIED[,CLASSLIST=Foo]' for pcgen.core.Race TestObj (Source: file:/TESTCASE )
2025-09-21T13:28:37.752092300 SEVERE Test worker GroupingState:213 Attempt to add 'ALLOWS_NONE' grouping state to 'ANY' resulted in 'INVALID'.
2025-09-21T13:28:37.752092300 LSTERROR Test worker AbstractTokenTestCase:246 Choice arguments may not end with | : CLASSLIST=Foo|
2025-09-21T13:28:37.752092300 LSTERROR Test worker AbstractTokenTestCase:246 Failed in parsing typeStr: QUALIFIED[CLASSLIST=Foo|]
2025-09-21T13:28:37.752092300 LSTERROR Test worker AbstractTokenTestCase:246 Choice argument was not valid: QUALIFIED[CLASSLIST=Foo|]
2025-09-21T13:28:37.752092300 LSTERROR Test worker AbstractTokenTestCase:246 Internal error. (Source: file:/TESTCASE )
2025-09-21T13:28:37.752092300 LSTERROR Test worker AbstractTokenTestCase:246 Failed in parsing subtoken: SPELLS of QUALIFIED[CLASSLIST=Foo|] (Source: file:/TESTCASE )
2025-09-21T13:28:37.752092300 LSTERROR Test worker AbstractTokenTestCase:246 Illegal CHOOSE subtoken 'SPELLS' 'QUALIFIED[CLASSLIST=Foo|]' for pcgen.core.Race TestObj (Source: file:/TESTCASE )
2025-09-21T13:28:37.752092300 LSTERROR Test worker AbstractTokenTestCase:246 Choice arguments may not start with , : ,CLASSLIST=Foo
2025-09-21T13:28:37.752092300 LSTERROR Test worker AbstractTokenTestCase:246 Failed in parsing typeStr: QUALIFIED[,CLASSLIST=Foo]
2025-09-21T13:28:37.752092300 LSTERROR Test worker AbstractTokenTestCase:246 Choice argument was not valid: QUALIFIED[,CLASSLIST=Foo]
2025-09-21T13:28:37.752092300 LSTERROR Test worker AbstractTokenTestCase:246 Internal error. (Source: file:/TESTCASE )
2025-09-21T13:28:37.752092300 LSTERROR Test worker AbstractTokenTestCase:246 Failed in parsing subtoken: SPELLS of QUALIFIED[,CLASSLIST=Foo] (Source: file:/TESTCASE )
2025-09-21T13:28:37.752092300 LSTERROR Test worker AbstractTokenTestCase:246 Illegal CHOOSE subtoken 'SPELLS' 'QUALIFIED[,CLASSLIST=Foo]' for pcgen.core.Race TestObj (Source: file:/TESTCASE )
2025-09-21T13:28:37.752092300 LSTERROR Test worker AbstractTokenTestCase:246 Invalid combination of objects was used in: QUALIFIED[CLASSLIST=Foo|ALL] (Source: file:/TESTCASE )
2025-09-21T13:28:37.752092300 LSTERROR Test worker AbstractTokenTestCase:246   Check that ALL is not combined (Source: file:/TESTCASE )
2025-09-21T13:28:37.752092300 LSTERROR Test worker AbstractTokenTestCase:246   Check that a key is not joined with AND (,) (Source: file:/TESTCASE )
2025-09-21T13:28:37.752092300 LSTERROR Test worker AbstractTokenTestCase:246 Failed in parsing subtoken: SPELLS of QUALIFIED[CLASSLIST=Foo|ALL] (Source: file:/TESTCASE )
2025-09-21T13:28:37.752092300 LSTERROR Test worker AbstractTokenTestCase:246 Illegal CHOOSE subtoken 'SPELLS' 'QUALIFIED[CLASSLIST=Foo|ALL]' for pcgen.core.Race TestObj (Source: file:/TESTCASE )
2025-09-21T13:28:37.752092300 SEVERE Test worker ChoiceSetLoadUtilities:239 Found error in Primitive Choice: CLASSLIST= has equals but no target value
2025-09-21T13:28:37.752092300 SEVERE Test worker ChoiceSetLoadUtilities:323 Didn't expect tokRestriction on QUALIFIED here: CLASSLIST=
2025-09-21T13:28:37.752092300 LSTERROR Test worker AbstractTokenTestCase:246 Choice arguments may not end with | : CLASSLIST=Foo|
2025-09-21T13:28:37.752092300 LSTERROR Test worker AbstractTokenTestCase:246 Failed in parsing typeStr: QUALIFIED[CLASSLIST=Foo|]
2025-09-21T13:28:37.752092300 LSTERROR Test worker AbstractTokenTestCase:246 Choice argument was not valid: QUALIFIED[CLASSLIST=Foo|]
2025-09-21T13:28:37.752092300 LSTERROR Test worker AbstractTokenTestCase:246 Internal error. (Source: file:/TESTCASE )
2025-09-21T13:28:37.752092300 LSTERROR Test worker AbstractTokenTestCase:246 Failed in parsing subtoken: SPELLS of QUALIFIED[CLASSLIST=Foo|] (Source: file:/TESTCASE )
2025-09-21T13:28:37.752092300 LSTERROR Test worker AbstractTokenTestCase:246 Illegal CHOOSE subtoken 'SPELLS' 'QUALIFIED[CLASSLIST=Foo|]' for pcgen.core.Race TestObj (Source: file:/TESTCASE )
2025-09-21T13:28:37.752092300 LSTERROR Test worker AbstractTokenTestCase:246 Choice arguments may not start with , : ,CLASSLIST=Foo
2025-09-21T13:28:37.752092300 LSTERROR Test worker AbstractTokenTestCase:246 Failed in parsing typeStr: QUALIFIED[,CLASSLIST=Foo]
2025-09-21T13:28:37.752092300 LSTERROR Test worker AbstractTokenTestCase:246 Choice argument was not valid: QUALIFIED[,CLASSLIST=Foo]
2025-09-21T13:28:37.752092300 LSTERROR Test worker AbstractTokenTestCase:246 Internal error. (Source: file:/TESTCASE )
2025-09-21T13:28:37.752092300 LSTERROR Test worker AbstractTokenTestCase:246 Failed in parsing subtoken: SPELLS of QUALIFIED[,CLASSLIST=Foo] (Source: file:/TESTCASE )
2025-09-21T13:28:37.752092300 LSTERROR Test worker AbstractTokenTestCase:246 Illegal CHOOSE subtoken 'SPELLS' 'QUALIFIED[,CLASSLIST=Foo]' for pcgen.core.Race TestObj (Source: file:/TESTCASE )
2025-09-21T13:28:37.752092300 LSTERROR Test worker AbstractTokenTestCase:246 Invalid combination of objects was used in: QUALIFIED[CLASSLIST=Foo|ALL] (Source: file:/TESTCASE )
2025-09-21T13:28:37.752092300 LSTERROR Test worker AbstractTokenTestCase:246   Check that ALL is not combined (Source: file:/TESTCASE )
2025-09-21T13:28:37.752092300 LSTERROR Test worker AbstractTokenTestCase:246   Check that a key is not joined with AND (,) (Source: file:/TESTCASE )
2025-09-21T13:28:37.752092300 LSTERROR Test worker AbstractTokenTestCase:246 Failed in parsing subtoken: SPELLS of QUALIFIED[CLASSLIST=Foo|ALL] (Source: file:/TESTCASE )
2025-09-21T13:28:37.752092300 LSTERROR Test worker AbstractTokenTestCase:246 Illegal CHOOSE subtoken 'SPELLS' 'QUALIFIED[CLASSLIST=Foo|ALL]' for pcgen.core.Race TestObj (Source: file:/TESTCASE )
2025-09-21T13:28:37.752092300 LSTERROR Test worker AbstractTokenTestCase:246 Choice argument was not valid: CLASSLIST=
2025-09-21T13:28:37.752092300 LSTERROR Test worker AbstractTokenTestCase:246 Failed in parsing typeStr: QUALIFIED[CLASSLIST=]
2025-09-21T13:28:37.752092300 LSTERROR Test worker AbstractTokenTestCase:246 Choice argument was not valid: QUALIFIED[CLASSLIST=]
2025-09-21T13:28:37.752092300 LSTERROR Test worker AbstractTokenTestCase:246 Internal error. (Source: file:/TESTCASE )
2025-09-21T13:28:37.752092300 LSTERROR Test worker AbstractTokenTestCase:246 Failed in parsing subtoken: SPELLS of QUALIFIED[CLASSLIST=] (Source: file:/TESTCASE )
2025-09-21T13:28:37.752092300 LSTERROR Test worker AbstractTokenTestCase:246 Illegal CHOOSE subtoken 'SPELLS' 'QUALIFIED[CLASSLIST=]' for pcgen.core.Race TestObj (Source: file:/TESTCASE )
2025-09-21T13:28:37.752092300 SEVERE Test worker AbstractRestrictedSpellPrimitive:94 Unknown restriction: CLASSLIST=Foo in CHOOSE:SPELLS
2025-09-21T13:28:37.752092300 SEVERE Test worker ChoiceSetLoadUtilities:323 Didn't expect tokRestriction on CLASSLIST here: CLASSLIST=Foo
2025-09-21T13:28:37.752092300 LSTERROR Test worker AbstractTokenTestCase:246 Choice arguments may not end with | : CLASSLIST=Foo|
2025-09-21T13:28:37.752092300 LSTERROR Test worker AbstractTokenTestCase:246 Failed in parsing typeStr: QUALIFIED[CLASSLIST=Foo|]
2025-09-21T13:28:37.752092300 LSTERROR Test worker AbstractTokenTestCase:246 Choice argument was not valid: QUALIFIED[CLASSLIST=Foo|]
2025-09-21T13:28:37.752092300 LSTERROR Test worker AbstractTokenTestCase:246 Internal error. (Source: file:/TESTCASE )
2025-09-21T13:28:37.752092300 LSTERROR Test worker AbstractTokenTestCase:246 Failed in parsing subtoken: SPELLS of QUALIFIED[CLASSLIST=Foo|] (Source: file:/TESTCASE )
2025-09-21T13:28:37.752092300 LSTERROR Test worker AbstractTokenTestCase:246 Illegal CHOOSE subtoken 'SPELLS' 'QUALIFIED[CLASSLIST=Foo|]' for pcgen.core.Race TestObj (Source: file:/TESTCASE )
2025-09-21T13:28:37.752092300 LSTERROR Test worker AbstractTokenTestCase:246 Choice arguments may not start with , : ,CLASSLIST=Foo
2025-09-21T13:28:37.752092300 LSTERROR Test worker AbstractTokenTestCase:246 Failed in parsing typeStr: QUALIFIED[,CLASSLIST=Foo]
2025-09-21T13:28:37.752092300 LSTERROR Test worker AbstractTokenTestCase:246 Choice argument was not valid: QUALIFIED[,CLASSLIST=Foo]
2025-09-21T13:28:37.752092300 LSTERROR Test worker AbstractTokenTestCase:246 Internal error. (Source: file:/TESTCASE )
2025-09-21T13:28:37.752092300 LSTERROR Test worker AbstractTokenTestCase:246 Failed in parsing subtoken: SPELLS of QUALIFIED[,CLASSLIST=Foo] (Source: file:/TESTCASE )
2025-09-21T13:28:37.752092300 LSTERROR Test worker AbstractTokenTestCase:246 Illegal CHOOSE subtoken 'SPELLS' 'QUALIFIED[,CLASSLIST=Foo]' for pcgen.core.Race TestObj (Source: file:/TESTCASE )
2025-09-21T13:28:37.752092300 LSTERROR Test worker AbstractTokenTestCase:246 Invalid combination of objects was used in: QUALIFIED[CLASSLIST=Foo|ALL] (Source: file:/TESTCASE )
2025-09-21T13:28:37.752092300 LSTERROR Test worker AbstractTokenTestCase:246   Check that ALL is not combined (Source: file:/TESTCASE )
2025-09-21T13:28:37.752092300 LSTERROR Test worker AbstractTokenTestCase:246   Check that a key is not joined with AND (,) (Source: file:/TESTCASE )
2025-09-21T13:28:37.752092300 LSTERROR Test worker AbstractTokenTestCase:246 Failed in parsing subtoken: SPELLS of QUALIFIED[CLASSLIST=Foo|ALL] (Source: file:/TESTCASE )
2025-09-21T13:28:37.767903800 LSTERROR Test worker AbstractTokenTestCase:246 Illegal CHOOSE subtoken 'SPELLS' 'QUALIFIED[CLASSLIST=Foo|ALL]' for pcgen.core.Race TestObj (Source: file:/TESTCASE )
2025-09-21T13:28:37.767903800 LSTERROR Test worker AbstractTokenTestCase:246 Choice argument was not valid: CLASSLIST=
2025-09-21T13:28:37.768234900 LSTERROR Test worker AbstractTokenTestCase:246 Failed in parsing typeStr: QUALIFIED[CLASSLIST=]
2025-09-21T13:28:37.768234900 LSTERROR Test worker AbstractTokenTestCase:246 Choice argument was not valid: QUALIFIED[CLASSLIST=]
2025-09-21T13:28:37.768234900 LSTERROR Test worker AbstractTokenTestCase:246 Internal error. (Source: file:/TESTCASE )
2025-09-21T13:28:37.768234900 LSTERROR Test worker AbstractTokenTestCase:246 Failed in parsing subtoken: SPELLS of QUALIFIED[CLASSLIST=] (Source: file:/TESTCASE )
2025-09-21T13:28:37.768234900 LSTERROR Test worker AbstractTokenTestCase:246 Illegal CHOOSE subtoken 'SPELLS' 'QUALIFIED[CLASSLIST=]' for pcgen.core.Race TestObj (Source: file:/TESTCASE )
2025-09-21T13:28:37.768234900 LSTERROR Test worker AbstractTokenTestCase:246 Choice argument was not valid: CLASSLIST=Foo[CLASSLIST=Foo]
2025-09-21T13:28:37.768234900 LSTERROR Test worker AbstractTokenTestCase:246 Internal error. (Source: file:/TESTCASE )
2025-09-21T13:28:37.768234900 LSTERROR Test worker AbstractTokenTestCase:246 Failed in parsing subtoken: SPELLS of CLASSLIST=Foo[CLASSLIST=Foo] (Source: file:/TESTCASE )
2025-09-21T13:28:37.768234900 LSTERROR Test worker AbstractTokenTestCase:246 Illegal CHOOSE subtoken 'SPELLS' 'CLASSLIST=Foo[CLASSLIST=Foo]' for pcgen.core.Race TestObj (Source: file:/TESTCASE )
2025-09-21T13:28:37.768234900 SEVERE Test worker ChoiceSetLoadUtilities:418 Found error in Qualifier Choice: QUALIFIED[CLASSLIST=Foo]TYPE=Foo had close bracket, but had characters following the close bracket
2025-09-21T13:28:37.768234900 SEVERE Test worker ChoiceSetLoadUtilities:254 Found error in Primitive Choice: QUALIFIED[CLASSLIST=Foo]TYPE=Foo had close bracket, but had characters following the close bracket
2025-09-21T13:28:37.768234900 LSTERROR Test worker AbstractTokenTestCase:246 Choice arguments may not end with | : CLASSLIST=Foo|
2025-09-21T13:28:37.768234900 LSTERROR Test worker AbstractTokenTestCase:246 Failed in parsing typeStr: QUALIFIED[CLASSLIST=Foo|]
2025-09-21T13:28:37.768234900 LSTERROR Test worker AbstractTokenTestCase:246 Choice argument was not valid: QUALIFIED[CLASSLIST=Foo|]
2025-09-21T13:28:37.768234900 LSTERROR Test worker AbstractTokenTestCase:246 Internal error. (Source: file:/TESTCASE )
2025-09-21T13:28:37.768234900 LSTERROR Test worker AbstractTokenTestCase:246 Failed in parsing subtoken: SPELLS of QUALIFIED[CLASSLIST=Foo|] (Source: file:/TESTCASE )
2025-09-21T13:28:37.768234900 LSTERROR Test worker AbstractTokenTestCase:246 Illegal CHOOSE subtoken 'SPELLS' 'QUALIFIED[CLASSLIST=Foo|]' for pcgen.core.Race TestObj (Source: file:/TESTCASE )
2025-09-21T13:28:37.768234900 LSTERROR Test worker AbstractTokenTestCase:246 Choice arguments may not start with , : ,CLASSLIST=Foo
2025-09-21T13:28:37.768234900 LSTERROR Test worker AbstractTokenTestCase:246 Failed in parsing typeStr: QUALIFIED[,CLASSLIST=Foo]
2025-09-21T13:28:37.768234900 LSTERROR Test worker AbstractTokenTestCase:246 Choice argument was not valid: QUALIFIED[,CLASSLIST=Foo]
2025-09-21T13:28:37.768234900 LSTERROR Test worker AbstractTokenTestCase:246 Internal error. (Source: file:/TESTCASE )
2025-09-21T13:28:37.768234900 LSTERROR Test worker AbstractTokenTestCase:246 Failed in parsing subtoken: SPELLS of QUALIFIED[,CLASSLIST=Foo] (Source: file:/TESTCASE )
2025-09-21T13:28:37.768234900 LSTERROR Test worker AbstractTokenTestCase:246 Illegal CHOOSE subtoken 'SPELLS' 'QUALIFIED[,CLASSLIST=Foo]' for pcgen.core.Race TestObj (Source: file:/TESTCASE )
2025-09-21T13:28:37.768234900 LSTERROR Test worker AbstractTokenTestCase:246 Invalid combination of objects was used in: QUALIFIED[CLASSLIST=Foo|ALL] (Source: file:/TESTCASE )
2025-09-21T13:28:37.768234900 LSTERROR Test worker AbstractTokenTestCase:246   Check that ALL is not combined (Source: file:/TESTCASE )
2025-09-21T13:28:37.768234900 LSTERROR Test worker AbstractTokenTestCase:246   Check that a key is not joined with AND (,) (Source: file:/TESTCASE )
2025-09-21T13:28:37.768234900 LSTERROR Test worker AbstractTokenTestCase:246 Failed in parsing subtoken: SPELLS of QUALIFIED[CLASSLIST=Foo|ALL] (Source: file:/TESTCASE )
2025-09-21T13:28:37.768234900 LSTERROR Test worker AbstractTokenTestCase:246 Illegal CHOOSE subtoken 'SPELLS' 'QUALIFIED[CLASSLIST=Foo|ALL]' for pcgen.core.Race TestObj (Source: file:/TESTCASE )
2025-09-21T13:28:37.768234900 LSTERROR Test worker AbstractTokenTestCase:246 Choice argument was not valid: CLASSLIST=
2025-09-21T13:28:37.768234900 LSTERROR Test worker AbstractTokenTestCase:246 Failed in parsing typeStr: QUALIFIED[CLASSLIST=]
2025-09-21T13:28:37.768234900 LSTERROR Test worker AbstractTokenTestCase:246 Choice argument was not valid: QUALIFIED[CLASSLIST=]
2025-09-21T13:28:37.768234900 LSTERROR Test worker AbstractTokenTestCase:246 Internal error. (Source: file:/TESTCASE )
2025-09-21T13:28:37.768234900 LSTERROR Test worker AbstractTokenTestCase:246 Failed in parsing subtoken: SPELLS of QUALIFIED[CLASSLIST=] (Source: file:/TESTCASE )
2025-09-21T13:28:37.768234900 LSTERROR Test worker AbstractTokenTestCase:246 Illegal CHOOSE subtoken 'SPELLS' 'QUALIFIED[CLASSLIST=]' for pcgen.core.Race TestObj (Source: file:/TESTCASE )
2025-09-21T13:28:37.768234900 LSTERROR Test worker AbstractTokenTestCase:246 Choice argument was not valid: CLASSLIST=Foo[CLASSLIST=Foo]
2025-09-21T13:28:37.768234900 LSTERROR Test worker AbstractTokenTestCase:246 Internal error. (Source: file:/TESTCASE )
2025-09-21T13:28:37.768234900 LSTERROR Test worker AbstractTokenTestCase:246 Failed in parsing subtoken: SPELLS of CLASSLIST=Foo[CLASSLIST=Foo] (Source: file:/TESTCASE )
2025-09-21T13:28:37.768234900 LSTERROR Test worker AbstractTokenTestCase:246 Illegal CHOOSE subtoken 'SPELLS' 'CLASSLIST=Foo[CLASSLIST=Foo]' for pcgen.core.Race TestObj (Source: file:/TESTCASE )
2025-09-21T13:28:37.768234900 LSTERROR Test worker AbstractTokenTestCase:246 Choice argument was not valid: QUALIFIED[CLASSLIST=Foo]TYPE=Foo
2025-09-21T13:28:37.768234900 LSTERROR Test worker AbstractTokenTestCase:246 Internal error. (Source: file:/TESTCASE )
2025-09-21T13:28:37.768234900 LSTERROR Test worker AbstractTokenTestCase:246 Failed in parsing subtoken: SPELLS of QUALIFIED[CLASSLIST=Foo]TYPE=Foo|TYPE=Bar (Source: file:/TESTCASE )
2025-09-21T13:28:37.768234900 LSTERROR Test worker AbstractTokenTestCase:246 Illegal CHOOSE subtoken 'SPELLS' 'QUALIFIED[CLASSLIST=Foo]TYPE=Foo|TYPE=Bar' for pcgen.core.Race TestObj (Source: file:/TESTCASE )
2025-09-21T13:28:37.768234900 LSTERROR Test worker AbstractTokenTestCase:246 SPELLS arguments uses double separator || : QUALIFIED[TestWP2||CLASSLIST=Foo]] (Source: file:/TESTCASE )
2025-09-21T13:28:37.768234900 LSTERROR Test worker AbstractTokenTestCase:246 Failed in parsing subtoken: SPELLS of QUALIFIED[TestWP2||CLASSLIST=Foo]] (Source: file:/TESTCASE )
2025-09-21T13:28:37.768234900 LSTERROR Test worker AbstractTokenTestCase:246 Illegal CHOOSE subtoken 'SPELLS' 'QUALIFIED[TestWP2||CLASSLIST=Foo]]' for pcgen.core.Race TestObj (Source: file:/TESTCASE )
2025-09-21T13:28:37.768234900 SEVERE Test worker ChoiceSetLoadUtilities:418 Found error in Qualifier Choice: QUALIFIED[TYPE=Foo]CLASSLIST=Foo had close bracket, but had characters following the close bracket
2025-09-21T13:28:37.768234900 SEVERE Test worker ChoiceSetLoadUtilities:254 Found error in Primitive Choice: QUALIFIED[TYPE=Foo]CLASSLIST=Foo had close bracket, but had characters following the close bracket
2025-09-21T13:28:37.768234900 LSTERROR Test worker AbstractTokenTestCase:246 SPELLS arguments uses double separator || : QUALIFIED[TestWP2||CLASSLIST=Foo]] (Source: file:/TESTCASE )
2025-09-21T13:28:37.768234900 LSTERROR Test worker AbstractTokenTestCase:246 Failed in parsing subtoken: SPELLS of QUALIFIED[TestWP2||CLASSLIST=Foo]] (Source: file:/TESTCASE )
2025-09-21T13:28:37.768234900 LSTERROR Test worker AbstractTokenTestCase:246 Illegal CHOOSE subtoken 'SPELLS' 'QUALIFIED[TestWP2||CLASSLIST=Foo]]' for pcgen.core.Race TestObj (Source: file:/TESTCASE )
2025-09-21T13:28:37.768234900 LSTERROR Test worker AbstractTokenTestCase:246 Choice argument was not valid: QUALIFIED[TYPE=Foo]CLASSLIST=Foo
2025-09-21T13:28:37.768234900 LSTERROR Test worker AbstractTokenTestCase:246 Internal error. (Source: file:/TESTCASE )
2025-09-21T13:28:37.768234900 LSTERROR Test worker AbstractTokenTestCase:246 Failed in parsing subtoken: SPELLS of QUALIFIED[TYPE=Foo]CLASSLIST=Foo (Source: file:/TESTCASE )
2025-09-21T13:28:37.783928600 LSTERROR Test worker AbstractTokenTestCase:246 Illegal CHOOSE subtoken 'SPELLS' 'QUALIFIED[TYPE=Foo]CLASSLIST=Foo' for pcgen.core.Race TestObj (Source: file:/TESTCASE )
2025-09-21T13:28:37.783928600 SEVERE Test worker ChoiceSetLoadUtilities:323 Didn't expect tokRestriction on QUALIFIED here: CLASSLIST=Foo,
2025-09-21T13:28:37.783928600 LSTERROR Test worker AbstractTokenTestCase:246 SPELLS arguments uses double separator || : QUALIFIED[TestWP2||CLASSLIST=Foo]] (Source: file:/TESTCASE )
2025-09-21T13:28:37.783928600 LSTERROR Test worker AbstractTokenTestCase:246 Failed in parsing subtoken: SPELLS of QUALIFIED[TestWP2||CLASSLIST=Foo]] (Source: file:/TESTCASE )
2025-09-21T13:28:37.783928600 LSTERROR Test worker AbstractTokenTestCase:246 Illegal CHOOSE subtoken 'SPELLS' 'QUALIFIED[TestWP2||CLASSLIST=Foo]]' for pcgen.core.Race TestObj (Source: file:/TESTCASE )
2025-09-21T13:28:37.783928600 LSTERROR Test worker AbstractTokenTestCase:246 Choice argument was not valid: QUALIFIED[TYPE=Foo]CLASSLIST=Foo
2025-09-21T13:28:37.783928600 LSTERROR Test worker AbstractTokenTestCase:246 Internal error. (Source: file:/TESTCASE )
2025-09-21T13:28:37.783928600 LSTERROR Test worker AbstractTokenTestCase:246 Failed in parsing subtoken: SPELLS of QUALIFIED[TYPE=Foo]CLASSLIST=Foo (Source: file:/TESTCASE )
2025-09-21T13:28:37.783928600 LSTERROR Test worker AbstractTokenTestCase:246 Illegal CHOOSE subtoken 'SPELLS' 'QUALIFIED[TYPE=Foo]CLASSLIST=Foo' for pcgen.core.Race TestObj (Source: file:/TESTCASE )
2025-09-21T13:28:37.783928600 LSTERROR Test worker AbstractTokenTestCase:246 Choice arguments may not end with , : CLASSLIST=Foo,
2025-09-21T13:28:37.783928600 LSTERROR Test worker AbstractTokenTestCase:246 Failed in parsing typeStr: QUALIFIED[CLASSLIST=Foo,]
2025-09-21T13:28:37.783928600 LSTERROR Test worker AbstractTokenTestCase:246 Choice argument was not valid: QUALIFIED[CLASSLIST=Foo,]
2025-09-21T13:28:37.783928600 LSTERROR Test worker AbstractTokenTestCase:246 Internal error. (Source: file:/TESTCASE )
2025-09-21T13:28:37.783928600 LSTERROR Test worker AbstractTokenTestCase:246 Failed in parsing subtoken: SPELLS of QUALIFIED[CLASSLIST=Foo,] (Source: file:/TESTCASE )
2025-09-21T13:28:37.783928600 LSTERROR Test worker AbstractTokenTestCase:246 Illegal CHOOSE subtoken 'SPELLS' 'QUALIFIED[CLASSLIST=Foo,]' for pcgen.core.Race TestObj (Source: file:/TESTCASE )
2025-09-21T13:28:37.783928600 LSTERROR Test worker AbstractTokenTestCase:246 SPELLS arguments uses double separator || : QUALIFIED[TestWP2||CLASSLIST=Foo]] (Source: file:/TESTCASE )
2025-09-21T13:28:37.783928600 LSTERROR Test worker AbstractTokenTestCase:246 Failed in parsing subtoken: SPELLS of QUALIFIED[TestWP2||CLASSLIST=Foo]] (Source: file:/TESTCASE )
2025-09-21T13:28:37.783928600 LSTERROR Test worker AbstractTokenTestCase:246 Illegal CHOOSE subtoken 'SPELLS' 'QUALIFIED[TestWP2||CLASSLIST=Foo]]' for pcgen.core.Race TestObj (Source: file:/TESTCASE )
2025-09-21T13:28:37.783928600 LSTERROR Test worker AbstractTokenTestCase:246 Choice argument was not valid: QUALIFIED[TYPE=Foo]CLASSLIST=Foo
2025-09-21T13:28:37.783928600 LSTERROR Test worker AbstractTokenTestCase:246 Internal error. (Source: file:/TESTCASE )
2025-09-21T13:28:37.783928600 LSTERROR Test worker AbstractTokenTestCase:246 Failed in parsing subtoken: SPELLS of QUALIFIED[TYPE=Foo]CLASSLIST=Foo (Source: file:/TESTCASE )
2025-09-21T13:28:37.783928600 LSTERROR Test worker AbstractTokenTestCase:246 Illegal CHOOSE subtoken 'SPELLS' 'QUALIFIED[TYPE=Foo]CLASSLIST=Foo' for pcgen.core.Race TestObj (Source: file:/TESTCASE )
2025-09-21T13:28:37.783928600 LSTERROR Test worker AbstractTokenTestCase:246 Choice arguments may not end with , : CLASSLIST=Foo,
2025-09-21T13:28:37.783928600 LSTERROR Test worker AbstractTokenTestCase:246 Failed in parsing typeStr: QUALIFIED[CLASSLIST=Foo,]
2025-09-21T13:28:37.783928600 LSTERROR Test worker AbstractTokenTestCase:246 Choice argument was not valid: QUALIFIED[CLASSLIST=Foo,]
2025-09-21T13:28:37.783928600 LSTERROR Test worker AbstractTokenTestCase:246 Internal error. (Source: file:/TESTCASE )
2025-09-21T13:28:37.783928600 LSTERROR Test worker AbstractTokenTestCase:246 Failed in parsing subtoken: SPELLS of QUALIFIED[CLASSLIST=Foo,] (Source: file:/TESTCASE )
2025-09-21T13:28:37.783928600 LSTERROR Test worker AbstractTokenTestCase:246 Illegal CHOOSE subtoken 'SPELLS' 'QUALIFIED[CLASSLIST=Foo,]' for pcgen.core.Race TestObj (Source: file:/TESTCASE )
2025-09-21T13:28:37.783928600 LSTERROR Test worker AbstractTokenTestCase:246 Choice arguments uses double separator ,, : QUALIFIED[TYPE=Foo,,CLASSLIST=Foo]
2025-09-21T13:28:37.783928600 LSTERROR Test worker AbstractTokenTestCase:246 Internal error. (Source: file:/TESTCASE )
2025-09-21T13:28:37.783928600 LSTERROR Test worker AbstractTokenTestCase:246 Failed in parsing subtoken: SPELLS of QUALIFIED[TYPE=Foo,,CLASSLIST=Foo] (Source: file:/TESTCASE )
2025-09-21T13:28:37.783928600 LSTERROR Test worker AbstractTokenTestCase:246 Illegal CHOOSE subtoken 'SPELLS' 'QUALIFIED[TYPE=Foo,,CLASSLIST=Foo]' for pcgen.core.Race TestObj (Source: file:/TESTCASE )
2025-09-21T13:28:37.783928600 LSTERROR Test worker AbstractTokenTestCase:246 SPELLS arguments uses double separator || : QUALIFIED[TestWP2||CLASSLIST=Foo]] (Source: file:/TESTCASE )
2025-09-21T13:28:37.783928600 LSTERROR Test worker AbstractTokenTestCase:246 Failed in parsing subtoken: SPELLS of QUALIFIED[TestWP2||CLASSLIST=Foo]] (Source: file:/TESTCASE )
2025-09-21T13:28:37.783928600 LSTERROR Test worker AbstractTokenTestCase:246 Illegal CHOOSE subtoken 'SPELLS' 'QUALIFIED[TestWP2||CLASSLIST=Foo]]' for pcgen.core.Race TestObj (Source: file:/TESTCASE )
2025-09-21T13:28:37.783928600 LSTERROR Test worker AbstractTokenTestCase:246 Choice argument was not valid: QUALIFIED[TYPE=Foo]CLASSLIST=Foo
2025-09-21T13:28:37.783928600 LSTERROR Test worker AbstractTokenTestCase:246 Internal error. (Source: file:/TESTCASE )
2025-09-21T13:28:37.783928600 LSTERROR Test worker AbstractTokenTestCase:246 Failed in parsing subtoken: SPELLS of QUALIFIED[TYPE=Foo]CLASSLIST=Foo (Source: file:/TESTCASE )
2025-09-21T13:28:37.783928600 LSTERROR Test worker AbstractTokenTestCase:246 Illegal CHOOSE subtoken 'SPELLS' 'QUALIFIED[TYPE=Foo]CLASSLIST=Foo' for pcgen.core.Race TestObj (Source: file:/TESTCASE )
2025-09-21T13:28:37.783928600 LSTERROR Test worker AbstractTokenTestCase:246 Choice arguments may not end with , : CLASSLIST=Foo,
2025-09-21T13:28:37.783928600 LSTERROR Test worker AbstractTokenTestCase:246 Failed in parsing typeStr: QUALIFIED[CLASSLIST=Foo,]
2025-09-21T13:28:37.783928600 LSTERROR Test worker AbstractTokenTestCase:246 Choice argument was not valid: QUALIFIED[CLASSLIST=Foo,]
2025-09-21T13:28:37.783928600 LSTERROR Test worker AbstractTokenTestCase:246 Internal error. (Source: file:/TESTCASE )
2025-09-21T13:28:37.783928600 LSTERROR Test worker AbstractTokenTestCase:246 Failed in parsing subtoken: SPELLS of QUALIFIED[CLASSLIST=Foo,] (Source: file:/TESTCASE )
2025-09-21T13:28:37.783928600 LSTERROR Test worker AbstractTokenTestCase:246 Illegal CHOOSE subtoken 'SPELLS' 'QUALIFIED[CLASSLIST=Foo,]' for pcgen.core.Race TestObj (Source: file:/TESTCASE )
2025-09-21T13:28:37.783928600 LSTERROR Test worker AbstractTokenTestCase:246 Choice arguments uses double separator ,, : QUALIFIED[TYPE=Foo,,CLASSLIST=Foo]
2025-09-21T13:28:37.783928600 LSTERROR Test worker AbstractTokenTestCase:246 Internal error. (Source: file:/TESTCASE )
2025-09-21T13:28:37.783928600 LSTERROR Test worker AbstractTokenTestCase:246 Failed in parsing subtoken: SPELLS of QUALIFIED[TYPE=Foo,,CLASSLIST=Foo] (Source: file:/TESTCASE )
2025-09-21T13:28:37.783928600 LSTERROR Test worker AbstractTokenTestCase:246 Illegal CHOOSE subtoken 'SPELLS' 'QUALIFIED[TYPE=Foo,,CLASSLIST=Foo]' for pcgen.core.Race TestObj (Source: file:/TESTCASE )
2025-09-21T13:28:37.783928600 LSTERROR Test worker AbstractTokenTestCase:246 SPELLS arguments uses double separator || : QUALIFIED[TestWP3||CLASSLIST=Foo] (Source: file:/TESTCASE )
2025-09-21T13:28:37.783928600 LSTERROR Test worker AbstractTokenTestCase:246 Failed in parsing subtoken: SPELLS of QUALIFIED[TestWP3||CLASSLIST=Foo] (Source: file:/TESTCASE )
2025-09-21T13:28:37.783928600 LSTERROR Test worker AbstractTokenTestCase:246 Illegal CHOOSE subtoken 'SPELLS' 'QUALIFIED[TestWP3||CLASSLIST=Foo]' for pcgen.core.Race TestObj (Source: file:/TESTCASE )
2025-09-21T13:28:37.783928600 SEVERE Test worker ChoiceSetLoadUtilities:418 Found error in Qualifier Choice: QUALIFIED[TYPE=Foo]CLASSLIST=Foo had close bracket, but had characters following the close bracket
2025-09-21T13:28:37.783928600 SEVERE Test worker ChoiceSetLoadUtilities:254 Found error in Primitive Choice: QUALIFIED[TYPE=Foo]CLASSLIST=Foo had close bracket, but had characters following the close bracket
2025-09-21T13:28:37.783928600 LSTERROR Test worker AbstractTokenTestCase:246 SPELLS arguments uses double separator || : QUALIFIED[TestWP2||CLASSLIST=Foo]] (Source: file:/TESTCASE )
2025-09-21T13:28:37.783928600 LSTERROR Test worker AbstractTokenTestCase:246 Failed in parsing subtoken: SPELLS of QUALIFIED[TestWP2||CLASSLIST=Foo]] (Source: file:/TESTCASE )
2025-09-21T13:28:37.783928600 LSTERROR Test worker AbstractTokenTestCase:246 Illegal CHOOSE subtoken 'SPELLS' 'QUALIFIED[TestWP2||CLASSLIST=Foo]]' for pcgen.core.Race TestObj (Source: file:/TESTCASE )
2025-09-21T13:28:37.783928600 LSTERROR Test worker AbstractTokenTestCase:246 Choice argument was not valid: QUALIFIED[TYPE=Foo]CLASSLIST=Foo
2025-09-21T13:28:37.783928600 LSTERROR Test worker AbstractTokenTestCase:246 Internal error. (Source: file:/TESTCASE )
2025-09-21T13:28:37.783928600 LSTERROR Test worker AbstractTokenTestCase:246 Failed in parsing subtoken: SPELLS of QUALIFIED[TYPE=Foo]CLASSLIST=Foo (Source: file:/TESTCASE )
2025-09-21T13:28:37.783928600 LSTERROR Test worker AbstractTokenTestCase:246 Illegal CHOOSE subtoken 'SPELLS' 'QUALIFIED[TYPE=Foo]CLASSLIST=Foo' for pcgen.core.Race TestObj (Source: file:/TESTCASE )
2025-09-21T13:28:37.783928600 LSTERROR Test worker AbstractTokenTestCase:246 Choice arguments may not end with , : CLASSLIST=Foo,
2025-09-21T13:28:37.783928600 LSTERROR Test worker AbstractTokenTestCase:246 Failed in parsing typeStr: QUALIFIED[CLASSLIST=Foo,]
2025-09-21T13:28:37.783928600 LSTERROR Test worker AbstractTokenTestCase:246 Choice argument was not valid: QUALIFIED[CLASSLIST=Foo,]
2025-09-21T13:28:37.799724100 LSTERROR Test worker AbstractTokenTestCase:246 Internal error. (Source: file:/TESTCASE )
2025-09-21T13:28:37.799724100 LSTERROR Test worker AbstractTokenTestCase:246 Failed in parsing subtoken: SPELLS of QUALIFIED[CLASSLIST=Foo,] (Source: file:/TESTCASE )
2025-09-21T13:28:37.799724100 LSTERROR Test worker AbstractTokenTestCase:246 Illegal CHOOSE subtoken 'SPELLS' 'QUALIFIED[CLASSLIST=Foo,]' for pcgen.core.Race TestObj (Source: file:/TESTCASE )
2025-09-21T13:28:37.799724100 LSTERROR Test worker AbstractTokenTestCase:246 Choice arguments uses double separator ,, : QUALIFIED[TYPE=Foo,,CLASSLIST=Foo]
2025-09-21T13:28:37.799724100 LSTERROR Test worker AbstractTokenTestCase:246 Internal error. (Source: file:/TESTCASE )
2025-09-21T13:28:37.799724100 LSTERROR Test worker AbstractTokenTestCase:246 Failed in parsing subtoken: SPELLS of QUALIFIED[TYPE=Foo,,CLASSLIST=Foo] (Source: file:/TESTCASE )
2025-09-21T13:28:37.799724100 LSTERROR Test worker AbstractTokenTestCase:246 Illegal CHOOSE subtoken 'SPELLS' 'QUALIFIED[TYPE=Foo,,CLASSLIST=Foo]' for pcgen.core.Race TestObj (Source: file:/TESTCASE )
2025-09-21T13:28:37.799724100 LSTERROR Test worker AbstractTokenTestCase:246 SPELLS arguments uses double separator || : QUALIFIED[TestWP3||CLASSLIST=Foo] (Source: file:/TESTCASE )
2025-09-21T13:28:37.799724100 LSTERROR Test worker AbstractTokenTestCase:246 Failed in parsing subtoken: SPELLS of QUALIFIED[TestWP3||CLASSLIST=Foo] (Source: file:/TESTCASE )
2025-09-21T13:28:37.799724100 LSTERROR Test worker AbstractTokenTestCase:246 Illegal CHOOSE subtoken 'SPELLS' 'QUALIFIED[TestWP3||CLASSLIST=Foo]' for pcgen.core.Race TestObj (Source: file:/TESTCASE )
2025-09-21T13:28:37.799724100 LSTERROR Test worker AbstractTokenTestCase:246 Choice argument was not valid: QUALIFIED[TYPE=Foo]CLASSLIST=Foo
2025-09-21T13:28:37.799724100 LSTERROR Test worker AbstractTokenTestCase:246 Internal error. (Source: file:/TESTCASE )
2025-09-21T13:28:37.799724100 LSTERROR Test worker AbstractTokenTestCase:246 Failed in parsing subtoken: SPELLS of QUALIFIED[TYPE=Foo]CLASSLIST=Foo,TYPE=Bar (Source: file:/TESTCASE )
2025-09-21T13:28:37.799724100 LSTERROR Test worker AbstractTokenTestCase:246 Illegal CHOOSE subtoken 'SPELLS' 'QUALIFIED[TYPE=Foo]CLASSLIST=Foo,TYPE=Bar' for pcgen.core.Race TestObj (Source: file:/TESTCASE )
</pre>
</span>
</div>
</div>
<div id="footer">
<p>
<div>
<label class="hidden" id="label-for-line-wrapping-toggle" for="line-wrapping-toggle">Wrap lines
<input id="line-wrapping-toggle" type="checkbox" autocomplete="off"/>
</label>
</div>Generated by 
<a href="http://www.gradle.org">Gradle 8.10.2</a> at Sep 21, 2025, 9:28:52AM</p>
</div>
</div>
</body>
</html>
