<!DOCTYPE html>
<html>
<head>
<meta http-equiv="Content-Type" content="text/html; charset=utf-8"/>
<meta http-equiv="x-ua-compatible" content="IE=edge"/>
<title>Test results - ClassTokenTest</title>
<link href="../css/base-style.css" rel="stylesheet" type="text/css"/>
<link href="../css/style.css" rel="stylesheet" type="text/css"/>
<script src="../js/report.js" type="text/javascript"></script>
</head>
<body>
<div id="content">
<h1>ClassTokenTest</h1>
<div class="breadcrumbs">
<a href="../index.html">all</a> &gt; 
<a href="../packages/plugin.primitive.pcclass.html">plugin.primitive.pcclass</a> &gt; ClassTokenTest</div>
<div id="summary">
<table>
<tr>
<td>
<div class="summaryGroup">
<table>
<tr>
<td>
<div class="infoBox" id="tests">
<div class="counter">21</div>
<p>tests</p>
</div>
</td>
<td>
<div class="infoBox" id="failures">
<div class="counter">0</div>
<p>failures</p>
</div>
</td>
<td>
<div class="infoBox" id="ignored">
<div class="counter">0</div>
<p>ignored</p>
</div>
</td>
<td>
<div class="infoBox" id="duration">
<div class="counter">0.106s</div>
<p>duration</p>
</div>
</td>
</tr>
</table>
</div>
</td>
<td>
<div class="infoBox success" id="successRate">
<div class="percent">100%</div>
<p>successful</p>
</div>
</td>
</tr>
</table>
</div>
<div id="tabs">
<ul class="tabLinks">
<li>
<a href="#tab0">Tests</a>
</li>
<li>
<a href="#tab1">Standard error</a>
</li>
</ul>
<div id="tab0" class="tab">
<h2>Tests</h2>
<table>
<thead>
<tr>
<th>Test</th>
<th>Duration</th>
<th>Result</th>
</tr>
</thead>
<tr>
<td class="success">testAllNoSideEffect()</td>
<td class="success">0.005s</td>
<td class="success">passed</td>
</tr>
<tr>
<td class="success">testCommaPrimitive()</td>
<td class="success">0.004s</td>
<td class="success">passed</td>
</tr>
<tr>
<td class="success">testDotPrimitive()</td>
<td class="success">0.008s</td>
<td class="success">passed</td>
</tr>
<tr>
<td class="success">testGoodBadNoSideEffect()</td>
<td class="success">0.004s</td>
<td class="success">passed</td>
</tr>
<tr>
<td class="success">testNoStackTrace()</td>
<td class="success">0.001s</td>
<td class="success">passed</td>
</tr>
<tr>
<td class="success">testOverwrite()</td>
<td class="success">0.002s</td>
<td class="success">passed</td>
</tr>
<tr>
<td class="success">testPipePrimitive()</td>
<td class="success">0.009s</td>
<td class="success">passed</td>
</tr>
<tr>
<td class="success">testPrimitiveAll1()</td>
<td class="success">0.009s</td>
<td class="success">passed</td>
</tr>
<tr>
<td class="success">testPrimitiveAll2()</td>
<td class="success">0.010s</td>
<td class="success">passed</td>
</tr>
<tr>
<td class="success">testPrimitiveComma()</td>
<td class="success">0.004s</td>
<td class="success">passed</td>
</tr>
<tr>
<td class="success">testPrimitiveDoubleComma()</td>
<td class="success">0.003s</td>
<td class="success">passed</td>
</tr>
<tr>
<td class="success">testPrimitiveDoublePipe()</td>
<td class="success">0.002s</td>
<td class="success">passed</td>
</tr>
<tr>
<td class="success">testPrimitiveEquals()</td>
<td class="success">0.006s</td>
<td class="success">passed</td>
</tr>
<tr>
<td class="success">testPrimitiveGood()</td>
<td class="success">0.004s</td>
<td class="success">passed</td>
</tr>
<tr>
<td class="success">testPrimitivePipe()</td>
<td class="success">0.002s</td>
<td class="success">passed</td>
</tr>
<tr>
<td class="success">testPrimitiveTypeBadSyntax()</td>
<td class="success">0.008s</td>
<td class="success">passed</td>
</tr>
<tr>
<td class="success">testPrimitiveTypeCommaBadSyntax()</td>
<td class="success">0.006s</td>
<td class="success">passed</td>
</tr>
<tr>
<td class="success">testPrimitiveTypePipeBadSyntax()</td>
<td class="success">0.006s</td>
<td class="success">passed</td>
</tr>
<tr>
<td class="success">testPrimitiveUsedAsQualifier()</td>
<td class="success">0.007s</td>
<td class="success">passed</td>
</tr>
<tr>
<td class="success">testQualifiedPrimitiveGood()</td>
<td class="success">0.003s</td>
<td class="success">passed</td>
</tr>
<tr>
<td class="success">testTypePrimitiveBadSyntax()</td>
<td class="success">0.003s</td>
<td class="success">passed</td>
</tr>
</table>
</div>
<div id="tab1" class="tab">
<h2>Standard error</h2>
<span class="code">
<pre>2025-09-21T13:28:36.894672400 SEVERE Test worker ChoiceSetLoadUtilities:323 Didn't expect tokRestriction on QUALIFIED here: |CLASS=Channeler
2025-09-21T13:28:36.894672400 LSTERROR Test worker AbstractTokenTestCase:246 LANG arguments uses double separator || : QUALIFIED[TestWP2||LANGBONUS]] (Source: file:/TESTCASE )
2025-09-21T13:28:36.894672400 LSTERROR Test worker AbstractTokenTestCase:246 Failed in parsing subtoken: LANG of QUALIFIED[TestWP2||LANGBONUS]] (Source: file:/TESTCASE )
2025-09-21T13:28:36.894672400 LSTERROR Test worker AbstractTokenTestCase:246 Illegal CHOOSE subtoken 'LANG' 'QUALIFIED[TestWP2||LANGBONUS]]' for pcgen.core.Race TestObj (Source: file:/TESTCASE )
2025-09-21T13:28:36.894672400 LSTERROR Test worker AbstractTokenTestCase:246 Choice argument was not valid: QUALIFIED[TYPE=Foo]LANGBONUS
2025-09-21T13:28:36.894672400 LSTERROR Test worker AbstractTokenTestCase:246 Internal error. (Source: file:/TESTCASE )
2025-09-21T13:28:36.894672400 LSTERROR Test worker AbstractTokenTestCase:246 Failed in parsing subtoken: LANG of QUALIFIED[TYPE=Foo]LANGBONUS (Source: file:/TESTCASE )
2025-09-21T13:28:36.894672400 LSTERROR Test worker AbstractTokenTestCase:246 Illegal CHOOSE subtoken 'LANG' 'QUALIFIED[TYPE=Foo]LANGBONUS' for pcgen.core.Race TestObj (Source: file:/TESTCASE )
2025-09-21T13:28:36.894672400 LSTERROR Test worker AbstractTokenTestCase:246 Choice arguments may not end with , : LANGBONUS,
2025-09-21T13:28:36.894672400 LSTERROR Test worker AbstractTokenTestCase:246 Failed in parsing typeStr: QUALIFIED[LANGBONUS,]
2025-09-21T13:28:36.894672400 LSTERROR Test worker AbstractTokenTestCase:246 Choice argument was not valid: QUALIFIED[LANGBONUS,]
2025-09-21T13:28:36.894672400 LSTERROR Test worker AbstractTokenTestCase:246 Internal error. (Source: file:/TESTCASE )
2025-09-21T13:28:36.894672400 LSTERROR Test worker AbstractTokenTestCase:246 Failed in parsing subtoken: LANG of QUALIFIED[LANGBONUS,] (Source: file:/TESTCASE )
2025-09-21T13:28:36.894672400 LSTERROR Test worker AbstractTokenTestCase:246 Illegal CHOOSE subtoken 'LANG' 'QUALIFIED[LANGBONUS,]' for pcgen.core.Race TestObj (Source: file:/TESTCASE )
2025-09-21T13:28:36.910548300 LSTERROR Test worker AbstractTokenTestCase:246 Choice arguments uses double separator ,, : QUALIFIED[TYPE=Foo,,LANGBONUS]
2025-09-21T13:28:36.910548300 LSTERROR Test worker AbstractTokenTestCase:246 Internal error. (Source: file:/TESTCASE )
2025-09-21T13:28:36.910548300 LSTERROR Test worker AbstractTokenTestCase:246 Failed in parsing subtoken: LANG of QUALIFIED[TYPE=Foo,,LANGBONUS] (Source: file:/TESTCASE )
2025-09-21T13:28:36.910548300 LSTERROR Test worker AbstractTokenTestCase:246 Illegal CHOOSE subtoken 'LANG' 'QUALIFIED[TYPE=Foo,,LANGBONUS]' for pcgen.core.Race TestObj (Source: file:/TESTCASE )
2025-09-21T13:28:36.910548300 LSTERROR Test worker AbstractTokenTestCase:246 LANG arguments uses double separator || : QUALIFIED[TestWP3||LANGBONUS] (Source: file:/TESTCASE )
2025-09-21T13:28:36.910548300 LSTERROR Test worker AbstractTokenTestCase:246 Failed in parsing subtoken: LANG of QUALIFIED[TestWP3||LANGBONUS] (Source: file:/TESTCASE )
2025-09-21T13:28:36.910548300 LSTERROR Test worker AbstractTokenTestCase:246 Illegal CHOOSE subtoken 'LANG' 'QUALIFIED[TestWP3||LANGBONUS]' for pcgen.core.Race TestObj (Source: file:/TESTCASE )
2025-09-21T13:28:36.910548300 LSTERROR Test worker AbstractTokenTestCase:246 Choice argument was not valid: QUALIFIED[TYPE=Foo]LANGBONUS
2025-09-21T13:28:36.910548300 LSTERROR Test worker AbstractTokenTestCase:246 Internal error. (Source: file:/TESTCASE )
2025-09-21T13:28:36.910548300 LSTERROR Test worker AbstractTokenTestCase:246 Failed in parsing subtoken: LANG of QUALIFIED[TYPE=Foo]LANGBONUS,TYPE=Bar (Source: file:/TESTCASE )
2025-09-21T13:28:36.910548300 LSTERROR Test worker AbstractTokenTestCase:246 Illegal CHOOSE subtoken 'LANG' 'QUALIFIED[TYPE=Foo]LANGBONUS,TYPE=Bar' for pcgen.core.Race TestObj (Source: file:/TESTCASE )
2025-09-21T13:28:36.910548300 LSTERROR Test worker AbstractTokenTestCase:246 Choice arguments may not start with | : |CLASS=Channeler
2025-09-21T13:28:36.910548300 LSTERROR Test worker AbstractTokenTestCase:246 Failed in parsing typeStr: QUALIFIED[|CLASS=Channeler]
2025-09-21T13:28:36.910548300 LSTERROR Test worker AbstractTokenTestCase:246 Choice argument was not valid: QUALIFIED[|CLASS=Channeler]
2025-09-21T13:28:36.910548300 LSTERROR Test worker AbstractTokenTestCase:246 Internal error. (Source: file:/TESTCASE )
2025-09-21T13:28:36.910548300 LSTERROR Test worker AbstractTokenTestCase:246 Failed in parsing subtoken: CLASS of QUALIFIED[|CLASS=Channeler] (Source: file:/TESTCASE )
2025-09-21T13:28:36.910548300 LSTERROR Test worker AbstractTokenTestCase:246 Illegal CHOOSE subtoken 'CLASS' 'QUALIFIED[|CLASS=Channeler]' for pcgen.core.Race TestObj (Source: file:/TESTCASE )
2025-09-21T13:28:36.910548300 SEVERE Test worker ChoiceSetLoadUtilities:418 Found error in Qualifier Choice: QUALIFIED[CLASS=Channeler]TYPE=Foo had close bracket, but had characters following the close bracket
2025-09-21T13:28:36.910548300 SEVERE Test worker ChoiceSetLoadUtilities:254 Found error in Primitive Choice: QUALIFIED[CLASS=Channeler]TYPE=Foo had close bracket, but had characters following the close bracket
2025-09-21T13:28:36.910548300 LSTERROR Test worker AbstractTokenTestCase:246 LANG arguments uses double separator || : QUALIFIED[TestWP2||LANGBONUS]] (Source: file:/TESTCASE )
2025-09-21T13:28:36.910548300 LSTERROR Test worker AbstractTokenTestCase:246 Failed in parsing subtoken: LANG of QUALIFIED[TestWP2||LANGBONUS]] (Source: file:/TESTCASE )
2025-09-21T13:28:36.910548300 LSTERROR Test worker AbstractTokenTestCase:246 Illegal CHOOSE subtoken 'LANG' 'QUALIFIED[TestWP2||LANGBONUS]]' for pcgen.core.Race TestObj (Source: file:/TESTCASE )
2025-09-21T13:28:36.910548300 LSTERROR Test worker AbstractTokenTestCase:246 Choice argument was not valid: QUALIFIED[TYPE=Foo]LANGBONUS
2025-09-21T13:28:36.910548300 LSTERROR Test worker AbstractTokenTestCase:246 Internal error. (Source: file:/TESTCASE )
2025-09-21T13:28:36.910548300 LSTERROR Test worker AbstractTokenTestCase:246 Failed in parsing subtoken: LANG of QUALIFIED[TYPE=Foo]LANGBONUS (Source: file:/TESTCASE )
2025-09-21T13:28:36.910548300 LSTERROR Test worker AbstractTokenTestCase:246 Illegal CHOOSE subtoken 'LANG' 'QUALIFIED[TYPE=Foo]LANGBONUS' for pcgen.core.Race TestObj (Source: file:/TESTCASE )
2025-09-21T13:28:36.910548300 LSTERROR Test worker AbstractTokenTestCase:246 Choice arguments may not end with , : LANGBONUS,
2025-09-21T13:28:36.910548300 LSTERROR Test worker AbstractTokenTestCase:246 Failed in parsing typeStr: QUALIFIED[LANGBONUS,]
2025-09-21T13:28:36.910548300 LSTERROR Test worker AbstractTokenTestCase:246 Choice argument was not valid: QUALIFIED[LANGBONUS,]
2025-09-21T13:28:36.910548300 LSTERROR Test worker AbstractTokenTestCase:246 Internal error. (Source: file:/TESTCASE )
2025-09-21T13:28:36.910548300 LSTERROR Test worker AbstractTokenTestCase:246 Failed in parsing subtoken: LANG of QUALIFIED[LANGBONUS,] (Source: file:/TESTCASE )
2025-09-21T13:28:36.910548300 LSTERROR Test worker AbstractTokenTestCase:246 Illegal CHOOSE subtoken 'LANG' 'QUALIFIED[LANGBONUS,]' for pcgen.core.Race TestObj (Source: file:/TESTCASE )
2025-09-21T13:28:36.910548300 LSTERROR Test worker AbstractTokenTestCase:246 Choice arguments uses double separator ,, : QUALIFIED[TYPE=Foo,,LANGBONUS]
2025-09-21T13:28:36.910548300 LSTERROR Test worker AbstractTokenTestCase:246 Internal error. (Source: file:/TESTCASE )
2025-09-21T13:28:36.910548300 LSTERROR Test worker AbstractTokenTestCase:246 Failed in parsing subtoken: LANG of QUALIFIED[TYPE=Foo,,LANGBONUS] (Source: file:/TESTCASE )
2025-09-21T13:28:36.910548300 LSTERROR Test worker AbstractTokenTestCase:246 Illegal CHOOSE subtoken 'LANG' 'QUALIFIED[TYPE=Foo,,LANGBONUS]' for pcgen.core.Race TestObj (Source: file:/TESTCASE )
2025-09-21T13:28:36.910548300 LSTERROR Test worker AbstractTokenTestCase:246 LANG arguments uses double separator || : QUALIFIED[TestWP3||LANGBONUS] (Source: file:/TESTCASE )
2025-09-21T13:28:36.910548300 LSTERROR Test worker AbstractTokenTestCase:246 Failed in parsing subtoken: LANG of QUALIFIED[TestWP3||LANGBONUS] (Source: file:/TESTCASE )
2025-09-21T13:28:36.910548300 LSTERROR Test worker AbstractTokenTestCase:246 Illegal CHOOSE subtoken 'LANG' 'QUALIFIED[TestWP3||LANGBONUS]' for pcgen.core.Race TestObj (Source: file:/TESTCASE )
2025-09-21T13:28:36.910548300 LSTERROR Test worker AbstractTokenTestCase:246 Choice argument was not valid: QUALIFIED[TYPE=Foo]LANGBONUS
2025-09-21T13:28:36.910548300 LSTERROR Test worker AbstractTokenTestCase:246 Internal error. (Source: file:/TESTCASE )
2025-09-21T13:28:36.910548300 LSTERROR Test worker AbstractTokenTestCase:246 Failed in parsing subtoken: LANG of QUALIFIED[TYPE=Foo]LANGBONUS,TYPE=Bar (Source: file:/TESTCASE )
2025-09-21T13:28:36.910548300 LSTERROR Test worker AbstractTokenTestCase:246 Illegal CHOOSE subtoken 'LANG' 'QUALIFIED[TYPE=Foo]LANGBONUS,TYPE=Bar' for pcgen.core.Race TestObj (Source: file:/TESTCASE )
2025-09-21T13:28:36.910548300 LSTERROR Test worker AbstractTokenTestCase:246 Choice arguments may not start with | : |CLASS=Channeler
2025-09-21T13:28:36.910548300 LSTERROR Test worker AbstractTokenTestCase:246 Failed in parsing typeStr: QUALIFIED[|CLASS=Channeler]
2025-09-21T13:28:36.910548300 LSTERROR Test worker AbstractTokenTestCase:246 Choice argument was not valid: QUALIFIED[|CLASS=Channeler]
2025-09-21T13:28:36.910548300 LSTERROR Test worker AbstractTokenTestCase:246 Internal error. (Source: file:/TESTCASE )
2025-09-21T13:28:36.910548300 LSTERROR Test worker AbstractTokenTestCase:246 Failed in parsing subtoken: CLASS of QUALIFIED[|CLASS=Channeler] (Source: file:/TESTCASE )
2025-09-21T13:28:36.910548300 LSTERROR Test worker AbstractTokenTestCase:246 Illegal CHOOSE subtoken 'CLASS' 'QUALIFIED[|CLASS=Channeler]' for pcgen.core.Race TestObj (Source: file:/TESTCASE )
2025-09-21T13:28:36.910548300 LSTERROR Test worker AbstractTokenTestCase:246 Choice argument was not valid: QUALIFIED[CLASS=Channeler]TYPE=Foo
2025-09-21T13:28:36.910548300 LSTERROR Test worker AbstractTokenTestCase:246 Internal error. (Source: file:/TESTCASE )
2025-09-21T13:28:36.910548300 LSTERROR Test worker AbstractTokenTestCase:246 Failed in parsing subtoken: CLASS of QUALIFIED[CLASS=Channeler]TYPE=Foo (Source: file:/TESTCASE )
2025-09-21T13:28:36.910548300 LSTERROR Test worker AbstractTokenTestCase:246 Illegal CHOOSE subtoken 'CLASS' 'QUALIFIED[CLASS=Channeler]TYPE=Foo' for pcgen.core.Race TestObj (Source: file:/TESTCASE )
2025-09-21T13:28:36.910548300 SEVERE Test worker ChoiceSetLoadUtilities:342 Didn't expect Arguments here: Channeler was found in TestWP1.CLASS=Channeler
2025-09-21T13:28:36.910548300 LSTERROR Test worker AbstractTokenTestCase:246 LANG arguments uses double separator || : QUALIFIED[TestWP2||LANGBONUS]] (Source: file:/TESTCASE )
2025-09-21T13:28:36.910548300 LSTERROR Test worker AbstractTokenTestCase:246 Failed in parsing subtoken: LANG of QUALIFIED[TestWP2||LANGBONUS]] (Source: file:/TESTCASE )
2025-09-21T13:28:36.910548300 LSTERROR Test worker AbstractTokenTestCase:246 Illegal CHOOSE subtoken 'LANG' 'QUALIFIED[TestWP2||LANGBONUS]]' for pcgen.core.Race TestObj (Source: file:/TESTCASE )
2025-09-21T13:28:36.926205700 LSTERROR Test worker AbstractTokenTestCase:246 Choice argument was not valid: QUALIFIED[TYPE=Foo]LANGBONUS
2025-09-21T13:28:36.926205700 LSTERROR Test worker AbstractTokenTestCase:246 Internal error. (Source: file:/TESTCASE )
2025-09-21T13:28:36.926205700 LSTERROR Test worker AbstractTokenTestCase:246 Failed in parsing subtoken: LANG of QUALIFIED[TYPE=Foo]LANGBONUS (Source: file:/TESTCASE )
2025-09-21T13:28:36.926205700 LSTERROR Test worker AbstractTokenTestCase:246 Illegal CHOOSE subtoken 'LANG' 'QUALIFIED[TYPE=Foo]LANGBONUS' for pcgen.core.Race TestObj (Source: file:/TESTCASE )
2025-09-21T13:28:36.926205700 LSTERROR Test worker AbstractTokenTestCase:246 Choice arguments may not end with , : LANGBONUS,
2025-09-21T13:28:36.926205700 LSTERROR Test worker AbstractTokenTestCase:246 Failed in parsing typeStr: QUALIFIED[LANGBONUS,]
2025-09-21T13:28:36.926205700 LSTERROR Test worker AbstractTokenTestCase:246 Choice argument was not valid: QUALIFIED[LANGBONUS,]
2025-09-21T13:28:36.926205700 LSTERROR Test worker AbstractTokenTestCase:246 Internal error. (Source: file:/TESTCASE )
2025-09-21T13:28:36.926205700 LSTERROR Test worker AbstractTokenTestCase:246 Failed in parsing subtoken: LANG of QUALIFIED[LANGBONUS,] (Source: file:/TESTCASE )
2025-09-21T13:28:36.926205700 LSTERROR Test worker AbstractTokenTestCase:246 Illegal CHOOSE subtoken 'LANG' 'QUALIFIED[LANGBONUS,]' for pcgen.core.Race TestObj (Source: file:/TESTCASE )
2025-09-21T13:28:36.926205700 LSTERROR Test worker AbstractTokenTestCase:246 Choice arguments uses double separator ,, : QUALIFIED[TYPE=Foo,,LANGBONUS]
2025-09-21T13:28:36.926205700 LSTERROR Test worker AbstractTokenTestCase:246 Internal error. (Source: file:/TESTCASE )
2025-09-21T13:28:36.926205700 LSTERROR Test worker AbstractTokenTestCase:246 Failed in parsing subtoken: LANG of QUALIFIED[TYPE=Foo,,LANGBONUS] (Source: file:/TESTCASE )
2025-09-21T13:28:36.926205700 LSTERROR Test worker AbstractTokenTestCase:246 Illegal CHOOSE subtoken 'LANG' 'QUALIFIED[TYPE=Foo,,LANGBONUS]' for pcgen.core.Race TestObj (Source: file:/TESTCASE )
2025-09-21T13:28:36.926205700 LSTERROR Test worker AbstractTokenTestCase:246 LANG arguments uses double separator || : QUALIFIED[TestWP3||LANGBONUS] (Source: file:/TESTCASE )
2025-09-21T13:28:36.926205700 LSTERROR Test worker AbstractTokenTestCase:246 Failed in parsing subtoken: LANG of QUALIFIED[TestWP3||LANGBONUS] (Source: file:/TESTCASE )
2025-09-21T13:28:36.926205700 LSTERROR Test worker AbstractTokenTestCase:246 Illegal CHOOSE subtoken 'LANG' 'QUALIFIED[TestWP3||LANGBONUS]' for pcgen.core.Race TestObj (Source: file:/TESTCASE )
2025-09-21T13:28:36.926205700 LSTERROR Test worker AbstractTokenTestCase:246 Choice argument was not valid: QUALIFIED[TYPE=Foo]LANGBONUS
2025-09-21T13:28:36.926205700 LSTERROR Test worker AbstractTokenTestCase:246 Internal error. (Source: file:/TESTCASE )
2025-09-21T13:28:36.926205700 LSTERROR Test worker AbstractTokenTestCase:246 Failed in parsing subtoken: LANG of QUALIFIED[TYPE=Foo]LANGBONUS,TYPE=Bar (Source: file:/TESTCASE )
2025-09-21T13:28:36.926205700 LSTERROR Test worker AbstractTokenTestCase:246 Illegal CHOOSE subtoken 'LANG' 'QUALIFIED[TYPE=Foo]LANGBONUS,TYPE=Bar' for pcgen.core.Race TestObj (Source: file:/TESTCASE )
2025-09-21T13:28:36.926205700 LSTERROR Test worker AbstractTokenTestCase:246 Choice arguments may not start with | : |CLASS=Channeler
2025-09-21T13:28:36.926205700 LSTERROR Test worker AbstractTokenTestCase:246 Failed in parsing typeStr: QUALIFIED[|CLASS=Channeler]
2025-09-21T13:28:36.926205700 LSTERROR Test worker AbstractTokenTestCase:246 Choice argument was not valid: QUALIFIED[|CLASS=Channeler]
2025-09-21T13:28:36.926205700 LSTERROR Test worker AbstractTokenTestCase:246 Internal error. (Source: file:/TESTCASE )
2025-09-21T13:28:36.926205700 LSTERROR Test worker AbstractTokenTestCase:246 Failed in parsing subtoken: CLASS of QUALIFIED[|CLASS=Channeler] (Source: file:/TESTCASE )
2025-09-21T13:28:36.926205700 LSTERROR Test worker AbstractTokenTestCase:246 Illegal CHOOSE subtoken 'CLASS' 'QUALIFIED[|CLASS=Channeler]' for pcgen.core.Race TestObj (Source: file:/TESTCASE )
2025-09-21T13:28:36.926205700 LSTERROR Test worker AbstractTokenTestCase:246 Choice argument was not valid: QUALIFIED[CLASS=Channeler]TYPE=Foo
2025-09-21T13:28:36.926205700 LSTERROR Test worker AbstractTokenTestCase:246 Internal error. (Source: file:/TESTCASE )
2025-09-21T13:28:36.926205700 LSTERROR Test worker AbstractTokenTestCase:246 Failed in parsing subtoken: CLASS of QUALIFIED[CLASS=Channeler]TYPE=Foo (Source: file:/TESTCASE )
2025-09-21T13:28:36.926205700 LSTERROR Test worker AbstractTokenTestCase:246 Illegal CHOOSE subtoken 'CLASS' 'QUALIFIED[CLASS=Channeler]TYPE=Foo' for pcgen.core.Race TestObj (Source: file:/TESTCASE )
2025-09-21T13:28:36.926205700 LSTERROR Test worker AbstractTokenTestCase:246 Token generated an IllegalArgumentException: = cannot be a in valid single item (perhaps something like TYPE= is not supported in this token?): TestWP1.CLASS=Channeler
2025-09-21T13:28:36.926205700 LSTERROR Test worker AbstractTokenTestCase:246 Token processing failed (Source: file:/TESTCASE )
2025-09-21T13:28:36.926205700 SEVERE Test worker GroupingState:213 Attempt to add 'ALLOWS_NONE' grouping state to 'ANY' resulted in 'INVALID'.
2025-09-21T13:28:36.926205700 LSTERROR Test worker AbstractTokenTestCase:246 LANG arguments uses double separator || : QUALIFIED[TestWP2||LANGBONUS]] (Source: file:/TESTCASE )
2025-09-21T13:28:36.926205700 LSTERROR Test worker AbstractTokenTestCase:246 Failed in parsing subtoken: LANG of QUALIFIED[TestWP2||LANGBONUS]] (Source: file:/TESTCASE )
2025-09-21T13:28:36.926205700 LSTERROR Test worker AbstractTokenTestCase:246 Illegal CHOOSE subtoken 'LANG' 'QUALIFIED[TestWP2||LANGBONUS]]' for pcgen.core.Race TestObj (Source: file:/TESTCASE )
2025-09-21T13:28:36.926205700 LSTERROR Test worker AbstractTokenTestCase:246 Choice argument was not valid: QUALIFIED[TYPE=Foo]LANGBONUS
2025-09-21T13:28:36.926205700 LSTERROR Test worker AbstractTokenTestCase:246 Internal error. (Source: file:/TESTCASE )
2025-09-21T13:28:36.926205700 LSTERROR Test worker AbstractTokenTestCase:246 Failed in parsing subtoken: LANG of QUALIFIED[TYPE=Foo]LANGBONUS (Source: file:/TESTCASE )
2025-09-21T13:28:36.926205700 LSTERROR Test worker AbstractTokenTestCase:246 Illegal CHOOSE subtoken 'LANG' 'QUALIFIED[TYPE=Foo]LANGBONUS' for pcgen.core.Race TestObj (Source: file:/TESTCASE )
2025-09-21T13:28:36.926205700 LSTERROR Test worker AbstractTokenTestCase:246 Choice arguments may not end with , : LANGBONUS,
2025-09-21T13:28:36.926205700 LSTERROR Test worker AbstractTokenTestCase:246 Failed in parsing typeStr: QUALIFIED[LANGBONUS,]
2025-09-21T13:28:36.926205700 LSTERROR Test worker AbstractTokenTestCase:246 Choice argument was not valid: QUALIFIED[LANGBONUS,]
2025-09-21T13:28:36.926205700 LSTERROR Test worker AbstractTokenTestCase:246 Internal error. (Source: file:/TESTCASE )
2025-09-21T13:28:36.926205700 LSTERROR Test worker AbstractTokenTestCase:246 Failed in parsing subtoken: LANG of QUALIFIED[LANGBONUS,] (Source: file:/TESTCASE )
2025-09-21T13:28:36.926205700 LSTERROR Test worker AbstractTokenTestCase:246 Illegal CHOOSE subtoken 'LANG' 'QUALIFIED[LANGBONUS,]' for pcgen.core.Race TestObj (Source: file:/TESTCASE )
2025-09-21T13:28:36.926205700 LSTERROR Test worker AbstractTokenTestCase:246 Choice arguments uses double separator ,, : QUALIFIED[TYPE=Foo,,LANGBONUS]
2025-09-21T13:28:36.926205700 LSTERROR Test worker AbstractTokenTestCase:246 Internal error. (Source: file:/TESTCASE )
2025-09-21T13:28:36.926205700 LSTERROR Test worker AbstractTokenTestCase:246 Failed in parsing subtoken: LANG of QUALIFIED[TYPE=Foo,,LANGBONUS] (Source: file:/TESTCASE )
2025-09-21T13:28:36.926205700 LSTERROR Test worker AbstractTokenTestCase:246 Illegal CHOOSE subtoken 'LANG' 'QUALIFIED[TYPE=Foo,,LANGBONUS]' for pcgen.core.Race TestObj (Source: file:/TESTCASE )
2025-09-21T13:28:36.926205700 LSTERROR Test worker AbstractTokenTestCase:246 LANG arguments uses double separator || : QUALIFIED[TestWP3||LANGBONUS] (Source: file:/TESTCASE )
2025-09-21T13:28:36.926205700 LSTERROR Test worker AbstractTokenTestCase:246 Failed in parsing subtoken: LANG of QUALIFIED[TestWP3||LANGBONUS] (Source: file:/TESTCASE )
2025-09-21T13:28:36.926205700 LSTERROR Test worker AbstractTokenTestCase:246 Illegal CHOOSE subtoken 'LANG' 'QUALIFIED[TestWP3||LANGBONUS]' for pcgen.core.Race TestObj (Source: file:/TESTCASE )
2025-09-21T13:28:36.926205700 LSTERROR Test worker AbstractTokenTestCase:246 Choice argument was not valid: QUALIFIED[TYPE=Foo]LANGBONUS
2025-09-21T13:28:36.926205700 LSTERROR Test worker AbstractTokenTestCase:246 Internal error. (Source: file:/TESTCASE )
2025-09-21T13:28:36.926205700 LSTERROR Test worker AbstractTokenTestCase:246 Failed in parsing subtoken: LANG of QUALIFIED[TYPE=Foo]LANGBONUS,TYPE=Bar (Source: file:/TESTCASE )
2025-09-21T13:28:36.926205700 LSTERROR Test worker AbstractTokenTestCase:246 Illegal CHOOSE subtoken 'LANG' 'QUALIFIED[TYPE=Foo]LANGBONUS,TYPE=Bar' for pcgen.core.Race TestObj (Source: file:/TESTCASE )
2025-09-21T13:28:36.926205700 LSTERROR Test worker AbstractTokenTestCase:246 Choice arguments may not start with | : |CLASS=Channeler
2025-09-21T13:28:36.926205700 LSTERROR Test worker AbstractTokenTestCase:246 Failed in parsing typeStr: QUALIFIED[|CLASS=Channeler]
2025-09-21T13:28:36.926205700 LSTERROR Test worker AbstractTokenTestCase:246 Choice argument was not valid: QUALIFIED[|CLASS=Channeler]
2025-09-21T13:28:36.926205700 LSTERROR Test worker AbstractTokenTestCase:246 Internal error. (Source: file:/TESTCASE )
2025-09-21T13:28:36.926205700 LSTERROR Test worker AbstractTokenTestCase:246 Failed in parsing subtoken: CLASS of QUALIFIED[|CLASS=Channeler] (Source: file:/TESTCASE )
2025-09-21T13:28:36.926205700 LSTERROR Test worker AbstractTokenTestCase:246 Illegal CHOOSE subtoken 'CLASS' 'QUALIFIED[|CLASS=Channeler]' for pcgen.core.Race TestObj (Source: file:/TESTCASE )
2025-09-21T13:28:36.926205700 LSTERROR Test worker AbstractTokenTestCase:246 Choice argument was not valid: QUALIFIED[CLASS=Channeler]TYPE=Foo
2025-09-21T13:28:36.926205700 LSTERROR Test worker AbstractTokenTestCase:246 Internal error. (Source: file:/TESTCASE )
2025-09-21T13:28:36.926205700 LSTERROR Test worker AbstractTokenTestCase:246 Failed in parsing subtoken: CLASS of QUALIFIED[CLASS=Channeler]TYPE=Foo (Source: file:/TESTCASE )
2025-09-21T13:28:36.926205700 LSTERROR Test worker AbstractTokenTestCase:246 Illegal CHOOSE subtoken 'CLASS' 'QUALIFIED[CLASS=Channeler]TYPE=Foo' for pcgen.core.Race TestObj (Source: file:/TESTCASE )
2025-09-21T13:28:36.926205700 LSTERROR Test worker AbstractTokenTestCase:246 Token generated an IllegalArgumentException: = cannot be a in valid single item (perhaps something like TYPE= is not supported in this token?): TestWP1.CLASS=Channeler
2025-09-21T13:28:36.926205700 LSTERROR Test worker AbstractTokenTestCase:246 Token processing failed (Source: file:/TESTCASE )
2025-09-21T13:28:36.926205700 LSTERROR Test worker AbstractTokenTestCase:246 Invalid combination of objects was used in: QUALIFIED[ALL|CLASS=Channeler] (Source: file:/TESTCASE )
2025-09-21T13:28:36.926205700 LSTERROR Test worker AbstractTokenTestCase:246   Check that ALL is not combined (Source: file:/TESTCASE )
2025-09-21T13:28:36.926205700 LSTERROR Test worker AbstractTokenTestCase:246   Check that a key is not joined with AND (,) (Source: file:/TESTCASE )
2025-09-21T13:28:36.926205700 LSTERROR Test worker AbstractTokenTestCase:246 Failed in parsing subtoken: CLASS of QUALIFIED[ALL|CLASS=Channeler] (Source: file:/TESTCASE )
2025-09-21T13:28:36.926205700 LSTERROR Test worker AbstractTokenTestCase:246 Illegal CHOOSE subtoken 'CLASS' 'QUALIFIED[ALL|CLASS=Channeler]' for pcgen.core.Race TestObj (Source: file:/TESTCASE )
2025-09-21T13:28:36.926205700 SEVERE Test worker GroupingState:213 Attempt to add 'ALLOWS_NONE' grouping state to 'ANY' resulted in 'INVALID'.
2025-09-21T13:28:36.942313 LSTERROR Test worker AbstractTokenTestCase:246 LANG arguments uses double separator || : QUALIFIED[TestWP2||LANGBONUS]] (Source: file:/TESTCASE )
2025-09-21T13:28:36.942313 LSTERROR Test worker AbstractTokenTestCase:246 Failed in parsing subtoken: LANG of QUALIFIED[TestWP2||LANGBONUS]] (Source: file:/TESTCASE )
2025-09-21T13:28:36.942313 LSTERROR Test worker AbstractTokenTestCase:246 Illegal CHOOSE subtoken 'LANG' 'QUALIFIED[TestWP2||LANGBONUS]]' for pcgen.core.Race TestObj (Source: file:/TESTCASE )
2025-09-21T13:28:36.942313 LSTERROR Test worker AbstractTokenTestCase:246 Choice argument was not valid: QUALIFIED[TYPE=Foo]LANGBONUS
2025-09-21T13:28:36.942313 LSTERROR Test worker AbstractTokenTestCase:246 Internal error. (Source: file:/TESTCASE )
2025-09-21T13:28:36.942313 LSTERROR Test worker AbstractTokenTestCase:246 Failed in parsing subtoken: LANG of QUALIFIED[TYPE=Foo]LANGBONUS (Source: file:/TESTCASE )
2025-09-21T13:28:36.942313 LSTERROR Test worker AbstractTokenTestCase:246 Illegal CHOOSE subtoken 'LANG' 'QUALIFIED[TYPE=Foo]LANGBONUS' for pcgen.core.Race TestObj (Source: file:/TESTCASE )
2025-09-21T13:28:36.942313 LSTERROR Test worker AbstractTokenTestCase:246 Choice arguments may not end with , : LANGBONUS,
2025-09-21T13:28:36.942313 LSTERROR Test worker AbstractTokenTestCase:246 Failed in parsing typeStr: QUALIFIED[LANGBONUS,]
2025-09-21T13:28:36.942313 LSTERROR Test worker AbstractTokenTestCase:246 Choice argument was not valid: QUALIFIED[LANGBONUS,]
2025-09-21T13:28:36.942313 LSTERROR Test worker AbstractTokenTestCase:246 Internal error. (Source: file:/TESTCASE )
2025-09-21T13:28:36.942313 LSTERROR Test worker AbstractTokenTestCase:246 Failed in parsing subtoken: LANG of QUALIFIED[LANGBONUS,] (Source: file:/TESTCASE )
2025-09-21T13:28:36.942313 LSTERROR Test worker AbstractTokenTestCase:246 Illegal CHOOSE subtoken 'LANG' 'QUALIFIED[LANGBONUS,]' for pcgen.core.Race TestObj (Source: file:/TESTCASE )
2025-09-21T13:28:36.942313 LSTERROR Test worker AbstractTokenTestCase:246 Choice arguments uses double separator ,, : QUALIFIED[TYPE=Foo,,LANGBONUS]
2025-09-21T13:28:36.942313 LSTERROR Test worker AbstractTokenTestCase:246 Internal error. (Source: file:/TESTCASE )
2025-09-21T13:28:36.942313 LSTERROR Test worker AbstractTokenTestCase:246 Failed in parsing subtoken: LANG of QUALIFIED[TYPE=Foo,,LANGBONUS] (Source: file:/TESTCASE )
2025-09-21T13:28:36.942313 LSTERROR Test worker AbstractTokenTestCase:246 Illegal CHOOSE subtoken 'LANG' 'QUALIFIED[TYPE=Foo,,LANGBONUS]' for pcgen.core.Race TestObj (Source: file:/TESTCASE )
2025-09-21T13:28:36.942313 LSTERROR Test worker AbstractTokenTestCase:246 LANG arguments uses double separator || : QUALIFIED[TestWP3||LANGBONUS] (Source: file:/TESTCASE )
2025-09-21T13:28:36.942313 LSTERROR Test worker AbstractTokenTestCase:246 Failed in parsing subtoken: LANG of QUALIFIED[TestWP3||LANGBONUS] (Source: file:/TESTCASE )
2025-09-21T13:28:36.942313 LSTERROR Test worker AbstractTokenTestCase:246 Illegal CHOOSE subtoken 'LANG' 'QUALIFIED[TestWP3||LANGBONUS]' for pcgen.core.Race TestObj (Source: file:/TESTCASE )
2025-09-21T13:28:36.942313 LSTERROR Test worker AbstractTokenTestCase:246 Choice argument was not valid: QUALIFIED[TYPE=Foo]LANGBONUS
2025-09-21T13:28:36.942313 LSTERROR Test worker AbstractTokenTestCase:246 Internal error. (Source: file:/TESTCASE )
2025-09-21T13:28:36.942313 LSTERROR Test worker AbstractTokenTestCase:246 Failed in parsing subtoken: LANG of QUALIFIED[TYPE=Foo]LANGBONUS,TYPE=Bar (Source: file:/TESTCASE )
2025-09-21T13:28:36.942313 LSTERROR Test worker AbstractTokenTestCase:246 Illegal CHOOSE subtoken 'LANG' 'QUALIFIED[TYPE=Foo]LANGBONUS,TYPE=Bar' for pcgen.core.Race TestObj (Source: file:/TESTCASE )
2025-09-21T13:28:36.942313 LSTERROR Test worker AbstractTokenTestCase:246 Choice arguments may not start with | : |CLASS=Channeler
2025-09-21T13:28:36.942313 LSTERROR Test worker AbstractTokenTestCase:246 Failed in parsing typeStr: QUALIFIED[|CLASS=Channeler]
2025-09-21T13:28:36.942313 LSTERROR Test worker AbstractTokenTestCase:246 Choice argument was not valid: QUALIFIED[|CLASS=Channeler]
2025-09-21T13:28:36.942313 LSTERROR Test worker AbstractTokenTestCase:246 Internal error. (Source: file:/TESTCASE )
2025-09-21T13:28:36.942313 LSTERROR Test worker AbstractTokenTestCase:246 Failed in parsing subtoken: CLASS of QUALIFIED[|CLASS=Channeler] (Source: file:/TESTCASE )
2025-09-21T13:28:36.942313 LSTERROR Test worker AbstractTokenTestCase:246 Illegal CHOOSE subtoken 'CLASS' 'QUALIFIED[|CLASS=Channeler]' for pcgen.core.Race TestObj (Source: file:/TESTCASE )
2025-09-21T13:28:36.942313 LSTERROR Test worker AbstractTokenTestCase:246 Choice argument was not valid: QUALIFIED[CLASS=Channeler]TYPE=Foo
2025-09-21T13:28:36.942313 LSTERROR Test worker AbstractTokenTestCase:246 Internal error. (Source: file:/TESTCASE )
2025-09-21T13:28:36.942313 LSTERROR Test worker AbstractTokenTestCase:246 Failed in parsing subtoken: CLASS of QUALIFIED[CLASS=Channeler]TYPE=Foo (Source: file:/TESTCASE )
2025-09-21T13:28:36.942313 LSTERROR Test worker AbstractTokenTestCase:246 Illegal CHOOSE subtoken 'CLASS' 'QUALIFIED[CLASS=Channeler]TYPE=Foo' for pcgen.core.Race TestObj (Source: file:/TESTCASE )
2025-09-21T13:28:36.942313 LSTERROR Test worker AbstractTokenTestCase:246 Token generated an IllegalArgumentException: = cannot be a in valid single item (perhaps something like TYPE= is not supported in this token?): TestWP1.CLASS=Channeler
2025-09-21T13:28:36.942313 LSTERROR Test worker AbstractTokenTestCase:246 Token processing failed (Source: file:/TESTCASE )
2025-09-21T13:28:36.942313 LSTERROR Test worker AbstractTokenTestCase:246 Invalid combination of objects was used in: QUALIFIED[ALL|CLASS=Channeler] (Source: file:/TESTCASE )
2025-09-21T13:28:36.942313 LSTERROR Test worker AbstractTokenTestCase:246   Check that ALL is not combined (Source: file:/TESTCASE )
2025-09-21T13:28:36.942313 LSTERROR Test worker AbstractTokenTestCase:246   Check that a key is not joined with AND (,) (Source: file:/TESTCASE )
2025-09-21T13:28:36.942313 LSTERROR Test worker AbstractTokenTestCase:246 Failed in parsing subtoken: CLASS of QUALIFIED[ALL|CLASS=Channeler] (Source: file:/TESTCASE )
2025-09-21T13:28:36.942313 LSTERROR Test worker AbstractTokenTestCase:246 Illegal CHOOSE subtoken 'CLASS' 'QUALIFIED[ALL|CLASS=Channeler]' for pcgen.core.Race TestObj (Source: file:/TESTCASE )
2025-09-21T13:28:36.942313 LSTERROR Test worker AbstractTokenTestCase:246 Invalid combination of objects was used in: QUALIFIED[CLASS=Channeler|ALL] (Source: file:/TESTCASE )
2025-09-21T13:28:36.942313 LSTERROR Test worker AbstractTokenTestCase:246   Check that ALL is not combined (Source: file:/TESTCASE )
2025-09-21T13:28:36.942313 LSTERROR Test worker AbstractTokenTestCase:246   Check that a key is not joined with AND (,) (Source: file:/TESTCASE )
2025-09-21T13:28:36.942313 LSTERROR Test worker AbstractTokenTestCase:246 Failed in parsing subtoken: CLASS of QUALIFIED[CLASS=Channeler|ALL] (Source: file:/TESTCASE )
2025-09-21T13:28:36.942313 LSTERROR Test worker AbstractTokenTestCase:246 Illegal CHOOSE subtoken 'CLASS' 'QUALIFIED[CLASS=Channeler|ALL]' for pcgen.core.Race TestObj (Source: file:/TESTCASE )
2025-09-21T13:28:36.942313 SEVERE Test worker ChoiceSetLoadUtilities:323 Didn't expect tokRestriction on QUALIFIED here: CLASS=Channeler|
2025-09-21T13:28:36.942313 LSTERROR Test worker AbstractTokenTestCase:246 Choice arguments may not end with | : CLASS=Channeler|
2025-09-21T13:28:36.942313 LSTERROR Test worker AbstractTokenTestCase:246 Failed in parsing typeStr: QUALIFIED[CLASS=Channeler|]
2025-09-21T13:28:36.942313 LSTERROR Test worker AbstractTokenTestCase:246 Choice argument was not valid: QUALIFIED[CLASS=Channeler|]
2025-09-21T13:28:36.942313 LSTERROR Test worker AbstractTokenTestCase:246 Internal error. (Source: file:/TESTCASE )
2025-09-21T13:28:36.942313 LSTERROR Test worker AbstractTokenTestCase:246 Failed in parsing subtoken: CLASS of QUALIFIED[CLASS=Channeler|] (Source: file:/TESTCASE )
2025-09-21T13:28:36.942313 LSTERROR Test worker AbstractTokenTestCase:246 Illegal CHOOSE subtoken 'CLASS' 'QUALIFIED[CLASS=Channeler|]' for pcgen.core.Race TestObj (Source: file:/TESTCASE )
2025-09-21T13:28:36.958449600 SEVERE Test worker ChoiceSetLoadUtilities:323 Didn't expect tokRestriction on QUALIFIED here: ,CLASS=Channeler
2025-09-21T13:28:36.958449600 LSTERROR Test worker AbstractTokenTestCase:246 Choice arguments may not end with | : CLASS=Channeler|
2025-09-21T13:28:36.958449600 LSTERROR Test worker AbstractTokenTestCase:246 Failed in parsing typeStr: QUALIFIED[CLASS=Channeler|]
2025-09-21T13:28:36.958449600 LSTERROR Test worker AbstractTokenTestCase:246 Choice argument was not valid: QUALIFIED[CLASS=Channeler|]
2025-09-21T13:28:36.958449600 LSTERROR Test worker AbstractTokenTestCase:246 Internal error. (Source: file:/TESTCASE )
2025-09-21T13:28:36.958449600 LSTERROR Test worker AbstractTokenTestCase:246 Failed in parsing subtoken: CLASS of QUALIFIED[CLASS=Channeler|] (Source: file:/TESTCASE )
2025-09-21T13:28:36.958449600 LSTERROR Test worker AbstractTokenTestCase:246 Illegal CHOOSE subtoken 'CLASS' 'QUALIFIED[CLASS=Channeler|]' for pcgen.core.Race TestObj (Source: file:/TESTCASE )
2025-09-21T13:28:36.958449600 LSTERROR Test worker AbstractTokenTestCase:246 Choice arguments may not start with , : ,CLASS=Channeler
2025-09-21T13:28:36.958449600 LSTERROR Test worker AbstractTokenTestCase:246 Failed in parsing typeStr: QUALIFIED[,CLASS=Channeler]
2025-09-21T13:28:36.958449600 LSTERROR Test worker AbstractTokenTestCase:246 Choice argument was not valid: QUALIFIED[,CLASS=Channeler]
2025-09-21T13:28:36.958449600 LSTERROR Test worker AbstractTokenTestCase:246 Internal error. (Source: file:/TESTCASE )
2025-09-21T13:28:36.958449600 LSTERROR Test worker AbstractTokenTestCase:246 Failed in parsing subtoken: CLASS of QUALIFIED[,CLASS=Channeler] (Source: file:/TESTCASE )
2025-09-21T13:28:36.958449600 LSTERROR Test worker AbstractTokenTestCase:246 Illegal CHOOSE subtoken 'CLASS' 'QUALIFIED[,CLASS=Channeler]' for pcgen.core.Race TestObj (Source: file:/TESTCASE )
2025-09-21T13:28:36.958449600 SEVERE Test worker GroupingState:213 Attempt to add 'ALLOWS_NONE' grouping state to 'ANY' resulted in 'INVALID'.
2025-09-21T13:28:36.958449600 LSTERROR Test worker AbstractTokenTestCase:246 Choice arguments may not end with | : CLASS=Channeler|
2025-09-21T13:28:36.958449600 LSTERROR Test worker AbstractTokenTestCase:246 Failed in parsing typeStr: QUALIFIED[CLASS=Channeler|]
2025-09-21T13:28:36.958449600 LSTERROR Test worker AbstractTokenTestCase:246 Choice argument was not valid: QUALIFIED[CLASS=Channeler|]
2025-09-21T13:28:36.958449600 LSTERROR Test worker AbstractTokenTestCase:246 Internal error. (Source: file:/TESTCASE )
2025-09-21T13:28:36.958449600 LSTERROR Test worker AbstractTokenTestCase:246 Failed in parsing subtoken: CLASS of QUALIFIED[CLASS=Channeler|] (Source: file:/TESTCASE )
2025-09-21T13:28:36.958449600 LSTERROR Test worker AbstractTokenTestCase:246 Illegal CHOOSE subtoken 'CLASS' 'QUALIFIED[CLASS=Channeler|]' for pcgen.core.Race TestObj (Source: file:/TESTCASE )
2025-09-21T13:28:36.958449600 LSTERROR Test worker AbstractTokenTestCase:246 Choice arguments may not start with , : ,CLASS=Channeler
2025-09-21T13:28:36.958449600 LSTERROR Test worker AbstractTokenTestCase:246 Failed in parsing typeStr: QUALIFIED[,CLASS=Channeler]
2025-09-21T13:28:36.958449600 LSTERROR Test worker AbstractTokenTestCase:246 Choice argument was not valid: QUALIFIED[,CLASS=Channeler]
2025-09-21T13:28:36.958449600 LSTERROR Test worker AbstractTokenTestCase:246 Internal error. (Source: file:/TESTCASE )
2025-09-21T13:28:36.958449600 LSTERROR Test worker AbstractTokenTestCase:246 Failed in parsing subtoken: CLASS of QUALIFIED[,CLASS=Channeler] (Source: file:/TESTCASE )
2025-09-21T13:28:36.958449600 LSTERROR Test worker AbstractTokenTestCase:246 Illegal CHOOSE subtoken 'CLASS' 'QUALIFIED[,CLASS=Channeler]' for pcgen.core.Race TestObj (Source: file:/TESTCASE )
2025-09-21T13:28:36.958449600 LSTERROR Test worker AbstractTokenTestCase:246 Invalid combination of objects was used in: QUALIFIED[CLASS=Channeler|ALL] (Source: file:/TESTCASE )
2025-09-21T13:28:36.958449600 LSTERROR Test worker AbstractTokenTestCase:246   Check that ALL is not combined (Source: file:/TESTCASE )
2025-09-21T13:28:36.958449600 LSTERROR Test worker AbstractTokenTestCase:246   Check that a key is not joined with AND (,) (Source: file:/TESTCASE )
2025-09-21T13:28:36.958449600 LSTERROR Test worker AbstractTokenTestCase:246 Failed in parsing subtoken: CLASS of QUALIFIED[CLASS=Channeler|ALL] (Source: file:/TESTCASE )
2025-09-21T13:28:36.958449600 LSTERROR Test worker AbstractTokenTestCase:246 Illegal CHOOSE subtoken 'CLASS' 'QUALIFIED[CLASS=Channeler|ALL]' for pcgen.core.Race TestObj (Source: file:/TESTCASE )
2025-09-21T13:28:36.958449600 SEVERE Test worker ChoiceSetLoadUtilities:239 Found error in Primitive Choice: CLASS= has equals but no target value
2025-09-21T13:28:36.958449600 SEVERE Test worker ChoiceSetLoadUtilities:323 Didn't expect tokRestriction on QUALIFIED here: CLASS=
2025-09-21T13:28:36.958449600 LSTERROR Test worker AbstractTokenTestCase:246 Choice arguments may not end with | : CLASS=Channeler|
2025-09-21T13:28:36.958449600 LSTERROR Test worker AbstractTokenTestCase:246 Failed in parsing typeStr: QUALIFIED[CLASS=Channeler|]
2025-09-21T13:28:36.958449600 LSTERROR Test worker AbstractTokenTestCase:246 Choice argument was not valid: QUALIFIED[CLASS=Channeler|]
2025-09-21T13:28:36.958449600 LSTERROR Test worker AbstractTokenTestCase:246 Internal error. (Source: file:/TESTCASE )
2025-09-21T13:28:36.958449600 LSTERROR Test worker AbstractTokenTestCase:246 Failed in parsing subtoken: CLASS of QUALIFIED[CLASS=Channeler|] (Source: file:/TESTCASE )
2025-09-21T13:28:36.958449600 LSTERROR Test worker AbstractTokenTestCase:246 Illegal CHOOSE subtoken 'CLASS' 'QUALIFIED[CLASS=Channeler|]' for pcgen.core.Race TestObj (Source: file:/TESTCASE )
2025-09-21T13:28:36.958449600 LSTERROR Test worker AbstractTokenTestCase:246 Choice arguments may not start with , : ,CLASS=Channeler
2025-09-21T13:28:36.958449600 LSTERROR Test worker AbstractTokenTestCase:246 Failed in parsing typeStr: QUALIFIED[,CLASS=Channeler]
2025-09-21T13:28:36.958449600 LSTERROR Test worker AbstractTokenTestCase:246 Choice argument was not valid: QUALIFIED[,CLASS=Channeler]
2025-09-21T13:28:36.958449600 LSTERROR Test worker AbstractTokenTestCase:246 Internal error. (Source: file:/TESTCASE )
2025-09-21T13:28:36.958449600 LSTERROR Test worker AbstractTokenTestCase:246 Failed in parsing subtoken: CLASS of QUALIFIED[,CLASS=Channeler] (Source: file:/TESTCASE )
2025-09-21T13:28:36.958449600 LSTERROR Test worker AbstractTokenTestCase:246 Illegal CHOOSE subtoken 'CLASS' 'QUALIFIED[,CLASS=Channeler]' for pcgen.core.Race TestObj (Source: file:/TESTCASE )
2025-09-21T13:28:36.958449600 LSTERROR Test worker AbstractTokenTestCase:246 Invalid combination of objects was used in: QUALIFIED[CLASS=Channeler|ALL] (Source: file:/TESTCASE )
2025-09-21T13:28:36.958449600 LSTERROR Test worker AbstractTokenTestCase:246   Check that ALL is not combined (Source: file:/TESTCASE )
2025-09-21T13:28:36.958449600 LSTERROR Test worker AbstractTokenTestCase:246   Check that a key is not joined with AND (,) (Source: file:/TESTCASE )
2025-09-21T13:28:36.958449600 LSTERROR Test worker AbstractTokenTestCase:246 Failed in parsing subtoken: CLASS of QUALIFIED[CLASS=Channeler|ALL] (Source: file:/TESTCASE )
2025-09-21T13:28:36.958449600 LSTERROR Test worker AbstractTokenTestCase:246 Illegal CHOOSE subtoken 'CLASS' 'QUALIFIED[CLASS=Channeler|ALL]' for pcgen.core.Race TestObj (Source: file:/TESTCASE )
2025-09-21T13:28:36.958449600 LSTERROR Test worker AbstractTokenTestCase:246 Choice argument was not valid: CLASS=
2025-09-21T13:28:36.958449600 LSTERROR Test worker AbstractTokenTestCase:246 Failed in parsing typeStr: QUALIFIED[CLASS=]
2025-09-21T13:28:36.958449600 LSTERROR Test worker AbstractTokenTestCase:246 Choice argument was not valid: QUALIFIED[CLASS=]
2025-09-21T13:28:36.958449600 LSTERROR Test worker AbstractTokenTestCase:246 Internal error. (Source: file:/TESTCASE )
2025-09-21T13:28:36.958449600 LSTERROR Test worker AbstractTokenTestCase:246 Failed in parsing subtoken: CLASS of QUALIFIED[CLASS=] (Source: file:/TESTCASE )
2025-09-21T13:28:36.958449600 LSTERROR Test worker AbstractTokenTestCase:246 Illegal CHOOSE subtoken 'CLASS' 'QUALIFIED[CLASS=]' for pcgen.core.Race TestObj (Source: file:/TESTCASE )
2025-09-21T13:28:36.958449600 SEVERE Test worker ChoiceSetLoadUtilities:323 Didn't expect tokRestriction on CLASS here: CLASS=Channeler
2025-09-21T13:28:36.974113400 LSTERROR Test worker AbstractTokenTestCase:246 Choice arguments may not end with | : CLASS=Channeler|
2025-09-21T13:28:36.974538 LSTERROR Test worker AbstractTokenTestCase:246 Failed in parsing typeStr: QUALIFIED[CLASS=Channeler|]
2025-09-21T13:28:36.974538 LSTERROR Test worker AbstractTokenTestCase:246 Choice argument was not valid: QUALIFIED[CLASS=Channeler|]
2025-09-21T13:28:36.974538 LSTERROR Test worker AbstractTokenTestCase:246 Internal error. (Source: file:/TESTCASE )
2025-09-21T13:28:36.974538 LSTERROR Test worker AbstractTokenTestCase:246 Failed in parsing subtoken: CLASS of QUALIFIED[CLASS=Channeler|] (Source: file:/TESTCASE )
2025-09-21T13:28:36.974538 LSTERROR Test worker AbstractTokenTestCase:246 Illegal CHOOSE subtoken 'CLASS' 'QUALIFIED[CLASS=Channeler|]' for pcgen.core.Race TestObj (Source: file:/TESTCASE )
2025-09-21T13:28:36.974538 LSTERROR Test worker AbstractTokenTestCase:246 Choice arguments may not start with , : ,CLASS=Channeler
2025-09-21T13:28:36.974538 LSTERROR Test worker AbstractTokenTestCase:246 Failed in parsing typeStr: QUALIFIED[,CLASS=Channeler]
2025-09-21T13:28:36.974538 LSTERROR Test worker AbstractTokenTestCase:246 Choice argument was not valid: QUALIFIED[,CLASS=Channeler]
2025-09-21T13:28:36.974538 LSTERROR Test worker AbstractTokenTestCase:246 Internal error. (Source: file:/TESTCASE )
2025-09-21T13:28:36.974538 LSTERROR Test worker AbstractTokenTestCase:246 Failed in parsing subtoken: CLASS of QUALIFIED[,CLASS=Channeler] (Source: file:/TESTCASE )
2025-09-21T13:28:36.974538 LSTERROR Test worker AbstractTokenTestCase:246 Illegal CHOOSE subtoken 'CLASS' 'QUALIFIED[,CLASS=Channeler]' for pcgen.core.Race TestObj (Source: file:/TESTCASE )
2025-09-21T13:28:36.974538 LSTERROR Test worker AbstractTokenTestCase:246 Invalid combination of objects was used in: QUALIFIED[CLASS=Channeler|ALL] (Source: file:/TESTCASE )
2025-09-21T13:28:36.974538 LSTERROR Test worker AbstractTokenTestCase:246   Check that ALL is not combined (Source: file:/TESTCASE )
2025-09-21T13:28:36.974538 LSTERROR Test worker AbstractTokenTestCase:246   Check that a key is not joined with AND (,) (Source: file:/TESTCASE )
2025-09-21T13:28:36.974538 LSTERROR Test worker AbstractTokenTestCase:246 Failed in parsing subtoken: CLASS of QUALIFIED[CLASS=Channeler|ALL] (Source: file:/TESTCASE )
2025-09-21T13:28:36.974538 LSTERROR Test worker AbstractTokenTestCase:246 Illegal CHOOSE subtoken 'CLASS' 'QUALIFIED[CLASS=Channeler|ALL]' for pcgen.core.Race TestObj (Source: file:/TESTCASE )
2025-09-21T13:28:36.974538 LSTERROR Test worker AbstractTokenTestCase:246 Choice argument was not valid: CLASS=
2025-09-21T13:28:36.974538 LSTERROR Test worker AbstractTokenTestCase:246 Failed in parsing typeStr: QUALIFIED[CLASS=]
2025-09-21T13:28:36.974538 LSTERROR Test worker AbstractTokenTestCase:246 Choice argument was not valid: QUALIFIED[CLASS=]
2025-09-21T13:28:36.974538 LSTERROR Test worker AbstractTokenTestCase:246 Internal error. (Source: file:/TESTCASE )
2025-09-21T13:28:36.974538 LSTERROR Test worker AbstractTokenTestCase:246 Failed in parsing subtoken: CLASS of QUALIFIED[CLASS=] (Source: file:/TESTCASE )
2025-09-21T13:28:36.974538 LSTERROR Test worker AbstractTokenTestCase:246 Illegal CHOOSE subtoken 'CLASS' 'QUALIFIED[CLASS=]' for pcgen.core.Race TestObj (Source: file:/TESTCASE )
2025-09-21T13:28:36.974538 LSTERROR Test worker AbstractTokenTestCase:246 Choice argument was not valid: CLASS=Channeler[CLASS=Channeler]
2025-09-21T13:28:36.974538 LSTERROR Test worker AbstractTokenTestCase:246 Internal error. (Source: file:/TESTCASE )
2025-09-21T13:28:36.974538 LSTERROR Test worker AbstractTokenTestCase:246 Failed in parsing subtoken: CLASS of CLASS=Channeler[CLASS=Channeler] (Source: file:/TESTCASE )
2025-09-21T13:28:36.974538 LSTERROR Test worker AbstractTokenTestCase:246 Illegal CHOOSE subtoken 'CLASS' 'CLASS=Channeler[CLASS=Channeler]' for pcgen.core.Race TestObj (Source: file:/TESTCASE )
2025-09-21T13:28:36.974538 SEVERE Test worker ChoiceSetLoadUtilities:418 Found error in Qualifier Choice: QUALIFIED[CLASS=Channeler]TYPE=Foo had close bracket, but had characters following the close bracket
2025-09-21T13:28:36.974538 SEVERE Test worker ChoiceSetLoadUtilities:254 Found error in Primitive Choice: QUALIFIED[CLASS=Channeler]TYPE=Foo had close bracket, but had characters following the close bracket
2025-09-21T13:28:36.974538 LSTERROR Test worker AbstractTokenTestCase:246 Choice arguments may not end with | : CLASS=Channeler|
2025-09-21T13:28:36.974538 LSTERROR Test worker AbstractTokenTestCase:246 Failed in parsing typeStr: QUALIFIED[CLASS=Channeler|]
2025-09-21T13:28:36.974538 LSTERROR Test worker AbstractTokenTestCase:246 Choice argument was not valid: QUALIFIED[CLASS=Channeler|]
2025-09-21T13:28:36.974538 LSTERROR Test worker AbstractTokenTestCase:246 Internal error. (Source: file:/TESTCASE )
2025-09-21T13:28:36.974538 LSTERROR Test worker AbstractTokenTestCase:246 Failed in parsing subtoken: CLASS of QUALIFIED[CLASS=Channeler|] (Source: file:/TESTCASE )
2025-09-21T13:28:36.974538 LSTERROR Test worker AbstractTokenTestCase:246 Illegal CHOOSE subtoken 'CLASS' 'QUALIFIED[CLASS=Channeler|]' for pcgen.core.Race TestObj (Source: file:/TESTCASE )
2025-09-21T13:28:36.974538 LSTERROR Test worker AbstractTokenTestCase:246 Choice arguments may not start with , : ,CLASS=Channeler
2025-09-21T13:28:36.974538 LSTERROR Test worker AbstractTokenTestCase:246 Failed in parsing typeStr: QUALIFIED[,CLASS=Channeler]
2025-09-21T13:28:36.974538 LSTERROR Test worker AbstractTokenTestCase:246 Choice argument was not valid: QUALIFIED[,CLASS=Channeler]
2025-09-21T13:28:36.974538 LSTERROR Test worker AbstractTokenTestCase:246 Internal error. (Source: file:/TESTCASE )
2025-09-21T13:28:36.974538 LSTERROR Test worker AbstractTokenTestCase:246 Failed in parsing subtoken: CLASS of QUALIFIED[,CLASS=Channeler] (Source: file:/TESTCASE )
2025-09-21T13:28:36.974538 LSTERROR Test worker AbstractTokenTestCase:246 Illegal CHOOSE subtoken 'CLASS' 'QUALIFIED[,CLASS=Channeler]' for pcgen.core.Race TestObj (Source: file:/TESTCASE )
2025-09-21T13:28:36.974538 LSTERROR Test worker AbstractTokenTestCase:246 Invalid combination of objects was used in: QUALIFIED[CLASS=Channeler|ALL] (Source: file:/TESTCASE )
2025-09-21T13:28:36.974538 LSTERROR Test worker AbstractTokenTestCase:246   Check that ALL is not combined (Source: file:/TESTCASE )
2025-09-21T13:28:36.974538 LSTERROR Test worker AbstractTokenTestCase:246   Check that a key is not joined with AND (,) (Source: file:/TESTCASE )
2025-09-21T13:28:36.974538 LSTERROR Test worker AbstractTokenTestCase:246 Failed in parsing subtoken: CLASS of QUALIFIED[CLASS=Channeler|ALL] (Source: file:/TESTCASE )
2025-09-21T13:28:36.974538 LSTERROR Test worker AbstractTokenTestCase:246 Illegal CHOOSE subtoken 'CLASS' 'QUALIFIED[CLASS=Channeler|ALL]' for pcgen.core.Race TestObj (Source: file:/TESTCASE )
2025-09-21T13:28:36.974538 LSTERROR Test worker AbstractTokenTestCase:246 Choice argument was not valid: CLASS=
2025-09-21T13:28:36.974538 LSTERROR Test worker AbstractTokenTestCase:246 Failed in parsing typeStr: QUALIFIED[CLASS=]
2025-09-21T13:28:36.974538 LSTERROR Test worker AbstractTokenTestCase:246 Choice argument was not valid: QUALIFIED[CLASS=]
2025-09-21T13:28:36.974538 LSTERROR Test worker AbstractTokenTestCase:246 Internal error. (Source: file:/TESTCASE )
2025-09-21T13:28:36.974538 LSTERROR Test worker AbstractTokenTestCase:246 Failed in parsing subtoken: CLASS of QUALIFIED[CLASS=] (Source: file:/TESTCASE )
2025-09-21T13:28:36.974538 LSTERROR Test worker AbstractTokenTestCase:246 Illegal CHOOSE subtoken 'CLASS' 'QUALIFIED[CLASS=]' for pcgen.core.Race TestObj (Source: file:/TESTCASE )
2025-09-21T13:28:36.974538 LSTERROR Test worker AbstractTokenTestCase:246 Choice argument was not valid: CLASS=Channeler[CLASS=Channeler]
2025-09-21T13:28:36.974538 LSTERROR Test worker AbstractTokenTestCase:246 Internal error. (Source: file:/TESTCASE )
2025-09-21T13:28:36.974538 LSTERROR Test worker AbstractTokenTestCase:246 Failed in parsing subtoken: CLASS of CLASS=Channeler[CLASS=Channeler] (Source: file:/TESTCASE )
2025-09-21T13:28:36.974538 LSTERROR Test worker AbstractTokenTestCase:246 Illegal CHOOSE subtoken 'CLASS' 'CLASS=Channeler[CLASS=Channeler]' for pcgen.core.Race TestObj (Source: file:/TESTCASE )
2025-09-21T13:28:36.974538 LSTERROR Test worker AbstractTokenTestCase:246 Choice argument was not valid: QUALIFIED[CLASS=Channeler]TYPE=Foo
2025-09-21T13:28:36.974538 LSTERROR Test worker AbstractTokenTestCase:246 Internal error. (Source: file:/TESTCASE )
2025-09-21T13:28:36.974538 LSTERROR Test worker AbstractTokenTestCase:246 Failed in parsing subtoken: CLASS of QUALIFIED[CLASS=Channeler]TYPE=Foo|TYPE=Bar (Source: file:/TESTCASE )
2025-09-21T13:28:36.974538 LSTERROR Test worker AbstractTokenTestCase:246 Illegal CHOOSE subtoken 'CLASS' 'QUALIFIED[CLASS=Channeler]TYPE=Foo|TYPE=Bar' for pcgen.core.Race TestObj (Source: file:/TESTCASE )
2025-09-21T13:28:36.990229300 LSTERROR Test worker AbstractTokenTestCase:246 CLASS arguments uses double separator || : QUALIFIED[TestWP2||CLASS=Channeler]] (Source: file:/TESTCASE )
2025-09-21T13:28:36.990229300 LSTERROR Test worker AbstractTokenTestCase:246 Failed in parsing subtoken: CLASS of QUALIFIED[TestWP2||CLASS=Channeler]] (Source: file:/TESTCASE )
2025-09-21T13:28:36.990229300 LSTERROR Test worker AbstractTokenTestCase:246 Illegal CHOOSE subtoken 'CLASS' 'QUALIFIED[TestWP2||CLASS=Channeler]]' for pcgen.core.Race TestObj (Source: file:/TESTCASE )
2025-09-21T13:28:36.990229300 SEVERE Test worker ChoiceSetLoadUtilities:418 Found error in Qualifier Choice: QUALIFIED[TYPE=Foo]CLASS=Channeler had close bracket, but had characters following the close bracket
2025-09-21T13:28:36.990229300 SEVERE Test worker ChoiceSetLoadUtilities:254 Found error in Primitive Choice: QUALIFIED[TYPE=Foo]CLASS=Channeler had close bracket, but had characters following the close bracket
2025-09-21T13:28:36.990229300 LSTERROR Test worker AbstractTokenTestCase:246 CLASS arguments uses double separator || : QUALIFIED[TestWP2||CLASS=Channeler]] (Source: file:/TESTCASE )
2025-09-21T13:28:36.990229300 LSTERROR Test worker AbstractTokenTestCase:246 Failed in parsing subtoken: CLASS of QUALIFIED[TestWP2||CLASS=Channeler]] (Source: file:/TESTCASE )
2025-09-21T13:28:36.990229300 LSTERROR Test worker AbstractTokenTestCase:246 Illegal CHOOSE subtoken 'CLASS' 'QUALIFIED[TestWP2||CLASS=Channeler]]' for pcgen.core.Race TestObj (Source: file:/TESTCASE )
2025-09-21T13:28:36.990229300 LSTERROR Test worker AbstractTokenTestCase:246 Choice argument was not valid: QUALIFIED[TYPE=Foo]CLASS=Channeler
2025-09-21T13:28:36.990229300 LSTERROR Test worker AbstractTokenTestCase:246 Internal error. (Source: file:/TESTCASE )
2025-09-21T13:28:36.990229300 LSTERROR Test worker AbstractTokenTestCase:246 Failed in parsing subtoken: CLASS of QUALIFIED[TYPE=Foo]CLASS=Channeler (Source: file:/TESTCASE )
2025-09-21T13:28:36.990229300 LSTERROR Test worker AbstractTokenTestCase:246 Illegal CHOOSE subtoken 'CLASS' 'QUALIFIED[TYPE=Foo]CLASS=Channeler' for pcgen.core.Race TestObj (Source: file:/TESTCASE )
2025-09-21T13:28:36.990229300 SEVERE Test worker ChoiceSetLoadUtilities:323 Didn't expect tokRestriction on QUALIFIED here: CLASS=Channeler,
2025-09-21T13:28:36.990229300 LSTERROR Test worker AbstractTokenTestCase:246 CLASS arguments uses double separator || : QUALIFIED[TestWP2||CLASS=Channeler]] (Source: file:/TESTCASE )
2025-09-21T13:28:36.990229300 LSTERROR Test worker AbstractTokenTestCase:246 Failed in parsing subtoken: CLASS of QUALIFIED[TestWP2||CLASS=Channeler]] (Source: file:/TESTCASE )
2025-09-21T13:28:36.990229300 LSTERROR Test worker AbstractTokenTestCase:246 Illegal CHOOSE subtoken 'CLASS' 'QUALIFIED[TestWP2||CLASS=Channeler]]' for pcgen.core.Race TestObj (Source: file:/TESTCASE )
2025-09-21T13:28:36.990229300 LSTERROR Test worker AbstractTokenTestCase:246 Choice argument was not valid: QUALIFIED[TYPE=Foo]CLASS=Channeler
2025-09-21T13:28:36.990229300 LSTERROR Test worker AbstractTokenTestCase:246 Internal error. (Source: file:/TESTCASE )
2025-09-21T13:28:36.990229300 LSTERROR Test worker AbstractTokenTestCase:246 Failed in parsing subtoken: CLASS of QUALIFIED[TYPE=Foo]CLASS=Channeler (Source: file:/TESTCASE )
2025-09-21T13:28:36.990229300 LSTERROR Test worker AbstractTokenTestCase:246 Illegal CHOOSE subtoken 'CLASS' 'QUALIFIED[TYPE=Foo]CLASS=Channeler' for pcgen.core.Race TestObj (Source: file:/TESTCASE )
2025-09-21T13:28:36.990229300 LSTERROR Test worker AbstractTokenTestCase:246 Choice arguments may not end with , : CLASS=Channeler,
2025-09-21T13:28:36.990229300 LSTERROR Test worker AbstractTokenTestCase:246 Failed in parsing typeStr: QUALIFIED[CLASS=Channeler,]
2025-09-21T13:28:36.990229300 LSTERROR Test worker AbstractTokenTestCase:246 Choice argument was not valid: QUALIFIED[CLASS=Channeler,]
2025-09-21T13:28:36.990229300 LSTERROR Test worker AbstractTokenTestCase:246 Internal error. (Source: file:/TESTCASE )
2025-09-21T13:28:36.990229300 LSTERROR Test worker AbstractTokenTestCase:246 Failed in parsing subtoken: CLASS of QUALIFIED[CLASS=Channeler,] (Source: file:/TESTCASE )
2025-09-21T13:28:36.990229300 LSTERROR Test worker AbstractTokenTestCase:246 Illegal CHOOSE subtoken 'CLASS' 'QUALIFIED[CLASS=Channeler,]' for pcgen.core.Race TestObj (Source: file:/TESTCASE )
2025-09-21T13:28:36.990229300 LSTERROR Test worker AbstractTokenTestCase:246 CLASS arguments uses double separator || : QUALIFIED[TestWP2||CLASS=Channeler]] (Source: file:/TESTCASE )
2025-09-21T13:28:36.990229300 LSTERROR Test worker AbstractTokenTestCase:246 Failed in parsing subtoken: CLASS of QUALIFIED[TestWP2||CLASS=Channeler]] (Source: file:/TESTCASE )
2025-09-21T13:28:36.990229300 LSTERROR Test worker AbstractTokenTestCase:246 Illegal CHOOSE subtoken 'CLASS' 'QUALIFIED[TestWP2||CLASS=Channeler]]' for pcgen.core.Race TestObj (Source: file:/TESTCASE )
2025-09-21T13:28:36.990229300 LSTERROR Test worker AbstractTokenTestCase:246 Choice argument was not valid: QUALIFIED[TYPE=Foo]CLASS=Channeler
2025-09-21T13:28:36.990229300 LSTERROR Test worker AbstractTokenTestCase:246 Internal error. (Source: file:/TESTCASE )
2025-09-21T13:28:36.990229300 LSTERROR Test worker AbstractTokenTestCase:246 Failed in parsing subtoken: CLASS of QUALIFIED[TYPE=Foo]CLASS=Channeler (Source: file:/TESTCASE )
2025-09-21T13:28:36.990229300 LSTERROR Test worker AbstractTokenTestCase:246 Illegal CHOOSE subtoken 'CLASS' 'QUALIFIED[TYPE=Foo]CLASS=Channeler' for pcgen.core.Race TestObj (Source: file:/TESTCASE )
2025-09-21T13:28:36.990229300 LSTERROR Test worker AbstractTokenTestCase:246 Choice arguments may not end with , : CLASS=Channeler,
2025-09-21T13:28:36.990229300 LSTERROR Test worker AbstractTokenTestCase:246 Failed in parsing typeStr: QUALIFIED[CLASS=Channeler,]
2025-09-21T13:28:36.990229300 LSTERROR Test worker AbstractTokenTestCase:246 Choice argument was not valid: QUALIFIED[CLASS=Channeler,]
2025-09-21T13:28:36.990229300 LSTERROR Test worker AbstractTokenTestCase:246 Internal error. (Source: file:/TESTCASE )
2025-09-21T13:28:36.990229300 LSTERROR Test worker AbstractTokenTestCase:246 Failed in parsing subtoken: CLASS of QUALIFIED[CLASS=Channeler,] (Source: file:/TESTCASE )
2025-09-21T13:28:36.990229300 LSTERROR Test worker AbstractTokenTestCase:246 Illegal CHOOSE subtoken 'CLASS' 'QUALIFIED[CLASS=Channeler,]' for pcgen.core.Race TestObj (Source: file:/TESTCASE )
2025-09-21T13:28:36.990229300 LSTERROR Test worker AbstractTokenTestCase:246 Choice arguments uses double separator ,, : QUALIFIED[TYPE=Foo,,CLASS=Channeler]
2025-09-21T13:28:36.990229300 LSTERROR Test worker AbstractTokenTestCase:246 Internal error. (Source: file:/TESTCASE )
2025-09-21T13:28:36.990229300 LSTERROR Test worker AbstractTokenTestCase:246 Failed in parsing subtoken: CLASS of QUALIFIED[TYPE=Foo,,CLASS=Channeler] (Source: file:/TESTCASE )
2025-09-21T13:28:36.990229300 LSTERROR Test worker AbstractTokenTestCase:246 Illegal CHOOSE subtoken 'CLASS' 'QUALIFIED[TYPE=Foo,,CLASS=Channeler]' for pcgen.core.Race TestObj (Source: file:/TESTCASE )
2025-09-21T13:28:36.990229300 LSTERROR Test worker AbstractTokenTestCase:246 CLASS arguments uses double separator || : QUALIFIED[TestWP2||CLASS=Channeler]] (Source: file:/TESTCASE )
2025-09-21T13:28:36.990229300 LSTERROR Test worker AbstractTokenTestCase:246 Failed in parsing subtoken: CLASS of QUALIFIED[TestWP2||CLASS=Channeler]] (Source: file:/TESTCASE )
2025-09-21T13:28:36.990229300 LSTERROR Test worker AbstractTokenTestCase:246 Illegal CHOOSE subtoken 'CLASS' 'QUALIFIED[TestWP2||CLASS=Channeler]]' for pcgen.core.Race TestObj (Source: file:/TESTCASE )
2025-09-21T13:28:36.990229300 LSTERROR Test worker AbstractTokenTestCase:246 Choice argument was not valid: QUALIFIED[TYPE=Foo]CLASS=Channeler
2025-09-21T13:28:36.990229300 LSTERROR Test worker AbstractTokenTestCase:246 Internal error. (Source: file:/TESTCASE )
2025-09-21T13:28:36.990229300 LSTERROR Test worker AbstractTokenTestCase:246 Failed in parsing subtoken: CLASS of QUALIFIED[TYPE=Foo]CLASS=Channeler (Source: file:/TESTCASE )
2025-09-21T13:28:36.990229300 LSTERROR Test worker AbstractTokenTestCase:246 Illegal CHOOSE subtoken 'CLASS' 'QUALIFIED[TYPE=Foo]CLASS=Channeler' for pcgen.core.Race TestObj (Source: file:/TESTCASE )
2025-09-21T13:28:36.990229300 LSTERROR Test worker AbstractTokenTestCase:246 Choice arguments may not end with , : CLASS=Channeler,
2025-09-21T13:28:36.990229300 LSTERROR Test worker AbstractTokenTestCase:246 Failed in parsing typeStr: QUALIFIED[CLASS=Channeler,]
2025-09-21T13:28:36.990229300 LSTERROR Test worker AbstractTokenTestCase:246 Choice argument was not valid: QUALIFIED[CLASS=Channeler,]
2025-09-21T13:28:36.990229300 LSTERROR Test worker AbstractTokenTestCase:246 Internal error. (Source: file:/TESTCASE )
2025-09-21T13:28:36.990229300 LSTERROR Test worker AbstractTokenTestCase:246 Failed in parsing subtoken: CLASS of QUALIFIED[CLASS=Channeler,] (Source: file:/TESTCASE )
2025-09-21T13:28:36.990229300 LSTERROR Test worker AbstractTokenTestCase:246 Illegal CHOOSE subtoken 'CLASS' 'QUALIFIED[CLASS=Channeler,]' for pcgen.core.Race TestObj (Source: file:/TESTCASE )
2025-09-21T13:28:36.990229300 LSTERROR Test worker AbstractTokenTestCase:246 Choice arguments uses double separator ,, : QUALIFIED[TYPE=Foo,,CLASS=Channeler]
2025-09-21T13:28:36.990229300 LSTERROR Test worker AbstractTokenTestCase:246 Internal error. (Source: file:/TESTCASE )
2025-09-21T13:28:36.990229300 LSTERROR Test worker AbstractTokenTestCase:246 Failed in parsing subtoken: CLASS of QUALIFIED[TYPE=Foo,,CLASS=Channeler] (Source: file:/TESTCASE )
2025-09-21T13:28:36.990229300 LSTERROR Test worker AbstractTokenTestCase:246 Illegal CHOOSE subtoken 'CLASS' 'QUALIFIED[TYPE=Foo,,CLASS=Channeler]' for pcgen.core.Race TestObj (Source: file:/TESTCASE )
2025-09-21T13:28:36.990229300 LSTERROR Test worker AbstractTokenTestCase:246 CLASS arguments uses double separator || : QUALIFIED[TestWP3||CLASS=Channeler] (Source: file:/TESTCASE )
2025-09-21T13:28:36.990229300 LSTERROR Test worker AbstractTokenTestCase:246 Failed in parsing subtoken: CLASS of QUALIFIED[TestWP3||CLASS=Channeler] (Source: file:/TESTCASE )
2025-09-21T13:28:36.990229300 LSTERROR Test worker AbstractTokenTestCase:246 Illegal CHOOSE subtoken 'CLASS' 'QUALIFIED[TestWP3||CLASS=Channeler]' for pcgen.core.Race TestObj (Source: file:/TESTCASE )
2025-09-21T13:28:37.006033400 SEVERE Test worker ChoiceSetLoadUtilities:418 Found error in Qualifier Choice: QUALIFIED[TYPE=Foo]CLASS=Channeler had close bracket, but had characters following the close bracket
2025-09-21T13:28:37.006033400 SEVERE Test worker ChoiceSetLoadUtilities:254 Found error in Primitive Choice: QUALIFIED[TYPE=Foo]CLASS=Channeler had close bracket, but had characters following the close bracket
2025-09-21T13:28:37.006033400 LSTERROR Test worker AbstractTokenTestCase:246 CLASS arguments uses double separator || : QUALIFIED[TestWP2||CLASS=Channeler]] (Source: file:/TESTCASE )
2025-09-21T13:28:37.006033400 LSTERROR Test worker AbstractTokenTestCase:246 Failed in parsing subtoken: CLASS of QUALIFIED[TestWP2||CLASS=Channeler]] (Source: file:/TESTCASE )
2025-09-21T13:28:37.006033400 LSTERROR Test worker AbstractTokenTestCase:246 Illegal CHOOSE subtoken 'CLASS' 'QUALIFIED[TestWP2||CLASS=Channeler]]' for pcgen.core.Race TestObj (Source: file:/TESTCASE )
2025-09-21T13:28:37.006033400 LSTERROR Test worker AbstractTokenTestCase:246 Choice argument was not valid: QUALIFIED[TYPE=Foo]CLASS=Channeler
2025-09-21T13:28:37.006033400 LSTERROR Test worker AbstractTokenTestCase:246 Internal error. (Source: file:/TESTCASE )
2025-09-21T13:28:37.006033400 LSTERROR Test worker AbstractTokenTestCase:246 Failed in parsing subtoken: CLASS of QUALIFIED[TYPE=Foo]CLASS=Channeler (Source: file:/TESTCASE )
2025-09-21T13:28:37.006033400 LSTERROR Test worker AbstractTokenTestCase:246 Illegal CHOOSE subtoken 'CLASS' 'QUALIFIED[TYPE=Foo]CLASS=Channeler' for pcgen.core.Race TestObj (Source: file:/TESTCASE )
2025-09-21T13:28:37.006033400 LSTERROR Test worker AbstractTokenTestCase:246 Choice arguments may not end with , : CLASS=Channeler,
2025-09-21T13:28:37.006033400 LSTERROR Test worker AbstractTokenTestCase:246 Failed in parsing typeStr: QUALIFIED[CLASS=Channeler,]
2025-09-21T13:28:37.006033400 LSTERROR Test worker AbstractTokenTestCase:246 Choice argument was not valid: QUALIFIED[CLASS=Channeler,]
2025-09-21T13:28:37.006033400 LSTERROR Test worker AbstractTokenTestCase:246 Internal error. (Source: file:/TESTCASE )
2025-09-21T13:28:37.006033400 LSTERROR Test worker AbstractTokenTestCase:246 Failed in parsing subtoken: CLASS of QUALIFIED[CLASS=Channeler,] (Source: file:/TESTCASE )
2025-09-21T13:28:37.006033400 LSTERROR Test worker AbstractTokenTestCase:246 Illegal CHOOSE subtoken 'CLASS' 'QUALIFIED[CLASS=Channeler,]' for pcgen.core.Race TestObj (Source: file:/TESTCASE )
2025-09-21T13:28:37.006033400 LSTERROR Test worker AbstractTokenTestCase:246 Choice arguments uses double separator ,, : QUALIFIED[TYPE=Foo,,CLASS=Channeler]
2025-09-21T13:28:37.006033400 LSTERROR Test worker AbstractTokenTestCase:246 Internal error. (Source: file:/TESTCASE )
2025-09-21T13:28:37.006033400 LSTERROR Test worker AbstractTokenTestCase:246 Failed in parsing subtoken: CLASS of QUALIFIED[TYPE=Foo,,CLASS=Channeler] (Source: file:/TESTCASE )
2025-09-21T13:28:37.006033400 LSTERROR Test worker AbstractTokenTestCase:246 Illegal CHOOSE subtoken 'CLASS' 'QUALIFIED[TYPE=Foo,,CLASS=Channeler]' for pcgen.core.Race TestObj (Source: file:/TESTCASE )
2025-09-21T13:28:37.006033400 LSTERROR Test worker AbstractTokenTestCase:246 CLASS arguments uses double separator || : QUALIFIED[TestWP3||CLASS=Channeler] (Source: file:/TESTCASE )
2025-09-21T13:28:37.006033400 LSTERROR Test worker AbstractTokenTestCase:246 Failed in parsing subtoken: CLASS of QUALIFIED[TestWP3||CLASS=Channeler] (Source: file:/TESTCASE )
2025-09-21T13:28:37.006033400 LSTERROR Test worker AbstractTokenTestCase:246 Illegal CHOOSE subtoken 'CLASS' 'QUALIFIED[TestWP3||CLASS=Channeler]' for pcgen.core.Race TestObj (Source: file:/TESTCASE )
2025-09-21T13:28:37.006033400 LSTERROR Test worker AbstractTokenTestCase:246 Choice argument was not valid: QUALIFIED[TYPE=Foo]CLASS=Channeler
2025-09-21T13:28:37.006033400 LSTERROR Test worker AbstractTokenTestCase:246 Internal error. (Source: file:/TESTCASE )
2025-09-21T13:28:37.006033400 LSTERROR Test worker AbstractTokenTestCase:246 Failed in parsing subtoken: CLASS of QUALIFIED[TYPE=Foo]CLASS=Channeler,TYPE=Bar (Source: file:/TESTCASE )
2025-09-21T13:28:37.006033400 LSTERROR Test worker AbstractTokenTestCase:246 Illegal CHOOSE subtoken 'CLASS' 'QUALIFIED[TYPE=Foo]CLASS=Channeler,TYPE=Bar' for pcgen.core.Race TestObj (Source: file:/TESTCASE )
</pre>
</span>
</div>
</div>
<div id="footer">
<p>
<div>
<label class="hidden" id="label-for-line-wrapping-toggle" for="line-wrapping-toggle">Wrap lines
<input id="line-wrapping-toggle" type="checkbox" autocomplete="off"/>
</label>
</div>Generated by 
<a href="http://www.gradle.org">Gradle 8.10.2</a> at Sep 21, 2025, 9:28:52AM</p>
</div>
</div>
</body>
</html>
